[ 2017-12-30T10:39:45+08:00 ] 115.231.194.194 /ok_erp/index.php/BillingData/UploadBillingData
INFO: [ route_check ] --START--
INFO: CheckRoute Behavior ::run [ RunTime:0.001078s ]
INFO: [ route_check ] --END-- [ RunTime:0.001170s ]
INFO: [ app_begin ] --START--
INFO: ReadHtmlCache Behavior ::run [ RunTime:0.000778s ]
INFO: [ app_begin ] --END-- [ RunTime:0.000851s ]

[ 2017-12-30T10:41:01+08:00 ] 115.231.194.194 /ok_erp/index.php/Claim/NewClaim
INFO: [ route_check ] --START--
INFO: CheckRoute Behavior ::run [ RunTime:0.001056s ]
INFO: [ route_check ] --END-- [ RunTime:0.001145s ]
INFO: [ app_begin ] --START--
INFO: ReadHtmlCache Behavior ::run [ RunTime:0.000771s ]
INFO: [ app_begin ] --END-- [ RunTime:0.000843s ]
SQL: select count(distinct bank_cust) count from mf_exchange where claim=0 [ RunTime:0.004906s ]
SQL: SELECT * FROM mf_exchange a left join company b on a.company_id=b.company_id left join bank c on a.bank_id=c.bank_id WHERE ( a.claim=0 ) GROUP BY bank_cust  ORDER BY id LIMIT 0,15   [ RunTime:0.010246s ]
INFO: [ view_parse ] --START--
INFO: ParseTemplate Behavior ::run [ RunTime:0.032619s ]
INFO: [ view_parse ] --END-- [ RunTime:0.032714s ]
INFO: [ view_filter ] --START--
INFO: ContentReplace Behavior ::run [ RunTime:0.000643s ]
INFO: TokenBuild Behavior ::run [ RunTime:0.000590s ]
INFO: WriteHtmlCache Behavior ::run [ RunTime:0.000459s ]
INFO: ShowRuntime Behavior ::run [ RunTime:0.000687s ]
INFO: [ view_filter ] --END-- [ RunTime:0.002569s ]
INFO: [ view_end ] --START--
INFO: ShowPageTrace Behavior ::run [ RunTime:0.000822s ]
INFO: [ view_end ] --END-- [ RunTime:0.000893s ]

[ 2017-12-30T10:41:30+08:00 ] 106.120.161.68 /ok_erp/index.php/Claim/NewClaim
INFO: [ route_check ] --START--
INFO: CheckRoute Behavior ::run [ RunTime:0.001167s ]
INFO: [ route_check ] --END-- [ RunTime:0.001260s ]
INFO: [ app_begin ] --START--
INFO: ReadHtmlCache Behavior ::run [ RunTime:0.000554s ]
INFO: [ app_begin ] --END-- [ RunTime:0.000624s ]

[ 2017-12-30T10:41:47+08:00 ] 220.181.132.199 /ok_erp/index.php/Claim/NewClaim
INFO: [ route_check ] --START--
INFO: CheckRoute Behavior ::run [ RunTime:0.000821s ]
INFO: [ route_check ] --END-- [ RunTime:0.000909s ]
INFO: [ app_begin ] --START--
INFO: ReadHtmlCache Behavior ::run [ RunTime:0.000541s ]
INFO: [ app_begin ] --END-- [ RunTime:0.000611s ]

[ 2017-12-30T10:41:57+08:00 ] 115.231.194.194 /ok_erp/index.php/BillingData/UploadBillingData
INFO: [ route_check ] --START--
INFO: CheckRoute Behavior ::run [ RunTime:0.001057s ]
INFO: [ route_check ] --END-- [ RunTime:0.001149s ]
INFO: [ app_begin ] --START--
INFO: ReadHtmlCache Behavior ::run [ RunTime:0.000777s ]
INFO: [ app_begin ] --END-- [ RunTime:0.000849s ]
INFO: [ view_parse ] --START--
INFO: ParseTemplate Behavior ::run [ RunTime:0.025951s ]
INFO: [ view_parse ] --END-- [ RunTime:0.026041s ]
INFO: [ view_filter ] --START--
INFO: ContentReplace Behavior ::run [ RunTime:0.000665s ]
INFO: TokenBuild Behavior ::run [ RunTime:0.000595s ]
INFO: WriteHtmlCache Behavior ::run [ RunTime:0.000492s ]
INFO: ShowRuntime Behavior ::run [ RunTime:0.000693s ]
INFO: [ view_filter ] --END-- [ RunTime:0.002635s ]
INFO: [ view_end ] --START--
INFO: ShowPageTrace Behavior ::run [ RunTime:0.000867s ]
INFO: [ view_end ] --END-- [ RunTime:0.000935s ]

[ 2017-12-30T10:42:48+08:00 ] 115.231.194.194 /ok_erp/index.php/BillingData/UploadBillingDataResult
INFO: [ route_check ] --START--
INFO: CheckRoute Behavior ::run [ RunTime:0.000827s ]
INFO: [ route_check ] --END-- [ RunTime:0.000917s ]
INFO: [ app_begin ] --START--
INFO: ReadHtmlCache Behavior ::run [ RunTime:0.000541s ]
INFO: [ app_begin ] --END-- [ RunTime:0.000617s ]
SQL: SHOW COLUMNS FROM `billingdata` [ RunTime:0.001221s ]
SQL: SELECT * FROM `billingdata` WHERE ( contract_no='QU00817427' )  [ RunTime:0.000314s ]
SQL: INSERT INTO `billingdata` (`company_name`,`contract_no`,`sale_name`,`user_name`,`upload_date`,`prerecorded_file`,`contract_file`,`clearance_file`,`sendgoods_file`) VALUES ('绍兴美科进出口','QU00817427','杨文君','ywj04','2017-12-30 10:42:48','E:/upload/billingdata/QU00817427/5a46fd2817602.png','E:/upload/billingdata/QU00817427/5a46fd2818201.xls','E:/upload/billingdata/QU00817427/5a46fd2818e3b.xls','E:/upload/billingdata/QU00817427/5a46fd281b48a.xls') [ RunTime:0.000351s ]
INFO: [ view_parse ] --START--
INFO: ParseTemplate Behavior ::run [ RunTime:0.007518s ]
INFO: [ view_parse ] --END-- [ RunTime:0.007617s ]
INFO: [ view_filter ] --START--
INFO: ContentReplace Behavior ::run [ RunTime:0.000315s ]
INFO: TokenBuild Behavior ::run [ RunTime:0.000352s ]
INFO: WriteHtmlCache Behavior ::run [ RunTime:0.000220s ]
INFO: ShowRuntime Behavior ::run [ RunTime:0.000445s ]
INFO: [ view_filter ] --END-- [ RunTime:0.001565s ]
INFO: [ view_end ] --START--
INFO: ShowPageTrace Behavior ::run [ RunTime:0.000598s ]
INFO: [ view_end ] --END-- [ RunTime:0.000675s ]

[ 2017-12-30T10:42:49+08:00 ] 115.231.194.194 /ok_erp/index.php/BillingData/UploadBillingData
INFO: [ route_check ] --START--
INFO: CheckRoute Behavior ::run [ RunTime:0.000824s ]
INFO: [ route_check ] --END-- [ RunTime:0.000916s ]
INFO: [ app_begin ] --START--
INFO: ReadHtmlCache Behavior ::run [ RunTime:0.000539s ]
INFO: [ app_begin ] --END-- [ RunTime:0.000609s ]
INFO: [ view_parse ] --START--
INFO: ParseTemplate Behavior ::run [ RunTime:0.010232s ]
INFO: [ view_parse ] --END-- [ RunTime:0.010312s ]
INFO: [ view_filter ] --START--
INFO: ContentReplace Behavior ::run [ RunTime:0.000405s ]
INFO: TokenBuild Behavior ::run [ RunTime:0.000353s ]
INFO: WriteHtmlCache Behavior ::run [ RunTime:0.000262s ]
INFO: ShowRuntime Behavior ::run [ RunTime:0.000460s ]
INFO: [ view_filter ] --END-- [ RunTime:0.001663s ]
INFO: [ view_end ] --START--
INFO: ShowPageTrace Behavior ::run [ RunTime:0.000631s ]
INFO: [ view_end ] --END-- [ RunTime:0.000695s ]

[ 2017-12-30T10:42:53+08:00 ] 115.231.194.194 /ok_erp/index.php/BillingData/UploadBillingDataSelect
INFO: [ route_check ] --START--
INFO: CheckRoute Behavior ::run [ RunTime:0.000819s ]
INFO: [ route_check ] --END-- [ RunTime:0.000907s ]
INFO: [ app_begin ] --START--
INFO: ReadHtmlCache Behavior ::run [ RunTime:0.000538s ]
INFO: [ app_begin ] --END-- [ RunTime:0.000607s ]
INFO: [ view_parse ] --START--
INFO: ParseTemplate Behavior ::run [ RunTime:0.014866s ]
INFO: [ view_parse ] --END-- [ RunTime:0.014954s ]
INFO: [ view_filter ] --START--
INFO: ContentReplace Behavior ::run [ RunTime:0.000368s ]
INFO: TokenBuild Behavior ::run [ RunTime:0.000351s ]
INFO: WriteHtmlCache Behavior ::run [ RunTime:0.000220s ]
INFO: ShowRuntime Behavior ::run [ RunTime:0.000455s ]
INFO: [ view_filter ] --END-- [ RunTime:0.001581s ]
INFO: [ view_end ] --START--
INFO: ShowPageTrace Behavior ::run [ RunTime:0.000597s ]
INFO: [ view_end ] --END-- [ RunTime:0.000663s ]

[ 2017-12-30T10:42:54+08:00 ] 115.231.194.194 /ok_erp/index.php/BillingData/UploadBillingDataSelectResult
INFO: [ route_check ] --START--
INFO: CheckRoute Behavior ::run [ RunTime:0.000830s ]
INFO: [ route_check ] --END-- [ RunTime:0.000922s ]
INFO: [ app_begin ] --START--
INFO: ReadHtmlCache Behavior ::run [ RunTime:0.000563s ]
INFO: [ app_begin ] --END-- [ RunTime:0.000632s ]
SQL: SHOW COLUMNS FROM `billingdata` [ RunTime:0.001056s ]
SQL: SELECT COUNT(*) AS tp_count FROM `billingdata` WHERE ( `contract_no` LIKE '%%' ) AND (  (`user_name` in (select user_name from user where user_dep_no like 'jcksalesy0403%') and sale_name like '杨文君%')  ) LIMIT 1   [ RunTime:0.006445s ]
SQL: SELECT * FROM `billingdata` WHERE ( `contract_no` LIKE '%%' ) AND (  (`user_name` in (select user_name from user where user_dep_no like 'jcksalesy0403%') and sale_name like '杨文君%')  ) LIMIT 0,15   [ RunTime:0.003268s ]
INFO: [ view_parse ] --START--
INFO: ParseTemplate Behavior ::run [ RunTime:0.023457s ]
INFO: [ view_parse ] --END-- [ RunTime:0.023552s ]
INFO: [ view_filter ] --START--
INFO: ContentReplace Behavior ::run [ RunTime:0.000508s ]
INFO: TokenBuild Behavior ::run [ RunTime:0.000390s ]
INFO: WriteHtmlCache Behavior ::run [ RunTime:0.000236s ]
INFO: ShowRuntime Behavior ::run [ RunTime:0.000498s ]
INFO: [ view_filter ] --END-- [ RunTime:0.001864s ]
INFO: [ view_end ] --START--
INFO: ShowPageTrace Behavior ::run [ RunTime:0.000609s ]
INFO: [ view_end ] --END-- [ RunTime:0.000681s ]

[ 2017-12-30T10:42:57+08:00 ] 115.231.194.194 /ok_erp/index.php/BillingData/UploadBillingDataSelectResult/sale_name/%E6%9D%A8%E6%96%87%E5%90%9B/p/2.html
INFO: [ route_check ] --START--
INFO: CheckRoute Behavior ::run [ RunTime:0.000820s ]
INFO: [ route_check ] --END-- [ RunTime:0.000911s ]
INFO: [ app_begin ] --START--
INFO: ReadHtmlCache Behavior ::run [ RunTime:0.000538s ]
INFO: [ app_begin ] --END-- [ RunTime:0.000608s ]
SQL: SHOW COLUMNS FROM `billingdata` [ RunTime:0.001072s ]
SQL: SELECT COUNT(*) AS tp_count FROM `billingdata` WHERE ( `contract_no` LIKE '%%' ) AND (  (`user_name` in (select user_name from user where user_dep_no like 'jcksalesy0403%') and sale_name like '杨文君%')  ) LIMIT 1   [ RunTime:0.006436s ]
SQL: SELECT * FROM `billingdata` WHERE ( `contract_no` LIKE '%%' ) AND (  (`user_name` in (select user_name from user where user_dep_no like 'jcksalesy0403%') and sale_name like '杨文君%')  ) LIMIT 15,15   [ RunTime:0.006350s ]
INFO: [ view_parse ] --START--
INFO: ParseTemplate Behavior ::run [ RunTime:0.012951s ]
INFO: [ view_parse ] --END-- [ RunTime:0.013033s ]
INFO: [ view_filter ] --START--
INFO: ContentReplace Behavior ::run [ RunTime:0.000463s ]
INFO: TokenBuild Behavior ::run [ RunTime:0.000360s ]
INFO: WriteHtmlCache Behavior ::run [ RunTime:0.000221s ]
INFO: ShowRuntime Behavior ::run [ RunTime:0.000474s ]
INFO: [ view_filter ] --END-- [ RunTime:0.001735s ]
INFO: [ view_end ] --START--
INFO: ShowPageTrace Behavior ::run [ RunTime:0.000588s ]
INFO: [ view_end ] --END-- [ RunTime:0.000665s ]

[ 2017-12-30T10:43:32+08:00 ] 106.120.160.109 /ok_erp/index.php/BillingData/UploadBillingDataResult
INFO: [ route_check ] --START--
INFO: CheckRoute Behavior ::run [ RunTime:0.000824s ]
INFO: [ route_check ] --END-- [ RunTime:0.000913s ]
INFO: [ app_begin ] --START--
INFO: ReadHtmlCache Behavior ::run [ RunTime:0.000544s ]
INFO: [ app_begin ] --END-- [ RunTime:0.000615s ]

[ 2017-12-30T10:43:47+08:00 ] 106.120.161.68 /ok_erp/index.php/BillingData/UploadBillingDataSelectResult/sale_name/%E6%9D%A8%E6%96%87%E5%90%9B/p/2.html
INFO: [ route_check ] --START--
INFO: CheckRoute Behavior ::run [ RunTime:0.000857s ]
INFO: [ route_check ] --END-- [ RunTime:0.000946s ]
INFO: [ app_begin ] --START--
INFO: ReadHtmlCache Behavior ::run [ RunTime:0.000543s ]
INFO: [ app_begin ] --END-- [ RunTime:0.000615s ]

[ 2017-12-30T10:44:09+08:00 ] 0.0.0.0 /ok_erp/index.php/BillingData/UploadBillingDataResult
INFO: [ route_check ] --START--
INFO: CheckRoute Behavior ::run [ RunTime:0.001063s ]
INFO: [ route_check ] --END-- [ RunTime:0.001153s ]
INFO: [ app_begin ] --START--
INFO: ReadHtmlCache Behavior ::run [ RunTime:0.000817s ]
INFO: [ app_begin ] --END-- [ RunTime:0.000890s ]
NOTIC: [8] Undefined offset:  0 C:\xampp\htdocs\thinkphp\Common\functions.php 第 734 行.

[ 2017-12-30T19:41:53+08:00 ] 60.55.12.23 /ok_erp/index.php/Claim/NewClaim/p/1.html
INFO: [ route_check ] --START--
INFO: CheckRoute Behavior ::run [ RunTime:0.001078s ]
INFO: [ route_check ] --END-- [ RunTime:0.001169s ]
INFO: [ app_begin ] --START--
INFO: ReadHtmlCache Behavior ::run [ RunTime:0.000781s ]
INFO: [ app_begin ] --END-- [ RunTime:0.000855s ]

[ 2017-12-30T19:42:54+08:00 ] 120.204.17.46 /ok_erp/index.php/claim/newclaim/p/1.html
INFO: [ route_check ] --START--
INFO: CheckRoute Behavior ::run [ RunTime:0.001080s ]
INFO: [ route_check ] --END-- [ RunTime:0.001177s ]
INFO: [ app_begin ] --START--
INFO: ReadHtmlCache Behavior ::run [ RunTime:0.000789s ]
INFO: [ app_begin ] --END-- [ RunTime:0.000861s ]
ERR: 无法加载模块:claim

