[ 2018-01-20T09:00:20+08:00 ] 115.231.194.194 /ok_erp/index.php/Claim/NewClaim
INFO: [ route_check ] --START--
INFO: CheckRoute Behavior ::run [ RunTime:0.001059s ]
INFO: [ route_check ] --END-- [ RunTime:0.001149s ]
INFO: [ app_begin ] --START--
INFO: ReadHtmlCache Behavior ::run [ RunTime:0.000779s ]
INFO: [ app_begin ] --END-- [ RunTime:0.000888s ]
SQL: select count(distinct bank_cust) count from mf_exchange where claim=0 [ RunTime:0.086355s ]
SQL: SELECT * FROM mf_exchange a left join company b on a.company_id=b.company_id left join bank c on a.bank_id=c.bank_id WHERE ( a.claim=0 ) GROUP BY bank_cust  ORDER BY id LIMIT 0,15   [ RunTime:0.026195s ]
INFO: [ view_parse ] --START--
INFO: ParseTemplate Behavior ::run [ RunTime:0.032261s ]
INFO: [ view_parse ] --END-- [ RunTime:0.032351s ]
INFO: [ view_filter ] --START--
INFO: ContentReplace Behavior ::run [ RunTime:0.000634s ]
INFO: TokenBuild Behavior ::run [ RunTime:0.000589s ]
INFO: WriteHtmlCache Behavior ::run [ RunTime:0.000459s ]
INFO: ShowRuntime Behavior ::run [ RunTime:0.000686s ]
INFO: [ view_filter ] --END-- [ RunTime:0.002558s ]
INFO: [ view_end ] --START--
INFO: ShowPageTrace Behavior ::run [ RunTime:0.000827s ]
INFO: [ view_end ] --END-- [ RunTime:0.000899s ]

[ 2018-01-20T09:00:26+08:00 ] 115.231.194.194 /ok_erp/index.php/Claim/NewClaim
INFO: [ route_check ] --START--
INFO: CheckRoute Behavior ::run [ RunTime:0.000823s ]
INFO: [ route_check ] --END-- [ RunTime:0.000912s ]
INFO: [ app_begin ] --START--
INFO: ReadHtmlCache Behavior ::run [ RunTime:0.000540s ]
INFO: [ app_begin ] --END-- [ RunTime:0.000609s ]
SQL: select count(distinct bank_cust) count from mf_exchange where claim=0 [ RunTime:0.001298s ]
SQL: SELECT * FROM mf_exchange a left join company b on a.company_id=b.company_id left join bank c on a.bank_id=c.bank_id WHERE ( a.claim=0 ) GROUP BY bank_cust  ORDER BY id LIMIT 0,15   [ RunTime:0.004293s ]
INFO: [ view_parse ] --START--
INFO: ParseTemplate Behavior ::run [ RunTime:0.011259s ]
INFO: [ view_parse ] --END-- [ RunTime:0.011340s ]
INFO: [ view_filter ] --START--
INFO: ContentReplace Behavior ::run [ RunTime:0.000382s ]
INFO: TokenBuild Behavior ::run [ RunTime:0.000347s ]
INFO: WriteHtmlCache Behavior ::run [ RunTime:0.000222s ]
INFO: ShowRuntime Behavior ::run [ RunTime:0.000448s ]
INFO: [ view_filter ] --END-- [ RunTime:0.001583s ]
INFO: [ view_end ] --START--
INFO: ShowPageTrace Behavior ::run [ RunTime:0.000585s ]
INFO: [ view_end ] --END-- [ RunTime:0.000655s ]

[ 2018-01-20T09:00:35+08:00 ] 115.231.194.194 /ok_erp/index.php/BillingData/UploadBillingData
INFO: [ route_check ] --START--
INFO: CheckRoute Behavior ::run [ RunTime:0.000872s ]
INFO: [ route_check ] --END-- [ RunTime:0.000963s ]
INFO: [ app_begin ] --START--
INFO: ReadHtmlCache Behavior ::run [ RunTime:0.000542s ]
INFO: [ app_begin ] --END-- [ RunTime:0.000612s ]
INFO: [ view_parse ] --START--
INFO: ParseTemplate Behavior ::run [ RunTime:0.040315s ]
INFO: [ view_parse ] --END-- [ RunTime:0.040401s ]
INFO: [ view_filter ] --START--
INFO: ContentReplace Behavior ::run [ RunTime:0.000373s ]
INFO: TokenBuild Behavior ::run [ RunTime:0.000348s ]
INFO: WriteHtmlCache Behavior ::run [ RunTime:0.000221s ]
INFO: ShowRuntime Behavior ::run [ RunTime:0.000453s ]
INFO: [ view_filter ] --END-- [ RunTime:0.001578s ]
INFO: [ view_end ] --START--
INFO: ShowPageTrace Behavior ::run [ RunTime:0.000597s ]
INFO: [ view_end ] --END-- [ RunTime:0.000664s ]

[ 2018-01-20T09:01:36+08:00 ] 115.231.194.194 /ok_erp/index.php/BillingData/UploadBillingDataResult
INFO: [ route_check ] --START--
INFO: CheckRoute Behavior ::run [ RunTime:0.001053s ]
INFO: [ route_check ] --END-- [ RunTime:0.001142s ]
INFO: [ app_begin ] --START--
INFO: ReadHtmlCache Behavior ::run [ RunTime:0.000768s ]
INFO: [ app_begin ] --END-- [ RunTime:0.000839s ]
INFO: [ view_parse ] --START--
INFO: ParseTemplate Behavior ::run [ RunTime:0.014370s ]
INFO: [ view_parse ] --END-- [ RunTime:0.014454s ]
INFO: [ view_filter ] --START--
INFO: ContentReplace Behavior ::run [ RunTime:0.000557s ]
INFO: TokenBuild Behavior ::run [ RunTime:0.000585s ]
INFO: WriteHtmlCache Behavior ::run [ RunTime:0.000458s ]
INFO: ShowRuntime Behavior ::run [ RunTime:0.000679s ]
INFO: [ view_filter ] --END-- [ RunTime:0.002465s ]
INFO: [ view_end ] --START--
INFO: ShowPageTrace Behavior ::run [ RunTime:0.000825s ]
INFO: [ view_end ] --END-- [ RunTime:0.000893s ]

[ 2018-01-20T09:01:59+08:00 ] 115.231.194.194 /ok_erp/index.php/BillingData/UploadBillingDataResult
INFO: [ route_check ] --START--
INFO: CheckRoute Behavior ::run [ RunTime:0.000885s ]
INFO: [ route_check ] --END-- [ RunTime:0.000975s ]
INFO: [ app_begin ] --START--
INFO: ReadHtmlCache Behavior ::run [ RunTime:0.000543s ]
INFO: [ app_begin ] --END-- [ RunTime:0.000611s ]
SQL: SHOW COLUMNS FROM `billingdata` [ RunTime:0.000982s ]
SQL: SELECT * FROM `billingdata` WHERE ( contract_no='PO57745777-1' )  [ RunTime:0.000278s ]
SQL: INSERT INTO `billingdata` (`company_name`,`contract_no`,`sale_name`,`user_name`,`upload_date`,`prerecorded_file`,`contract_file`,`clearance_file`,`sendgoods_file`) VALUES ('绍兴美科进出口','PO57745777-1','任静','rj02','2018-01-20 09:01:59','E:/upload/billingdata/PO57745777-1/5a62950748dbb.png','E:/upload/billingdata/PO57745777-1/5a6295074c97b.rar','E:/upload/billingdata/PO57745777-1/5a6295074e143.xls','E:/upload/billingdata/PO57745777-1/5a629507502f4.xls') [ RunTime:0.007856s ]
INFO: [ view_parse ] --START--
INFO: ParseTemplate Behavior ::run [ RunTime:0.007056s ]
INFO: [ view_parse ] --END-- [ RunTime:0.007149s ]
INFO: [ view_filter ] --START--
INFO: ContentReplace Behavior ::run [ RunTime:0.000315s ]
INFO: TokenBuild Behavior ::run [ RunTime:0.000350s ]
INFO: WriteHtmlCache Behavior ::run [ RunTime:0.000222s ]
INFO: ShowRuntime Behavior ::run [ RunTime:0.000448s ]
INFO: [ view_filter ] --END-- [ RunTime:0.001563s ]
INFO: [ view_end ] --START--
INFO: ShowPageTrace Behavior ::run [ RunTime:0.000609s ]
INFO: [ view_end ] --END-- [ RunTime:0.000687s ]

[ 2018-01-20T09:02:00+08:00 ] 115.231.194.194 /ok_erp/index.php/BillingData/UploadBillingData
INFO: [ route_check ] --START--
INFO: CheckRoute Behavior ::run [ RunTime:0.000820s ]
INFO: [ route_check ] --END-- [ RunTime:0.000910s ]
INFO: [ app_begin ] --START--
INFO: ReadHtmlCache Behavior ::run [ RunTime:0.000538s ]
INFO: [ app_begin ] --END-- [ RunTime:0.000608s ]
INFO: [ view_parse ] --START--
INFO: ParseTemplate Behavior ::run [ RunTime:0.010583s ]
INFO: [ view_parse ] --END-- [ RunTime:0.010663s ]
INFO: [ view_filter ] --START--
INFO: ContentReplace Behavior ::run [ RunTime:0.000365s ]
INFO: TokenBuild Behavior ::run [ RunTime:0.000346s ]
INFO: WriteHtmlCache Behavior ::run [ RunTime:0.000220s ]
INFO: ShowRuntime Behavior ::run [ RunTime:0.000450s ]
INFO: [ view_filter ] --END-- [ RunTime:0.001564s ]
INFO: [ view_end ] --START--
INFO: ShowPageTrace Behavior ::run [ RunTime:0.000595s ]
INFO: [ view_end ] --END-- [ RunTime:0.000662s ]

[ 2018-01-20T09:25:55+08:00 ] 115.231.194.194 /ok_erp/index.php/Claim/NewClaim
INFO: [ route_check ] --START--
INFO: CheckRoute Behavior ::run [ RunTime:0.001056s ]
INFO: [ route_check ] --END-- [ RunTime:0.001146s ]
INFO: [ app_begin ] --START--
INFO: ReadHtmlCache Behavior ::run [ RunTime:0.000770s ]
INFO: [ app_begin ] --END-- [ RunTime:0.000843s ]
SQL: select count(distinct bank_cust) count from mf_exchange where claim=0 [ RunTime:0.001379s ]
SQL: SELECT * FROM mf_exchange a left join company b on a.company_id=b.company_id left join bank c on a.bank_id=c.bank_id WHERE ( a.claim=0 ) GROUP BY bank_cust  ORDER BY id LIMIT 0,15   [ RunTime:0.004392s ]
INFO: [ view_parse ] --START--
INFO: ParseTemplate Behavior ::run [ RunTime:0.013122s ]
INFO: [ view_parse ] --END-- [ RunTime:0.013204s ]
INFO: [ view_filter ] --START--
INFO: ContentReplace Behavior ::run [ RunTime:0.000663s ]
INFO: TokenBuild Behavior ::run [ RunTime:0.000594s ]
INFO: WriteHtmlCache Behavior ::run [ RunTime:0.000492s ]
INFO: ShowRuntime Behavior ::run [ RunTime:0.000703s ]
INFO: [ view_filter ] --END-- [ RunTime:0.002639s ]
INFO: [ view_end ] --START--
INFO: ShowPageTrace Behavior ::run [ RunTime:0.000860s ]
INFO: [ view_end ] --END-- [ RunTime:0.000932s ]

[ 2018-01-20T09:26:11+08:00 ] 115.231.194.194 /ok_erp/index.php/BillingData/UploadBillingData
INFO: [ route_check ] --START--
INFO: CheckRoute Behavior ::run [ RunTime:0.000819s ]
INFO: [ route_check ] --END-- [ RunTime:0.000909s ]
INFO: [ app_begin ] --START--
INFO: ReadHtmlCache Behavior ::run [ RunTime:0.000540s ]
INFO: [ app_begin ] --END-- [ RunTime:0.000611s ]
INFO: [ view_parse ] --START--
INFO: ParseTemplate Behavior ::run [ RunTime:0.010162s ]
INFO: [ view_parse ] --END-- [ RunTime:0.010244s ]
INFO: [ view_filter ] --START--
INFO: ContentReplace Behavior ::run [ RunTime:0.000371s ]
INFO: TokenBuild Behavior ::run [ RunTime:0.000348s ]
INFO: WriteHtmlCache Behavior ::run [ RunTime:0.000221s ]
INFO: ShowRuntime Behavior ::run [ RunTime:0.000453s ]
INFO: [ view_filter ] --END-- [ RunTime:0.001578s ]
INFO: [ view_end ] --START--
INFO: ShowPageTrace Behavior ::run [ RunTime:0.000595s ]
INFO: [ view_end ] --END-- [ RunTime:0.000661s ]

[ 2018-01-20T09:26:15+08:00 ] 115.231.194.194 /ok_erp/index.php/BillingData/UploadBillingDataSelect
INFO: [ route_check ] --START--
INFO: CheckRoute Behavior ::run [ RunTime:0.000824s ]
INFO: [ route_check ] --END-- [ RunTime:0.000915s ]
INFO: [ app_begin ] --START--
INFO: ReadHtmlCache Behavior ::run [ RunTime:0.000540s ]
INFO: [ app_begin ] --END-- [ RunTime:0.000610s ]
INFO: [ view_parse ] --START--
INFO: ParseTemplate Behavior ::run [ RunTime:0.047041s ]
INFO: [ view_parse ] --END-- [ RunTime:0.047130s ]
INFO: [ view_filter ] --START--
INFO: ContentReplace Behavior ::run [ RunTime:0.000370s ]
INFO: TokenBuild Behavior ::run [ RunTime:0.000349s ]
INFO: WriteHtmlCache Behavior ::run [ RunTime:0.000220s ]
INFO: ShowRuntime Behavior ::run [ RunTime:0.000454s ]
INFO: [ view_filter ] --END-- [ RunTime:0.001576s ]
INFO: [ view_end ] --START--
INFO: ShowPageTrace Behavior ::run [ RunTime:0.000791s ]
INFO: [ view_end ] --END-- [ RunTime:0.000863s ]

[ 2018-01-20T09:26:17+08:00 ] 115.231.194.194 /ok_erp/index.php/BillingData/UploadBillingDataSelectResult
INFO: [ route_check ] --START--
INFO: CheckRoute Behavior ::run [ RunTime:0.001089s ]
INFO: [ route_check ] --END-- [ RunTime:0.001202s ]
INFO: [ app_begin ] --START--
INFO: ReadHtmlCache Behavior ::run [ RunTime:0.000554s ]
INFO: [ app_begin ] --END-- [ RunTime:0.000623s ]
SQL: SHOW COLUMNS FROM `billingdata` [ RunTime:0.001062s ]
SQL: SELECT COUNT(*) AS tp_count FROM `billingdata` WHERE ( `contract_no` LIKE '%%' ) AND (  (`user_name` in (select user_name from user where user_dep_no like 'jcksalesy0102%') and sale_name like '任佳%')  ) LIMIT 1   [ RunTime:0.013544s ]
SQL: SELECT * FROM `billingdata` WHERE ( `contract_no` LIKE '%%' ) AND (  (`user_name` in (select user_name from user where user_dep_no like 'jcksalesy0102%') and sale_name like '任佳%')  ) LIMIT 0,15   [ RunTime:0.001994s ]
INFO: [ view_parse ] --START--
INFO: ParseTemplate Behavior ::run [ RunTime:0.023915s ]
INFO: [ view_parse ] --END-- [ RunTime:0.024003s ]
INFO: [ view_filter ] --START--
INFO: ContentReplace Behavior ::run [ RunTime:0.000492s ]
INFO: TokenBuild Behavior ::run [ RunTime:0.000376s ]
INFO: WriteHtmlCache Behavior ::run [ RunTime:0.000229s ]
INFO: ShowRuntime Behavior ::run [ RunTime:0.000483s ]
INFO: [ view_filter ] --END-- [ RunTime:0.001797s ]
INFO: [ view_end ] --START--
INFO: ShowPageTrace Behavior ::run [ RunTime:0.000590s ]
INFO: [ view_end ] --END-- [ RunTime:0.000659s ]

[ 2018-01-20T09:26:20+08:00 ] 115.231.194.194 /ok_erp/index.php/BillingData/UploadBillingDataSelectResult/sale_name/%E4%BB%BB%E4%BD%B3/p/6.html
INFO: [ route_check ] --START--
INFO: CheckRoute Behavior ::run [ RunTime:0.000824s ]
INFO: [ route_check ] --END-- [ RunTime:0.000913s ]
INFO: [ app_begin ] --START--
INFO: ReadHtmlCache Behavior ::run [ RunTime:0.000541s ]
INFO: [ app_begin ] --END-- [ RunTime:0.000610s ]
SQL: SHOW COLUMNS FROM `billingdata` [ RunTime:0.001041s ]
SQL: SELECT COUNT(*) AS tp_count FROM `billingdata` WHERE ( `contract_no` LIKE '%%' ) AND (  (`user_name` in (select user_name from user where user_dep_no like 'jcksalesy0102%') and sale_name like '任佳%')  ) LIMIT 1   [ RunTime:0.006896s ]
SQL: SELECT * FROM `billingdata` WHERE ( `contract_no` LIKE '%%' ) AND (  (`user_name` in (select user_name from user where user_dep_no like 'jcksalesy0102%') and sale_name like '任佳%')  ) LIMIT 75,15   [ RunTime:0.006872s ]
INFO: [ view_parse ] --START--
INFO: ParseTemplate Behavior ::run [ RunTime:0.012731s ]
INFO: [ view_parse ] --END-- [ RunTime:0.012812s ]
INFO: [ view_filter ] --START--
INFO: ContentReplace Behavior ::run [ RunTime:0.000460s ]
INFO: TokenBuild Behavior ::run [ RunTime:0.000368s ]
INFO: WriteHtmlCache Behavior ::run [ RunTime:0.000223s ]
INFO: ShowRuntime Behavior ::run [ RunTime:0.000477s ]
INFO: [ view_filter ] --END-- [ RunTime:0.001746s ]
INFO: [ view_end ] --START--
INFO: ShowPageTrace Behavior ::run [ RunTime:0.000587s ]
INFO: [ view_end ] --END-- [ RunTime:0.000657s ]

[ 2018-01-20T09:26:24+08:00 ] 115.231.194.194 /ok_erp/index.php/BillingData/UploadBillingDataModify?id=725
INFO: [ route_check ] --START--
INFO: CheckRoute Behavior ::run [ RunTime:0.000821s ]
INFO: [ route_check ] --END-- [ RunTime:0.000908s ]
INFO: [ app_begin ] --START--
INFO: ReadHtmlCache Behavior ::run [ RunTime:0.000582s ]
INFO: [ app_begin ] --END-- [ RunTime:0.000670s ]
SQL: SHOW COLUMNS FROM `billingdata` [ RunTime:0.001055s ]
SQL: SELECT * FROM `billingdata` WHERE ( `ID` = 725 ) LIMIT 1   [ RunTime:0.000279s ]
INFO: [ view_parse ] --START--
INFO: ParseTemplate Behavior ::run [ RunTime:0.029670s ]
INFO: [ view_parse ] --END-- [ RunTime:0.029757s ]
INFO: [ view_filter ] --START--
INFO: ContentReplace Behavior ::run [ RunTime:0.000366s ]
INFO: TokenBuild Behavior ::run [ RunTime:0.000353s ]
INFO: WriteHtmlCache Behavior ::run [ RunTime:0.000224s ]
INFO: ShowRuntime Behavior ::run [ RunTime:0.000452s ]
INFO: [ view_filter ] --END-- [ RunTime:0.001578s ]
INFO: [ view_end ] --START--
INFO: ShowPageTrace Behavior ::run [ RunTime:0.000586s ]
INFO: [ view_end ] --END-- [ RunTime:0.000652s ]

[ 2018-01-20T09:26:40+08:00 ] 115.231.194.194 /ok_erp/index.php/BillingData/UploadBillingDataModifyResult
INFO: [ route_check ] --START--
INFO: CheckRoute Behavior ::run [ RunTime:0.000818s ]
INFO: [ route_check ] --END-- [ RunTime:0.000907s ]
INFO: [ app_begin ] --START--
INFO: ReadHtmlCache Behavior ::run [ RunTime:0.000538s ]
INFO: [ app_begin ] --END-- [ RunTime:0.000607s ]
SQL: SHOW COLUMNS FROM `billingdata` [ RunTime:0.001059s ]
SQL: SELECT * FROM `billingdata` WHERE ( `ID` = 725 ) LIMIT 1   [ RunTime:0.000310s ]
SQL: UPDATE `billingdata` SET `clearance_file`='E:/upload/billingdata/VTAC18-01-15A/5a629ad07541e.xls',`rem`='',`download_confirm`='F',`change_date`='2018-01-20 09:26:40' WHERE ( ID=725 ) [ RunTime:0.000297s ]
INFO: [ view_parse ] --START--
INFO: ParseTemplate Behavior ::run [ RunTime:0.007176s ]
INFO: [ view_parse ] --END-- [ RunTime:0.007269s ]
INFO: [ view_filter ] --START--
INFO: ContentReplace Behavior ::run [ RunTime:0.000313s ]
INFO: TokenBuild Behavior ::run [ RunTime:0.000347s ]
INFO: WriteHtmlCache Behavior ::run [ RunTime:0.000224s ]
INFO: ShowRuntime Behavior ::run [ RunTime:0.000447s ]
INFO: [ view_filter ] --END-- [ RunTime:0.001530s ]
INFO: [ view_end ] --START--
INFO: ShowPageTrace Behavior ::run [ RunTime:0.000599s ]
INFO: [ view_end ] --END-- [ RunTime:0.000675s ]

[ 2018-01-20T09:26:41+08:00 ] 115.231.194.194 /ok_erp/index.php/BillingData/UploadBillingDataSelect
INFO: [ route_check ] --START--
INFO: CheckRoute Behavior ::run [ RunTime:0.000821s ]
INFO: [ route_check ] --END-- [ RunTime:0.000910s ]
INFO: [ app_begin ] --START--
INFO: ReadHtmlCache Behavior ::run [ RunTime:0.000543s ]
INFO: [ app_begin ] --END-- [ RunTime:0.000613s ]
INFO: [ view_parse ] --START--
INFO: ParseTemplate Behavior ::run [ RunTime:0.009541s ]
INFO: [ view_parse ] --END-- [ RunTime:0.009621s ]
INFO: [ view_filter ] --START--
INFO: ContentReplace Behavior ::run [ RunTime:0.000360s ]
INFO: TokenBuild Behavior ::run [ RunTime:0.000345s ]
INFO: WriteHtmlCache Behavior ::run [ RunTime:0.000221s ]
INFO: ShowRuntime Behavior ::run [ RunTime:0.000451s ]
INFO: [ view_filter ] --END-- [ RunTime:0.001561s ]
INFO: [ view_end ] --START--
INFO: ShowPageTrace Behavior ::run [ RunTime:0.000593s ]
INFO: [ view_end ] --END-- [ RunTime:0.000660s ]

[ 2018-01-20T09:26:43+08:00 ] 106.120.161.68 /ok_erp/index.php/BillingData/UploadBillingDataSelect
INFO: [ route_check ] --START--
INFO: CheckRoute Behavior ::run [ RunTime:0.001053s ]
INFO: [ route_check ] --END-- [ RunTime:0.001142s ]
INFO: [ app_begin ] --START--
INFO: ReadHtmlCache Behavior ::run [ RunTime:0.000773s ]
INFO: [ app_begin ] --END-- [ RunTime:0.000846s ]

[ 2018-01-20T09:26:43+08:00 ] 115.231.194.194 /ok_erp/index.php/BillingData/UploadBillingDataSelectResult
INFO: [ route_check ] --START--
INFO: CheckRoute Behavior ::run [ RunTime:0.000822s ]
INFO: [ route_check ] --END-- [ RunTime:0.000909s ]
INFO: [ app_begin ] --START--
INFO: ReadHtmlCache Behavior ::run [ RunTime:0.000540s ]
INFO: [ app_begin ] --END-- [ RunTime:0.000610s ]
SQL: SHOW COLUMNS FROM `billingdata` [ RunTime:0.001059s ]
SQL: SELECT COUNT(*) AS tp_count FROM `billingdata` WHERE ( `contract_no` LIKE '%%' ) AND (  (`user_name` in (select user_name from user where user_dep_no like 'jcksalesy0102%') and sale_name like '任佳%')  ) LIMIT 1   [ RunTime:0.006953s ]
SQL: SELECT * FROM `billingdata` WHERE ( `contract_no` LIKE '%%' ) AND (  (`user_name` in (select user_name from user where user_dep_no like 'jcksalesy0102%') and sale_name like '任佳%')  ) LIMIT 0,15   [ RunTime:0.002045s ]
INFO: [ view_parse ] --START--
INFO: ParseTemplate Behavior ::run [ RunTime:0.012762s ]
INFO: [ view_parse ] --END-- [ RunTime:0.012846s ]
INFO: [ view_filter ] --START--
INFO: ContentReplace Behavior ::run [ RunTime:0.000490s ]
INFO: TokenBuild Behavior ::run [ RunTime:0.000375s ]
INFO: WriteHtmlCache Behavior ::run [ RunTime:0.000225s ]
INFO: ShowRuntime Behavior ::run [ RunTime:0.000483s ]
INFO: [ view_filter ] --END-- [ RunTime:0.001789s ]
INFO: [ view_end ] --START--
INFO: ShowPageTrace Behavior ::run [ RunTime:0.000598s ]
INFO: [ view_end ] --END-- [ RunTime:0.000667s ]

[ 2018-01-20T09:26:47+08:00 ] 106.120.160.109 /ok_erp/index.php/BillingData/UploadBillingDataSelectResult/sale_name/%E4%BB%BB%E4%BD%B3/p/6.html
INFO: [ route_check ] --START--
INFO: CheckRoute Behavior ::run [ RunTime:0.000828s ]
INFO: [ route_check ] --END-- [ RunTime:0.000919s ]
INFO: [ app_begin ] --START--
INFO: ReadHtmlCache Behavior ::run [ RunTime:0.000543s ]
INFO: [ app_begin ] --END-- [ RunTime:0.000612s ]

[ 2018-01-20T09:26:48+08:00 ] 115.231.194.194 /ok_erp/index.php/BillingData/UploadBillingDataSelectResult/sale_name/%E4%BB%BB%E4%BD%B3/p/6.html
INFO: [ route_check ] --START--
INFO: CheckRoute Behavior ::run [ RunTime:0.000813s ]
INFO: [ route_check ] --END-- [ RunTime:0.000901s ]
INFO: [ app_begin ] --START--
INFO: ReadHtmlCache Behavior ::run [ RunTime:0.000536s ]
INFO: [ app_begin ] --END-- [ RunTime:0.000606s ]
SQL: SHOW COLUMNS FROM `billingdata` [ RunTime:0.001050s ]
SQL: SELECT COUNT(*) AS tp_count FROM `billingdata` WHERE ( `contract_no` LIKE '%%' ) AND (  (`user_name` in (select user_name from user where user_dep_no like 'jcksalesy0102%') and sale_name like '任佳%')  ) LIMIT 1   [ RunTime:0.006919s ]
SQL: SELECT * FROM `billingdata` WHERE ( `contract_no` LIKE '%%' ) AND (  (`user_name` in (select user_name from user where user_dep_no like 'jcksalesy0102%') and sale_name like '任佳%')  ) LIMIT 75,15   [ RunTime:0.006881s ]
INFO: [ view_parse ] --START--
INFO: ParseTemplate Behavior ::run [ RunTime:0.012752s ]
INFO: [ view_parse ] --END-- [ RunTime:0.012833s ]
INFO: [ view_filter ] --START--
INFO: ContentReplace Behavior ::run [ RunTime:0.000461s ]
INFO: TokenBuild Behavior ::run [ RunTime:0.000369s ]
INFO: WriteHtmlCache Behavior ::run [ RunTime:0.000236s ]
INFO: ShowRuntime Behavior ::run [ RunTime:0.000488s ]
INFO: [ view_filter ] --END-- [ RunTime:0.001769s ]
INFO: [ view_end ] --START--
INFO: ShowPageTrace Behavior ::run [ RunTime:0.000608s ]
INFO: [ view_end ] --END-- [ RunTime:0.000680s ]

[ 2018-01-20T09:26:51+08:00 ] 115.231.194.194 /ok_erp/index.php/BillingData/UploadBillingDataModify?id=726
INFO: [ route_check ] --START--
INFO: CheckRoute Behavior ::run [ RunTime:0.000823s ]
INFO: [ route_check ] --END-- [ RunTime:0.000911s ]
INFO: [ app_begin ] --START--
INFO: ReadHtmlCache Behavior ::run [ RunTime:0.000541s ]
INFO: [ app_begin ] --END-- [ RunTime:0.000610s ]
SQL: SHOW COLUMNS FROM `billingdata` [ RunTime:0.001096s ]
SQL: SELECT * FROM `billingdata` WHERE ( `ID` = 726 ) LIMIT 1   [ RunTime:0.000284s ]
INFO: [ view_parse ] --START--
INFO: ParseTemplate Behavior ::run [ RunTime:0.009860s ]
INFO: [ view_parse ] --END-- [ RunTime:0.009941s ]
INFO: [ view_filter ] --START--
INFO: ContentReplace Behavior ::run [ RunTime:0.000361s ]
INFO: TokenBuild Behavior ::run [ RunTime:0.000352s ]
INFO: WriteHtmlCache Behavior ::run [ RunTime:0.000224s ]
INFO: ShowRuntime Behavior ::run [ RunTime:0.000453s ]
INFO: [ view_filter ] --END-- [ RunTime:0.001576s ]
INFO: [ view_end ] --START--
INFO: ShowPageTrace Behavior ::run [ RunTime:0.000581s ]
INFO: [ view_end ] --END-- [ RunTime:0.000648s ]

[ 2018-01-20T09:27:07+08:00 ] 115.231.194.194 /ok_erp/index.php/BillingData/UploadBillingDataModifyResult
INFO: [ route_check ] --START--
INFO: CheckRoute Behavior ::run [ RunTime:0.000863s ]
INFO: [ route_check ] --END-- [ RunTime:0.000954s ]
INFO: [ app_begin ] --START--
INFO: ReadHtmlCache Behavior ::run [ RunTime:0.000553s ]
INFO: [ app_begin ] --END-- [ RunTime:0.000624s ]
SQL: SHOW COLUMNS FROM `billingdata` [ RunTime:0.001046s ]
SQL: SELECT * FROM `billingdata` WHERE ( `ID` = 726 ) LIMIT 1   [ RunTime:0.000277s ]
SQL: UPDATE `billingdata` SET `clearance_file`='E:/upload/billingdata/VTAC18-01-15B/5a629aeb1deb5.xls',`rem`='',`download_confirm`='F',`change_date`='2018-01-20 09:27:07' WHERE ( ID=726 ) [ RunTime:0.000242s ]
INFO: [ view_parse ] --START--
INFO: ParseTemplate Behavior ::run [ RunTime:0.008698s ]
INFO: [ view_parse ] --END-- [ RunTime:0.008796s ]
INFO: [ view_filter ] --START--
INFO: ContentReplace Behavior ::run [ RunTime:0.000593s ]
INFO: TokenBuild Behavior ::run [ RunTime:0.000589s ]
INFO: WriteHtmlCache Behavior ::run [ RunTime:0.000470s ]
INFO: ShowRuntime Behavior ::run [ RunTime:0.000684s ]
INFO: [ view_filter ] --END-- [ RunTime:0.002540s ]
INFO: [ view_end ] --START--
INFO: ShowPageTrace Behavior ::run [ RunTime:0.000878s ]
INFO: [ view_end ] --END-- [ RunTime:0.000957s ]

[ 2018-01-20T09:27:08+08:00 ] 115.231.194.194 /ok_erp/index.php/BillingData/UploadBillingDataSelect
INFO: [ route_check ] --START--
INFO: CheckRoute Behavior ::run [ RunTime:0.000822s ]
INFO: [ route_check ] --END-- [ RunTime:0.000910s ]
INFO: [ app_begin ] --START--
INFO: ReadHtmlCache Behavior ::run [ RunTime:0.000540s ]
INFO: [ app_begin ] --END-- [ RunTime:0.000609s ]
INFO: [ view_parse ] --START--
INFO: ParseTemplate Behavior ::run [ RunTime:0.010207s ]
INFO: [ view_parse ] --END-- [ RunTime:0.010287s ]
INFO: [ view_filter ] --START--
INFO: ContentReplace Behavior ::run [ RunTime:0.000362s ]
INFO: TokenBuild Behavior ::run [ RunTime:0.000347s ]
INFO: WriteHtmlCache Behavior ::run [ RunTime:0.000222s ]
INFO: ShowRuntime Behavior ::run [ RunTime:0.000452s ]
INFO: [ view_filter ] --END-- [ RunTime:0.001565s ]
INFO: [ view_end ] --START--
INFO: ShowPageTrace Behavior ::run [ RunTime:0.000597s ]
INFO: [ view_end ] --END-- [ RunTime:0.000663s ]

[ 2018-01-20T09:27:10+08:00 ] 106.120.160.109 /ok_erp/index.php/BillingData/UploadBillingDataSelectResult
INFO: [ route_check ] --START--
INFO: CheckRoute Behavior ::run [ RunTime:0.001053s ]
INFO: [ route_check ] --END-- [ RunTime:0.001143s ]
INFO: [ app_begin ] --START--
INFO: ReadHtmlCache Behavior ::run [ RunTime:0.000770s ]
INFO: [ app_begin ] --END-- [ RunTime:0.000844s ]

[ 2018-01-20T09:27:11+08:00 ] 101.199.112.52 /ok_erp/index.php/BillingData/UploadBillingDataSelectResult/sale_name/%E4%BB%BB%E4%BD%B3/p/6.html
INFO: [ route_check ] --START--
INFO: CheckRoute Behavior ::run [ RunTime:0.000826s ]
INFO: [ route_check ] --END-- [ RunTime:0.000916s ]
INFO: [ app_begin ] --START--
INFO: ReadHtmlCache Behavior ::run [ RunTime:0.000542s ]
INFO: [ app_begin ] --END-- [ RunTime:0.000611s ]

[ 2018-01-20T09:27:24+08:00 ] 106.120.161.68 /ok_erp/index.php/BillingData/UploadBillingDataModifyResult
INFO: [ route_check ] --START--
INFO: CheckRoute Behavior ::run [ RunTime:0.000853s ]
INFO: [ route_check ] --END-- [ RunTime:0.000942s ]
INFO: [ app_begin ] --START--
INFO: ReadHtmlCache Behavior ::run [ RunTime:0.000539s ]
INFO: [ app_begin ] --END-- [ RunTime:0.000610s ]

[ 2018-01-20T09:27:35+08:00 ] 101.199.112.52 /ok_erp/index.php/BillingData/UploadBillingDataSelect
INFO: [ route_check ] --START--
INFO: CheckRoute Behavior ::run [ RunTime:0.000820s ]
INFO: [ route_check ] --END-- [ RunTime:0.000911s ]
INFO: [ app_begin ] --START--
INFO: ReadHtmlCache Behavior ::run [ RunTime:0.000543s ]
INFO: [ app_begin ] --END-- [ RunTime:0.000613s ]

[ 2018-01-20T09:27:37+08:00 ] 220.181.132.192 /ok_erp/index.php/BillingData/UploadBillingDataModifyResult
INFO: [ route_check ] --START--
INFO: CheckRoute Behavior ::run [ RunTime:0.001051s ]
INFO: [ route_check ] --END-- [ RunTime:0.001141s ]
INFO: [ app_begin ] --START--
INFO: ReadHtmlCache Behavior ::run [ RunTime:0.000770s ]
INFO: [ app_begin ] --END-- [ RunTime:0.000843s ]

[ 2018-01-20T09:27:52+08:00 ] 0.0.0.0 /ok_erp/index.php/BillingData/UploadBillingDataSelectResult
INFO: [ route_check ] --START--
INFO: CheckRoute Behavior ::run [ RunTime:0.000820s ]
INFO: [ route_check ] --END-- [ RunTime:0.000908s ]
INFO: [ app_begin ] --START--
INFO: ReadHtmlCache Behavior ::run [ RunTime:0.000539s ]
INFO: [ app_begin ] --END-- [ RunTime:0.000609s ]
NOTIC: [8] Undefined offset:  0 C:\xampp\htdocs\thinkphp\Common\functions.php 第 734 行.

[ 2018-01-20T14:40:30+08:00 ] 106.120.160.109 /ok_erp/index.php/Claim/selectClaimResult/company_id/%25/sal_name/%E5%91%A8%E6%B2%99/p/7.html
INFO: [ route_check ] --START--
INFO: CheckRoute Behavior ::run [ RunTime:0.001081s ]
INFO: [ route_check ] --END-- [ RunTime:0.001171s ]
INFO: [ app_begin ] --START--
INFO: ReadHtmlCache Behavior ::run [ RunTime:0.000782s ]
INFO: [ app_begin ] --END-- [ RunTime:0.000854s ]

[ 2018-01-20T14:41:48+08:00 ] 101.199.112.45 /ok_erp/index.php/Claim/selectClaimResult/company_id/%25/sal_name/%E5%91%A8%E6%B2%99/p/7.html
INFO: [ route_check ] --START--
INFO: CheckRoute Behavior ::run [ RunTime:0.000828s ]
INFO: [ route_check ] --END-- [ RunTime:0.000917s ]
INFO: [ app_begin ] --START--
INFO: ReadHtmlCache Behavior ::run [ RunTime:0.000541s ]
INFO: [ app_begin ] --END-- [ RunTime:0.000612s ]

[ 2018-01-20T15:00:16+08:00 ] 106.120.160.109 /ok_erp/index.php/Account/NewAccount
INFO: [ route_check ] --START--
INFO: CheckRoute Behavior ::run [ RunTime:0.001069s ]
INFO: [ route_check ] --END-- [ RunTime:0.001159s ]
INFO: [ app_begin ] --START--
INFO: ReadHtmlCache Behavior ::run [ RunTime:0.000775s ]
INFO: [ app_begin ] --END-- [ RunTime:0.000847s ]

[ 2018-01-20T15:00:25+08:00 ] 220.181.132.198 /ok_erp/index.php/Account/NewAccount
INFO: [ route_check ] --START--
INFO: CheckRoute Behavior ::run [ RunTime:0.000827s ]
INFO: [ route_check ] --END-- [ RunTime:0.000916s ]
INFO: [ app_begin ] --START--
INFO: ReadHtmlCache Behavior ::run [ RunTime:0.000538s ]
INFO: [ app_begin ] --END-- [ RunTime:0.000607s ]

[ 2018-01-20T15:50:22+08:00 ] 106.120.160.109 /ok_erp/index.php/Claim/writeExchangeValue
INFO: [ route_check ] --START--
INFO: CheckRoute Behavior ::run [ RunTime:0.001099s ]
INFO: [ route_check ] --END-- [ RunTime:0.001188s ]
INFO: [ app_begin ] --START--
INFO: ReadHtmlCache Behavior ::run [ RunTime:0.000803s ]
INFO: [ app_begin ] --END-- [ RunTime:0.000876s ]

[ 2018-01-20T15:50:47+08:00 ] 101.199.108.56 /ok_erp/index.php/Claim/writeExchangeValue
INFO: [ route_check ] --START--
INFO: CheckRoute Behavior ::run [ RunTime:0.000832s ]
INFO: [ route_check ] --END-- [ RunTime:0.000922s ]
INFO: [ app_begin ] --START--
INFO: ReadHtmlCache Behavior ::run [ RunTime:0.000541s ]
INFO: [ app_begin ] --END-- [ RunTime:0.000611s ]

[ 2018-01-20T16:30:25+08:00 ] 106.120.161.68 /ok_erp/index.php/Claim/selectClaim
INFO: [ route_check ] --START--
INFO: CheckRoute Behavior ::run [ RunTime:0.001068s ]
INFO: [ route_check ] --END-- [ RunTime:0.001158s ]
INFO: [ app_begin ] --START--
INFO: ReadHtmlCache Behavior ::run [ RunTime:0.000773s ]
INFO: [ app_begin ] --END-- [ RunTime:0.000846s ]

[ 2018-01-20T16:32:01+08:00 ] 101.199.108.56 /ok_erp/index.php/Claim/selectClaim
INFO: [ route_check ] --START--
INFO: CheckRoute Behavior ::run [ RunTime:0.000902s ]
INFO: [ route_check ] --END-- [ RunTime:0.000994s ]
INFO: [ app_begin ] --START--
INFO: ReadHtmlCache Behavior ::run [ RunTime:0.000551s ]
INFO: [ app_begin ] --END-- [ RunTime:0.000621s ]

[ 2018-01-20T17:50:19+08:00 ] 106.120.160.109 /ok_erp/index.php/Claim/getAccountData
INFO: [ route_check ] --START--
INFO: CheckRoute Behavior ::run [ RunTime:0.001065s ]
INFO: [ route_check ] --END-- [ RunTime:0.001156s ]
INFO: [ app_begin ] --START--
INFO: ReadHtmlCache Behavior ::run [ RunTime:0.000774s ]
INFO: [ app_begin ] --END-- [ RunTime:0.000846s ]

[ 2018-01-20T17:50:33+08:00 ] 220.181.132.197 /ok_erp/index.php/Claim/getAccountData
INFO: [ route_check ] --START--
INFO: CheckRoute Behavior ::run [ RunTime:0.000831s ]
INFO: [ route_check ] --END-- [ RunTime:0.000920s ]
INFO: [ app_begin ] --START--
INFO: ReadHtmlCache Behavior ::run [ RunTime:0.000541s ]
INFO: [ app_begin ] --END-- [ RunTime:0.000611s ]

[ 2018-01-20T19:40:30+08:00 ] 106.120.161.68 /ok_erp/index.php/Claim/selectClaimResult/company_id/%25/sal_name/%E7%8E%8B%E5%8F%B6%E8%90%8D/p/7.html
INFO: [ route_check ] --START--
INFO: CheckRoute Behavior ::run [ RunTime:0.001086s ]
INFO: [ route_check ] --END-- [ RunTime:0.001176s ]
INFO: [ app_begin ] --START--
INFO: ReadHtmlCache Behavior ::run [ RunTime:0.000783s ]
INFO: [ app_begin ] --END-- [ RunTime:0.000856s ]

