[ 2018-01-14T08:52:58+08:00 ] 128.72.17.133 /ok_erp/index.php/BillingData/UploadBillingData
INFO: [ route_check ] --START--
INFO: CheckRoute Behavior ::run [ RunTime:0.001059s ]
INFO: [ route_check ] --END-- [ RunTime:0.001149s ]
INFO: [ app_begin ] --START--
INFO: ReadHtmlCache Behavior ::run [ RunTime:0.000776s ]
INFO: [ app_begin ] --END-- [ RunTime:0.000848s ]

[ 2018-01-14T13:00:21+08:00 ] 106.120.161.68 /ok_erp/index.php/BillingData/UploadBillingDataResult
INFO: [ route_check ] --START--
INFO: CheckRoute Behavior ::run [ RunTime:0.001057s ]
INFO: [ route_check ] --END-- [ RunTime:0.001145s ]
INFO: [ app_begin ] --START--
INFO: ReadHtmlCache Behavior ::run [ RunTime:0.000778s ]
INFO: [ app_begin ] --END-- [ RunTime:0.000852s ]

[ 2018-01-14T13:02:04+08:00 ] 101.199.108.119 /ok_erp/index.php/BillingData/UploadBillingDataResult
INFO: [ route_check ] --START--
INFO: CheckRoute Behavior ::run [ RunTime:0.000819s ]
INFO: [ route_check ] --END-- [ RunTime:0.000910s ]
INFO: [ app_begin ] --START--
INFO: ReadHtmlCache Behavior ::run [ RunTime:0.000542s ]
INFO: [ app_begin ] --END-- [ RunTime:0.000613s ]

[ 2018-01-14T13:50:21+08:00 ] 106.120.161.68 /ok_erp/index.php/Claim/selectClaimResult
INFO: [ route_check ] --START--
INFO: CheckRoute Behavior ::run [ RunTime:0.001056s ]
INFO: [ route_check ] --END-- [ RunTime:0.001145s ]
INFO: [ app_begin ] --START--
INFO: ReadHtmlCache Behavior ::run [ RunTime:0.000822s ]
INFO: [ app_begin ] --END-- [ RunTime:0.000904s ]

[ 2018-01-14T13:50:49+08:00 ] 220.181.132.196 /ok_erp/index.php/Claim/selectClaimResult
INFO: [ route_check ] --START--
INFO: CheckRoute Behavior ::run [ RunTime:0.000818s ]
INFO: [ route_check ] --END-- [ RunTime:0.000906s ]
INFO: [ app_begin ] --START--
INFO: ReadHtmlCache Behavior ::run [ RunTime:0.000540s ]
INFO: [ app_begin ] --END-- [ RunTime:0.000609s ]

[ 2018-01-14T15:30:32+08:00 ] 106.120.161.68 /ok_erp/index.php/Claim/selectClaimResult/company_id/%25/sal_name/%E6%9C%B1%E9%92%B0%E5%A8%9F/p/8.html
INFO: [ route_check ] --START--
INFO: CheckRoute Behavior ::run [ RunTime:0.001107s ]
INFO: [ route_check ] --END-- [ RunTime:0.001199s ]
INFO: [ app_begin ] --START--
INFO: ReadHtmlCache Behavior ::run [ RunTime:0.000788s ]
INFO: [ app_begin ] --END-- [ RunTime:0.000863s ]

[ 2018-01-14T15:40:38+08:00 ] 106.120.160.109 /ok_erp/index.php/Claim/selectClaimResult/company_id/%25/sal_name/%E7%8E%8B%E5%8F%B6%E8%90%8D/p/4.html
INFO: [ route_check ] --START--
INFO: CheckRoute Behavior ::run [ RunTime:0.001059s ]
INFO: [ route_check ] --END-- [ RunTime:0.001148s ]
INFO: [ app_begin ] --START--
INFO: ReadHtmlCache Behavior ::run [ RunTime:0.000776s ]
INFO: [ app_begin ] --END-- [ RunTime:0.000850s ]

[ 2018-01-14T15:50:43+08:00 ] 106.120.160.109 /ok_erp/index.php/BillingData/UploadBillingDataSelect
INFO: [ route_check ] --START--
INFO: CheckRoute Behavior ::run [ RunTime:0.001180s ]
INFO: [ route_check ] --END-- [ RunTime:0.001273s ]
INFO: [ app_begin ] --START--
INFO: ReadHtmlCache Behavior ::run [ RunTime:0.000782s ]
INFO: [ app_begin ] --END-- [ RunTime:0.000857s ]

[ 2018-01-14T15:51:22+08:00 ] 101.199.108.120 /ok_erp/index.php/BillingData/UploadBillingDataSelect
INFO: [ route_check ] --START--
INFO: CheckRoute Behavior ::run [ RunTime:0.000817s ]
INFO: [ route_check ] --END-- [ RunTime:0.000907s ]
INFO: [ app_begin ] --START--
INFO: ReadHtmlCache Behavior ::run [ RunTime:0.000542s ]
INFO: [ app_begin ] --END-- [ RunTime:0.000612s ]

[ 2018-01-14T16:10:32+08:00 ] 106.120.161.68 /ok_erp/index.php/Claim/NewClaim
INFO: [ route_check ] --START--
INFO: CheckRoute Behavior ::run [ RunTime:0.001051s ]
INFO: [ route_check ] --END-- [ RunTime:0.001140s ]
INFO: [ app_begin ] --START--
INFO: ReadHtmlCache Behavior ::run [ RunTime:0.000780s ]
INFO: [ app_begin ] --END-- [ RunTime:0.000853s ]

[ 2018-01-14T16:10:57+08:00 ] 101.199.112.51 /ok_erp/index.php/Claim/NewClaim
INFO: [ route_check ] --START--
INFO: CheckRoute Behavior ::run [ RunTime:0.000817s ]
INFO: [ route_check ] --END-- [ RunTime:0.000907s ]
INFO: [ app_begin ] --START--
INFO: ReadHtmlCache Behavior ::run [ RunTime:0.000539s ]
INFO: [ app_begin ] --END-- [ RunTime:0.000609s ]

[ 2018-01-14T16:40:33+08:00 ] 106.120.161.68 /ok_erp/index.php/Claim/claimResult
INFO: [ route_check ] --START--
INFO: CheckRoute Behavior ::run [ RunTime:0.001058s ]
INFO: [ route_check ] --END-- [ RunTime:0.001148s ]
INFO: [ app_begin ] --START--
INFO: ReadHtmlCache Behavior ::run [ RunTime:0.000777s ]
INFO: [ app_begin ] --END-- [ RunTime:0.000851s ]

[ 2018-01-14T16:41:30+08:00 ] 101.199.108.57 /ok_erp/index.php/Claim/claimResult
INFO: [ route_check ] --START--
INFO: CheckRoute Behavior ::run [ RunTime:0.000815s ]
INFO: [ route_check ] --END-- [ RunTime:0.000905s ]
INFO: [ app_begin ] --START--
INFO: ReadHtmlCache Behavior ::run [ RunTime:0.000605s ]
INFO: [ app_begin ] --END-- [ RunTime:0.000681s ]

[ 2018-01-14T19:40:38+08:00 ] 106.120.160.109 /ok_erp/index.php/Claim/selectClaim
INFO: [ route_check ] --START--
INFO: CheckRoute Behavior ::run [ RunTime:0.001056s ]
INFO: [ route_check ] --END-- [ RunTime:0.001146s ]
INFO: [ app_begin ] --START--
INFO: ReadHtmlCache Behavior ::run [ RunTime:0.000783s ]
INFO: [ app_begin ] --END-- [ RunTime:0.000854s ]

[ 2018-01-14T19:41:21+08:00 ] 101.199.112.51 /ok_erp/index.php/Claim/selectClaim
INFO: [ route_check ] --START--
INFO: CheckRoute Behavior ::run [ RunTime:0.000816s ]
INFO: [ route_check ] --END-- [ RunTime:0.000905s ]
INFO: [ app_begin ] --START--
INFO: ReadHtmlCache Behavior ::run [ RunTime:0.000538s ]
INFO: [ app_begin ] --END-- [ RunTime:0.000608s ]

[ 2018-01-14T23:33:22+08:00 ] 122.236.154.66 /ok_erp/index.php/Claim/NewClaim
INFO: [ route_check ] --START--
INFO: CheckRoute Behavior ::run [ RunTime:0.001067s ]
INFO: [ route_check ] --END-- [ RunTime:0.001157s ]
INFO: [ app_begin ] --START--
INFO: ReadHtmlCache Behavior ::run [ RunTime:0.000787s ]
INFO: [ app_begin ] --END-- [ RunTime:0.000861s ]
SQL: select count(distinct bank_cust) count from mf_exchange where claim=0 [ RunTime:0.004590s ]
SQL: SELECT * FROM mf_exchange a left join company b on a.company_id=b.company_id left join bank c on a.bank_id=c.bank_id WHERE ( a.claim=0 ) GROUP BY bank_cust  ORDER BY id LIMIT 0,15   [ RunTime:0.005183s ]
INFO: [ view_parse ] --START--
INFO: ParseTemplate Behavior ::run [ RunTime:0.066918s ]
INFO: [ view_parse ] --END-- [ RunTime:0.067010s ]
INFO: [ view_filter ] --START--
INFO: ContentReplace Behavior ::run [ RunTime:0.006476s ]
INFO: TokenBuild Behavior ::run [ RunTime:0.000834s ]
INFO: WriteHtmlCache Behavior ::run [ RunTime:0.000575s ]
INFO: ShowRuntime Behavior ::run [ RunTime:0.000806s ]
INFO: [ view_filter ] --END-- [ RunTime:0.008890s ]
INFO: [ view_end ] --START--
INFO: ShowPageTrace Behavior ::run [ RunTime:0.000948s ]
INFO: [ view_end ] --END-- [ RunTime:0.001020s ]

[ 2018-01-14T23:33:29+08:00 ] 122.236.154.66 /ok_erp/index.php/SendGoods/SelectStock
INFO: [ route_check ] --START--
INFO: CheckRoute Behavior ::run [ RunTime:0.000819s ]
INFO: [ route_check ] --END-- [ RunTime:0.000908s ]
INFO: [ app_begin ] --START--
INFO: ReadHtmlCache Behavior ::run [ RunTime:0.000538s ]
INFO: [ app_begin ] --END-- [ RunTime:0.000607s ]
INFO: [ view_parse ] --START--
INFO: ParseTemplate Behavior ::run [ RunTime:0.013713s ]
INFO: [ view_parse ] --END-- [ RunTime:0.013800s ]
INFO: [ view_filter ] --START--
INFO: ContentReplace Behavior ::run [ RunTime:0.000360s ]
INFO: TokenBuild Behavior ::run [ RunTime:0.000344s ]
INFO: WriteHtmlCache Behavior ::run [ RunTime:0.000218s ]
INFO: ShowRuntime Behavior ::run [ RunTime:0.000449s ]
INFO: [ view_filter ] --END-- [ RunTime:0.001555s ]
INFO: [ view_end ] --START--
INFO: ShowPageTrace Behavior ::run [ RunTime:0.000587s ]
INFO: [ view_end ] --END-- [ RunTime:0.000653s ]

[ 2018-01-14T23:33:51+08:00 ] 122.236.154.66 /ok_erp/index.php/SendGoods/SelectStockResult
INFO: [ route_check ] --START--
INFO: CheckRoute Behavior ::run [ RunTime:0.000824s ]
INFO: [ route_check ] --END-- [ RunTime:0.000913s ]
INFO: [ app_begin ] --START--
INFO: ReadHtmlCache Behavior ::run [ RunTime:0.000536s ]
INFO: [ app_begin ] --END-- [ RunTime:0.000604s ]
SQL: select bat_no,prd_no,prd_name,prd_mark,sum(case when ps_id='PC' then isnull(qty,0) when ps_id='PB' then isnull(-qty,0) end) pc,sum(case when ps_id='SA' then isnull(qty,0) when ps_id='SB' then isnull(-qty,0) end) sa,sum(case when ps_id='PC' then isnull(qty,0) when ps_id='SA' then isnull(-qty,0) when ps_id='PB' then isnull(-qty,0) when ps_id='SB' then isnull(qty,0) else 0 end) stock from DB_OK01.dbo.tf_pss where upper(bat_no) like upper('%V171011F%') and upper(prd_mark) like upper('%%') and upper(prd_name) like upper('%%')group by bat_no,prd_no,prd_name,prd_mark [ RunTime:0.049471s ]
SQL: select bat_no,prd_no,prd_name,prd_mark,sum(case when ps_id='PC' then isnull(qty,0) when ps_id='PB' then isnull(-qty,0) end) pc,sum(case when ps_id='SA' then isnull(qty,0) when ps_id='SB' then isnull(-qty,0) end) sa,sum(case when ps_id='PC' then isnull(qty,0) when ps_id='SA' then isnull(-qty,0) when ps_id='PB' then isnull(-qty,0) when ps_id='SB' then isnull(qty,0) else 0 end) stock from DB_MKJC.dbo.tf_pss where upper(bat_no) like upper('%V171011F%') and upper(prd_mark) like upper('%%') and upper(prd_name) like upper('%%')group by bat_no,prd_no,prd_name,prd_mark [ RunTime:0.094576s ]
SQL: select bat_no,prd_no,prd_name,prd_mark,sum(case when ps_id='PC' then isnull(qty,0) when ps_id='PB' then isnull(-qty,0) end) pc,sum(case when ps_id='SA' then isnull(qty,0) when ps_id='SB' then isnull(-qty,0) end) sa,sum(case when ps_id='PC' then isnull(qty,0) when ps_id='SA' then isnull(-qty,0) when ps_id='PB' then isnull(-qty,0) when ps_id='SB' then isnull(qty,0) else 0 end) stock from DB_JXOK.dbo.tf_pss where upper(bat_no) like upper('%V171011F%') and upper(prd_mark) like upper('%%') and upper(prd_name) like upper('%%')group by bat_no,prd_no,prd_name,prd_mark [ RunTime:0.033321s ]
INFO: [ view_parse ] --START--
INFO: ParseTemplate Behavior ::run [ RunTime:0.029056s ]
INFO: [ view_parse ] --END-- [ RunTime:0.029139s ]
INFO: [ view_filter ] --START--
INFO: ContentReplace Behavior ::run [ RunTime:0.000441s ]
INFO: TokenBuild Behavior ::run [ RunTime:0.000362s ]
INFO: WriteHtmlCache Behavior ::run [ RunTime:0.000221s ]
INFO: ShowRuntime Behavior ::run [ RunTime:0.000459s ]
INFO: [ view_filter ] --END-- [ RunTime:0.001670s ]
INFO: [ view_end ] --START--
INFO: ShowPageTrace Behavior ::run [ RunTime:0.000583s ]
INFO: [ view_end ] --END-- [ RunTime:0.000651s ]

[ 2018-01-14T23:34:21+08:00 ] 122.236.154.66 /ok_erp/index.php/SendGoods/SelectStock
INFO: [ route_check ] --START--
INFO: CheckRoute Behavior ::run [ RunTime:0.000828s ]
INFO: [ route_check ] --END-- [ RunTime:0.000918s ]
INFO: [ app_begin ] --START--
INFO: ReadHtmlCache Behavior ::run [ RunTime:0.000589s ]
INFO: [ app_begin ] --END-- [ RunTime:0.000671s ]
INFO: [ view_parse ] --START--
INFO: ParseTemplate Behavior ::run [ RunTime:0.009511s ]
INFO: [ view_parse ] --END-- [ RunTime:0.009593s ]
INFO: [ view_filter ] --START--
INFO: ContentReplace Behavior ::run [ RunTime:0.000360s ]
INFO: TokenBuild Behavior ::run [ RunTime:0.000345s ]
INFO: WriteHtmlCache Behavior ::run [ RunTime:0.000219s ]
INFO: ShowRuntime Behavior ::run [ RunTime:0.000452s ]
INFO: [ view_filter ] --END-- [ RunTime:0.001560s ]
INFO: [ view_end ] --START--
INFO: ShowPageTrace Behavior ::run [ RunTime:0.000586s ]
INFO: [ view_end ] --END-- [ RunTime:0.000653s ]

[ 2018-01-14T23:34:29+08:00 ] 122.236.154.66 /ok_erp/index.php/SendGoods/SelectStockResult
INFO: [ route_check ] --START--
INFO: CheckRoute Behavior ::run [ RunTime:0.000821s ]
INFO: [ route_check ] --END-- [ RunTime:0.000910s ]
INFO: [ app_begin ] --START--
INFO: ReadHtmlCache Behavior ::run [ RunTime:0.000537s ]
INFO: [ app_begin ] --END-- [ RunTime:0.000605s ]
SQL: select bat_no,prd_no,prd_name,prd_mark,sum(case when ps_id='PC' then isnull(qty,0) when ps_id='PB' then isnull(-qty,0) end) pc,sum(case when ps_id='SA' then isnull(qty,0) when ps_id='SB' then isnull(-qty,0) end) sa,sum(case when ps_id='PC' then isnull(qty,0) when ps_id='SA' then isnull(-qty,0) when ps_id='PB' then isnull(-qty,0) when ps_id='SB' then isnull(qty,0) else 0 end) stock from DB_OK01.dbo.tf_pss where upper(bat_no) like upper('%V171023F%') and upper(prd_mark) like upper('%%') and upper(prd_name) like upper('%%')group by bat_no,prd_no,prd_name,prd_mark [ RunTime:0.043214s ]
SQL: select bat_no,prd_no,prd_name,prd_mark,sum(case when ps_id='PC' then isnull(qty,0) when ps_id='PB' then isnull(-qty,0) end) pc,sum(case when ps_id='SA' then isnull(qty,0) when ps_id='SB' then isnull(-qty,0) end) sa,sum(case when ps_id='PC' then isnull(qty,0) when ps_id='SA' then isnull(-qty,0) when ps_id='PB' then isnull(-qty,0) when ps_id='SB' then isnull(qty,0) else 0 end) stock from DB_MKJC.dbo.tf_pss where upper(bat_no) like upper('%V171023F%') and upper(prd_mark) like upper('%%') and upper(prd_name) like upper('%%')group by bat_no,prd_no,prd_name,prd_mark [ RunTime:0.100152s ]
SQL: select bat_no,prd_no,prd_name,prd_mark,sum(case when ps_id='PC' then isnull(qty,0) when ps_id='PB' then isnull(-qty,0) end) pc,sum(case when ps_id='SA' then isnull(qty,0) when ps_id='SB' then isnull(-qty,0) end) sa,sum(case when ps_id='PC' then isnull(qty,0) when ps_id='SA' then isnull(-qty,0) when ps_id='PB' then isnull(-qty,0) when ps_id='SB' then isnull(qty,0) else 0 end) stock from DB_JXOK.dbo.tf_pss where upper(bat_no) like upper('%V171023F%') and upper(prd_mark) like upper('%%') and upper(prd_name) like upper('%%')group by bat_no,prd_no,prd_name,prd_mark [ RunTime:0.033084s ]
INFO: [ view_parse ] --START--
INFO: ParseTemplate Behavior ::run [ RunTime:0.013211s ]
INFO: [ view_parse ] --END-- [ RunTime:0.013292s ]
INFO: [ view_filter ] --START--
INFO: ContentReplace Behavior ::run [ RunTime:0.000413s ]
INFO: TokenBuild Behavior ::run [ RunTime:0.000352s ]
INFO: WriteHtmlCache Behavior ::run [ RunTime:0.000219s ]
INFO: ShowRuntime Behavior ::run [ RunTime:0.000451s ]
INFO: [ view_filter ] --END-- [ RunTime:0.001621s ]
INFO: [ view_end ] --START--
INFO: ShowPageTrace Behavior ::run [ RunTime:0.000583s ]
INFO: [ view_end ] --END-- [ RunTime:0.000651s ]

[ 2018-01-14T23:35:01+08:00 ] 122.236.154.66 /ok_erp/index.php/SendGoods/SelectStock
INFO: [ route_check ] --START--
INFO: CheckRoute Behavior ::run [ RunTime:0.000819s ]
INFO: [ route_check ] --END-- [ RunTime:0.000908s ]
INFO: [ app_begin ] --START--
INFO: ReadHtmlCache Behavior ::run [ RunTime:0.000537s ]
INFO: [ app_begin ] --END-- [ RunTime:0.000606s ]
INFO: [ view_parse ] --START--
INFO: ParseTemplate Behavior ::run [ RunTime:0.009478s ]
INFO: [ view_parse ] --END-- [ RunTime:0.009559s ]
INFO: [ view_filter ] --START--
INFO: ContentReplace Behavior ::run [ RunTime:0.000370s ]
INFO: TokenBuild Behavior ::run [ RunTime:0.000343s ]
INFO: WriteHtmlCache Behavior ::run [ RunTime:0.000220s ]
INFO: ShowRuntime Behavior ::run [ RunTime:0.000448s ]
INFO: [ view_filter ] --END-- [ RunTime:0.001564s ]
INFO: [ view_end ] --START--
INFO: ShowPageTrace Behavior ::run [ RunTime:0.000585s ]
INFO: [ view_end ] --END-- [ RunTime:0.000651s ]

[ 2018-01-14T23:35:10+08:00 ] 122.236.154.66 /ok_erp/index.php/SendGoods/SelectStockResult
INFO: [ route_check ] --START--
INFO: CheckRoute Behavior ::run [ RunTime:0.000822s ]
INFO: [ route_check ] --END-- [ RunTime:0.000911s ]
INFO: [ app_begin ] --START--
INFO: ReadHtmlCache Behavior ::run [ RunTime:0.000540s ]
INFO: [ app_begin ] --END-- [ RunTime:0.000610s ]
SQL: select bat_no,prd_no,prd_name,prd_mark,sum(case when ps_id='PC' then isnull(qty,0) when ps_id='PB' then isnull(-qty,0) end) pc,sum(case when ps_id='SA' then isnull(qty,0) when ps_id='SB' then isnull(-qty,0) end) sa,sum(case when ps_id='PC' then isnull(qty,0) when ps_id='SA' then isnull(-qty,0) when ps_id='PB' then isnull(-qty,0) when ps_id='SB' then isnull(qty,0) else 0 end) stock from DB_OK01.dbo.tf_pss where upper(bat_no) like upper('%V171012T%') and upper(prd_mark) like upper('%%') and upper(prd_name) like upper('%%')group by bat_no,prd_no,prd_name,prd_mark [ RunTime:0.055531s ]
SQL: select bat_no,prd_no,prd_name,prd_mark,sum(case when ps_id='PC' then isnull(qty,0) when ps_id='PB' then isnull(-qty,0) end) pc,sum(case when ps_id='SA' then isnull(qty,0) when ps_id='SB' then isnull(-qty,0) end) sa,sum(case when ps_id='PC' then isnull(qty,0) when ps_id='SA' then isnull(-qty,0) when ps_id='PB' then isnull(-qty,0) when ps_id='SB' then isnull(qty,0) else 0 end) stock from DB_MKJC.dbo.tf_pss where upper(bat_no) like upper('%V171012T%') and upper(prd_mark) like upper('%%') and upper(prd_name) like upper('%%')group by bat_no,prd_no,prd_name,prd_mark [ RunTime:0.098389s ]
SQL: select bat_no,prd_no,prd_name,prd_mark,sum(case when ps_id='PC' then isnull(qty,0) when ps_id='PB' then isnull(-qty,0) end) pc,sum(case when ps_id='SA' then isnull(qty,0) when ps_id='SB' then isnull(-qty,0) end) sa,sum(case when ps_id='PC' then isnull(qty,0) when ps_id='SA' then isnull(-qty,0) when ps_id='PB' then isnull(-qty,0) when ps_id='SB' then isnull(qty,0) else 0 end) stock from DB_JXOK.dbo.tf_pss where upper(bat_no) like upper('%V171012T%') and upper(prd_mark) like upper('%%') and upper(prd_name) like upper('%%')group by bat_no,prd_no,prd_name,prd_mark [ RunTime:0.033401s ]
INFO: [ view_parse ] --START--
INFO: ParseTemplate Behavior ::run [ RunTime:0.013105s ]
INFO: [ view_parse ] --END-- [ RunTime:0.013187s ]
INFO: [ view_filter ] --START--
INFO: ContentReplace Behavior ::run [ RunTime:0.000372s ]
INFO: TokenBuild Behavior ::run [ RunTime:0.000350s ]
INFO: WriteHtmlCache Behavior ::run [ RunTime:0.000221s ]
INFO: ShowRuntime Behavior ::run [ RunTime:0.000452s ]
INFO: [ view_filter ] --END-- [ RunTime:0.001581s ]
INFO: [ view_end ] --START--
INFO: ShowPageTrace Behavior ::run [ RunTime:0.000596s ]
INFO: [ view_end ] --END-- [ RunTime:0.000664s ]

[ 2018-01-14T23:35:30+08:00 ] 122.236.154.66 /ok_erp/index.php/SendGoods/SelectStock
INFO: [ route_check ] --START--
INFO: CheckRoute Behavior ::run [ RunTime:0.001050s ]
INFO: [ route_check ] --END-- [ RunTime:0.001140s ]
INFO: [ app_begin ] --START--
INFO: ReadHtmlCache Behavior ::run [ RunTime:0.000798s ]
INFO: [ app_begin ] --END-- [ RunTime:0.000870s ]
INFO: [ view_parse ] --START--
INFO: ParseTemplate Behavior ::run [ RunTime:0.010824s ]
INFO: [ view_parse ] --END-- [ RunTime:0.010908s ]
INFO: [ view_filter ] --START--
INFO: ContentReplace Behavior ::run [ RunTime:0.000598s ]
INFO: TokenBuild Behavior ::run [ RunTime:0.000579s ]
INFO: WriteHtmlCache Behavior ::run [ RunTime:0.000453s ]
INFO: ShowRuntime Behavior ::run [ RunTime:0.000684s ]
INFO: [ view_filter ] --END-- [ RunTime:0.002503s ]
INFO: [ view_end ] --START--
INFO: ShowPageTrace Behavior ::run [ RunTime:0.000823s ]
INFO: [ view_end ] --END-- [ RunTime:0.000891s ]

[ 2018-01-14T23:35:38+08:00 ] 122.236.154.66 /ok_erp/index.php/SendGoods/SelectStockResult
INFO: [ route_check ] --START--
INFO: CheckRoute Behavior ::run [ RunTime:0.000821s ]
INFO: [ route_check ] --END-- [ RunTime:0.000910s ]
INFO: [ app_begin ] --START--
INFO: ReadHtmlCache Behavior ::run [ RunTime:0.000536s ]
INFO: [ app_begin ] --END-- [ RunTime:0.000605s ]
SQL: select bat_no,prd_no,prd_name,prd_mark,sum(case when ps_id='PC' then isnull(qty,0) when ps_id='PB' then isnull(-qty,0) end) pc,sum(case when ps_id='SA' then isnull(qty,0) when ps_id='SB' then isnull(-qty,0) end) sa,sum(case when ps_id='PC' then isnull(qty,0) when ps_id='SA' then isnull(-qty,0) when ps_id='PB' then isnull(-qty,0) when ps_id='SB' then isnull(qty,0) else 0 end) stock from DB_OK01.dbo.tf_pss where upper(bat_no) like upper('%V171024T%') and upper(prd_mark) like upper('%%') and upper(prd_name) like upper('%%')group by bat_no,prd_no,prd_name,prd_mark [ RunTime:0.049276s ]
SQL: select bat_no,prd_no,prd_name,prd_mark,sum(case when ps_id='PC' then isnull(qty,0) when ps_id='PB' then isnull(-qty,0) end) pc,sum(case when ps_id='SA' then isnull(qty,0) when ps_id='SB' then isnull(-qty,0) end) sa,sum(case when ps_id='PC' then isnull(qty,0) when ps_id='SA' then isnull(-qty,0) when ps_id='PB' then isnull(-qty,0) when ps_id='SB' then isnull(qty,0) else 0 end) stock from DB_MKJC.dbo.tf_pss where upper(bat_no) like upper('%V171024T%') and upper(prd_mark) like upper('%%') and upper(prd_name) like upper('%%')group by bat_no,prd_no,prd_name,prd_mark [ RunTime:0.103187s ]
SQL: select bat_no,prd_no,prd_name,prd_mark,sum(case when ps_id='PC' then isnull(qty,0) when ps_id='PB' then isnull(-qty,0) end) pc,sum(case when ps_id='SA' then isnull(qty,0) when ps_id='SB' then isnull(-qty,0) end) sa,sum(case when ps_id='PC' then isnull(qty,0) when ps_id='SA' then isnull(-qty,0) when ps_id='PB' then isnull(-qty,0) when ps_id='SB' then isnull(qty,0) else 0 end) stock from DB_JXOK.dbo.tf_pss where upper(bat_no) like upper('%V171024T%') and upper(prd_mark) like upper('%%') and upper(prd_name) like upper('%%')group by bat_no,prd_no,prd_name,prd_mark [ RunTime:0.031967s ]
INFO: [ view_parse ] --START--
INFO: ParseTemplate Behavior ::run [ RunTime:0.013603s ]
INFO: [ view_parse ] --END-- [ RunTime:0.013683s ]
INFO: [ view_filter ] --START--
INFO: ContentReplace Behavior ::run [ RunTime:0.000386s ]
INFO: TokenBuild Behavior ::run [ RunTime:0.000371s ]
INFO: WriteHtmlCache Behavior ::run [ RunTime:0.000228s ]
INFO: ShowRuntime Behavior ::run [ RunTime:0.000468s ]
INFO: [ view_filter ] --END-- [ RunTime:0.001648s ]
INFO: [ view_end ] --START--
INFO: ShowPageTrace Behavior ::run [ RunTime:0.000633s ]
INFO: [ view_end ] --END-- [ RunTime:0.000717s ]

[ 2018-01-14T23:36:59+08:00 ] 122.236.154.66 /ok_erp/index.php/SendGoods/SelectStock
INFO: [ route_check ] --START--
INFO: CheckRoute Behavior ::run [ RunTime:0.000822s ]
INFO: [ route_check ] --END-- [ RunTime:0.000910s ]
INFO: [ app_begin ] --START--
INFO: ReadHtmlCache Behavior ::run [ RunTime:0.000538s ]
INFO: [ app_begin ] --END-- [ RunTime:0.000609s ]
INFO: [ view_parse ] --START--
INFO: ParseTemplate Behavior ::run [ RunTime:0.009478s ]
INFO: [ view_parse ] --END-- [ RunTime:0.009560s ]
INFO: [ view_filter ] --START--
INFO: ContentReplace Behavior ::run [ RunTime:0.000360s ]
INFO: TokenBuild Behavior ::run [ RunTime:0.000343s ]
INFO: WriteHtmlCache Behavior ::run [ RunTime:0.000220s ]
INFO: ShowRuntime Behavior ::run [ RunTime:0.000451s ]
INFO: [ view_filter ] --END-- [ RunTime:0.001554s ]
INFO: [ view_end ] --START--
INFO: ShowPageTrace Behavior ::run [ RunTime:0.000587s ]
INFO: [ view_end ] --END-- [ RunTime:0.000652s ]

[ 2018-01-14T23:37:11+08:00 ] 122.236.154.66 /ok_erp/index.php/SendGoods/SelectStockResult
INFO: [ route_check ] --START--
INFO: CheckRoute Behavior ::run [ RunTime:0.000824s ]
INFO: [ route_check ] --END-- [ RunTime:0.000921s ]
INFO: [ app_begin ] --START--
INFO: ReadHtmlCache Behavior ::run [ RunTime:0.000538s ]
INFO: [ app_begin ] --END-- [ RunTime:0.000607s ]
SQL: select bat_no,prd_no,prd_name,prd_mark,sum(case when ps_id='PC' then isnull(qty,0) when ps_id='PB' then isnull(-qty,0) end) pc,sum(case when ps_id='SA' then isnull(qty,0) when ps_id='SB' then isnull(-qty,0) end) sa,sum(case when ps_id='PC' then isnull(qty,0) when ps_id='SA' then isnull(-qty,0) when ps_id='PB' then isnull(-qty,0) when ps_id='SB' then isnull(qty,0) else 0 end) stock from DB_OK01.dbo.tf_pss where upper(bat_no) like upper('%V171012T%') and upper(prd_mark) like upper('%%') and upper(prd_name) like upper('%%')group by bat_no,prd_no,prd_name,prd_mark [ RunTime:0.030850s ]
SQL: select bat_no,prd_no,prd_name,prd_mark,sum(case when ps_id='PC' then isnull(qty,0) when ps_id='PB' then isnull(-qty,0) end) pc,sum(case when ps_id='SA' then isnull(qty,0) when ps_id='SB' then isnull(-qty,0) end) sa,sum(case when ps_id='PC' then isnull(qty,0) when ps_id='SA' then isnull(-qty,0) when ps_id='PB' then isnull(-qty,0) when ps_id='SB' then isnull(qty,0) else 0 end) stock from DB_MKJC.dbo.tf_pss where upper(bat_no) like upper('%V171012T%') and upper(prd_mark) like upper('%%') and upper(prd_name) like upper('%%')group by bat_no,prd_no,prd_name,prd_mark [ RunTime:0.031900s ]
SQL: select bat_no,prd_no,prd_name,prd_mark,sum(case when ps_id='PC' then isnull(qty,0) when ps_id='PB' then isnull(-qty,0) end) pc,sum(case when ps_id='SA' then isnull(qty,0) when ps_id='SB' then isnull(-qty,0) end) sa,sum(case when ps_id='PC' then isnull(qty,0) when ps_id='SA' then isnull(-qty,0) when ps_id='PB' then isnull(-qty,0) when ps_id='SB' then isnull(qty,0) else 0 end) stock from DB_JXOK.dbo.tf_pss where upper(bat_no) like upper('%V171012T%') and upper(prd_mark) like upper('%%') and upper(prd_name) like upper('%%')group by bat_no,prd_no,prd_name,prd_mark [ RunTime:0.015946s ]
INFO: [ view_parse ] --START--
INFO: ParseTemplate Behavior ::run [ RunTime:0.013302s ]
INFO: [ view_parse ] --END-- [ RunTime:0.013385s ]
INFO: [ view_filter ] --START--
INFO: ContentReplace Behavior ::run [ RunTime:0.000375s ]
INFO: TokenBuild Behavior ::run [ RunTime:0.000351s ]
INFO: WriteHtmlCache Behavior ::run [ RunTime:0.000219s ]
INFO: ShowRuntime Behavior ::run [ RunTime:0.000450s ]
INFO: [ view_filter ] --END-- [ RunTime:0.001581s ]
INFO: [ view_end ] --START--
INFO: ShowPageTrace Behavior ::run [ RunTime:0.000599s ]
INFO: [ view_end ] --END-- [ RunTime:0.000667s ]

[ 2018-01-14T23:39:11+08:00 ] 122.236.154.66 /ok_erp/index.php/SendGoods/SelectStock
INFO: [ route_check ] --START--
INFO: CheckRoute Behavior ::run [ RunTime:0.001055s ]
INFO: [ route_check ] --END-- [ RunTime:0.001144s ]
INFO: [ app_begin ] --START--
INFO: ReadHtmlCache Behavior ::run [ RunTime:0.000772s ]
INFO: [ app_begin ] --END-- [ RunTime:0.000846s ]
INFO: [ view_parse ] --START--
INFO: ParseTemplate Behavior ::run [ RunTime:0.010826s ]
INFO: [ view_parse ] --END-- [ RunTime:0.010908s ]
INFO: [ view_filter ] --START--
INFO: ContentReplace Behavior ::run [ RunTime:0.000598s ]
INFO: TokenBuild Behavior ::run [ RunTime:0.000580s ]
INFO: WriteHtmlCache Behavior ::run [ RunTime:0.000454s ]
INFO: ShowRuntime Behavior ::run [ RunTime:0.000681s ]
INFO: [ view_filter ] --END-- [ RunTime:0.002499s ]
INFO: [ view_end ] --START--
INFO: ShowPageTrace Behavior ::run [ RunTime:0.000820s ]
INFO: [ view_end ] --END-- [ RunTime:0.000887s ]

[ 2018-01-14T23:39:26+08:00 ] 122.236.154.66 /ok_erp/index.php/SendGoods/SelectStockResult
INFO: [ route_check ] --START--
INFO: CheckRoute Behavior ::run [ RunTime:0.000821s ]
INFO: [ route_check ] --END-- [ RunTime:0.000911s ]
INFO: [ app_begin ] --START--
INFO: ReadHtmlCache Behavior ::run [ RunTime:0.000537s ]
INFO: [ app_begin ] --END-- [ RunTime:0.000606s ]
SQL: select bat_no,prd_no,prd_name,prd_mark,sum(case when ps_id='PC' then isnull(qty,0) when ps_id='PB' then isnull(-qty,0) end) pc,sum(case when ps_id='SA' then isnull(qty,0) when ps_id='SB' then isnull(-qty,0) end) sa,sum(case when ps_id='PC' then isnull(qty,0) when ps_id='SA' then isnull(-qty,0) when ps_id='PB' then isnull(-qty,0) when ps_id='SB' then isnull(qty,0) else 0 end) stock from DB_OK01.dbo.tf_pss where upper(bat_no) like upper('%V171023F%') and upper(prd_mark) like upper('%%') and upper(prd_name) like upper('%%')group by bat_no,prd_no,prd_name,prd_mark [ RunTime:0.023594s ]
SQL: select bat_no,prd_no,prd_name,prd_mark,sum(case when ps_id='PC' then isnull(qty,0) when ps_id='PB' then isnull(-qty,0) end) pc,sum(case when ps_id='SA' then isnull(qty,0) when ps_id='SB' then isnull(-qty,0) end) sa,sum(case when ps_id='PC' then isnull(qty,0) when ps_id='SA' then isnull(-qty,0) when ps_id='PB' then isnull(-qty,0) when ps_id='SB' then isnull(qty,0) else 0 end) stock from DB_MKJC.dbo.tf_pss where upper(bat_no) like upper('%V171023F%') and upper(prd_mark) like upper('%%') and upper(prd_name) like upper('%%')group by bat_no,prd_no,prd_name,prd_mark [ RunTime:0.194719s ]
SQL: select bat_no,prd_no,prd_name,prd_mark,sum(case when ps_id='PC' then isnull(qty,0) when ps_id='PB' then isnull(-qty,0) end) pc,sum(case when ps_id='SA' then isnull(qty,0) when ps_id='SB' then isnull(-qty,0) end) sa,sum(case when ps_id='PC' then isnull(qty,0) when ps_id='SA' then isnull(-qty,0) when ps_id='PB' then isnull(-qty,0) when ps_id='SB' then isnull(qty,0) else 0 end) stock from DB_JXOK.dbo.tf_pss where upper(bat_no) like upper('%V171023F%') and upper(prd_mark) like upper('%%') and upper(prd_name) like upper('%%')group by bat_no,prd_no,prd_name,prd_mark [ RunTime:0.015586s ]
INFO: [ view_parse ] --START--
INFO: ParseTemplate Behavior ::run [ RunTime:0.013295s ]
INFO: [ view_parse ] --END-- [ RunTime:0.013379s ]
INFO: [ view_filter ] --START--
INFO: ContentReplace Behavior ::run [ RunTime:0.000413s ]
INFO: TokenBuild Behavior ::run [ RunTime:0.000351s ]
INFO: WriteHtmlCache Behavior ::run [ RunTime:0.000220s ]
INFO: ShowRuntime Behavior ::run [ RunTime:0.000452s ]
INFO: [ view_filter ] --END-- [ RunTime:0.001621s ]
INFO: [ view_end ] --START--
INFO: ShowPageTrace Behavior ::run [ RunTime:0.000585s ]
INFO: [ view_end ] --END-- [ RunTime:0.000652s ]

