[ 2017-12-31T13:54:11+08:00 ] 218.205.55.175 /ok_erp/phone_index.php/Stock/SelectStock
INFO: [ route_check ] --START--
INFO: CheckRoute Behavior ::run [ RunTime:0.004250s ]
INFO: [ route_check ] --END-- [ RunTime:0.004346s ]
INFO: [ app_begin ] --START--
INFO: ReadHtmlCache Behavior ::run [ RunTime:0.001079s ]
INFO: [ app_begin ] --END-- [ RunTime:0.001157s ]
INFO: [ view_parse ] --START--
INFO: ParseTemplate Behavior ::run [ RunTime:0.033545s ]
INFO: [ view_parse ] --END-- [ RunTime:0.033629s ]
INFO: [ view_filter ] --START--
INFO: ContentReplace Behavior ::run [ RunTime:0.000718s ]
INFO: TokenBuild Behavior ::run [ RunTime:0.000852s ]
INFO: WriteHtmlCache Behavior ::run [ RunTime:0.000593s ]
INFO: ShowRuntime Behavior ::run [ RunTime:0.000829s ]
INFO: [ view_filter ] --END-- [ RunTime:0.003189s ]
INFO: [ view_end ] --START--
INFO: ShowPageTrace Behavior ::run [ RunTime:0.000974s ]
INFO: [ view_end ] --END-- [ RunTime:0.001044s ]

[ 2017-12-31T13:54:18+08:00 ] 218.205.55.175 /ok_erp/phone_index.php/Stock/SelectStockResult
INFO: [ route_check ] --START--
INFO: CheckRoute Behavior ::run [ RunTime:0.001066s ]
INFO: [ route_check ] --END-- [ RunTime:0.001156s ]
INFO: [ app_begin ] --START--
INFO: ReadHtmlCache Behavior ::run [ RunTime:0.000779s ]
INFO: [ app_begin ] --END-- [ RunTime:0.000842s ]
SQL: select bat_no,prd_no,prd_name,prd_mark,sum(case when ps_id='PC' then isnull(qty,0) when ps_id='PB' then isnull(-qty,0) end) pc,sum(case when ps_id='SA' then isnull(qty,0) when ps_id='SB' then isnull(-qty,0) end) sa,sum(case when ps_id='PC' then isnull(qty,0) when ps_id='SA' then isnull(-qty,0) when ps_id='PB' then isnull(-qty,0) when ps_id='SB' then isnull(qty,0) else 0 end) stock,sum(case when ps_id='PC' then isnull(qty_fp,0) when ps_id='PB' then isnull(-qty_fp,0) end) pc_qty_fp,sum(case when ps_id='SA' then isnull(qty_fp,0) when ps_id='SB' then isnull(-qty_fp,0) end) sa_qty_fp from DB_OK01.dbo.tf_pss where upper(bat_no) like upper('%Cv171102%') and upper(prd_mark) like upper('%%') and upper(prd_name) like upper('%%')group by bat_no,prd_no,prd_name,prd_mark order by bat_no,prd_no,prd_mark [ RunTime:0.161742s ]
SQL: select bat_no,prd_no,prd_name,prd_mark,sum(case when ps_id='PC' then isnull(qty,0) when ps_id='PB' then isnull(-qty,0) end) pc,sum(case when ps_id='SA' then isnull(qty,0) when ps_id='SB' then isnull(-qty,0) end) sa,sum(case when ps_id='PC' then isnull(qty,0) when ps_id='SA' then isnull(-qty,0) when ps_id='PB' then isnull(-qty,0) when ps_id='SB' then isnull(qty,0) else 0 end) stock,sum(case when ps_id='PC' then isnull(qty_fp,0) when ps_id='PB' then isnull(-qty_fp,0) end) pc_qty_fp,sum(case when ps_id='SA' then isnull(qty_fp,0) when ps_id='SB' then isnull(-qty_fp,0) end) sa_qty_fp from DB_MKJC.dbo.tf_pss where upper(bat_no) like upper('%Cv171102%') and upper(prd_mark) like upper('%%') and upper(prd_name) like upper('%%')group by bat_no,prd_no,prd_name,prd_mark order by bat_no,prd_no,prd_mark [ RunTime:0.072320s ]
SQL: select bat_no,prd_no,prd_name,prd_mark,sum(case when ps_id='PC' then isnull(qty,0) when ps_id='PB' then isnull(-qty,0) end) pc,sum(case when ps_id='SA' then isnull(qty,0) when ps_id='SB' then isnull(-qty,0) end) sa,sum(case when ps_id='PC' then isnull(qty,0) when ps_id='SA' then isnull(-qty,0) when ps_id='PB' then isnull(-qty,0) when ps_id='SB' then isnull(qty,0) else 0 end) stock,sum(case when ps_id='PC' then isnull(qty_fp,0) when ps_id='PB' then isnull(-qty_fp,0) end) pc_qty_fp,sum(case when ps_id='SA' then isnull(qty_fp,0) when ps_id='SB' then isnull(-qty_fp,0) end) sa_qty_fp from DB_JXOK.dbo.tf_pss where upper(bat_no) like upper('%Cv171102%') and upper(prd_mark) like upper('%%') and upper(prd_name) like upper('%%')group by bat_no,prd_no,prd_name,prd_mark order by bat_no,prd_no,prd_mark [ RunTime:0.037438s ]
INFO: [ view_parse ] --START--
NOTIC: [8] Undefined variable: j C:\xampp\htdocs\ok_erp\phone\Runtime\Cache\b90bab445b0763e006015d4e33b6753a.php 第 31 行.
INFO: ParseTemplate Behavior ::run [ RunTime:0.018584s ]
INFO: [ view_parse ] --END-- [ RunTime:0.018659s ]
INFO: [ view_filter ] --START--
INFO: ContentReplace Behavior ::run [ RunTime:0.000573s ]
INFO: TokenBuild Behavior ::run [ RunTime:0.000590s ]
INFO: WriteHtmlCache Behavior ::run [ RunTime:0.000460s ]
INFO: ShowRuntime Behavior ::run [ RunTime:0.000681s ]
INFO: [ view_filter ] --END-- [ RunTime:0.002483s ]
INFO: [ view_end ] --START--
INFO: ShowPageTrace Behavior ::run [ RunTime:0.000829s ]
INFO: [ view_end ] --END-- [ RunTime:0.000897s ]

[ 2017-12-31T13:54:20+08:00 ] 218.205.55.175 /ok_erp/phone_index.php/Stock/need/laydate.css
INFO: [ route_check ] --START--
INFO: CheckRoute Behavior ::run [ RunTime:0.000826s ]
INFO: [ route_check ] --END-- [ RunTime:0.000915s ]
INFO: [ app_begin ] --START--
INFO: ReadHtmlCache Behavior ::run [ RunTime:0.000539s ]
INFO: [ app_begin ] --END-- [ RunTime:0.000608s ]
ERR: 非法操作:need

[ 2017-12-31T13:54:20+08:00 ] 218.205.55.175 /ok_erp/phone_index.php/Stock/skins/danlan/laydate.css
INFO: [ route_check ] --START--
INFO: CheckRoute Behavior ::run [ RunTime:0.001050s ]
INFO: [ route_check ] --END-- [ RunTime:0.001133s ]
INFO: [ app_begin ] --START--
INFO: ReadHtmlCache Behavior ::run [ RunTime:0.000787s ]
INFO: [ app_begin ] --END-- [ RunTime:0.000865s ]
ERR: 非法操作:skins

