[ 2018-02-11T09:09:48+08:00 ] 112.17.235.127 /ok_erp/phone_index.php/Stock/SelectStock
INFO: [ route_check ] --START--
INFO: CheckRoute Behavior ::run [ RunTime:0.001095s ]
INFO: [ route_check ] --END-- [ RunTime:0.001185s ]
INFO: [ app_begin ] --START--
INFO: ReadHtmlCache Behavior ::run [ RunTime:0.000769s ]
INFO: [ app_begin ] --END-- [ RunTime:0.000844s ]
INFO: [ view_parse ] --START--
INFO: ParseTemplate Behavior ::run [ RunTime:0.016593s ]
INFO: [ view_parse ] --END-- [ RunTime:0.016679s ]
INFO: [ view_filter ] --START--
INFO: ContentReplace Behavior ::run [ RunTime:0.000617s ]
INFO: TokenBuild Behavior ::run [ RunTime:0.000589s ]
INFO: WriteHtmlCache Behavior ::run [ RunTime:0.000494s ]
INFO: ShowRuntime Behavior ::run [ RunTime:0.000686s ]
INFO: [ view_filter ] --END-- [ RunTime:0.002577s ]
INFO: [ view_end ] --START--
INFO: ShowPageTrace Behavior ::run [ RunTime:0.000856s ]
INFO: [ view_end ] --END-- [ RunTime:0.000925s ]

[ 2018-02-11T09:10:03+08:00 ] 112.17.235.127 /ok_erp/phone_index.php/Stock/SelectStockResult
INFO: [ route_check ] --START--
INFO: CheckRoute Behavior ::run [ RunTime:0.001066s ]
INFO: [ route_check ] --END-- [ RunTime:0.001155s ]
INFO: [ app_begin ] --START--
INFO: ReadHtmlCache Behavior ::run [ RunTime:0.000780s ]
INFO: [ app_begin ] --END-- [ RunTime:0.000844s ]
SQL: select bat_no,prd_no,prd_name,prd_mark,sum(case when ps_id='PC' then isnull(qty,0) when ps_id='PB' then isnull(-qty,0) end) pc,sum(case when ps_id='SA' then isnull(qty,0) when ps_id='SB' then isnull(-qty,0) end) sa,sum(case when ps_id='PC' then isnull(qty,0) when ps_id='SA' then isnull(-qty,0) when ps_id='PB' then isnull(-qty,0) when ps_id='SB' then isnull(qty,0) else 0 end) stock,sum(case when ps_id='PC' then isnull(qty_fp,0) when ps_id='PB' then isnull(-qty_fp,0) end) pc_qty_fp,sum(case when ps_id='SA' then isnull(qty_fp,0) when ps_id='SB' then isnull(-qty_fp,0) end) sa_qty_fp from DB_OK01.dbo.tf_pss where upper(bat_no) like upper('%Dy001%') and upper(prd_mark) like upper('%%') and upper(prd_name) like upper('%t8%')group by bat_no,prd_no,prd_name,prd_mark order by bat_no,prd_no,prd_mark [ RunTime:0.861296s ]
SQL: select bat_no,prd_no,prd_name,prd_mark,sum(case when ps_id='PC' then isnull(qty,0) when ps_id='PB' then isnull(-qty,0) end) pc,sum(case when ps_id='SA' then isnull(qty,0) when ps_id='SB' then isnull(-qty,0) end) sa,sum(case when ps_id='PC' then isnull(qty,0) when ps_id='SA' then isnull(-qty,0) when ps_id='PB' then isnull(-qty,0) when ps_id='SB' then isnull(qty,0) else 0 end) stock,sum(case when ps_id='PC' then isnull(qty_fp,0) when ps_id='PB' then isnull(-qty_fp,0) end) pc_qty_fp,sum(case when ps_id='SA' then isnull(qty_fp,0) when ps_id='SB' then isnull(-qty_fp,0) end) sa_qty_fp from DB_MKJC.dbo.tf_pss where upper(bat_no) like upper('%Dy001%') and upper(prd_mark) like upper('%%') and upper(prd_name) like upper('%t8%')group by bat_no,prd_no,prd_name,prd_mark order by bat_no,prd_no,prd_mark [ RunTime:0.069034s ]
SQL: select bat_no,prd_no,prd_name,prd_mark,sum(case when ps_id='PC' then isnull(qty,0) when ps_id='PB' then isnull(-qty,0) end) pc,sum(case when ps_id='SA' then isnull(qty,0) when ps_id='SB' then isnull(-qty,0) end) sa,sum(case when ps_id='PC' then isnull(qty,0) when ps_id='SA' then isnull(-qty,0) when ps_id='PB' then isnull(-qty,0) when ps_id='SB' then isnull(qty,0) else 0 end) stock,sum(case when ps_id='PC' then isnull(qty_fp,0) when ps_id='PB' then isnull(-qty_fp,0) end) pc_qty_fp,sum(case when ps_id='SA' then isnull(qty_fp,0) when ps_id='SB' then isnull(-qty_fp,0) end) sa_qty_fp from DB_JXOK.dbo.tf_pss where upper(bat_no) like upper('%Dy001%') and upper(prd_mark) like upper('%%') and upper(prd_name) like upper('%t8%')group by bat_no,prd_no,prd_name,prd_mark order by bat_no,prd_no,prd_mark [ RunTime:0.036935s ]
INFO: [ view_parse ] --START--
NOTIC: [8] Undefined variable: j C:\xampp\htdocs\ok_erp\phone\Runtime\Cache\b90bab445b0763e006015d4e33b6753a.php 第 31 行.
INFO: ParseTemplate Behavior ::run [ RunTime:0.014933s ]
INFO: [ view_parse ] --END-- [ RunTime:0.015005s ]
INFO: [ view_filter ] --START--
INFO: ContentReplace Behavior ::run [ RunTime:0.000567s ]
INFO: TokenBuild Behavior ::run [ RunTime:0.000590s ]
INFO: WriteHtmlCache Behavior ::run [ RunTime:0.000459s ]
INFO: ShowRuntime Behavior ::run [ RunTime:0.000682s ]
INFO: [ view_filter ] --END-- [ RunTime:0.002462s ]
INFO: [ view_end ] --START--
INFO: ShowPageTrace Behavior ::run [ RunTime:0.000832s ]
INFO: [ view_end ] --END-- [ RunTime:0.000892s ]

[ 2018-02-11T09:10:05+08:00 ] 112.17.235.127 /ok_erp/phone_index.php/Stock/need/laydate.css
INFO: [ route_check ] --START--
INFO: CheckRoute Behavior ::run [ RunTime:0.000843s ]
INFO: [ route_check ] --END-- [ RunTime:0.000932s ]
INFO: [ app_begin ] --START--
INFO: ReadHtmlCache Behavior ::run [ RunTime:0.000546s ]
INFO: [ app_begin ] --END-- [ RunTime:0.000616s ]
ERR: 非法操作:need

[ 2018-02-11T09:10:05+08:00 ] 112.17.235.127 /ok_erp/phone_index.php/Stock/skins/danlan/laydate.css
INFO: [ route_check ] --START--
INFO: CheckRoute Behavior ::run [ RunTime:0.001052s ]
INFO: [ route_check ] --END-- [ RunTime:0.001137s ]
INFO: [ app_begin ] --START--
INFO: ReadHtmlCache Behavior ::run [ RunTime:0.000766s ]
INFO: [ app_begin ] --END-- [ RunTime:0.000839s ]
ERR: 非法操作:skins

[ 2018-02-11T09:15:38+08:00 ] 112.17.235.127 /ok_erp/phone_index.php/Stock/SelectStockResult
INFO: [ route_check ] --START--
INFO: CheckRoute Behavior ::run [ RunTime:0.001058s ]
INFO: [ route_check ] --END-- [ RunTime:0.001147s ]
INFO: [ app_begin ] --START--
INFO: ReadHtmlCache Behavior ::run [ RunTime:0.000777s ]
INFO: [ app_begin ] --END-- [ RunTime:0.000841s ]
SQL: select bat_no,prd_no,prd_name,prd_mark,sum(case when ps_id='PC' then isnull(qty,0) when ps_id='PB' then isnull(-qty,0) end) pc,sum(case when ps_id='SA' then isnull(qty,0) when ps_id='SB' then isnull(-qty,0) end) sa,sum(case when ps_id='PC' then isnull(qty,0) when ps_id='SA' then isnull(-qty,0) when ps_id='PB' then isnull(-qty,0) when ps_id='SB' then isnull(qty,0) else 0 end) stock,sum(case when ps_id='PC' then isnull(qty_fp,0) when ps_id='PB' then isnull(-qty_fp,0) end) pc_qty_fp,sum(case when ps_id='SA' then isnull(qty_fp,0) when ps_id='SB' then isnull(-qty_fp,0) end) sa_qty_fp from DB_OK01.dbo.tf_pss where upper(bat_no) like upper('%9435%') and upper(prd_mark) like upper('%%') and upper(prd_name) like upper('%%')group by bat_no,prd_no,prd_name,prd_mark order by bat_no,prd_no,prd_mark [ RunTime:0.069635s ]
SQL: select bat_no,prd_no,prd_name,prd_mark,sum(case when ps_id='PC' then isnull(qty,0) when ps_id='PB' then isnull(-qty,0) end) pc,sum(case when ps_id='SA' then isnull(qty,0) when ps_id='SB' then isnull(-qty,0) end) sa,sum(case when ps_id='PC' then isnull(qty,0) when ps_id='SA' then isnull(-qty,0) when ps_id='PB' then isnull(-qty,0) when ps_id='SB' then isnull(qty,0) else 0 end) stock,sum(case when ps_id='PC' then isnull(qty_fp,0) when ps_id='PB' then isnull(-qty_fp,0) end) pc_qty_fp,sum(case when ps_id='SA' then isnull(qty_fp,0) when ps_id='SB' then isnull(-qty_fp,0) end) sa_qty_fp from DB_MKJC.dbo.tf_pss where upper(bat_no) like upper('%9435%') and upper(prd_mark) like upper('%%') and upper(prd_name) like upper('%%')group by bat_no,prd_no,prd_name,prd_mark order by bat_no,prd_no,prd_mark [ RunTime:0.066637s ]
SQL: select bat_no,prd_no,prd_name,prd_mark,sum(case when ps_id='PC' then isnull(qty,0) when ps_id='PB' then isnull(-qty,0) end) pc,sum(case when ps_id='SA' then isnull(qty,0) when ps_id='SB' then isnull(-qty,0) end) sa,sum(case when ps_id='PC' then isnull(qty,0) when ps_id='SA' then isnull(-qty,0) when ps_id='PB' then isnull(-qty,0) when ps_id='SB' then isnull(qty,0) else 0 end) stock,sum(case when ps_id='PC' then isnull(qty_fp,0) when ps_id='PB' then isnull(-qty_fp,0) end) pc_qty_fp,sum(case when ps_id='SA' then isnull(qty_fp,0) when ps_id='SB' then isnull(-qty_fp,0) end) sa_qty_fp from DB_JXOK.dbo.tf_pss where upper(bat_no) like upper('%9435%') and upper(prd_mark) like upper('%%') and upper(prd_name) like upper('%%')group by bat_no,prd_no,prd_name,prd_mark order by bat_no,prd_no,prd_mark [ RunTime:0.038342s ]
INFO: [ view_parse ] --START--
NOTIC: [8] Undefined variable: j C:\xampp\htdocs\ok_erp\phone\Runtime\Cache\b90bab445b0763e006015d4e33b6753a.php 第 31 行.
INFO: ParseTemplate Behavior ::run [ RunTime:0.018346s ]
INFO: [ view_parse ] --END-- [ RunTime:0.018419s ]
INFO: [ view_filter ] --START--
INFO: ContentReplace Behavior ::run [ RunTime:0.000574s ]
INFO: TokenBuild Behavior ::run [ RunTime:0.000590s ]
INFO: WriteHtmlCache Behavior ::run [ RunTime:0.000461s ]
INFO: ShowRuntime Behavior ::run [ RunTime:0.000685s ]
INFO: [ view_filter ] --END-- [ RunTime:0.002488s ]
INFO: [ view_end ] --START--
INFO: ShowPageTrace Behavior ::run [ RunTime:0.000831s ]
INFO: [ view_end ] --END-- [ RunTime:0.000900s ]

[ 2018-02-11T09:15:39+08:00 ] 112.17.235.127 /ok_erp/phone_index.php/Stock/need/laydate.css
INFO: [ route_check ] --START--
INFO: CheckRoute Behavior ::run [ RunTime:0.000825s ]
INFO: [ route_check ] --END-- [ RunTime:0.000913s ]
INFO: [ app_begin ] --START--
INFO: ReadHtmlCache Behavior ::run [ RunTime:0.000540s ]
INFO: [ app_begin ] --END-- [ RunTime:0.000609s ]
ERR: 非法操作:need

[ 2018-02-11T09:15:39+08:00 ] 112.17.235.127 /ok_erp/phone_index.php/Stock/skins/danlan/laydate.css
INFO: [ route_check ] --START--
INFO: CheckRoute Behavior ::run [ RunTime:0.001057s ]
INFO: [ route_check ] --END-- [ RunTime:0.001140s ]
INFO: [ app_begin ] --START--
INFO: ReadHtmlCache Behavior ::run [ RunTime:0.000772s ]
INFO: [ app_begin ] --END-- [ RunTime:0.000846s ]
ERR: 非法操作:skins

[ 2018-02-11T09:39:19+08:00 ] 112.17.235.127 /ok_erp/phone_index.php/Stock/SelectStockResult
INFO: [ route_check ] --START--
INFO: CheckRoute Behavior ::run [ RunTime:0.001063s ]
INFO: [ route_check ] --END-- [ RunTime:0.001153s ]
INFO: [ app_begin ] --START--
INFO: ReadHtmlCache Behavior ::run [ RunTime:0.000775s ]
INFO: [ app_begin ] --END-- [ RunTime:0.000839s ]
SQL: select bat_no,prd_no,prd_name,prd_mark,sum(case when ps_id='PC' then isnull(qty,0) when ps_id='PB' then isnull(-qty,0) end) pc,sum(case when ps_id='SA' then isnull(qty,0) when ps_id='SB' then isnull(-qty,0) end) sa,sum(case when ps_id='PC' then isnull(qty,0) when ps_id='SA' then isnull(-qty,0) when ps_id='PB' then isnull(-qty,0) when ps_id='SB' then isnull(qty,0) else 0 end) stock,sum(case when ps_id='PC' then isnull(qty_fp,0) when ps_id='PB' then isnull(-qty_fp,0) end) pc_qty_fp,sum(case when ps_id='SA' then isnull(qty_fp,0) when ps_id='SB' then isnull(-qty_fp,0) end) sa_qty_fp from DB_OK01.dbo.tf_pss where upper(bat_no) like upper('%cv171130%') and upper(prd_mark) like upper('%%') and upper(prd_name) like upper('%gu5.3%')group by bat_no,prd_no,prd_name,prd_mark order by bat_no,prd_no,prd_mark [ RunTime:0.060730s ]
SQL: select bat_no,prd_no,prd_name,prd_mark,sum(case when ps_id='PC' then isnull(qty,0) when ps_id='PB' then isnull(-qty,0) end) pc,sum(case when ps_id='SA' then isnull(qty,0) when ps_id='SB' then isnull(-qty,0) end) sa,sum(case when ps_id='PC' then isnull(qty,0) when ps_id='SA' then isnull(-qty,0) when ps_id='PB' then isnull(-qty,0) when ps_id='SB' then isnull(qty,0) else 0 end) stock,sum(case when ps_id='PC' then isnull(qty_fp,0) when ps_id='PB' then isnull(-qty_fp,0) end) pc_qty_fp,sum(case when ps_id='SA' then isnull(qty_fp,0) when ps_id='SB' then isnull(-qty_fp,0) end) sa_qty_fp from DB_MKJC.dbo.tf_pss where upper(bat_no) like upper('%cv171130%') and upper(prd_mark) like upper('%%') and upper(prd_name) like upper('%gu5.3%')group by bat_no,prd_no,prd_name,prd_mark order by bat_no,prd_no,prd_mark [ RunTime:0.066702s ]
SQL: select bat_no,prd_no,prd_name,prd_mark,sum(case when ps_id='PC' then isnull(qty,0) when ps_id='PB' then isnull(-qty,0) end) pc,sum(case when ps_id='SA' then isnull(qty,0) when ps_id='SB' then isnull(-qty,0) end) sa,sum(case when ps_id='PC' then isnull(qty,0) when ps_id='SA' then isnull(-qty,0) when ps_id='PB' then isnull(-qty,0) when ps_id='SB' then isnull(qty,0) else 0 end) stock,sum(case when ps_id='PC' then isnull(qty_fp,0) when ps_id='PB' then isnull(-qty_fp,0) end) pc_qty_fp,sum(case when ps_id='SA' then isnull(qty_fp,0) when ps_id='SB' then isnull(-qty_fp,0) end) sa_qty_fp from DB_JXOK.dbo.tf_pss where upper(bat_no) like upper('%cv171130%') and upper(prd_mark) like upper('%%') and upper(prd_name) like upper('%gu5.3%')group by bat_no,prd_no,prd_name,prd_mark order by bat_no,prd_no,prd_mark [ RunTime:0.035638s ]
INFO: [ view_parse ] --START--
NOTIC: [8] Undefined variable: j C:\xampp\htdocs\ok_erp\phone\Runtime\Cache\b90bab445b0763e006015d4e33b6753a.php 第 31 行.
INFO: ParseTemplate Behavior ::run [ RunTime:0.012987s ]
INFO: [ view_parse ] --END-- [ RunTime:0.013060s ]
INFO: [ view_filter ] --START--
INFO: ContentReplace Behavior ::run [ RunTime:0.000563s ]
INFO: TokenBuild Behavior ::run [ RunTime:0.000585s ]
INFO: WriteHtmlCache Behavior ::run [ RunTime:0.000458s ]
INFO: ShowRuntime Behavior ::run [ RunTime:0.000678s ]
INFO: [ view_filter ] --END-- [ RunTime:0.002450s ]
INFO: [ view_end ] --START--
INFO: ShowPageTrace Behavior ::run [ RunTime:0.000834s ]
INFO: [ view_end ] --END-- [ RunTime:0.000891s ]

[ 2018-02-11T09:39:21+08:00 ] 112.17.235.127 /ok_erp/phone_index.php/Stock/need/laydate.css
INFO: [ route_check ] --START--
INFO: CheckRoute Behavior ::run [ RunTime:0.000827s ]
INFO: [ route_check ] --END-- [ RunTime:0.000915s ]
INFO: [ app_begin ] --START--
INFO: ReadHtmlCache Behavior ::run [ RunTime:0.000539s ]
INFO: [ app_begin ] --END-- [ RunTime:0.000608s ]
ERR: 非法操作:need

[ 2018-02-11T09:39:21+08:00 ] 112.17.235.127 /ok_erp/phone_index.php/Stock/skins/danlan/laydate.css
INFO: [ route_check ] --START--
INFO: CheckRoute Behavior ::run [ RunTime:0.001046s ]
INFO: [ route_check ] --END-- [ RunTime:0.001129s ]
INFO: [ app_begin ] --START--
INFO: ReadHtmlCache Behavior ::run [ RunTime:0.000765s ]
INFO: [ app_begin ] --END-- [ RunTime:0.000839s ]
ERR: 非法操作:skins

[ 2018-02-11T09:39:27+08:00 ] 112.17.235.127 /ok_erp/phone_index.php/Stock/SelectStockResult
INFO: [ route_check ] --START--
INFO: CheckRoute Behavior ::run [ RunTime:0.001064s ]
INFO: [ route_check ] --END-- [ RunTime:0.001154s ]
INFO: [ app_begin ] --START--
INFO: ReadHtmlCache Behavior ::run [ RunTime:0.000775s ]
INFO: [ app_begin ] --END-- [ RunTime:0.000839s ]
SQL: select bat_no,prd_no,prd_name,prd_mark,sum(case when ps_id='PC' then isnull(qty,0) when ps_id='PB' then isnull(-qty,0) end) pc,sum(case when ps_id='SA' then isnull(qty,0) when ps_id='SB' then isnull(-qty,0) end) sa,sum(case when ps_id='PC' then isnull(qty,0) when ps_id='SA' then isnull(-qty,0) when ps_id='PB' then isnull(-qty,0) when ps_id='SB' then isnull(qty,0) else 0 end) stock,sum(case when ps_id='PC' then isnull(qty_fp,0) when ps_id='PB' then isnull(-qty_fp,0) end) pc_qty_fp,sum(case when ps_id='SA' then isnull(qty_fp,0) when ps_id='SB' then isnull(-qty_fp,0) end) sa_qty_fp from DB_OK01.dbo.tf_pss where upper(bat_no) like upper('%cv171130%') and upper(prd_mark) like upper('%%') and upper(prd_name) like upper('%%')group by bat_no,prd_no,prd_name,prd_mark order by bat_no,prd_no,prd_mark [ RunTime:0.061180s ]
SQL: select bat_no,prd_no,prd_name,prd_mark,sum(case when ps_id='PC' then isnull(qty,0) when ps_id='PB' then isnull(-qty,0) end) pc,sum(case when ps_id='SA' then isnull(qty,0) when ps_id='SB' then isnull(-qty,0) end) sa,sum(case when ps_id='PC' then isnull(qty,0) when ps_id='SA' then isnull(-qty,0) when ps_id='PB' then isnull(-qty,0) when ps_id='SB' then isnull(qty,0) else 0 end) stock,sum(case when ps_id='PC' then isnull(qty_fp,0) when ps_id='PB' then isnull(-qty_fp,0) end) pc_qty_fp,sum(case when ps_id='SA' then isnull(qty_fp,0) when ps_id='SB' then isnull(-qty_fp,0) end) sa_qty_fp from DB_MKJC.dbo.tf_pss where upper(bat_no) like upper('%cv171130%') and upper(prd_mark) like upper('%%') and upper(prd_name) like upper('%%')group by bat_no,prd_no,prd_name,prd_mark order by bat_no,prd_no,prd_mark [ RunTime:0.067251s ]
SQL: select bat_no,prd_no,prd_name,prd_mark,sum(case when ps_id='PC' then isnull(qty,0) when ps_id='PB' then isnull(-qty,0) end) pc,sum(case when ps_id='SA' then isnull(qty,0) when ps_id='SB' then isnull(-qty,0) end) sa,sum(case when ps_id='PC' then isnull(qty,0) when ps_id='SA' then isnull(-qty,0) when ps_id='PB' then isnull(-qty,0) when ps_id='SB' then isnull(qty,0) else 0 end) stock,sum(case when ps_id='PC' then isnull(qty_fp,0) when ps_id='PB' then isnull(-qty_fp,0) end) pc_qty_fp,sum(case when ps_id='SA' then isnull(qty_fp,0) when ps_id='SB' then isnull(-qty_fp,0) end) sa_qty_fp from DB_JXOK.dbo.tf_pss where upper(bat_no) like upper('%cv171130%') and upper(prd_mark) like upper('%%') and upper(prd_name) like upper('%%')group by bat_no,prd_no,prd_name,prd_mark order by bat_no,prd_no,prd_mark [ RunTime:0.035538s ]
INFO: [ view_parse ] --START--
NOTIC: [8] Undefined variable: j C:\xampp\htdocs\ok_erp\phone\Runtime\Cache\b90bab445b0763e006015d4e33b6753a.php 第 31 行.
INFO: ParseTemplate Behavior ::run [ RunTime:0.013512s ]
INFO: [ view_parse ] --END-- [ RunTime:0.013603s ]
INFO: [ view_filter ] --START--
INFO: ContentReplace Behavior ::run [ RunTime:0.000729s ]
INFO: TokenBuild Behavior ::run [ RunTime:0.000622s ]
INFO: WriteHtmlCache Behavior ::run [ RunTime:0.000458s ]
INFO: ShowRuntime Behavior ::run [ RunTime:0.000725s ]
INFO: [ view_filter ] --END-- [ RunTime:0.002715s ]
INFO: [ view_end ] --START--
INFO: ShowPageTrace Behavior ::run [ RunTime:0.000831s ]
INFO: [ view_end ] --END-- [ RunTime:0.000893s ]

[ 2018-02-11T09:39:28+08:00 ] 112.17.235.127 /ok_erp/phone_index.php/Stock/need/laydate.css
INFO: [ route_check ] --START--
INFO: CheckRoute Behavior ::run [ RunTime:0.000848s ]
INFO: [ route_check ] --END-- [ RunTime:0.000939s ]
INFO: [ app_begin ] --START--
INFO: ReadHtmlCache Behavior ::run [ RunTime:0.000549s ]
INFO: [ app_begin ] --END-- [ RunTime:0.000619s ]
ERR: 非法操作:need

[ 2018-02-11T09:39:28+08:00 ] 112.17.235.127 /ok_erp/phone_index.php/Stock/skins/danlan/laydate.css
INFO: [ route_check ] --START--
INFO: CheckRoute Behavior ::run [ RunTime:0.000817s ]
INFO: [ route_check ] --END-- [ RunTime:0.000900s ]
INFO: [ app_begin ] --START--
INFO: ReadHtmlCache Behavior ::run [ RunTime:0.000536s ]
INFO: [ app_begin ] --END-- [ RunTime:0.000605s ]
ERR: 非法操作:skins

[ 2018-02-11T09:39:41+08:00 ] 112.17.235.127 /ok_erp/phone_index.php/Stock/SelectStockResult
INFO: [ route_check ] --START--
INFO: CheckRoute Behavior ::run [ RunTime:0.000825s ]
INFO: [ route_check ] --END-- [ RunTime:0.000915s ]
INFO: [ app_begin ] --START--
INFO: ReadHtmlCache Behavior ::run [ RunTime:0.000542s ]
INFO: [ app_begin ] --END-- [ RunTime:0.000602s ]
SQL: select bat_no,prd_no,prd_name,prd_mark,sum(case when ps_id='PC' then isnull(qty,0) when ps_id='PB' then isnull(-qty,0) end) pc,sum(case when ps_id='SA' then isnull(qty,0) when ps_id='SB' then isnull(-qty,0) end) sa,sum(case when ps_id='PC' then isnull(qty,0) when ps_id='SA' then isnull(-qty,0) when ps_id='PB' then isnull(-qty,0) when ps_id='SB' then isnull(qty,0) else 0 end) stock,sum(case when ps_id='PC' then isnull(qty_fp,0) when ps_id='PB' then isnull(-qty_fp,0) end) pc_qty_fp,sum(case when ps_id='SA' then isnull(qty_fp,0) when ps_id='SB' then isnull(-qty_fp,0) end) sa_qty_fp from DB_OK01.dbo.tf_pss where upper(bat_no) like upper('%cv171130%') and upper(prd_mark) like upper('%%') and upper(prd_name) like upper('%gu%')group by bat_no,prd_no,prd_name,prd_mark order by bat_no,prd_no,prd_mark [ RunTime:0.072460s ]
SQL: select bat_no,prd_no,prd_name,prd_mark,sum(case when ps_id='PC' then isnull(qty,0) when ps_id='PB' then isnull(-qty,0) end) pc,sum(case when ps_id='SA' then isnull(qty,0) when ps_id='SB' then isnull(-qty,0) end) sa,sum(case when ps_id='PC' then isnull(qty,0) when ps_id='SA' then isnull(-qty,0) when ps_id='PB' then isnull(-qty,0) when ps_id='SB' then isnull(qty,0) else 0 end) stock,sum(case when ps_id='PC' then isnull(qty_fp,0) when ps_id='PB' then isnull(-qty_fp,0) end) pc_qty_fp,sum(case when ps_id='SA' then isnull(qty_fp,0) when ps_id='SB' then isnull(-qty_fp,0) end) sa_qty_fp from DB_MKJC.dbo.tf_pss where upper(bat_no) like upper('%cv171130%') and upper(prd_mark) like upper('%%') and upper(prd_name) like upper('%gu%')group by bat_no,prd_no,prd_name,prd_mark order by bat_no,prd_no,prd_mark [ RunTime:0.082813s ]
SQL: select bat_no,prd_no,prd_name,prd_mark,sum(case when ps_id='PC' then isnull(qty,0) when ps_id='PB' then isnull(-qty,0) end) pc,sum(case when ps_id='SA' then isnull(qty,0) when ps_id='SB' then isnull(-qty,0) end) sa,sum(case when ps_id='PC' then isnull(qty,0) when ps_id='SA' then isnull(-qty,0) when ps_id='PB' then isnull(-qty,0) when ps_id='SB' then isnull(qty,0) else 0 end) stock,sum(case when ps_id='PC' then isnull(qty_fp,0) when ps_id='PB' then isnull(-qty_fp,0) end) pc_qty_fp,sum(case when ps_id='SA' then isnull(qty_fp,0) when ps_id='SB' then isnull(-qty_fp,0) end) sa_qty_fp from DB_JXOK.dbo.tf_pss where upper(bat_no) like upper('%cv171130%') and upper(prd_mark) like upper('%%') and upper(prd_name) like upper('%gu%')group by bat_no,prd_no,prd_name,prd_mark order by bat_no,prd_no,prd_mark [ RunTime:0.038776s ]
INFO: [ view_parse ] --START--
NOTIC: [8] Undefined variable: j C:\xampp\htdocs\ok_erp\phone\Runtime\Cache\b90bab445b0763e006015d4e33b6753a.php 第 31 行.
INFO: ParseTemplate Behavior ::run [ RunTime:0.012960s ]
INFO: [ view_parse ] --END-- [ RunTime:0.013030s ]
INFO: [ view_filter ] --START--
INFO: ContentReplace Behavior ::run [ RunTime:0.000559s ]
INFO: TokenBuild Behavior ::run [ RunTime:0.000583s ]
INFO: WriteHtmlCache Behavior ::run [ RunTime:0.000454s ]
INFO: ShowRuntime Behavior ::run [ RunTime:0.000675s ]
INFO: [ view_filter ] --END-- [ RunTime:0.002433s ]
INFO: [ view_end ] --START--
INFO: ShowPageTrace Behavior ::run [ RunTime:0.000825s ]
INFO: [ view_end ] --END-- [ RunTime:0.000882s ]

[ 2018-02-11T09:39:42+08:00 ] 112.17.235.127 /ok_erp/phone_index.php/Stock/need/laydate.css
INFO: [ route_check ] --START--
INFO: CheckRoute Behavior ::run [ RunTime:0.000821s ]
INFO: [ route_check ] --END-- [ RunTime:0.000910s ]
INFO: [ app_begin ] --START--
INFO: ReadHtmlCache Behavior ::run [ RunTime:0.000539s ]
INFO: [ app_begin ] --END-- [ RunTime:0.000607s ]
ERR: 非法操作:need

[ 2018-02-11T09:39:42+08:00 ] 112.17.235.127 /ok_erp/phone_index.php/Stock/skins/danlan/laydate.css
INFO: [ route_check ] --START--
INFO: CheckRoute Behavior ::run [ RunTime:0.000826s ]
INFO: [ route_check ] --END-- [ RunTime:0.000910s ]
INFO: [ app_begin ] --START--
INFO: ReadHtmlCache Behavior ::run [ RunTime:0.000541s ]
INFO: [ app_begin ] --END-- [ RunTime:0.000611s ]
ERR: 非法操作:skins

[ 2018-02-11T09:39:55+08:00 ] 112.17.235.127 /ok_erp/phone_index.php/Stock/SelectStockResult
INFO: [ route_check ] --START--
INFO: CheckRoute Behavior ::run [ RunTime:0.000839s ]
INFO: [ route_check ] --END-- [ RunTime:0.000928s ]
INFO: [ app_begin ] --START--
INFO: ReadHtmlCache Behavior ::run [ RunTime:0.000544s ]
INFO: [ app_begin ] --END-- [ RunTime:0.000606s ]
SQL: select bat_no,prd_no,prd_name,prd_mark,sum(case when ps_id='PC' then isnull(qty,0) when ps_id='PB' then isnull(-qty,0) end) pc,sum(case when ps_id='SA' then isnull(qty,0) when ps_id='SB' then isnull(-qty,0) end) sa,sum(case when ps_id='PC' then isnull(qty,0) when ps_id='SA' then isnull(-qty,0) when ps_id='PB' then isnull(-qty,0) when ps_id='SB' then isnull(qty,0) else 0 end) stock,sum(case when ps_id='PC' then isnull(qty_fp,0) when ps_id='PB' then isnull(-qty_fp,0) end) pc_qty_fp,sum(case when ps_id='SA' then isnull(qty_fp,0) when ps_id='SB' then isnull(-qty_fp,0) end) sa_qty_fp from DB_OK01.dbo.tf_pss where upper(bat_no) like upper('%cv171130%') and upper(prd_mark) like upper('%%') and upper(prd_name) like upper('%jcdr%')group by bat_no,prd_no,prd_name,prd_mark order by bat_no,prd_no,prd_mark [ RunTime:0.071249s ]
SQL: select bat_no,prd_no,prd_name,prd_mark,sum(case when ps_id='PC' then isnull(qty,0) when ps_id='PB' then isnull(-qty,0) end) pc,sum(case when ps_id='SA' then isnull(qty,0) when ps_id='SB' then isnull(-qty,0) end) sa,sum(case when ps_id='PC' then isnull(qty,0) when ps_id='SA' then isnull(-qty,0) when ps_id='PB' then isnull(-qty,0) when ps_id='SB' then isnull(qty,0) else 0 end) stock,sum(case when ps_id='PC' then isnull(qty_fp,0) when ps_id='PB' then isnull(-qty_fp,0) end) pc_qty_fp,sum(case when ps_id='SA' then isnull(qty_fp,0) when ps_id='SB' then isnull(-qty_fp,0) end) sa_qty_fp from DB_MKJC.dbo.tf_pss where upper(bat_no) like upper('%cv171130%') and upper(prd_mark) like upper('%%') and upper(prd_name) like upper('%jcdr%')group by bat_no,prd_no,prd_name,prd_mark order by bat_no,prd_no,prd_mark [ RunTime:0.068398s ]
SQL: select bat_no,prd_no,prd_name,prd_mark,sum(case when ps_id='PC' then isnull(qty,0) when ps_id='PB' then isnull(-qty,0) end) pc,sum(case when ps_id='SA' then isnull(qty,0) when ps_id='SB' then isnull(-qty,0) end) sa,sum(case when ps_id='PC' then isnull(qty,0) when ps_id='SA' then isnull(-qty,0) when ps_id='PB' then isnull(-qty,0) when ps_id='SB' then isnull(qty,0) else 0 end) stock,sum(case when ps_id='PC' then isnull(qty_fp,0) when ps_id='PB' then isnull(-qty_fp,0) end) pc_qty_fp,sum(case when ps_id='SA' then isnull(qty_fp,0) when ps_id='SB' then isnull(-qty_fp,0) end) sa_qty_fp from DB_JXOK.dbo.tf_pss where upper(bat_no) like upper('%cv171130%') and upper(prd_mark) like upper('%%') and upper(prd_name) like upper('%jcdr%')group by bat_no,prd_no,prd_name,prd_mark order by bat_no,prd_no,prd_mark [ RunTime:0.035338s ]
INFO: [ view_parse ] --START--
NOTIC: [8] Undefined variable: j C:\xampp\htdocs\ok_erp\phone\Runtime\Cache\b90bab445b0763e006015d4e33b6753a.php 第 31 行.
INFO: ParseTemplate Behavior ::run [ RunTime:0.011949s ]
INFO: [ view_parse ] --END-- [ RunTime:0.012021s ]
INFO: [ view_filter ] --START--
INFO: ContentReplace Behavior ::run [ RunTime:0.000342s ]
INFO: TokenBuild Behavior ::run [ RunTime:0.000356s ]
INFO: WriteHtmlCache Behavior ::run [ RunTime:0.000227s ]
INFO: ShowRuntime Behavior ::run [ RunTime:0.000451s ]
INFO: [ view_filter ] --END-- [ RunTime:0.001551s ]
INFO: [ view_end ] --START--
INFO: ShowPageTrace Behavior ::run [ RunTime:0.000598s ]
INFO: [ view_end ] --END-- [ RunTime:0.000665s ]

[ 2018-02-11T09:39:57+08:00 ] 112.17.235.127 /ok_erp/phone_index.php/Stock/need/laydate.css
INFO: [ route_check ] --START--
INFO: CheckRoute Behavior ::run [ RunTime:0.000836s ]
INFO: [ route_check ] --END-- [ RunTime:0.000925s ]
INFO: [ app_begin ] --START--
INFO: ReadHtmlCache Behavior ::run [ RunTime:0.000545s ]
INFO: [ app_begin ] --END-- [ RunTime:0.000614s ]
ERR: 非法操作:need

[ 2018-02-11T09:39:57+08:00 ] 112.17.235.127 /ok_erp/phone_index.php/Stock/skins/danlan/laydate.css
INFO: [ route_check ] --START--
INFO: CheckRoute Behavior ::run [ RunTime:0.000811s ]
INFO: [ route_check ] --END-- [ RunTime:0.000895s ]
INFO: [ app_begin ] --START--
INFO: ReadHtmlCache Behavior ::run [ RunTime:0.000534s ]
INFO: [ app_begin ] --END-- [ RunTime:0.000604s ]
ERR: 非法操作:skins

[ 2018-02-11T09:59:31+08:00 ] 112.17.235.127 /ok_erp/phone_index.php/Stock/SelectStockResult
INFO: [ route_check ] --START--
INFO: CheckRoute Behavior ::run [ RunTime:0.000821s ]
INFO: [ route_check ] --END-- [ RunTime:0.000910s ]
INFO: [ app_begin ] --START--
INFO: ReadHtmlCache Behavior ::run [ RunTime:0.000543s ]
INFO: [ app_begin ] --END-- [ RunTime:0.000606s ]
SQL: select bat_no,prd_no,prd_name,prd_mark,sum(case when ps_id='PC' then isnull(qty,0) when ps_id='PB' then isnull(-qty,0) end) pc,sum(case when ps_id='SA' then isnull(qty,0) when ps_id='SB' then isnull(-qty,0) end) sa,sum(case when ps_id='PC' then isnull(qty,0) when ps_id='SA' then isnull(-qty,0) when ps_id='PB' then isnull(-qty,0) when ps_id='SB' then isnull(qty,0) else 0 end) stock,sum(case when ps_id='PC' then isnull(qty_fp,0) when ps_id='PB' then isnull(-qty_fp,0) end) pc_qty_fp,sum(case when ps_id='SA' then isnull(qty_fp,0) when ps_id='SB' then isnull(-qty_fp,0) end) sa_qty_fp from DB_OK01.dbo.tf_pss where upper(bat_no) like upper('%el%') and upper(prd_mark) like upper('%%') and upper(prd_name) like upper('%%')group by bat_no,prd_no,prd_name,prd_mark order by bat_no,prd_no,prd_mark [ RunTime:0.067030s ]
SQL: select bat_no,prd_no,prd_name,prd_mark,sum(case when ps_id='PC' then isnull(qty,0) when ps_id='PB' then isnull(-qty,0) end) pc,sum(case when ps_id='SA' then isnull(qty,0) when ps_id='SB' then isnull(-qty,0) end) sa,sum(case when ps_id='PC' then isnull(qty,0) when ps_id='SA' then isnull(-qty,0) when ps_id='PB' then isnull(-qty,0) when ps_id='SB' then isnull(qty,0) else 0 end) stock,sum(case when ps_id='PC' then isnull(qty_fp,0) when ps_id='PB' then isnull(-qty_fp,0) end) pc_qty_fp,sum(case when ps_id='SA' then isnull(qty_fp,0) when ps_id='SB' then isnull(-qty_fp,0) end) sa_qty_fp from DB_MKJC.dbo.tf_pss where upper(bat_no) like upper('%el%') and upper(prd_mark) like upper('%%') and upper(prd_name) like upper('%%')group by bat_no,prd_no,prd_name,prd_mark order by bat_no,prd_no,prd_mark [ RunTime:0.075841s ]
SQL: select bat_no,prd_no,prd_name,prd_mark,sum(case when ps_id='PC' then isnull(qty,0) when ps_id='PB' then isnull(-qty,0) end) pc,sum(case when ps_id='SA' then isnull(qty,0) when ps_id='SB' then isnull(-qty,0) end) sa,sum(case when ps_id='PC' then isnull(qty,0) when ps_id='SA' then isnull(-qty,0) when ps_id='PB' then isnull(-qty,0) when ps_id='SB' then isnull(qty,0) else 0 end) stock,sum(case when ps_id='PC' then isnull(qty_fp,0) when ps_id='PB' then isnull(-qty_fp,0) end) pc_qty_fp,sum(case when ps_id='SA' then isnull(qty_fp,0) when ps_id='SB' then isnull(-qty_fp,0) end) sa_qty_fp from DB_JXOK.dbo.tf_pss where upper(bat_no) like upper('%el%') and upper(prd_mark) like upper('%%') and upper(prd_name) like upper('%%')group by bat_no,prd_no,prd_name,prd_mark order by bat_no,prd_no,prd_mark [ RunTime:0.037837s ]
INFO: [ view_parse ] --START--
NOTIC: [8] Undefined variable: j C:\xampp\htdocs\ok_erp\phone\Runtime\Cache\b90bab445b0763e006015d4e33b6753a.php 第 31 行.
INFO: ParseTemplate Behavior ::run [ RunTime:0.012295s ]
INFO: [ view_parse ] --END-- [ RunTime:0.012373s ]
INFO: [ view_filter ] --START--
INFO: ContentReplace Behavior ::run [ RunTime:0.000424s ]
INFO: TokenBuild Behavior ::run [ RunTime:0.000434s ]
INFO: WriteHtmlCache Behavior ::run [ RunTime:0.000240s ]
INFO: ShowRuntime Behavior ::run [ RunTime:0.000485s ]
INFO: [ view_filter ] --END-- [ RunTime:0.001785s ]
INFO: [ view_end ] --START--
INFO: ShowPageTrace Behavior ::run [ RunTime:0.000586s ]
INFO: [ view_end ] --END-- [ RunTime:0.000649s ]

[ 2018-02-11T09:59:33+08:00 ] 112.17.235.127 /ok_erp/phone_index.php/Stock/need/laydate.css
INFO: [ route_check ] --START--
INFO: CheckRoute Behavior ::run [ RunTime:0.000825s ]
INFO: [ route_check ] --END-- [ RunTime:0.000914s ]
INFO: [ app_begin ] --START--
INFO: ReadHtmlCache Behavior ::run [ RunTime:0.000541s ]
INFO: [ app_begin ] --END-- [ RunTime:0.000610s ]
ERR: 非法操作:need

[ 2018-02-11T09:59:33+08:00 ] 112.17.235.127 /ok_erp/phone_index.php/Stock/skins/danlan/laydate.css
INFO: [ route_check ] --START--
INFO: CheckRoute Behavior ::run [ RunTime:0.001056s ]
INFO: [ route_check ] --END-- [ RunTime:0.001140s ]
INFO: [ app_begin ] --START--
INFO: ReadHtmlCache Behavior ::run [ RunTime:0.000771s ]
INFO: [ app_begin ] --END-- [ RunTime:0.000843s ]
ERR: 非法操作:skins

[ 2018-02-11T10:00:20+08:00 ] 112.17.235.127 /ok_erp/phone_index.php/Stock/SelectStockResult
INFO: [ route_check ] --START--
INFO: CheckRoute Behavior ::run [ RunTime:0.001052s ]
INFO: [ route_check ] --END-- [ RunTime:0.001143s ]
INFO: [ app_begin ] --START--
INFO: ReadHtmlCache Behavior ::run [ RunTime:0.000769s ]
INFO: [ app_begin ] --END-- [ RunTime:0.000832s ]
SQL: select bat_no,prd_no,prd_name,prd_mark,sum(case when ps_id='PC' then isnull(qty,0) when ps_id='PB' then isnull(-qty,0) end) pc,sum(case when ps_id='SA' then isnull(qty,0) when ps_id='SB' then isnull(-qty,0) end) sa,sum(case when ps_id='PC' then isnull(qty,0) when ps_id='SA' then isnull(-qty,0) when ps_id='PB' then isnull(-qty,0) when ps_id='SB' then isnull(qty,0) else 0 end) stock,sum(case when ps_id='PC' then isnull(qty_fp,0) when ps_id='PB' then isnull(-qty_fp,0) end) pc_qty_fp,sum(case when ps_id='SA' then isnull(qty_fp,0) when ps_id='SB' then isnull(-qty_fp,0) end) sa_qty_fp from DB_OK01.dbo.tf_pss where upper(bat_no) like upper('%el17111%') and upper(prd_mark) like upper('%%') and upper(prd_name) like upper('%%')group by bat_no,prd_no,prd_name,prd_mark order by bat_no,prd_no,prd_mark [ RunTime:0.070459s ]
SQL: select bat_no,prd_no,prd_name,prd_mark,sum(case when ps_id='PC' then isnull(qty,0) when ps_id='PB' then isnull(-qty,0) end) pc,sum(case when ps_id='SA' then isnull(qty,0) when ps_id='SB' then isnull(-qty,0) end) sa,sum(case when ps_id='PC' then isnull(qty,0) when ps_id='SA' then isnull(-qty,0) when ps_id='PB' then isnull(-qty,0) when ps_id='SB' then isnull(qty,0) else 0 end) stock,sum(case when ps_id='PC' then isnull(qty_fp,0) when ps_id='PB' then isnull(-qty_fp,0) end) pc_qty_fp,sum(case when ps_id='SA' then isnull(qty_fp,0) when ps_id='SB' then isnull(-qty_fp,0) end) sa_qty_fp from DB_MKJC.dbo.tf_pss where upper(bat_no) like upper('%el17111%') and upper(prd_mark) like upper('%%') and upper(prd_name) like upper('%%')group by bat_no,prd_no,prd_name,prd_mark order by bat_no,prd_no,prd_mark [ RunTime:0.066767s ]
SQL: select bat_no,prd_no,prd_name,prd_mark,sum(case when ps_id='PC' then isnull(qty,0) when ps_id='PB' then isnull(-qty,0) end) pc,sum(case when ps_id='SA' then isnull(qty,0) when ps_id='SB' then isnull(-qty,0) end) sa,sum(case when ps_id='PC' then isnull(qty,0) when ps_id='SA' then isnull(-qty,0) when ps_id='PB' then isnull(-qty,0) when ps_id='SB' then isnull(qty,0) else 0 end) stock,sum(case when ps_id='PC' then isnull(qty_fp,0) when ps_id='PB' then isnull(-qty_fp,0) end) pc_qty_fp,sum(case when ps_id='SA' then isnull(qty_fp,0) when ps_id='SB' then isnull(-qty_fp,0) end) sa_qty_fp from DB_JXOK.dbo.tf_pss where upper(bat_no) like upper('%el17111%') and upper(prd_mark) like upper('%%') and upper(prd_name) like upper('%%')group by bat_no,prd_no,prd_name,prd_mark order by bat_no,prd_no,prd_mark [ RunTime:0.037983s ]
INFO: [ view_parse ] --START--
NOTIC: [8] Undefined variable: j C:\xampp\htdocs\ok_erp\phone\Runtime\Cache\b90bab445b0763e006015d4e33b6753a.php 第 31 行.
INFO: ParseTemplate Behavior ::run [ RunTime:0.012950s ]
INFO: [ view_parse ] --END-- [ RunTime:0.013023s ]
INFO: [ view_filter ] --START--
INFO: ContentReplace Behavior ::run [ RunTime:0.000630s ]
INFO: TokenBuild Behavior ::run [ RunTime:0.000592s ]
INFO: WriteHtmlCache Behavior ::run [ RunTime:0.000492s ]
INFO: ShowRuntime Behavior ::run [ RunTime:0.000681s ]
INFO: [ view_filter ] --END-- [ RunTime:0.002556s ]
INFO: [ view_end ] --START--
INFO: ShowPageTrace Behavior ::run [ RunTime:0.000866s ]
INFO: [ view_end ] --END-- [ RunTime:0.000924s ]

[ 2018-02-11T10:00:21+08:00 ] 112.17.235.127 /ok_erp/phone_index.php/Stock/need/laydate.css
INFO: [ route_check ] --START--
INFO: CheckRoute Behavior ::run [ RunTime:0.000844s ]
INFO: [ route_check ] --END-- [ RunTime:0.000933s ]
INFO: [ app_begin ] --START--
INFO: ReadHtmlCache Behavior ::run [ RunTime:0.000571s ]
INFO: [ app_begin ] --END-- [ RunTime:0.000648s ]
ERR: 非法操作:need

[ 2018-02-11T10:00:21+08:00 ] 112.17.235.127 /ok_erp/phone_index.php/Stock/skins/danlan/laydate.css
INFO: [ route_check ] --START--
INFO: CheckRoute Behavior ::run [ RunTime:0.000827s ]
INFO: [ route_check ] --END-- [ RunTime:0.000909s ]
INFO: [ app_begin ] --START--
INFO: ReadHtmlCache Behavior ::run [ RunTime:0.000539s ]
INFO: [ app_begin ] --END-- [ RunTime:0.000608s ]
ERR: 非法操作:skins

[ 2018-02-11T10:01:21+08:00 ] 112.17.235.127 /ok_erp/phone_index.php/Stock/SelectStockResult
INFO: [ route_check ] --START--
INFO: CheckRoute Behavior ::run [ RunTime:0.001057s ]
INFO: [ route_check ] --END-- [ RunTime:0.001148s ]
INFO: [ app_begin ] --START--
INFO: ReadHtmlCache Behavior ::run [ RunTime:0.000771s ]
INFO: [ app_begin ] --END-- [ RunTime:0.000834s ]
SQL: select bat_no,prd_no,prd_name,prd_mark,sum(case when ps_id='PC' then isnull(qty,0) when ps_id='PB' then isnull(-qty,0) end) pc,sum(case when ps_id='SA' then isnull(qty,0) when ps_id='SB' then isnull(-qty,0) end) sa,sum(case when ps_id='PC' then isnull(qty,0) when ps_id='SA' then isnull(-qty,0) when ps_id='PB' then isnull(-qty,0) when ps_id='SB' then isnull(qty,0) else 0 end) stock,sum(case when ps_id='PC' then isnull(qty_fp,0) when ps_id='PB' then isnull(-qty_fp,0) end) pc_qty_fp,sum(case when ps_id='SA' then isnull(qty_fp,0) when ps_id='SB' then isnull(-qty_fp,0) end) sa_qty_fp from DB_OK01.dbo.tf_pss where upper(bat_no) like upper('%1711101%') and upper(prd_mark) like upper('%%') and upper(prd_name) like upper('%%')group by bat_no,prd_no,prd_name,prd_mark order by bat_no,prd_no,prd_mark [ RunTime:0.100877s ]
SQL: select bat_no,prd_no,prd_name,prd_mark,sum(case when ps_id='PC' then isnull(qty,0) when ps_id='PB' then isnull(-qty,0) end) pc,sum(case when ps_id='SA' then isnull(qty,0) when ps_id='SB' then isnull(-qty,0) end) sa,sum(case when ps_id='PC' then isnull(qty,0) when ps_id='SA' then isnull(-qty,0) when ps_id='PB' then isnull(-qty,0) when ps_id='SB' then isnull(qty,0) else 0 end) stock,sum(case when ps_id='PC' then isnull(qty_fp,0) when ps_id='PB' then isnull(-qty_fp,0) end) pc_qty_fp,sum(case when ps_id='SA' then isnull(qty_fp,0) when ps_id='SB' then isnull(-qty_fp,0) end) sa_qty_fp from DB_MKJC.dbo.tf_pss where upper(bat_no) like upper('%1711101%') and upper(prd_mark) like upper('%%') and upper(prd_name) like upper('%%')group by bat_no,prd_no,prd_name,prd_mark order by bat_no,prd_no,prd_mark [ RunTime:0.070164s ]
SQL: select bat_no,prd_no,prd_name,prd_mark,sum(case when ps_id='PC' then isnull(qty,0) when ps_id='PB' then isnull(-qty,0) end) pc,sum(case when ps_id='SA' then isnull(qty,0) when ps_id='SB' then isnull(-qty,0) end) sa,sum(case when ps_id='PC' then isnull(qty,0) when ps_id='SA' then isnull(-qty,0) when ps_id='PB' then isnull(-qty,0) when ps_id='SB' then isnull(qty,0) else 0 end) stock,sum(case when ps_id='PC' then isnull(qty_fp,0) when ps_id='PB' then isnull(-qty_fp,0) end) pc_qty_fp,sum(case when ps_id='SA' then isnull(qty_fp,0) when ps_id='SB' then isnull(-qty_fp,0) end) sa_qty_fp from DB_JXOK.dbo.tf_pss where upper(bat_no) like upper('%1711101%') and upper(prd_mark) like upper('%%') and upper(prd_name) like upper('%%')group by bat_no,prd_no,prd_name,prd_mark order by bat_no,prd_no,prd_mark [ RunTime:0.039288s ]
INFO: [ view_parse ] --START--
NOTIC: [8] Undefined variable: j C:\xampp\htdocs\ok_erp\phone\Runtime\Cache\b90bab445b0763e006015d4e33b6753a.php 第 31 行.
INFO: ParseTemplate Behavior ::run [ RunTime:0.012569s ]
INFO: [ view_parse ] --END-- [ RunTime:0.012639s ]
INFO: [ view_filter ] --START--
INFO: ContentReplace Behavior ::run [ RunTime:0.000644s ]
INFO: TokenBuild Behavior ::run [ RunTime:0.000634s ]
INFO: WriteHtmlCache Behavior ::run [ RunTime:0.000466s ]
INFO: ShowRuntime Behavior ::run [ RunTime:0.000680s ]
INFO: [ view_filter ] --END-- [ RunTime:0.002599s ]
INFO: [ view_end ] --START--
INFO: ShowPageTrace Behavior ::run [ RunTime:0.000839s ]
INFO: [ view_end ] --END-- [ RunTime:0.000896s ]

[ 2018-02-11T10:01:23+08:00 ] 112.17.235.127 /ok_erp/phone_index.php/Stock/need/laydate.css
INFO: [ route_check ] --START--
INFO: CheckRoute Behavior ::run [ RunTime:0.000826s ]
INFO: [ route_check ] --END-- [ RunTime:0.000915s ]
INFO: [ app_begin ] --START--
INFO: ReadHtmlCache Behavior ::run [ RunTime:0.000541s ]
INFO: [ app_begin ] --END-- [ RunTime:0.000610s ]
ERR: 非法操作:need

[ 2018-02-11T10:01:23+08:00 ] 112.17.235.127 /ok_erp/phone_index.php/Stock/skins/danlan/laydate.css
INFO: [ route_check ] --START--
INFO: CheckRoute Behavior ::run [ RunTime:0.000810s ]
INFO: [ route_check ] --END-- [ RunTime:0.000893s ]
INFO: [ app_begin ] --START--
INFO: ReadHtmlCache Behavior ::run [ RunTime:0.000534s ]
INFO: [ app_begin ] --END-- [ RunTime:0.000604s ]
ERR: 非法操作:skins

[ 2018-02-11T10:01:28+08:00 ] 112.17.235.127 /ok_erp/phone_index.php/Stock/SelectStockResult
INFO: [ route_check ] --START--
INFO: CheckRoute Behavior ::run [ RunTime:0.000832s ]
INFO: [ route_check ] --END-- [ RunTime:0.000922s ]
INFO: [ app_begin ] --START--
INFO: ReadHtmlCache Behavior ::run [ RunTime:0.000544s ]
INFO: [ app_begin ] --END-- [ RunTime:0.000604s ]
SQL: select bat_no,prd_no,prd_name,prd_mark,sum(case when ps_id='PC' then isnull(qty,0) when ps_id='PB' then isnull(-qty,0) end) pc,sum(case when ps_id='SA' then isnull(qty,0) when ps_id='SB' then isnull(-qty,0) end) sa,sum(case when ps_id='PC' then isnull(qty,0) when ps_id='SA' then isnull(-qty,0) when ps_id='PB' then isnull(-qty,0) when ps_id='SB' then isnull(qty,0) else 0 end) stock,sum(case when ps_id='PC' then isnull(qty_fp,0) when ps_id='PB' then isnull(-qty_fp,0) end) pc_qty_fp,sum(case when ps_id='SA' then isnull(qty_fp,0) when ps_id='SB' then isnull(-qty_fp,0) end) sa_qty_fp from DB_OK01.dbo.tf_pss where upper(bat_no) like upper('%1711%') and upper(prd_mark) like upper('%%') and upper(prd_name) like upper('%%')group by bat_no,prd_no,prd_name,prd_mark order by bat_no,prd_no,prd_mark [ RunTime:0.069275s ]
SQL: select bat_no,prd_no,prd_name,prd_mark,sum(case when ps_id='PC' then isnull(qty,0) when ps_id='PB' then isnull(-qty,0) end) pc,sum(case when ps_id='SA' then isnull(qty,0) when ps_id='SB' then isnull(-qty,0) end) sa,sum(case when ps_id='PC' then isnull(qty,0) when ps_id='SA' then isnull(-qty,0) when ps_id='PB' then isnull(-qty,0) when ps_id='SB' then isnull(qty,0) else 0 end) stock,sum(case when ps_id='PC' then isnull(qty_fp,0) when ps_id='PB' then isnull(-qty_fp,0) end) pc_qty_fp,sum(case when ps_id='SA' then isnull(qty_fp,0) when ps_id='SB' then isnull(-qty_fp,0) end) sa_qty_fp from DB_MKJC.dbo.tf_pss where upper(bat_no) like upper('%1711%') and upper(prd_mark) like upper('%%') and upper(prd_name) like upper('%%')group by bat_no,prd_no,prd_name,prd_mark order by bat_no,prd_no,prd_mark [ RunTime:0.114922s ]
SQL: select bat_no,prd_no,prd_name,prd_mark,sum(case when ps_id='PC' then isnull(qty,0) when ps_id='PB' then isnull(-qty,0) end) pc,sum(case when ps_id='SA' then isnull(qty,0) when ps_id='SB' then isnull(-qty,0) end) sa,sum(case when ps_id='PC' then isnull(qty,0) when ps_id='SA' then isnull(-qty,0) when ps_id='PB' then isnull(-qty,0) when ps_id='SB' then isnull(qty,0) else 0 end) stock,sum(case when ps_id='PC' then isnull(qty_fp,0) when ps_id='PB' then isnull(-qty_fp,0) end) pc_qty_fp,sum(case when ps_id='SA' then isnull(qty_fp,0) when ps_id='SB' then isnull(-qty_fp,0) end) sa_qty_fp from DB_JXOK.dbo.tf_pss where upper(bat_no) like upper('%1711%') and upper(prd_mark) like upper('%%') and upper(prd_name) like upper('%%')group by bat_no,prd_no,prd_name,prd_mark order by bat_no,prd_no,prd_mark [ RunTime:0.039102s ]
INFO: [ view_parse ] --START--
NOTIC: [8] Undefined variable: j C:\xampp\htdocs\ok_erp\phone\Runtime\Cache\b90bab445b0763e006015d4e33b6753a.php 第 31 行.
INFO: ParseTemplate Behavior ::run [ RunTime:0.016340s ]
INFO: [ view_parse ] --END-- [ RunTime:0.016412s ]
INFO: [ view_filter ] --START--
INFO: ContentReplace Behavior ::run [ RunTime:0.002312s ]
INFO: TokenBuild Behavior ::run [ RunTime:0.000775s ]
INFO: WriteHtmlCache Behavior ::run [ RunTime:0.000459s ]
INFO: ShowRuntime Behavior ::run [ RunTime:0.001142s ]
INFO: [ view_filter ] --END-- [ RunTime:0.004891s ]
INFO: [ view_end ] --START--
INFO: ShowPageTrace Behavior ::run [ RunTime:0.000831s ]
INFO: [ view_end ] --END-- [ RunTime:0.000893s ]

[ 2018-02-11T10:01:30+08:00 ] 112.17.235.127 /ok_erp/phone_index.php/Stock/need/laydate.css
INFO: [ route_check ] --START--
INFO: CheckRoute Behavior ::run [ RunTime:0.000834s ]
INFO: [ route_check ] --END-- [ RunTime:0.000923s ]
INFO: [ app_begin ] --START--
INFO: ReadHtmlCache Behavior ::run [ RunTime:0.000546s ]
INFO: [ app_begin ] --END-- [ RunTime:0.000616s ]
ERR: 非法操作:need

[ 2018-02-11T10:01:30+08:00 ] 112.17.235.127 /ok_erp/phone_index.php/Stock/skins/danlan/laydate.css
INFO: [ route_check ] --START--
INFO: CheckRoute Behavior ::run [ RunTime:0.000809s ]
INFO: [ route_check ] --END-- [ RunTime:0.000892s ]
INFO: [ app_begin ] --START--
INFO: ReadHtmlCache Behavior ::run [ RunTime:0.000535s ]
INFO: [ app_begin ] --END-- [ RunTime:0.000604s ]
ERR: 非法操作:skins

