[ 2018-01-16T15:35:15+08:00 ] 120.204.17.73 /ok_erp/warehouse_index.php/SxmkStorage/SxmkStorage
INFO: [ route_check ] --START--
INFO: CheckRoute Behavior ::run [ RunTime:0.001063s ]
INFO: [ route_check ] --END-- [ RunTime:0.001155s ]
INFO: [ app_begin ] --START--
INFO: ReadHtmlCache Behavior ::run [ RunTime:0.000779s ]
INFO: [ app_begin ] --END-- [ RunTime:0.000854s ]
INFO: [ view_parse ] --START--
NOTIC: [8] Undefined variable: user_group C:\xampp\htdocs\ok_erp\warehouse\Runtime\Cache\2cd203163eeea819b6acc494662793b7.php 第 61 行.
NOTIC: [8] Undefined index:  user_level C:\xampp\htdocs\ok_erp\warehouse\Runtime\Cache\2cd203163eeea819b6acc494662793b7.php 第 67 行.
INFO: ParseTemplate Behavior ::run [ RunTime:0.009915s ]
INFO: [ view_parse ] --END-- [ RunTime:0.010001s ]
INFO: [ view_filter ] --START--
INFO: ContentReplace Behavior ::run [ RunTime:0.000595s ]
INFO: TokenBuild Behavior ::run [ RunTime:0.000656s ]
INFO: WriteHtmlCache Behavior ::run [ RunTime:0.000457s ]
INFO: ShowRuntime Behavior ::run [ RunTime:0.000681s ]
INFO: [ view_filter ] --END-- [ RunTime:0.002587s ]
INFO: [ view_end ] --START--
INFO: ShowPageTrace Behavior ::run [ RunTime:0.000832s ]
INFO: [ view_end ] --END-- [ RunTime:0.000901s ]

