[ 2018-02-28T15:39:47+08:00 ] 192.168.1.230 /ok_erp/admin_index.php/Index/Index
INFO: [ route_check ] --START--
INFO: CheckRoute Behavior ::run [ RunTime:0.000263s ]
INFO: [ route_check ] --END-- [ RunTime:0.000308s ]
INFO: [ app_begin ] --START--
INFO: ReadHtmlCache Behavior ::run [ RunTime:0.000165s ]
INFO: [ app_begin ] --END-- [ RunTime:0.000189s ]
INFO: [ view_parse ] --START--
INFO: ParseTemplate Behavior ::run [ RunTime:0.009485s ]
INFO: [ view_parse ] --END-- [ RunTime:0.009532s ]
INFO: [ view_filter ] --START--
INFO: ContentReplace Behavior ::run [ RunTime:0.000150s ]
INFO: TokenBuild Behavior ::run [ RunTime:0.000131s ]
INFO: WriteHtmlCache Behavior ::run [ RunTime:0.000323s ]
INFO: ShowRuntime Behavior ::run [ RunTime:0.000159s ]
INFO: [ view_filter ] --END-- [ RunTime:0.000838s ]
INFO: [ view_end ] --START--
INFO: ShowPageTrace Behavior ::run [ RunTime:0.010403s ]
INFO: [ view_end ] --END-- [ RunTime:0.010434s ]

[ 2018-02-28T15:40:12+08:00 ] 192.168.1.230 /ok_erp/admin_index.php/Users/SelectUsers
INFO: [ route_check ] --START--
INFO: CheckRoute Behavior ::run [ RunTime:0.007021s ]
INFO: [ route_check ] --END-- [ RunTime:0.007133s ]
INFO: [ app_begin ] --START--
INFO: ReadHtmlCache Behavior ::run [ RunTime:0.000723s ]
INFO: [ app_begin ] --END-- [ RunTime:0.000777s ]
INFO: [ view_parse ] --START--
INFO: ParseTemplate Behavior ::run [ RunTime:0.021414s ]
INFO: [ view_parse ] --END-- [ RunTime:0.021464s ]
INFO: [ view_filter ] --START--
INFO: ContentReplace Behavior ::run [ RunTime:0.000160s ]
INFO: TokenBuild Behavior ::run [ RunTime:0.000124s ]
INFO: WriteHtmlCache Behavior ::run [ RunTime:0.000070s ]
INFO: ShowRuntime Behavior ::run [ RunTime:0.000138s ]
INFO: [ view_filter ] --END-- [ RunTime:0.000554s ]
INFO: [ view_end ] --START--
INFO: ShowPageTrace Behavior ::run [ RunTime:0.000268s ]
INFO: [ view_end ] --END-- [ RunTime:0.000328s ]

[ 2018-02-28T15:40:15+08:00 ] 192.168.1.230 /ok_erp/admin_index.php/Users/SelectUsersResult
INFO: [ route_check ] --START--
INFO: CheckRoute Behavior ::run [ RunTime:0.000360s ]
INFO: [ route_check ] --END-- [ RunTime:0.000461s ]
INFO: [ app_begin ] --START--
INFO: ReadHtmlCache Behavior ::run [ RunTime:0.000230s ]
INFO: [ app_begin ] --END-- [ RunTime:0.000264s ]
NOTIC: [2] mysql_connect(): Headers and client library minor version mismatch. Headers:50550 Library:50637 /home/www/thinkphp/Lib/Driver/Db/DbMysql.class.php 第 55 行.
SQL: SHOW COLUMNS FROM `user` [ RunTime:0.001130s ]
SQL: SELECT COUNT(*) AS tp_count FROM `user` LEFT JOIN user_group on user_group.user_group=user.user_group WHERE ( user.user_name LIKE '%' ) LIMIT 1   [ RunTime:0.058053s ]
SQL: SELECT * FROM `user` LEFT JOIN user_group on user_group.user_group=user.user_group WHERE ( user.user_name LIKE '%' ) LIMIT 0,20   [ RunTime:0.000245s ]
INFO: [ view_parse ] --START--
NOTIC: [8] Undefined index: disable /home/www/ok_erp/admin/Runtime/Cache/c89b71cc190e91128f95f5bdcd9ff0fc.php 第 162 行.
NOTIC: [8] Undefined index: disable /home/www/ok_erp/admin/Runtime/Cache/c89b71cc190e91128f95f5bdcd9ff0fc.php 第 162 行.
NOTIC: [8] Undefined index: disable /home/www/ok_erp/admin/Runtime/Cache/c89b71cc190e91128f95f5bdcd9ff0fc.php 第 162 行.
NOTIC: [8] Undefined index: disable /home/www/ok_erp/admin/Runtime/Cache/c89b71cc190e91128f95f5bdcd9ff0fc.php 第 162 行.
NOTIC: [8] Undefined index: disable /home/www/ok_erp/admin/Runtime/Cache/c89b71cc190e91128f95f5bdcd9ff0fc.php 第 162 行.
NOTIC: [8] Undefined index: disable /home/www/ok_erp/admin/Runtime/Cache/c89b71cc190e91128f95f5bdcd9ff0fc.php 第 162 行.
NOTIC: [8] Undefined index: disable /home/www/ok_erp/admin/Runtime/Cache/c89b71cc190e91128f95f5bdcd9ff0fc.php 第 162 行.
NOTIC: [8] Undefined index: disable /home/www/ok_erp/admin/Runtime/Cache/c89b71cc190e91128f95f5bdcd9ff0fc.php 第 162 行.
NOTIC: [8] Undefined index: disable /home/www/ok_erp/admin/Runtime/Cache/c89b71cc190e91128f95f5bdcd9ff0fc.php 第 162 行.
NOTIC: [8] Undefined index: disable /home/www/ok_erp/admin/Runtime/Cache/c89b71cc190e91128f95f5bdcd9ff0fc.php 第 162 行.
NOTIC: [8] Undefined index: disable /home/www/ok_erp/admin/Runtime/Cache/c89b71cc190e91128f95f5bdcd9ff0fc.php 第 162 行.
NOTIC: [8] Undefined index: disable /home/www/ok_erp/admin/Runtime/Cache/c89b71cc190e91128f95f5bdcd9ff0fc.php 第 162 行.
NOTIC: [8] Undefined index: disable /home/www/ok_erp/admin/Runtime/Cache/c89b71cc190e91128f95f5bdcd9ff0fc.php 第 162 行.
NOTIC: [8] Undefined index: disable /home/www/ok_erp/admin/Runtime/Cache/c89b71cc190e91128f95f5bdcd9ff0fc.php 第 162 行.
NOTIC: [8] Undefined index: disable /home/www/ok_erp/admin/Runtime/Cache/c89b71cc190e91128f95f5bdcd9ff0fc.php 第 162 行.
NOTIC: [8] Undefined index: disable /home/www/ok_erp/admin/Runtime/Cache/c89b71cc190e91128f95f5bdcd9ff0fc.php 第 162 行.
NOTIC: [8] Undefined index: disable /home/www/ok_erp/admin/Runtime/Cache/c89b71cc190e91128f95f5bdcd9ff0fc.php 第 162 行.
NOTIC: [8] Undefined index: disable /home/www/ok_erp/admin/Runtime/Cache/c89b71cc190e91128f95f5bdcd9ff0fc.php 第 162 行.
NOTIC: [8] Undefined index: disable /home/www/ok_erp/admin/Runtime/Cache/c89b71cc190e91128f95f5bdcd9ff0fc.php 第 162 行.
NOTIC: [8] Undefined index: disable /home/www/ok_erp/admin/Runtime/Cache/c89b71cc190e91128f95f5bdcd9ff0fc.php 第 162 行.
NOTIC: [8] Undefined index: disable /home/www/ok_erp/admin/Runtime/Cache/c89b71cc190e91128f95f5bdcd9ff0fc.php 第 162 行.
NOTIC: [8] Undefined index: disable /home/www/ok_erp/admin/Runtime/Cache/c89b71cc190e91128f95f5bdcd9ff0fc.php 第 162 行.
NOTIC: [8] Undefined index: disable /home/www/ok_erp/admin/Runtime/Cache/c89b71cc190e91128f95f5bdcd9ff0fc.php 第 162 行.
NOTIC: [8] Undefined index: disable /home/www/ok_erp/admin/Runtime/Cache/c89b71cc190e91128f95f5bdcd9ff0fc.php 第 162 行.
NOTIC: [8] Undefined index: disable /home/www/ok_erp/admin/Runtime/Cache/c89b71cc190e91128f95f5bdcd9ff0fc.php 第 162 行.
NOTIC: [8] Undefined index: disable /home/www/ok_erp/admin/Runtime/Cache/c89b71cc190e91128f95f5bdcd9ff0fc.php 第 162 行.
NOTIC: [8] Undefined index: disable /home/www/ok_erp/admin/Runtime/Cache/c89b71cc190e91128f95f5bdcd9ff0fc.php 第 162 行.
NOTIC: [8] Undefined index: disable /home/www/ok_erp/admin/Runtime/Cache/c89b71cc190e91128f95f5bdcd9ff0fc.php 第 162 行.
NOTIC: [8] Undefined index: disable /home/www/ok_erp/admin/Runtime/Cache/c89b71cc190e91128f95f5bdcd9ff0fc.php 第 162 行.
NOTIC: [8] Undefined index: disable /home/www/ok_erp/admin/Runtime/Cache/c89b71cc190e91128f95f5bdcd9ff0fc.php 第 162 行.
NOTIC: [8] Undefined index: disable /home/www/ok_erp/admin/Runtime/Cache/c89b71cc190e91128f95f5bdcd9ff0fc.php 第 162 行.
NOTIC: [8] Undefined index: disable /home/www/ok_erp/admin/Runtime/Cache/c89b71cc190e91128f95f5bdcd9ff0fc.php 第 162 行.
NOTIC: [8] Undefined index: disable /home/www/ok_erp/admin/Runtime/Cache/c89b71cc190e91128f95f5bdcd9ff0fc.php 第 162 行.
NOTIC: [8] Undefined index: disable /home/www/ok_erp/admin/Runtime/Cache/c89b71cc190e91128f95f5bdcd9ff0fc.php 第 162 行.
NOTIC: [8] Undefined index: disable /home/www/ok_erp/admin/Runtime/Cache/c89b71cc190e91128f95f5bdcd9ff0fc.php 第 162 行.
NOTIC: [8] Undefined index: disable /home/www/ok_erp/admin/Runtime/Cache/c89b71cc190e91128f95f5bdcd9ff0fc.php 第 162 行.
NOTIC: [8] Undefined index: disable /home/www/ok_erp/admin/Runtime/Cache/c89b71cc190e91128f95f5bdcd9ff0fc.php 第 162 行.
NOTIC: [8] Undefined index: disable /home/www/ok_erp/admin/Runtime/Cache/c89b71cc190e91128f95f5bdcd9ff0fc.php 第 162 行.
NOTIC: [8] Undefined index: disable /home/www/ok_erp/admin/Runtime/Cache/c89b71cc190e91128f95f5bdcd9ff0fc.php 第 162 行.
NOTIC: [8] Undefined index: disable /home/www/ok_erp/admin/Runtime/Cache/c89b71cc190e91128f95f5bdcd9ff0fc.php 第 162 行.
INFO: ParseTemplate Behavior ::run [ RunTime:0.005179s ]
INFO: [ view_parse ] --END-- [ RunTime:0.005217s ]
INFO: [ view_filter ] --START--
INFO: ContentReplace Behavior ::run [ RunTime:0.000206s ]
INFO: TokenBuild Behavior ::run [ RunTime:0.000133s ]
INFO: WriteHtmlCache Behavior ::run [ RunTime:0.000073s ]
INFO: ShowRuntime Behavior ::run [ RunTime:0.000283s ]
INFO: [ view_filter ] --END-- [ RunTime:0.000759s ]
INFO: [ view_end ] --START--
INFO: ShowPageTrace Behavior ::run [ RunTime:0.000365s ]
INFO: [ view_end ] --END-- [ RunTime:0.000404s ]

[ 2018-02-28T15:40:19+08:00 ] 192.168.1.230 /ok_erp/admin_index.php/Users/SelectUsersResult/selectmode/user_name/p/3.html
INFO: [ route_check ] --START--
INFO: CheckRoute Behavior ::run [ RunTime:0.000276s ]
INFO: [ route_check ] --END-- [ RunTime:0.000324s ]
INFO: [ app_begin ] --START--
INFO: ReadHtmlCache Behavior ::run [ RunTime:0.000172s ]
INFO: [ app_begin ] --END-- [ RunTime:0.000196s ]
NOTIC: [2] mysql_connect(): Headers and client library minor version mismatch. Headers:50550 Library:50637 /home/www/thinkphp/Lib/Driver/Db/DbMysql.class.php 第 55 行.
SQL: SHOW COLUMNS FROM `user` [ RunTime:0.006638s ]
SQL: SELECT COUNT(*) AS tp_count FROM `user` LEFT JOIN user_group on user_group.user_group=user.user_group WHERE ( user.user_name LIKE '%' ) LIMIT 1   [ RunTime:0.000318s ]
SQL: SELECT * FROM `user` LEFT JOIN user_group on user_group.user_group=user.user_group WHERE ( user.user_name LIKE '%' ) LIMIT 40,20   [ RunTime:0.004172s ]
INFO: [ view_parse ] --START--
NOTIC: [8] Undefined index: disable /home/www/ok_erp/admin/Runtime/Cache/c89b71cc190e91128f95f5bdcd9ff0fc.php 第 162 行.
NOTIC: [8] Undefined index: disable /home/www/ok_erp/admin/Runtime/Cache/c89b71cc190e91128f95f5bdcd9ff0fc.php 第 162 行.
NOTIC: [8] Undefined index: disable /home/www/ok_erp/admin/Runtime/Cache/c89b71cc190e91128f95f5bdcd9ff0fc.php 第 162 行.
NOTIC: [8] Undefined index: disable /home/www/ok_erp/admin/Runtime/Cache/c89b71cc190e91128f95f5bdcd9ff0fc.php 第 162 行.
NOTIC: [8] Undefined index: disable /home/www/ok_erp/admin/Runtime/Cache/c89b71cc190e91128f95f5bdcd9ff0fc.php 第 162 行.
NOTIC: [8] Undefined index: disable /home/www/ok_erp/admin/Runtime/Cache/c89b71cc190e91128f95f5bdcd9ff0fc.php 第 162 行.
NOTIC: [8] Undefined index: disable /home/www/ok_erp/admin/Runtime/Cache/c89b71cc190e91128f95f5bdcd9ff0fc.php 第 162 行.
NOTIC: [8] Undefined index: disable /home/www/ok_erp/admin/Runtime/Cache/c89b71cc190e91128f95f5bdcd9ff0fc.php 第 162 行.
INFO: ParseTemplate Behavior ::run [ RunTime:0.005618s ]
INFO: [ view_parse ] --END-- [ RunTime:0.005662s ]
INFO: [ view_filter ] --START--
INFO: ContentReplace Behavior ::run [ RunTime:0.000291s ]
INFO: TokenBuild Behavior ::run [ RunTime:0.000183s ]
INFO: WriteHtmlCache Behavior ::run [ RunTime:0.000086s ]
INFO: ShowRuntime Behavior ::run [ RunTime:0.000174s ]
INFO: [ view_filter ] --END-- [ RunTime:0.001189s ]
INFO: [ view_end ] --START--
INFO: ShowPageTrace Behavior ::run [ RunTime:0.000216s ]
INFO: [ view_end ] --END-- [ RunTime:0.000239s ]

