[ 2017-12-22T08:12:01+08:00 ] 115.231.193.202 /ok_erp/finance_index.php/Claim/selectClaim
INFO: [ route_check ] --START--
INFO: CheckRoute Behavior ::run [ RunTime:0.000821s ]
INFO: [ route_check ] --END-- [ RunTime:0.000911s ]
INFO: [ app_begin ] --START--
INFO: ReadHtmlCache Behavior ::run [ RunTime:0.000544s ]
INFO: [ app_begin ] --END-- [ RunTime:0.000616s ]
SQL: SHOW COLUMNS FROM `company` [ RunTime:0.000854s ]
SQL: SELECT * FROM `company` ORDER BY company_id  [ RunTime:0.000252s ]
INFO: [ view_parse ] --START--
INFO: ParseTemplate Behavior ::run [ RunTime:0.026938s ]
INFO: [ view_parse ] --END-- [ RunTime:0.027027s ]
INFO: [ view_filter ] --START--
INFO: ContentReplace Behavior ::run [ RunTime:0.000370s ]
INFO: TokenBuild Behavior ::run [ RunTime:0.000385s ]
INFO: WriteHtmlCache Behavior ::run [ RunTime:0.000235s ]
INFO: ShowRuntime Behavior ::run [ RunTime:0.000494s ]
INFO: [ view_filter ] --END-- [ RunTime:0.001667s ]
INFO: [ view_end ] --START--
INFO: ShowPageTrace Behavior ::run [ RunTime:0.000586s ]
INFO: [ view_end ] --END-- [ RunTime:0.000652s ]

[ 2017-12-22T08:12:03+08:00 ] 115.231.193.202 /ok_erp/finance_index.php/Exchange/ModifyExchange
INFO: [ route_check ] --START--
INFO: CheckRoute Behavior ::run [ RunTime:0.000822s ]
INFO: [ route_check ] --END-- [ RunTime:0.000912s ]
INFO: [ app_begin ] --START--
INFO: ReadHtmlCache Behavior ::run [ RunTime:0.000539s ]
INFO: [ app_begin ] --END-- [ RunTime:0.000609s ]
SQL: SHOW COLUMNS FROM `mf_exchange` [ RunTime:0.001016s ]
SQL: SELECT * FROM mf_exchange a LEFT JOIN company c on a.company_id=c.company_id LEFT JOIN bank d on a.bank_id=d.bank_id WHERE ( claim=0 ) ORDER BY id  [ RunTime:0.002254s ]
INFO: [ view_parse ] --START--
INFO: ParseTemplate Behavior ::run [ RunTime:0.010487s ]
INFO: [ view_parse ] --END-- [ RunTime:0.010573s ]
INFO: [ view_filter ] --START--
INFO: ContentReplace Behavior ::run [ RunTime:0.000372s ]
INFO: TokenBuild Behavior ::run [ RunTime:0.000347s ]
INFO: WriteHtmlCache Behavior ::run [ RunTime:0.000222s ]
INFO: ShowRuntime Behavior ::run [ RunTime:0.000449s ]
INFO: [ view_filter ] --END-- [ RunTime:0.001578s ]
INFO: [ view_end ] --START--
INFO: ShowPageTrace Behavior ::run [ RunTime:0.000602s ]
INFO: [ view_end ] --END-- [ RunTime:0.000672s ]

[ 2017-12-22T08:12:55+08:00 ] 115.231.193.202 /ok_erp/finance_index.php/Exchange/NewExchange
INFO: [ route_check ] --START--
INFO: CheckRoute Behavior ::run [ RunTime:0.000827s ]
INFO: [ route_check ] --END-- [ RunTime:0.000915s ]
INFO: [ app_begin ] --START--
INFO: ReadHtmlCache Behavior ::run [ RunTime:0.000540s ]
INFO: [ app_begin ] --END-- [ RunTime:0.000610s ]
SQL: SHOW COLUMNS FROM `company` [ RunTime:0.000890s ]
SQL: SELECT * FROM `company`  [ RunTime:0.000217s ]
SQL: SHOW COLUMNS FROM `bank` [ RunTime:0.000747s ]
SQL: SELECT * FROM `bank`  [ RunTime:0.000182s ]
INFO: [ view_parse ] --START--
INFO: ParseTemplate Behavior ::run [ RunTime:0.017077s ]
INFO: [ view_parse ] --END-- [ RunTime:0.017161s ]
INFO: [ view_filter ] --START--
INFO: ContentReplace Behavior ::run [ RunTime:0.000357s ]
INFO: TokenBuild Behavior ::run [ RunTime:0.000353s ]
INFO: WriteHtmlCache Behavior ::run [ RunTime:0.000223s ]
INFO: ShowRuntime Behavior ::run [ RunTime:0.000448s ]
INFO: [ view_filter ] --END-- [ RunTime:0.001570s ]
INFO: [ view_end ] --START--
INFO: ShowPageTrace Behavior ::run [ RunTime:0.000600s ]
INFO: [ view_end ] --END-- [ RunTime:0.000667s ]

[ 2017-12-22T08:13:30+08:00 ] 115.231.193.202 /ok_erp/finance_index.php/Exchange/NewExchangeResult
INFO: [ route_check ] --START--
INFO: CheckRoute Behavior ::run [ RunTime:0.000828s ]
INFO: [ route_check ] --END-- [ RunTime:0.000917s ]
INFO: [ app_begin ] --START--
INFO: ReadHtmlCache Behavior ::run [ RunTime:0.000541s ]
INFO: [ app_begin ] --END-- [ RunTime:0.000613s ]
SQL: SHOW COLUMNS FROM `mf_exchange` [ RunTime:0.001085s ]
SQL: SELECT * FROM `mf_exchange` WHERE ( `bank_cust` = 'EXPOLAIT LLC RUSSIA' ) AND ( `pay_dd` = '2017-12-20' ) AND ( `amount` = 40452 ) AND ( `rem` = '第一笔' )  [ RunTime:0.005424s ]
SQL: INSERT INTO `mf_exchange` (`foreign_trade`,`company_id`,`bank_id`,`pay_dd`,`bank_cust`,`country`,`CUR_ID`,`amount`,`rem`,`record_dd`) VALUES ('外销',5,8,'2017-12-20','EXPOLAIT LLC RUSSIA','俄罗斯联邦','USD',40452,'第一笔','2017-12-22 08:13:30') [ RunTime:0.045936s ]
INFO: [ view_parse ] --START--
INFO: ParseTemplate Behavior ::run [ RunTime:0.012485s ]
INFO: [ view_parse ] --END-- [ RunTime:0.012571s ]
INFO: [ view_filter ] --START--
INFO: ContentReplace Behavior ::run [ RunTime:0.000326s ]
INFO: TokenBuild Behavior ::run [ RunTime:0.000351s ]
INFO: WriteHtmlCache Behavior ::run [ RunTime:0.000222s ]
INFO: ShowRuntime Behavior ::run [ RunTime:0.000475s ]
INFO: [ view_filter ] --END-- [ RunTime:0.001560s ]
INFO: [ view_end ] --START--
INFO: ShowPageTrace Behavior ::run [ RunTime:0.000589s ]
INFO: [ view_end ] --END-- [ RunTime:0.000655s ]

[ 2017-12-22T08:13:31+08:00 ] 115.231.193.202 /ok_erp/finance_index.php/Exchange/NewExchange
INFO: [ route_check ] --START--
INFO: CheckRoute Behavior ::run [ RunTime:0.000821s ]
INFO: [ route_check ] --END-- [ RunTime:0.000910s ]
INFO: [ app_begin ] --START--
INFO: ReadHtmlCache Behavior ::run [ RunTime:0.000540s ]
INFO: [ app_begin ] --END-- [ RunTime:0.000609s ]
SQL: SHOW COLUMNS FROM `company` [ RunTime:0.000871s ]
SQL: SELECT * FROM `company`  [ RunTime:0.000204s ]
SQL: SHOW COLUMNS FROM `bank` [ RunTime:0.000720s ]
SQL: SELECT * FROM `bank`  [ RunTime:0.000186s ]
INFO: [ view_parse ] --START--
INFO: ParseTemplate Behavior ::run [ RunTime:0.010721s ]
INFO: [ view_parse ] --END-- [ RunTime:0.010805s ]
INFO: [ view_filter ] --START--
INFO: ContentReplace Behavior ::run [ RunTime:0.000358s ]
INFO: TokenBuild Behavior ::run [ RunTime:0.000347s ]
INFO: WriteHtmlCache Behavior ::run [ RunTime:0.000226s ]
INFO: ShowRuntime Behavior ::run [ RunTime:0.000449s ]
INFO: [ view_filter ] --END-- [ RunTime:0.001605s ]
INFO: [ view_end ] --START--
INFO: ShowPageTrace Behavior ::run [ RunTime:0.000602s ]
INFO: [ view_end ] --END-- [ RunTime:0.000668s ]

[ 2017-12-22T08:14:20+08:00 ] 115.231.193.202 /ok_erp/finance_index.php/Exchange/NewExchangeResult
INFO: [ route_check ] --START--
INFO: CheckRoute Behavior ::run [ RunTime:0.000817s ]
INFO: [ route_check ] --END-- [ RunTime:0.000907s ]
INFO: [ app_begin ] --START--
INFO: ReadHtmlCache Behavior ::run [ RunTime:0.000546s ]
INFO: [ app_begin ] --END-- [ RunTime:0.000618s ]
SQL: SHOW COLUMNS FROM `mf_exchange` [ RunTime:0.001024s ]
SQL: SELECT * FROM `mf_exchange` WHERE ( `bank_cust` = 'EXPOLAIT LLC RUSSIA' ) AND ( `pay_dd` = '2017-12-21' ) AND ( `amount` = 38458 ) AND ( `rem` = '第一笔' )  [ RunTime:0.000358s ]
SQL: INSERT INTO `mf_exchange` (`foreign_trade`,`company_id`,`bank_id`,`pay_dd`,`bank_cust`,`country`,`CUR_ID`,`amount`,`rem`,`record_dd`) VALUES ('外销',5,8,'2017-12-21','EXPOLAIT LLC RUSSIA','俄罗斯联邦','USD',38458,'第一笔','2017-12-22 08:14:20') [ RunTime:0.022890s ]
INFO: [ view_parse ] --START--
INFO: ParseTemplate Behavior ::run [ RunTime:0.007395s ]
INFO: [ view_parse ] --END-- [ RunTime:0.007476s ]
INFO: [ view_filter ] --START--
INFO: ContentReplace Behavior ::run [ RunTime:0.000320s ]
INFO: TokenBuild Behavior ::run [ RunTime:0.000377s ]
INFO: WriteHtmlCache Behavior ::run [ RunTime:0.000221s ]
INFO: ShowRuntime Behavior ::run [ RunTime:0.000445s ]
INFO: [ view_filter ] --END-- [ RunTime:0.001549s ]
INFO: [ view_end ] --START--
INFO: ShowPageTrace Behavior ::run [ RunTime:0.000586s ]
INFO: [ view_end ] --END-- [ RunTime:0.000653s ]

[ 2017-12-22T08:14:21+08:00 ] 115.231.193.202 /ok_erp/finance_index.php/Exchange/NewExchange
INFO: [ route_check ] --START--
INFO: CheckRoute Behavior ::run [ RunTime:0.000829s ]
INFO: [ route_check ] --END-- [ RunTime:0.000918s ]
INFO: [ app_begin ] --START--
INFO: ReadHtmlCache Behavior ::run [ RunTime:0.000541s ]
INFO: [ app_begin ] --END-- [ RunTime:0.000610s ]
SQL: SHOW COLUMNS FROM `company` [ RunTime:0.000873s ]
SQL: SELECT * FROM `company`  [ RunTime:0.000198s ]
SQL: SHOW COLUMNS FROM `bank` [ RunTime:0.000747s ]
SQL: SELECT * FROM `bank`  [ RunTime:0.000272s ]
INFO: [ view_parse ] --START--
INFO: ParseTemplate Behavior ::run [ RunTime:0.010958s ]
INFO: [ view_parse ] --END-- [ RunTime:0.011039s ]
INFO: [ view_filter ] --START--
INFO: ContentReplace Behavior ::run [ RunTime:0.000350s ]
INFO: TokenBuild Behavior ::run [ RunTime:0.000347s ]
INFO: WriteHtmlCache Behavior ::run [ RunTime:0.000220s ]
INFO: ShowRuntime Behavior ::run [ RunTime:0.000449s ]
INFO: [ view_filter ] --END-- [ RunTime:0.001553s ]
INFO: [ view_end ] --START--
INFO: ShowPageTrace Behavior ::run [ RunTime:0.000607s ]
INFO: [ view_end ] --END-- [ RunTime:0.000673s ]

[ 2017-12-22T08:14:22+08:00 ] 115.231.193.202 /ok_erp/finance_index.php/Exchange/ModifyExchange
INFO: [ route_check ] --START--
INFO: CheckRoute Behavior ::run [ RunTime:0.000821s ]
INFO: [ route_check ] --END-- [ RunTime:0.000910s ]
INFO: [ app_begin ] --START--
INFO: ReadHtmlCache Behavior ::run [ RunTime:0.000538s ]
INFO: [ app_begin ] --END-- [ RunTime:0.000606s ]
SQL: SHOW COLUMNS FROM `mf_exchange` [ RunTime:0.001019s ]
SQL: SELECT * FROM mf_exchange a LEFT JOIN company c on a.company_id=c.company_id LEFT JOIN bank d on a.bank_id=d.bank_id WHERE ( claim=0 ) ORDER BY id  [ RunTime:0.002293s ]
INFO: [ view_parse ] --START--
INFO: ParseTemplate Behavior ::run [ RunTime:0.010352s ]
INFO: [ view_parse ] --END-- [ RunTime:0.010437s ]
INFO: [ view_filter ] --START--
INFO: ContentReplace Behavior ::run [ RunTime:0.000378s ]
INFO: TokenBuild Behavior ::run [ RunTime:0.000349s ]
INFO: WriteHtmlCache Behavior ::run [ RunTime:0.000220s ]
INFO: ShowRuntime Behavior ::run [ RunTime:0.000454s ]
INFO: [ view_filter ] --END-- [ RunTime:0.001582s ]
INFO: [ view_end ] --START--
INFO: ShowPageTrace Behavior ::run [ RunTime:0.000716s ]
INFO: [ view_end ] --END-- [ RunTime:0.000790s ]

[ 2017-12-22T08:15:07+08:00 ] 115.231.193.202 /ok_erp/finance_index.php/Exchange/NewExchange
INFO: [ route_check ] --START--
INFO: CheckRoute Behavior ::run [ RunTime:0.001063s ]
INFO: [ route_check ] --END-- [ RunTime:0.001154s ]
INFO: [ app_begin ] --START--
INFO: ReadHtmlCache Behavior ::run [ RunTime:0.000780s ]
INFO: [ app_begin ] --END-- [ RunTime:0.000853s ]
SQL: SHOW COLUMNS FROM `company` [ RunTime:0.000867s ]
SQL: SELECT * FROM `company`  [ RunTime:0.000210s ]
SQL: SHOW COLUMNS FROM `bank` [ RunTime:0.000716s ]
SQL: SELECT * FROM `bank`  [ RunTime:0.000165s ]
INFO: [ view_parse ] --START--
INFO: ParseTemplate Behavior ::run [ RunTime:0.012101s ]
INFO: [ view_parse ] --END-- [ RunTime:0.012199s ]
INFO: [ view_filter ] --START--
INFO: ContentReplace Behavior ::run [ RunTime:0.000590s ]
INFO: TokenBuild Behavior ::run [ RunTime:0.000580s ]
INFO: WriteHtmlCache Behavior ::run [ RunTime:0.000454s ]
INFO: ShowRuntime Behavior ::run [ RunTime:0.000684s ]
INFO: [ view_filter ] --END-- [ RunTime:0.002494s ]
INFO: [ view_end ] --START--
INFO: ShowPageTrace Behavior ::run [ RunTime:0.000851s ]
INFO: [ view_end ] --END-- [ RunTime:0.000916s ]

[ 2017-12-22T08:15:33+08:00 ] 115.231.193.202 /ok_erp/finance_index.php/Exchange/NewExchangeResult
INFO: [ route_check ] --START--
INFO: CheckRoute Behavior ::run [ RunTime:0.000863s ]
INFO: [ route_check ] --END-- [ RunTime:0.000955s ]
INFO: [ app_begin ] --START--
INFO: ReadHtmlCache Behavior ::run [ RunTime:0.000558s ]
INFO: [ app_begin ] --END-- [ RunTime:0.000629s ]
SQL: SHOW COLUMNS FROM `mf_exchange` [ RunTime:0.001022s ]
SQL: SELECT * FROM `mf_exchange` WHERE ( `bank_cust` = 'MARKINA TRADING LIMITED ' ) AND ( `pay_dd` = '2017-12-21' ) AND ( `amount` = 51340 ) AND ( `rem` = '第一笔' )  [ RunTime:0.000277s ]
SQL: INSERT INTO `mf_exchange` (`foreign_trade`,`company_id`,`bank_id`,`pay_dd`,`bank_cust`,`country`,`CUR_ID`,`amount`,`rem`,`record_dd`) VALUES ('外销',5,8,'2017-12-21','MARKINA TRADING LIMITED ','拉脱维亚','USD',51340,'第一笔','2017-12-22 08:15:33') [ RunTime:0.022085s ]
INFO: [ view_parse ] --START--
INFO: ParseTemplate Behavior ::run [ RunTime:0.007401s ]
INFO: [ view_parse ] --END-- [ RunTime:0.007485s ]
INFO: [ view_filter ] --START--
INFO: ContentReplace Behavior ::run [ RunTime:0.000323s ]
INFO: TokenBuild Behavior ::run [ RunTime:0.000357s ]
INFO: WriteHtmlCache Behavior ::run [ RunTime:0.000225s ]
INFO: ShowRuntime Behavior ::run [ RunTime:0.000461s ]
INFO: [ view_filter ] --END-- [ RunTime:0.001554s ]
INFO: [ view_end ] --START--
INFO: ShowPageTrace Behavior ::run [ RunTime:0.000611s ]
INFO: [ view_end ] --END-- [ RunTime:0.000678s ]

[ 2017-12-22T08:15:34+08:00 ] 115.231.193.202 /ok_erp/finance_index.php/Exchange/NewExchange
INFO: [ route_check ] --START--
INFO: CheckRoute Behavior ::run [ RunTime:0.000824s ]
INFO: [ route_check ] --END-- [ RunTime:0.000913s ]
INFO: [ app_begin ] --START--
INFO: ReadHtmlCache Behavior ::run [ RunTime:0.000541s ]
INFO: [ app_begin ] --END-- [ RunTime:0.000610s ]
SQL: SHOW COLUMNS FROM `company` [ RunTime:0.000852s ]
SQL: SELECT * FROM `company`  [ RunTime:0.000207s ]
SQL: SHOW COLUMNS FROM `bank` [ RunTime:0.000673s ]
SQL: SELECT * FROM `bank`  [ RunTime:0.000162s ]
INFO: [ view_parse ] --START--
INFO: ParseTemplate Behavior ::run [ RunTime:0.010692s ]
INFO: [ view_parse ] --END-- [ RunTime:0.010773s ]
INFO: [ view_filter ] --START--
INFO: ContentReplace Behavior ::run [ RunTime:0.000351s ]
INFO: TokenBuild Behavior ::run [ RunTime:0.000347s ]
INFO: WriteHtmlCache Behavior ::run [ RunTime:0.000223s ]
INFO: ShowRuntime Behavior ::run [ RunTime:0.000450s ]
INFO: [ view_filter ] --END-- [ RunTime:0.001556s ]
INFO: [ view_end ] --START--
INFO: ShowPageTrace Behavior ::run [ RunTime:0.000629s ]
INFO: [ view_end ] --END-- [ RunTime:0.000695s ]

[ 2017-12-22T08:15:35+08:00 ] 115.231.193.202 /ok_erp/finance_index.php/Exchange/ModifyExchange
INFO: [ route_check ] --START--
INFO: CheckRoute Behavior ::run [ RunTime:0.000824s ]
INFO: [ route_check ] --END-- [ RunTime:0.000915s ]
INFO: [ app_begin ] --START--
INFO: ReadHtmlCache Behavior ::run [ RunTime:0.000544s ]
INFO: [ app_begin ] --END-- [ RunTime:0.000613s ]
SQL: SHOW COLUMNS FROM `mf_exchange` [ RunTime:0.001033s ]
SQL: SELECT * FROM mf_exchange a LEFT JOIN company c on a.company_id=c.company_id LEFT JOIN bank d on a.bank_id=d.bank_id WHERE ( claim=0 ) ORDER BY id  [ RunTime:0.002180s ]
INFO: [ view_parse ] --START--
INFO: ParseTemplate Behavior ::run [ RunTime:0.010492s ]
INFO: [ view_parse ] --END-- [ RunTime:0.010577s ]
INFO: [ view_filter ] --START--
INFO: ContentReplace Behavior ::run [ RunTime:0.000378s ]
INFO: TokenBuild Behavior ::run [ RunTime:0.000354s ]
INFO: WriteHtmlCache Behavior ::run [ RunTime:0.000249s ]
INFO: ShowRuntime Behavior ::run [ RunTime:0.000482s ]
INFO: [ view_filter ] --END-- [ RunTime:0.001662s ]
INFO: [ view_end ] --START--
INFO: ShowPageTrace Behavior ::run [ RunTime:0.000613s ]
INFO: [ view_end ] --END-- [ RunTime:0.000685s ]

[ 2017-12-22T08:15:38+08:00 ] 115.231.193.202 /ok_erp/finance_index.php/Exchange/ModifyExchangeDetail?id=1372
INFO: [ route_check ] --START--
INFO: CheckRoute Behavior ::run [ RunTime:0.000830s ]
INFO: [ route_check ] --END-- [ RunTime:0.000920s ]
INFO: [ app_begin ] --START--
INFO: ReadHtmlCache Behavior ::run [ RunTime:0.000541s ]
INFO: [ app_begin ] --END-- [ RunTime:0.000610s ]
SQL: SHOW COLUMNS FROM `company` [ RunTime:0.000834s ]
SQL: SELECT * FROM `company`  [ RunTime:0.000209s ]
SQL: SHOW COLUMNS FROM `bank` [ RunTime:0.000731s ]
SQL: SELECT * FROM `bank`  [ RunTime:0.000170s ]
SQL: SHOW COLUMNS FROM `mf_exchange` [ RunTime:0.000865s ]
SQL: SELECT * FROM `mf_exchange` WHERE ( claim=0 and id=1372 )  [ RunTime:0.004098s ]
INFO: [ view_parse ] --START--
INFO: ParseTemplate Behavior ::run [ RunTime:0.020793s ]
INFO: [ view_parse ] --END-- [ RunTime:0.020880s ]
INFO: [ view_filter ] --START--
INFO: ContentReplace Behavior ::run [ RunTime:0.000380s ]
INFO: TokenBuild Behavior ::run [ RunTime:0.000356s ]
INFO: WriteHtmlCache Behavior ::run [ RunTime:0.000226s ]
INFO: ShowRuntime Behavior ::run [ RunTime:0.000452s ]
INFO: [ view_filter ] --END-- [ RunTime:0.001597s ]
INFO: [ view_end ] --START--
INFO: ShowPageTrace Behavior ::run [ RunTime:0.000603s ]
INFO: [ view_end ] --END-- [ RunTime:0.000668s ]

[ 2017-12-22T08:15:41+08:00 ] 115.231.193.202 /ok_erp/finance_index.php/Exchange/ModifyExchangeResult
INFO: [ route_check ] --START--
INFO: CheckRoute Behavior ::run [ RunTime:0.000824s ]
INFO: [ route_check ] --END-- [ RunTime:0.000913s ]
INFO: [ app_begin ] --START--
INFO: ReadHtmlCache Behavior ::run [ RunTime:0.000541s ]
INFO: [ app_begin ] --END-- [ RunTime:0.000610s ]
SQL: SHOW COLUMNS FROM `tf_exchange` [ RunTime:0.000989s ]
SQL: SELECT * FROM `tf_exchange` WHERE ( id=1372 )  [ RunTime:0.000281s ]
SQL: SHOW COLUMNS FROM `mf_exchange` [ RunTime:0.000883s ]
SQL: UPDATE `mf_exchange` SET `foreign_trade`='外销',`company_id`=5,`bank_id`=8,`pay_dd`='2017-12-21',`bank_cust`='MARKINA TRADING LIMITED ',`country`='拉脱维亚',`CUR_ID`='EUR',`amount`=51340,`change_dd`='2017-12-22 08:15:41' WHERE ( `id` = 1372 ) [ RunTime:0.013040s ]
INFO: [ view_parse ] --START--
INFO: ParseTemplate Behavior ::run [ RunTime:0.007027s ]
INFO: [ view_parse ] --END-- [ RunTime:0.007113s ]
INFO: [ view_filter ] --START--
INFO: ContentReplace Behavior ::run [ RunTime:0.000319s ]
INFO: TokenBuild Behavior ::run [ RunTime:0.000348s ]
INFO: WriteHtmlCache Behavior ::run [ RunTime:0.000221s ]
INFO: ShowRuntime Behavior ::run [ RunTime:0.000445s ]
INFO: [ view_filter ] --END-- [ RunTime:0.001515s ]
INFO: [ view_end ] --START--
INFO: ShowPageTrace Behavior ::run [ RunTime:0.000604s ]
INFO: [ view_end ] --END-- [ RunTime:0.000671s ]

[ 2017-12-22T08:15:42+08:00 ] 115.231.193.202 /ok_erp/finance_index.php/Exchange/ModifyExchange
INFO: [ route_check ] --START--
INFO: CheckRoute Behavior ::run [ RunTime:0.000818s ]
INFO: [ route_check ] --END-- [ RunTime:0.000907s ]
INFO: [ app_begin ] --START--
INFO: ReadHtmlCache Behavior ::run [ RunTime:0.000540s ]
INFO: [ app_begin ] --END-- [ RunTime:0.000607s ]
SQL: SHOW COLUMNS FROM `mf_exchange` [ RunTime:0.001027s ]
SQL: SELECT * FROM mf_exchange a LEFT JOIN company c on a.company_id=c.company_id LEFT JOIN bank d on a.bank_id=d.bank_id WHERE ( claim=0 ) ORDER BY id  [ RunTime:0.002183s ]
INFO: [ view_parse ] --START--
INFO: ParseTemplate Behavior ::run [ RunTime:0.010208s ]
INFO: [ view_parse ] --END-- [ RunTime:0.010290s ]
INFO: [ view_filter ] --START--
INFO: ContentReplace Behavior ::run [ RunTime:0.000374s ]
INFO: TokenBuild Behavior ::run [ RunTime:0.000350s ]
INFO: WriteHtmlCache Behavior ::run [ RunTime:0.000220s ]
INFO: ShowRuntime Behavior ::run [ RunTime:0.000452s ]
INFO: [ view_filter ] --END-- [ RunTime:0.001581s ]
INFO: [ view_end ] --START--
INFO: ShowPageTrace Behavior ::run [ RunTime:0.000829s ]
INFO: [ view_end ] --END-- [ RunTime:0.000899s ]

[ 2017-12-22T08:25:56+08:00 ] 115.231.193.202 /ok_erp/finance_index.php/Claim/selectClaimResult
INFO: [ route_check ] --START--
INFO: CheckRoute Behavior ::run [ RunTime:0.001057s ]
INFO: [ route_check ] --END-- [ RunTime:0.001149s ]
INFO: [ app_begin ] --START--
INFO: ReadHtmlCache Behavior ::run [ RunTime:0.000779s ]
INFO: [ app_begin ] --END-- [ RunTime:0.000852s ]

[ 2017-12-22T08:26:00+08:00 ] 115.231.193.202 /ok_erp/finance_index.php/Claim/selectClaim
INFO: [ route_check ] --START--
INFO: CheckRoute Behavior ::run [ RunTime:0.000820s ]
INFO: [ route_check ] --END-- [ RunTime:0.000908s ]
INFO: [ app_begin ] --START--
INFO: ReadHtmlCache Behavior ::run [ RunTime:0.000643s ]
INFO: [ app_begin ] --END-- [ RunTime:0.000713s ]
SQL: SHOW COLUMNS FROM `company` [ RunTime:0.000876s ]
SQL: SELECT * FROM `company` ORDER BY company_id  [ RunTime:0.000203s ]
INFO: [ view_parse ] --START--
INFO: ParseTemplate Behavior ::run [ RunTime:0.011247s ]
INFO: [ view_parse ] --END-- [ RunTime:0.011564s ]
INFO: [ view_filter ] --START--
INFO: ContentReplace Behavior ::run [ RunTime:0.000659s ]
INFO: TokenBuild Behavior ::run [ RunTime:0.000592s ]
INFO: WriteHtmlCache Behavior ::run [ RunTime:0.000505s ]
INFO: ShowRuntime Behavior ::run [ RunTime:0.000701s ]
INFO: [ view_filter ] --END-- [ RunTime:0.002648s ]
INFO: [ view_end ] --START--
INFO: ShowPageTrace Behavior ::run [ RunTime:0.000901s ]
INFO: [ view_end ] --END-- [ RunTime:0.000975s ]

[ 2017-12-22T08:26:09+08:00 ] 115.231.193.202 /ok_erp/finance_index.php/Claim/downloadClaimDetail
INFO: [ route_check ] --START--
INFO: CheckRoute Behavior ::run [ RunTime:0.000819s ]
INFO: [ route_check ] --END-- [ RunTime:0.000909s ]
INFO: [ app_begin ] --START--
INFO: ReadHtmlCache Behavior ::run [ RunTime:0.000553s ]
INFO: [ app_begin ] --END-- [ RunTime:0.000623s ]
SQL: select a.id ID,a.foreign_trade '销售方式',c.company_name '公司',d.bank_name '银行',a.pay_dd '付款日期',a.bank_cust '汇款客户',a.country '汇款国家',a.CUR_ID '币别',a.amount '汇款金额',a.sal_name '业务员',a.getlz_name '发票业务员',b.amount_apart '到账金额',b.brokerage '手续费',b.so_no '订单号',b.so_pi '订单PI总金额',b.debit '扣款/罚款',b.rem '备注',b.is_declare '是否报关',b.contract_cust '合同客户',b.lz_cust '发票客户',b.connect_cust '业务联系客户' from mf_exchange as a left join tf_exchange as b on a.id=b.id left join company as c on a.company_id=c.company_id left join  bank as d on a.bank_id=d.bank_id where (a.claim=1 or a.claim=0)  and a.pay_dd>='2017-12-01' and a.pay_dd<='2017-12-22' and upper(a.sal_name) like upper('%') and a.company_id like '%'  [ RunTime:0.015229s ]

[ 2017-12-22T08:58:34+08:00 ] 115.231.193.202 /ok_erp/finance_index.php/Claim/selectClaim
INFO: [ route_check ] --START--
INFO: CheckRoute Behavior ::run [ RunTime:0.001101s ]
INFO: [ route_check ] --END-- [ RunTime:0.001192s ]
INFO: [ app_begin ] --START--
INFO: ReadHtmlCache Behavior ::run [ RunTime:0.000781s ]
INFO: [ app_begin ] --END-- [ RunTime:0.000853s ]
SQL: SHOW COLUMNS FROM `company` [ RunTime:0.000927s ]
SQL: SELECT * FROM `company` ORDER BY company_id  [ RunTime:0.000243s ]
INFO: [ view_parse ] --START--
INFO: ParseTemplate Behavior ::run [ RunTime:0.012257s ]
INFO: [ view_parse ] --END-- [ RunTime:0.012345s ]
INFO: [ view_filter ] --START--
INFO: ContentReplace Behavior ::run [ RunTime:0.000605s ]
INFO: TokenBuild Behavior ::run [ RunTime:0.000622s ]
INFO: WriteHtmlCache Behavior ::run [ RunTime:0.000676s ]
INFO: ShowRuntime Behavior ::run [ RunTime:0.000716s ]
INFO: [ view_filter ] --END-- [ RunTime:0.002809s ]
INFO: [ view_end ] --START--
INFO: ShowPageTrace Behavior ::run [ RunTime:0.000838s ]
INFO: [ view_end ] --END-- [ RunTime:0.000906s ]

[ 2017-12-22T08:59:35+08:00 ] 183.192.201.97 /ok_erp/finance_index.php/claim/selectclaim
INFO: [ route_check ] --START--
INFO: CheckRoute Behavior ::run [ RunTime:0.001064s ]
INFO: [ route_check ] --END-- [ RunTime:0.001153s ]
INFO: [ app_begin ] --START--
INFO: ReadHtmlCache Behavior ::run [ RunTime:0.001051s ]
INFO: [ app_begin ] --END-- [ RunTime:0.001127s ]
ERR: 无法加载模块:claim

[ 2017-12-22T08:59:43+08:00 ] 115.231.193.202 /ok_erp/finance_index.php/BillingData/UndownloadBillingData
INFO: [ route_check ] --START--
INFO: CheckRoute Behavior ::run [ RunTime:0.000821s ]
INFO: [ route_check ] --END-- [ RunTime:0.000910s ]
INFO: [ app_begin ] --START--
INFO: ReadHtmlCache Behavior ::run [ RunTime:0.000538s ]
INFO: [ app_begin ] --END-- [ RunTime:0.000607s ]
SQL: SHOW COLUMNS FROM `billingdata` [ RunTime:0.015445s ]
SQL: SELECT * FROM `billingdata` WHERE ( download_confirm='F' )  [ RunTime:0.019249s ]
INFO: [ view_parse ] --START--
INFO: ParseTemplate Behavior ::run [ RunTime:0.032119s ]
INFO: [ view_parse ] --END-- [ RunTime:0.032214s ]
INFO: [ view_filter ] --START--
INFO: ContentReplace Behavior ::run [ RunTime:0.000879s ]
INFO: TokenBuild Behavior ::run [ RunTime:0.000597s ]
INFO: WriteHtmlCache Behavior ::run [ RunTime:0.000467s ]
INFO: ShowRuntime Behavior ::run [ RunTime:0.000716s ]
INFO: [ view_filter ] --END-- [ RunTime:0.002847s ]
INFO: [ view_end ] --START--
INFO: ShowPageTrace Behavior ::run [ RunTime:0.000841s ]
INFO: [ view_end ] --END-- [ RunTime:0.000909s ]

[ 2017-12-22T09:28:33+08:00 ] 115.231.193.202 /ok_erp/finance_index.php/Claim/selectClaim
INFO: [ route_check ] --START--
INFO: CheckRoute Behavior ::run [ RunTime:0.001059s ]
INFO: [ route_check ] --END-- [ RunTime:0.001154s ]
INFO: [ app_begin ] --START--
INFO: ReadHtmlCache Behavior ::run [ RunTime:0.000842s ]
INFO: [ app_begin ] --END-- [ RunTime:0.001284s ]
SQL: SHOW COLUMNS FROM `company` [ RunTime:0.000890s ]
SQL: SELECT * FROM `company` ORDER BY company_id  [ RunTime:0.000245s ]
INFO: [ view_parse ] --START--
INFO: ParseTemplate Behavior ::run [ RunTime:0.011025s ]
INFO: [ view_parse ] --END-- [ RunTime:0.011107s ]
INFO: [ view_filter ] --START--
INFO: ContentReplace Behavior ::run [ RunTime:0.000588s ]
INFO: TokenBuild Behavior ::run [ RunTime:0.000578s ]
INFO: WriteHtmlCache Behavior ::run [ RunTime:0.000452s ]
INFO: ShowRuntime Behavior ::run [ RunTime:0.000679s ]
INFO: [ view_filter ] --END-- [ RunTime:0.002488s ]
INFO: [ view_end ] --START--
INFO: ShowPageTrace Behavior ::run [ RunTime:0.000820s ]
INFO: [ view_end ] --END-- [ RunTime:0.000888s ]

[ 2017-12-22T09:28:35+08:00 ] 115.231.193.202 /ok_erp/finance_index.php/CheckWarehouseAccount/FindMekaMM
INFO: [ route_check ] --START--
INFO: CheckRoute Behavior ::run [ RunTime:0.000827s ]
INFO: [ route_check ] --END-- [ RunTime:0.000917s ]
INFO: [ app_begin ] --START--
INFO: ReadHtmlCache Behavior ::run [ RunTime:0.000541s ]
INFO: [ app_begin ] --END-- [ RunTime:0.000610s ]
INFO: [ view_parse ] --START--
INFO: ParseTemplate Behavior ::run [ RunTime:0.015375s ]
INFO: [ view_parse ] --END-- [ RunTime:0.015465s ]
INFO: [ view_filter ] --START--
INFO: ContentReplace Behavior ::run [ RunTime:0.000358s ]
INFO: TokenBuild Behavior ::run [ RunTime:0.000350s ]
INFO: WriteHtmlCache Behavior ::run [ RunTime:0.000222s ]
INFO: ShowRuntime Behavior ::run [ RunTime:0.000449s ]
INFO: [ view_filter ] --END-- [ RunTime:0.001564s ]
INFO: [ view_end ] --START--
INFO: ShowPageTrace Behavior ::run [ RunTime:0.000603s ]
INFO: [ view_end ] --END-- [ RunTime:0.000670s ]

[ 2017-12-22T09:28:37+08:00 ] 115.231.193.202 /ok_erp/finance_index.php/CheckTemporaryStock/SetParam
INFO: [ route_check ] --START--
INFO: CheckRoute Behavior ::run [ RunTime:0.000820s ]
INFO: [ route_check ] --END-- [ RunTime:0.000909s ]
INFO: [ app_begin ] --START--
INFO: ReadHtmlCache Behavior ::run [ RunTime:0.000540s ]
INFO: [ app_begin ] --END-- [ RunTime:0.000609s ]
INFO: [ view_parse ] --START--
INFO: ParseTemplate Behavior ::run [ RunTime:0.009449s ]
INFO: [ view_parse ] --END-- [ RunTime:0.009531s ]
INFO: [ view_filter ] --START--
INFO: ContentReplace Behavior ::run [ RunTime:0.000343s ]
INFO: TokenBuild Behavior ::run [ RunTime:0.000347s ]
INFO: WriteHtmlCache Behavior ::run [ RunTime:0.000219s ]
INFO: ShowRuntime Behavior ::run [ RunTime:0.000447s ]
INFO: [ view_filter ] --END-- [ RunTime:0.001538s ]
INFO: [ view_end ] --START--
INFO: ShowPageTrace Behavior ::run [ RunTime:0.000595s ]
INFO: [ view_end ] --END-- [ RunTime:0.000661s ]

[ 2017-12-22T09:28:42+08:00 ] 115.231.193.202 /ok_erp/finance_index.php/Account/SelectAccount
INFO: [ route_check ] --START--
INFO: CheckRoute Behavior ::run [ RunTime:0.000823s ]
INFO: [ route_check ] --END-- [ RunTime:0.000912s ]
INFO: [ app_begin ] --START--
INFO: ReadHtmlCache Behavior ::run [ RunTime:0.000539s ]
INFO: [ app_begin ] --END-- [ RunTime:0.000607s ]
INFO: [ view_parse ] --START--
INFO: ParseTemplate Behavior ::run [ RunTime:0.011484s ]
INFO: [ view_parse ] --END-- [ RunTime:0.011573s ]
INFO: [ view_filter ] --START--
INFO: ContentReplace Behavior ::run [ RunTime:0.000619s ]
INFO: TokenBuild Behavior ::run [ RunTime:0.000369s ]
INFO: WriteHtmlCache Behavior ::run [ RunTime:0.000224s ]
INFO: ShowRuntime Behavior ::run [ RunTime:0.000448s ]
INFO: [ view_filter ] --END-- [ RunTime:0.001855s ]
INFO: [ view_end ] --START--
INFO: ShowPageTrace Behavior ::run [ RunTime:0.000592s ]
INFO: [ view_end ] --END-- [ RunTime:0.000658s ]

[ 2017-12-22T09:28:44+08:00 ] 115.231.193.202 /ok_erp/finance_index.php/CheckWarehouseAccount/FindMekaMM
INFO: [ route_check ] --START--
INFO: CheckRoute Behavior ::run [ RunTime:0.000894s ]
INFO: [ route_check ] --END-- [ RunTime:0.000985s ]
INFO: [ app_begin ] --START--
INFO: ReadHtmlCache Behavior ::run [ RunTime:0.000555s ]
INFO: [ app_begin ] --END-- [ RunTime:0.000626s ]
INFO: [ view_parse ] --START--
INFO: ParseTemplate Behavior ::run [ RunTime:0.009070s ]
INFO: [ view_parse ] --END-- [ RunTime:0.009150s ]
INFO: [ view_filter ] --START--
INFO: ContentReplace Behavior ::run [ RunTime:0.000345s ]
INFO: TokenBuild Behavior ::run [ RunTime:0.000342s ]
INFO: WriteHtmlCache Behavior ::run [ RunTime:0.000218s ]
INFO: ShowRuntime Behavior ::run [ RunTime:0.000448s ]
INFO: [ view_filter ] --END-- [ RunTime:0.001538s ]
INFO: [ view_end ] --START--
INFO: ShowPageTrace Behavior ::run [ RunTime:0.000599s ]
INFO: [ view_end ] --END-- [ RunTime:0.000665s ]

[ 2017-12-22T09:28:47+08:00 ] 115.231.193.202 /ok_erp/finance_index.php/CheckWarehouseAccount/FindMekaMM
INFO: [ route_check ] --START--
INFO: CheckRoute Behavior ::run [ RunTime:0.000823s ]
INFO: [ route_check ] --END-- [ RunTime:0.000913s ]
INFO: [ app_begin ] --START--
INFO: ReadHtmlCache Behavior ::run [ RunTime:0.000537s ]
INFO: [ app_begin ] --END-- [ RunTime:0.000606s ]
INFO: [ view_parse ] --START--
INFO: ParseTemplate Behavior ::run [ RunTime:0.009346s ]
INFO: [ view_parse ] --END-- [ RunTime:0.009428s ]
INFO: [ view_filter ] --START--
INFO: ContentReplace Behavior ::run [ RunTime:0.000349s ]
INFO: TokenBuild Behavior ::run [ RunTime:0.000343s ]
INFO: WriteHtmlCache Behavior ::run [ RunTime:0.000218s ]
INFO: ShowRuntime Behavior ::run [ RunTime:0.000447s ]
INFO: [ view_filter ] --END-- [ RunTime:0.001544s ]
INFO: [ view_end ] --START--
INFO: ShowPageTrace Behavior ::run [ RunTime:0.000600s ]
INFO: [ view_end ] --END-- [ RunTime:0.000667s ]

[ 2017-12-22T09:51:15+08:00 ] 115.231.193.202 /ok_erp/finance_index.php/BillingData/UndownloadBillingData
INFO: [ route_check ] --START--
INFO: CheckRoute Behavior ::run [ RunTime:0.001161s ]
INFO: [ route_check ] --END-- [ RunTime:0.001295s ]
INFO: [ app_begin ] --START--
INFO: ReadHtmlCache Behavior ::run [ RunTime:0.000654s ]
INFO: [ app_begin ] --END-- [ RunTime:0.000731s ]
SQL: SHOW COLUMNS FROM `billingdata` [ RunTime:0.001476s ]
SQL: SELECT * FROM `billingdata` WHERE ( download_confirm='F' )  [ RunTime:0.000747s ]
INFO: [ view_parse ] --START--
INFO: ParseTemplate Behavior ::run [ RunTime:0.015127s ]
INFO: [ view_parse ] --END-- [ RunTime:0.015220s ]
INFO: [ view_filter ] --START--
INFO: ContentReplace Behavior ::run [ RunTime:0.000836s ]
INFO: TokenBuild Behavior ::run [ RunTime:0.000873s ]
INFO: WriteHtmlCache Behavior ::run [ RunTime:0.001108s ]
INFO: ShowRuntime Behavior ::run [ RunTime:0.001110s ]
INFO: [ view_filter ] --END-- [ RunTime:0.004145s ]
INFO: [ view_end ] --START--
INFO: ShowPageTrace Behavior ::run [ RunTime:0.001281s ]
INFO: [ view_end ] --END-- [ RunTime:0.001367s ]

[ 2017-12-22T10:10:49+08:00 ] 115.231.193.202 /ok_erp/finance_index.php/BillingData/UndownloadBillingData
INFO: [ route_check ] --START--
INFO: CheckRoute Behavior ::run [ RunTime:0.001169s ]
INFO: [ route_check ] --END-- [ RunTime:0.001269s ]
INFO: [ app_begin ] --START--
INFO: ReadHtmlCache Behavior ::run [ RunTime:0.000834s ]
INFO: [ app_begin ] --END-- [ RunTime:0.000913s ]
SQL: SHOW COLUMNS FROM `billingdata` [ RunTime:0.001450s ]
SQL: SELECT * FROM `billingdata` WHERE ( download_confirm='F' )  [ RunTime:0.000755s ]
INFO: [ view_parse ] --START--
INFO: ParseTemplate Behavior ::run [ RunTime:0.014684s ]
INFO: [ view_parse ] --END-- [ RunTime:0.014771s ]
INFO: [ view_filter ] --START--
INFO: ContentReplace Behavior ::run [ RunTime:0.000846s ]
INFO: TokenBuild Behavior ::run [ RunTime:0.000794s ]
INFO: WriteHtmlCache Behavior ::run [ RunTime:0.000709s ]
INFO: ShowRuntime Behavior ::run [ RunTime:0.000894s ]
INFO: [ view_filter ] --END-- [ RunTime:0.003434s ]
INFO: [ view_end ] --START--
INFO: ShowPageTrace Behavior ::run [ RunTime:0.001091s ]
INFO: [ view_end ] --END-- [ RunTime:0.001158s ]

[ 2017-12-22T10:30:41+08:00 ] 115.231.193.202 /ok_erp/finance_index.php/BillingData/UndownloadBillingData
INFO: [ route_check ] --START--
INFO: CheckRoute Behavior ::run [ RunTime:0.001099s ]
INFO: [ route_check ] --END-- [ RunTime:0.001189s ]
INFO: [ app_begin ] --START--
INFO: ReadHtmlCache Behavior ::run [ RunTime:0.000776s ]
INFO: [ app_begin ] --END-- [ RunTime:0.000848s ]
SQL: SHOW COLUMNS FROM `billingdata` [ RunTime:0.001057s ]
SQL: SELECT * FROM `billingdata` WHERE ( download_confirm='F' )  [ RunTime:0.000726s ]
INFO: [ view_parse ] --START--
INFO: ParseTemplate Behavior ::run [ RunTime:0.013060s ]
INFO: [ view_parse ] --END-- [ RunTime:0.013141s ]
INFO: [ view_filter ] --START--
INFO: ContentReplace Behavior ::run [ RunTime:0.000634s ]
INFO: TokenBuild Behavior ::run [ RunTime:0.000588s ]
INFO: WriteHtmlCache Behavior ::run [ RunTime:0.000704s ]
INFO: ShowRuntime Behavior ::run [ RunTime:0.000691s ]
INFO: [ view_filter ] --END-- [ RunTime:0.002805s ]
INFO: [ view_end ] --START--
INFO: ShowPageTrace Behavior ::run [ RunTime:0.001356s ]
INFO: [ view_end ] --END-- [ RunTime:0.001423s ]

[ 2017-12-22T10:30:47+08:00 ] 115.231.193.202 /ok_erp/finance_index.php/BillingData/DownloadAllBillingData?id=607
INFO: [ route_check ] --START--
INFO: CheckRoute Behavior ::run [ RunTime:0.001057s ]
INFO: [ route_check ] --END-- [ RunTime:0.001147s ]
INFO: [ app_begin ] --START--
INFO: ReadHtmlCache Behavior ::run [ RunTime:0.000769s ]
INFO: [ app_begin ] --END-- [ RunTime:0.000843s ]
SQL: SHOW COLUMNS FROM `billingdata` [ RunTime:0.001030s ]
SQL: SELECT * FROM `billingdata` WHERE ( `ID` = 607 ) LIMIT 1   [ RunTime:0.000322s ]

[ 2017-12-22T10:30:47+08:00 ] 115.231.193.202 /ok_erp/finance_index.php/BillingData/DownloadAllBillingData?id=607
INFO: [ route_check ] --START--
INFO: CheckRoute Behavior ::run [ RunTime:0.001066s ]
INFO: [ route_check ] --END-- [ RunTime:0.001156s ]
INFO: [ app_begin ] --START--
INFO: ReadHtmlCache Behavior ::run [ RunTime:0.001163s ]
INFO: [ app_begin ] --END-- [ RunTime:0.001236s ]
SQL: SHOW COLUMNS FROM `billingdata` [ RunTime:0.001012s ]
SQL: SELECT * FROM `billingdata` WHERE ( `ID` = 607 ) LIMIT 1   [ RunTime:0.000284s ]

[ 2017-12-22T10:30:47+08:00 ] 115.231.193.202 /ok_erp/finance_index.php/BillingData/DownloadAllBillingData?id=607
INFO: [ route_check ] --START--
INFO: CheckRoute Behavior ::run [ RunTime:0.001056s ]
INFO: [ route_check ] --END-- [ RunTime:0.001149s ]
INFO: [ app_begin ] --START--
INFO: ReadHtmlCache Behavior ::run [ RunTime:0.000773s ]
INFO: [ app_begin ] --END-- [ RunTime:0.000846s ]
SQL: SHOW COLUMNS FROM `billingdata` [ RunTime:0.001016s ]
SQL: SELECT * FROM `billingdata` WHERE ( `ID` = 607 ) LIMIT 1   [ RunTime:0.000277s ]

[ 2017-12-22T10:30:50+08:00 ] 115.231.193.202 /ok_erp/finance_index.php/BillingData/DownloadAllBillingData?id=608
INFO: [ route_check ] --START--
INFO: CheckRoute Behavior ::run [ RunTime:0.000819s ]
INFO: [ route_check ] --END-- [ RunTime:0.000909s ]
INFO: [ app_begin ] --START--
INFO: ReadHtmlCache Behavior ::run [ RunTime:0.000541s ]
INFO: [ app_begin ] --END-- [ RunTime:0.000610s ]
SQL: SHOW COLUMNS FROM `billingdata` [ RunTime:0.001030s ]
SQL: SELECT * FROM `billingdata` WHERE ( `ID` = 608 ) LIMIT 1   [ RunTime:0.000283s ]

[ 2017-12-22T10:30:50+08:00 ] 115.231.193.202 /ok_erp/finance_index.php/BillingData/DownloadAllBillingData?id=608
INFO: [ route_check ] --START--
INFO: CheckRoute Behavior ::run [ RunTime:0.000820s ]
INFO: [ route_check ] --END-- [ RunTime:0.000909s ]
INFO: [ app_begin ] --START--
INFO: ReadHtmlCache Behavior ::run [ RunTime:0.000536s ]
INFO: [ app_begin ] --END-- [ RunTime:0.000606s ]
SQL: SHOW COLUMNS FROM `billingdata` [ RunTime:0.001008s ]
SQL: SELECT * FROM `billingdata` WHERE ( `ID` = 608 ) LIMIT 1   [ RunTime:0.000315s ]

[ 2017-12-22T10:30:50+08:00 ] 115.231.193.202 /ok_erp/finance_index.php/BillingData/DownloadAllBillingData?id=608
INFO: [ route_check ] --START--
INFO: CheckRoute Behavior ::run [ RunTime:0.000820s ]
INFO: [ route_check ] --END-- [ RunTime:0.000911s ]
INFO: [ app_begin ] --START--
INFO: ReadHtmlCache Behavior ::run [ RunTime:0.000541s ]
INFO: [ app_begin ] --END-- [ RunTime:0.000612s ]
SQL: SHOW COLUMNS FROM `billingdata` [ RunTime:0.000992s ]
SQL: SELECT * FROM `billingdata` WHERE ( `ID` = 608 ) LIMIT 1   [ RunTime:0.000271s ]

[ 2017-12-22T10:30:54+08:00 ] 115.231.193.202 /ok_erp/finance_index.php/BillingData/DownloadConfirmBillingData
INFO: [ route_check ] --START--
INFO: CheckRoute Behavior ::run [ RunTime:0.000824s ]
INFO: [ route_check ] --END-- [ RunTime:0.000915s ]
INFO: [ app_begin ] --START--
INFO: ReadHtmlCache Behavior ::run [ RunTime:0.000539s ]
INFO: [ app_begin ] --END-- [ RunTime:0.000599s ]
SQL: SHOW COLUMNS FROM `billingdata` [ RunTime:0.001039s ]
SQL: UPDATE `billingdata` SET `download_confirm`='T' WHERE ( ID=607 ) [ RunTime:0.000302s ]

[ 2017-12-22T10:30:55+08:00 ] 115.231.193.202 /ok_erp/finance_index.php/BillingData/UndownloadBillingData
INFO: [ route_check ] --START--
INFO: CheckRoute Behavior ::run [ RunTime:0.000824s ]
INFO: [ route_check ] --END-- [ RunTime:0.000916s ]
INFO: [ app_begin ] --START--
INFO: ReadHtmlCache Behavior ::run [ RunTime:0.000540s ]
INFO: [ app_begin ] --END-- [ RunTime:0.000609s ]
SQL: SHOW COLUMNS FROM `billingdata` [ RunTime:0.001041s ]
SQL: SELECT * FROM `billingdata` WHERE ( download_confirm='F' )  [ RunTime:0.000675s ]
INFO: [ view_parse ] --START--
INFO: ParseTemplate Behavior ::run [ RunTime:0.013843s ]
INFO: [ view_parse ] --END-- [ RunTime:0.013944s ]
INFO: [ view_filter ] --START--
INFO: ContentReplace Behavior ::run [ RunTime:0.000652s ]
INFO: TokenBuild Behavior ::run [ RunTime:0.000595s ]
INFO: WriteHtmlCache Behavior ::run [ RunTime:0.000679s ]
INFO: ShowRuntime Behavior ::run [ RunTime:0.000700s ]
INFO: [ view_filter ] --END-- [ RunTime:0.002816s ]
INFO: [ view_end ] --START--
INFO: ShowPageTrace Behavior ::run [ RunTime:0.000841s ]
INFO: [ view_end ] --END-- [ RunTime:0.000907s ]

[ 2017-12-22T10:30:57+08:00 ] 115.231.193.202 /ok_erp/finance_index.php/BillingData/DownloadConfirmBillingData
INFO: [ route_check ] --START--
INFO: CheckRoute Behavior ::run [ RunTime:0.000833s ]
INFO: [ route_check ] --END-- [ RunTime:0.000926s ]
INFO: [ app_begin ] --START--
INFO: ReadHtmlCache Behavior ::run [ RunTime:0.000540s ]
INFO: [ app_begin ] --END-- [ RunTime:0.000602s ]
SQL: SHOW COLUMNS FROM `billingdata` [ RunTime:0.001012s ]
SQL: UPDATE `billingdata` SET `download_confirm`='T' WHERE ( ID=608 ) [ RunTime:0.000209s ]

[ 2017-12-22T10:30:59+08:00 ] 115.231.193.202 /ok_erp/finance_index.php/BillingData/UndownloadBillingData
INFO: [ route_check ] --START--
INFO: CheckRoute Behavior ::run [ RunTime:0.000824s ]
INFO: [ route_check ] --END-- [ RunTime:0.000915s ]
INFO: [ app_begin ] --START--
INFO: ReadHtmlCache Behavior ::run [ RunTime:0.000540s ]
INFO: [ app_begin ] --END-- [ RunTime:0.000609s ]
SQL: SHOW COLUMNS FROM `billingdata` [ RunTime:0.001014s ]
SQL: SELECT * FROM `billingdata` WHERE ( download_confirm='F' )  [ RunTime:0.000719s ]
INFO: [ view_parse ] --START--
INFO: ParseTemplate Behavior ::run [ RunTime:0.012191s ]
INFO: [ view_parse ] --END-- [ RunTime:0.012272s ]
INFO: [ view_filter ] --START--
INFO: ContentReplace Behavior ::run [ RunTime:0.000344s ]
INFO: TokenBuild Behavior ::run [ RunTime:0.000351s ]
INFO: WriteHtmlCache Behavior ::run [ RunTime:0.000573s ]
INFO: ShowRuntime Behavior ::run [ RunTime:0.000450s ]
INFO: [ view_filter ] --END-- [ RunTime:0.001903s ]
INFO: [ view_end ] --START--
INFO: ShowPageTrace Behavior ::run [ RunTime:0.000602s ]
INFO: [ view_end ] --END-- [ RunTime:0.000667s ]

[ 2017-12-22T10:31:43+08:00 ] 183.192.201.97 /ok_erp/finance_index.php/billingdata/downloadallbillingdata
INFO: [ route_check ] --START--
INFO: CheckRoute Behavior ::run [ RunTime:0.000867s ]
INFO: [ route_check ] --END-- [ RunTime:0.000957s ]
INFO: [ app_begin ] --START--
INFO: ReadHtmlCache Behavior ::run [ RunTime:0.000541s ]
INFO: [ app_begin ] --END-- [ RunTime:0.000612s ]
ERR: 无法加载模块:billingdata

[ 2017-12-22T10:56:39+08:00 ] 115.231.193.202 /ok_erp/finance_index.php/BillingData/UndownloadBillingData
INFO: [ route_check ] --START--
INFO: CheckRoute Behavior ::run [ RunTime:0.001099s ]
INFO: [ route_check ] --END-- [ RunTime:0.001188s ]
INFO: [ app_begin ] --START--
INFO: ReadHtmlCache Behavior ::run [ RunTime:0.001037s ]
INFO: [ app_begin ] --END-- [ RunTime:0.001110s ]
SQL: SHOW COLUMNS FROM `billingdata` [ RunTime:0.001411s ]
SQL: SELECT * FROM `billingdata` WHERE ( download_confirm='F' )  [ RunTime:0.000731s ]
INFO: [ view_parse ] --START--
INFO: ParseTemplate Behavior ::run [ RunTime:0.014218s ]
INFO: [ view_parse ] --END-- [ RunTime:0.014298s ]
INFO: [ view_filter ] --START--
INFO: ContentReplace Behavior ::run [ RunTime:0.001323s ]
INFO: TokenBuild Behavior ::run [ RunTime:0.000861s ]
INFO: WriteHtmlCache Behavior ::run [ RunTime:0.000717s ]
INFO: ShowRuntime Behavior ::run [ RunTime:0.000906s ]
INFO: [ view_filter ] --END-- [ RunTime:0.004007s ]
INFO: [ view_end ] --START--
INFO: ShowPageTrace Behavior ::run [ RunTime:0.001086s ]
INFO: [ view_end ] --END-- [ RunTime:0.001153s ]

[ 2017-12-22T10:56:42+08:00 ] 115.231.193.202 /ok_erp/finance_index.php/BillingData/FormatBillingDetailList
INFO: [ route_check ] --START--
INFO: CheckRoute Behavior ::run [ RunTime:0.001156s ]
INFO: [ route_check ] --END-- [ RunTime:0.001246s ]
INFO: [ app_begin ] --START--
INFO: ReadHtmlCache Behavior ::run [ RunTime:0.000771s ]
INFO: [ app_begin ] --END-- [ RunTime:0.000843s ]
INFO: [ view_parse ] --START--
INFO: ParseTemplate Behavior ::run [ RunTime:0.024191s ]
INFO: [ view_parse ] --END-- [ RunTime:0.024292s ]
INFO: [ view_filter ] --START--
INFO: ContentReplace Behavior ::run [ RunTime:0.000583s ]
INFO: TokenBuild Behavior ::run [ RunTime:0.000586s ]
INFO: WriteHtmlCache Behavior ::run [ RunTime:0.000662s ]
INFO: ShowRuntime Behavior ::run [ RunTime:0.000933s ]
INFO: [ view_filter ] --END-- [ RunTime:0.002954s ]
INFO: [ view_end ] --START--
INFO: ShowPageTrace Behavior ::run [ RunTime:0.000839s ]
INFO: [ view_end ] --END-- [ RunTime:0.000908s ]

[ 2017-12-22T10:56:43+08:00 ] 115.231.193.202 /ok_erp/finance_index.php/BillingData/UndownloadBillingData
INFO: [ route_check ] --START--
INFO: CheckRoute Behavior ::run [ RunTime:0.000821s ]
INFO: [ route_check ] --END-- [ RunTime:0.000910s ]
INFO: [ app_begin ] --START--
INFO: ReadHtmlCache Behavior ::run [ RunTime:0.000541s ]
INFO: [ app_begin ] --END-- [ RunTime:0.000611s ]
SQL: SHOW COLUMNS FROM `billingdata` [ RunTime:0.001028s ]
SQL: SELECT * FROM `billingdata` WHERE ( download_confirm='F' )  [ RunTime:0.000703s ]
INFO: [ view_parse ] --START--
INFO: ParseTemplate Behavior ::run [ RunTime:0.012632s ]
INFO: [ view_parse ] --END-- [ RunTime:0.012715s ]
INFO: [ view_filter ] --START--
INFO: ContentReplace Behavior ::run [ RunTime:0.000354s ]
INFO: TokenBuild Behavior ::run [ RunTime:0.000388s ]
INFO: WriteHtmlCache Behavior ::run [ RunTime:0.000582s ]
INFO: ShowRuntime Behavior ::run [ RunTime:0.000825s ]
INFO: [ view_filter ] --END-- [ RunTime:0.002332s ]
INFO: [ view_end ] --START--
INFO: ShowPageTrace Behavior ::run [ RunTime:0.000607s ]
INFO: [ view_end ] --END-- [ RunTime:0.000673s ]

[ 2017-12-22T10:57:42+08:00 ] 120.204.17.68 /ok_erp/finance_index.php/billingdata/formatbillingdetaillist
INFO: [ route_check ] --START--
INFO: CheckRoute Behavior ::run [ RunTime:0.001094s ]
INFO: [ route_check ] --END-- [ RunTime:0.001193s ]
INFO: [ app_begin ] --START--
INFO: ReadHtmlCache Behavior ::run [ RunTime:0.000776s ]
INFO: [ app_begin ] --END-- [ RunTime:0.000847s ]
ERR: 无法加载模块:billingdata

[ 2017-12-22T14:36:43+08:00 ] 115.231.193.202 /ok_erp/finance_index.php/BillingData/UndownloadBillingData
INFO: [ route_check ] --START--
INFO: CheckRoute Behavior ::run [ RunTime:0.001051s ]
INFO: [ route_check ] --END-- [ RunTime:0.001141s ]
INFO: [ app_begin ] --START--
INFO: ReadHtmlCache Behavior ::run [ RunTime:0.000780s ]
INFO: [ app_begin ] --END-- [ RunTime:0.000853s ]
SQL: SHOW COLUMNS FROM `billingdata` [ RunTime:0.001175s ]
SQL: SELECT * FROM `billingdata` WHERE ( download_confirm='F' )  [ RunTime:0.000782s ]
INFO: [ view_parse ] --START--
INFO: ParseTemplate Behavior ::run [ RunTime:0.012813s ]
INFO: [ view_parse ] --END-- [ RunTime:0.012894s ]
INFO: [ view_filter ] --START--
INFO: ContentReplace Behavior ::run [ RunTime:0.000580s ]
INFO: TokenBuild Behavior ::run [ RunTime:0.000583s ]
INFO: WriteHtmlCache Behavior ::run [ RunTime:0.000675s ]
INFO: ShowRuntime Behavior ::run [ RunTime:0.000677s ]
INFO: [ view_filter ] --END-- [ RunTime:0.002704s ]
INFO: [ view_end ] --START--
INFO: ShowPageTrace Behavior ::run [ RunTime:0.000838s ]
INFO: [ view_end ] --END-- [ RunTime:0.000904s ]

[ 2017-12-22T14:36:47+08:00 ] 115.231.193.202 /ok_erp/finance_index.php/BillingData/UndownloadBillingData
INFO: [ route_check ] --START--
INFO: CheckRoute Behavior ::run [ RunTime:0.001053s ]
INFO: [ route_check ] --END-- [ RunTime:0.001142s ]
INFO: [ app_begin ] --START--
INFO: ReadHtmlCache Behavior ::run [ RunTime:0.000774s ]
INFO: [ app_begin ] --END-- [ RunTime:0.000846s ]
SQL: SHOW COLUMNS FROM `billingdata` [ RunTime:0.001049s ]
SQL: SELECT * FROM `billingdata` WHERE ( download_confirm='F' )  [ RunTime:0.000713s ]
INFO: [ view_parse ] --START--
INFO: ParseTemplate Behavior ::run [ RunTime:0.014122s ]
INFO: [ view_parse ] --END-- [ RunTime:0.014203s ]
INFO: [ view_filter ] --START--
INFO: ContentReplace Behavior ::run [ RunTime:0.000785s ]
INFO: TokenBuild Behavior ::run [ RunTime:0.000792s ]
INFO: WriteHtmlCache Behavior ::run [ RunTime:0.000662s ]
INFO: ShowRuntime Behavior ::run [ RunTime:0.000887s ]
INFO: [ view_filter ] --END-- [ RunTime:0.003316s ]
INFO: [ view_end ] --START--
INFO: ShowPageTrace Behavior ::run [ RunTime:0.001044s ]
INFO: [ view_end ] --END-- [ RunTime:0.001111s ]

[ 2017-12-22T14:40:43+08:00 ] 115.231.193.202 /ok_erp/finance_index.php/Claim/selectClaimResult
INFO: [ route_check ] --START--
INFO: CheckRoute Behavior ::run [ RunTime:0.001057s ]
INFO: [ route_check ] --END-- [ RunTime:0.001148s ]
INFO: [ app_begin ] --START--
INFO: ReadHtmlCache Behavior ::run [ RunTime:0.000771s ]
INFO: [ app_begin ] --END-- [ RunTime:0.000843s ]

[ 2017-12-22T14:40:46+08:00 ] 115.231.193.202 /ok_erp/finance_index.php/Claim/selectClaim
INFO: [ route_check ] --START--
INFO: CheckRoute Behavior ::run [ RunTime:0.000821s ]
INFO: [ route_check ] --END-- [ RunTime:0.000909s ]
INFO: [ app_begin ] --START--
INFO: ReadHtmlCache Behavior ::run [ RunTime:0.000539s ]
INFO: [ app_begin ] --END-- [ RunTime:0.000607s ]
SQL: SHOW COLUMNS FROM `company` [ RunTime:0.000910s ]
SQL: SELECT * FROM `company` ORDER BY company_id  [ RunTime:0.000230s ]
INFO: [ view_parse ] --START--
INFO: ParseTemplate Behavior ::run [ RunTime:0.010919s ]
INFO: [ view_parse ] --END-- [ RunTime:0.011002s ]
INFO: [ view_filter ] --START--
INFO: ContentReplace Behavior ::run [ RunTime:0.000589s ]
INFO: TokenBuild Behavior ::run [ RunTime:0.000580s ]
INFO: WriteHtmlCache Behavior ::run [ RunTime:0.000666s ]
INFO: ShowRuntime Behavior ::run [ RunTime:0.000887s ]
INFO: [ view_filter ] --END-- [ RunTime:0.002911s ]
INFO: [ view_end ] --START--
INFO: ShowPageTrace Behavior ::run [ RunTime:0.000822s ]
INFO: [ view_end ] --END-- [ RunTime:0.000889s ]

[ 2017-12-22T14:40:54+08:00 ] 115.231.193.202 /ok_erp/finance_index.php/Claim/selectClaimResult
INFO: [ route_check ] --START--
INFO: CheckRoute Behavior ::run [ RunTime:0.001055s ]
INFO: [ route_check ] --END-- [ RunTime:0.001145s ]
INFO: [ app_begin ] --START--
INFO: ReadHtmlCache Behavior ::run [ RunTime:0.000771s ]
INFO: [ app_begin ] --END-- [ RunTime:0.000845s ]
SQL: SELECT COUNT(*) AS tp_count FROM mf_exchange as a LEFT JOIN tf_exchange b on a.id=b.id LEFT JOIN company c on a.company_id=c.company_id LEFT JOIN bank d on a.bank_id=d.bank_id WHERE ( b.contract_cust LIKE '%' ) AND ( b.so_no LIKE '%' ) AND ( a.sal_name LIKE '%' ) AND ( a.company_id LIKE '%' ) AND (  (a.pay_dd BETWEEN '2017-12-21' AND '2017-12-22' ) ) AND ( a.claim = '1' ) AND ( a.bank_cust LIKE '%' ) LIMIT 1   [ RunTime:0.002203s ]
SQL: SELECT * FROM mf_exchange as a LEFT JOIN tf_exchange b on a.id=b.id LEFT JOIN company c on a.company_id=c.company_id LEFT JOIN bank d on a.bank_id=d.bank_id WHERE ( b.contract_cust LIKE '%' ) AND ( b.so_no LIKE '%' ) AND ( a.sal_name LIKE '%' ) AND ( a.company_id LIKE '%' ) AND (  (a.pay_dd BETWEEN '2017-12-21' AND '2017-12-22' ) ) AND ( a.claim = '1' ) AND ( a.bank_cust LIKE '%' ) ORDER BY b.record_dd LIMIT 0,15   [ RunTime:0.003920s ]
INFO: [ view_parse ] --START--
INFO: ParseTemplate Behavior ::run [ RunTime:0.024896s ]
INFO: [ view_parse ] --END-- [ RunTime:0.024983s ]
INFO: [ view_filter ] --START--
INFO: ContentReplace Behavior ::run [ RunTime:0.000851s ]
INFO: TokenBuild Behavior ::run [ RunTime:0.000794s ]
INFO: WriteHtmlCache Behavior ::run [ RunTime:0.000661s ]
INFO: ShowRuntime Behavior ::run [ RunTime:0.000889s ]
INFO: [ view_filter ] --END-- [ RunTime:0.003386s ]
INFO: [ view_end ] --START--
INFO: ShowPageTrace Behavior ::run [ RunTime:0.001047s ]
INFO: [ view_end ] --END-- [ RunTime:0.001117s ]

[ 2017-12-22T15:17:21+08:00 ] 115.231.193.202 /ok_erp/finance_index.php/Claim/selectClaim
INFO: [ route_check ] --START--
INFO: CheckRoute Behavior ::run [ RunTime:0.001082s ]
INFO: [ route_check ] --END-- [ RunTime:0.001183s ]
INFO: [ app_begin ] --START--
INFO: ReadHtmlCache Behavior ::run [ RunTime:0.000786s ]
INFO: [ app_begin ] --END-- [ RunTime:0.000857s ]
SQL: SHOW COLUMNS FROM `company` [ RunTime:0.000860s ]
SQL: SELECT * FROM `company` ORDER BY company_id  [ RunTime:0.000259s ]
INFO: [ view_parse ] --START--
INFO: ParseTemplate Behavior ::run [ RunTime:0.012328s ]
INFO: [ view_parse ] --END-- [ RunTime:0.012417s ]
INFO: [ view_filter ] --START--
INFO: ContentReplace Behavior ::run [ RunTime:0.000807s ]
INFO: TokenBuild Behavior ::run [ RunTime:0.000794s ]
INFO: WriteHtmlCache Behavior ::run [ RunTime:0.000664s ]
INFO: ShowRuntime Behavior ::run [ RunTime:0.000899s ]
INFO: [ view_filter ] --END-- [ RunTime:0.003367s ]
INFO: [ view_end ] --START--
INFO: ShowPageTrace Behavior ::run [ RunTime:0.001045s ]
INFO: [ view_end ] --END-- [ RunTime:0.001113s ]

[ 2017-12-22T15:17:24+08:00 ] 115.231.193.202 /ok_erp/finance_index.php/Exchange/NewExchange
INFO: [ route_check ] --START--
INFO: CheckRoute Behavior ::run [ RunTime:0.001066s ]
INFO: [ route_check ] --END-- [ RunTime:0.001159s ]
INFO: [ app_begin ] --START--
INFO: ReadHtmlCache Behavior ::run [ RunTime:0.000769s ]
INFO: [ app_begin ] --END-- [ RunTime:0.000841s ]
SQL: SHOW COLUMNS FROM `company` [ RunTime:0.000857s ]
SQL: SELECT * FROM `company`  [ RunTime:0.000239s ]
SQL: SHOW COLUMNS FROM `bank` [ RunTime:0.000737s ]
SQL: SELECT * FROM `bank`  [ RunTime:0.000174s ]
INFO: [ view_parse ] --START--
INFO: ParseTemplate Behavior ::run [ RunTime:0.012239s ]
INFO: [ view_parse ] --END-- [ RunTime:0.012340s ]
INFO: [ view_filter ] --START--
INFO: ContentReplace Behavior ::run [ RunTime:0.000623s ]
INFO: TokenBuild Behavior ::run [ RunTime:0.000593s ]
INFO: WriteHtmlCache Behavior ::run [ RunTime:0.000672s ]
INFO: ShowRuntime Behavior ::run [ RunTime:0.000982s ]
INFO: [ view_filter ] --END-- [ RunTime:0.003066s ]
INFO: [ view_end ] --START--
INFO: ShowPageTrace Behavior ::run [ RunTime:0.000856s ]
INFO: [ view_end ] --END-- [ RunTime:0.000925s ]

[ 2017-12-22T15:17:58+08:00 ] 115.231.193.202 /ok_erp/finance_index.php/Exchange/NewExchangeResult
INFO: [ route_check ] --START--
INFO: CheckRoute Behavior ::run [ RunTime:0.000891s ]
INFO: [ route_check ] --END-- [ RunTime:0.000993s ]
INFO: [ app_begin ] --START--
INFO: ReadHtmlCache Behavior ::run [ RunTime:0.000547s ]
INFO: [ app_begin ] --END-- [ RunTime:0.000620s ]
SQL: SHOW COLUMNS FROM `mf_exchange` [ RunTime:0.001033s ]
SQL: SELECT * FROM `mf_exchange` WHERE ( `bank_cust` = 'ELGIN S/A' ) AND ( `pay_dd` = '2017-12-22' ) AND ( `amount` = 4629 ) AND ( `rem` = '第一笔' )  [ RunTime:0.000308s ]
SQL: INSERT INTO `mf_exchange` (`foreign_trade`,`company_id`,`bank_id`,`pay_dd`,`bank_cust`,`country`,`CUR_ID`,`amount`,`rem`,`record_dd`) VALUES ('外销',2,1,'2017-12-22','ELGIN S/A','巴西','USD',4629,'第一笔','2017-12-22 15:17:58') [ RunTime:0.229083s ]
INFO: [ view_parse ] --START--
INFO: ParseTemplate Behavior ::run [ RunTime:0.009297s ]
INFO: [ view_parse ] --END-- [ RunTime:0.009399s ]
INFO: [ view_filter ] --START--
INFO: ContentReplace Behavior ::run [ RunTime:0.000334s ]
INFO: TokenBuild Behavior ::run [ RunTime:0.000355s ]
INFO: WriteHtmlCache Behavior ::run [ RunTime:0.000223s ]
INFO: ShowRuntime Behavior ::run [ RunTime:0.000866s ]
INFO: [ view_filter ] --END-- [ RunTime:0.002006s ]
INFO: [ view_end ] --START--
INFO: ShowPageTrace Behavior ::run [ RunTime:0.000636s ]
INFO: [ view_end ] --END-- [ RunTime:0.000709s ]

[ 2017-12-22T15:18:00+08:00 ] 115.231.193.202 /ok_erp/finance_index.php/Exchange/NewExchange
INFO: [ route_check ] --START--
INFO: CheckRoute Behavior ::run [ RunTime:0.000850s ]
INFO: [ route_check ] --END-- [ RunTime:0.000954s ]
INFO: [ app_begin ] --START--
INFO: ReadHtmlCache Behavior ::run [ RunTime:0.000599s ]
INFO: [ app_begin ] --END-- [ RunTime:0.000742s ]
SQL: SHOW COLUMNS FROM `company` [ RunTime:0.000921s ]
SQL: SELECT * FROM `company`  [ RunTime:0.000205s ]
SQL: SHOW COLUMNS FROM `bank` [ RunTime:0.000760s ]
SQL: SELECT * FROM `bank`  [ RunTime:0.000199s ]
INFO: [ view_parse ] --START--
INFO: ParseTemplate Behavior ::run [ RunTime:0.011879s ]
INFO: [ view_parse ] --END-- [ RunTime:0.011968s ]
INFO: [ view_filter ] --START--
INFO: ContentReplace Behavior ::run [ RunTime:0.000417s ]
INFO: TokenBuild Behavior ::run [ RunTime:0.000364s ]
INFO: WriteHtmlCache Behavior ::run [ RunTime:0.000270s ]
INFO: ShowRuntime Behavior ::run [ RunTime:0.000810s ]
INFO: [ view_filter ] --END-- [ RunTime:0.002050s ]
INFO: [ view_end ] --START--
INFO: ShowPageTrace Behavior ::run [ RunTime:0.000629s ]
INFO: [ view_end ] --END-- [ RunTime:0.000696s ]

[ 2017-12-22T15:18:15+08:00 ] 115.231.193.202 /ok_erp/finance_index.php/Exchange/NewExchangeResult
INFO: [ route_check ] --START--
INFO: CheckRoute Behavior ::run [ RunTime:0.000824s ]
INFO: [ route_check ] --END-- [ RunTime:0.000913s ]
INFO: [ app_begin ] --START--
INFO: ReadHtmlCache Behavior ::run [ RunTime:0.000546s ]
INFO: [ app_begin ] --END-- [ RunTime:0.000616s ]
SQL: SHOW COLUMNS FROM `mf_exchange` [ RunTime:0.001009s ]
SQL: SELECT * FROM `mf_exchange` WHERE ( `bank_cust` = 'ELGIN S/A' ) AND ( `pay_dd` = '2017-12-22' ) AND ( `amount` = 4629 ) AND ( `rem` = '第一笔' )  [ RunTime:0.000341s ]
INFO: [ view_parse ] --START--
INFO: ParseTemplate Behavior ::run [ RunTime:0.007378s ]
INFO: [ view_parse ] --END-- [ RunTime:0.007464s ]
INFO: [ view_filter ] --START--
INFO: ContentReplace Behavior ::run [ RunTime:0.000322s ]
INFO: TokenBuild Behavior ::run [ RunTime:0.000348s ]
INFO: WriteHtmlCache Behavior ::run [ RunTime:0.000221s ]
INFO: ShowRuntime Behavior ::run [ RunTime:0.000873s ]
INFO: [ view_filter ] --END-- [ RunTime:0.001998s ]
INFO: [ view_end ] --START--
INFO: ShowPageTrace Behavior ::run [ RunTime:0.000621s ]
INFO: [ view_end ] --END-- [ RunTime:0.000690s ]

[ 2017-12-22T15:18:23+08:00 ] 115.231.193.202 /ok_erp/finance_index.php/Exchange/NewExchangeResult
INFO: [ route_check ] --START--
INFO: CheckRoute Behavior ::run [ RunTime:0.000852s ]
INFO: [ route_check ] --END-- [ RunTime:0.000941s ]
INFO: [ app_begin ] --START--
INFO: ReadHtmlCache Behavior ::run [ RunTime:0.000546s ]
INFO: [ app_begin ] --END-- [ RunTime:0.000616s ]
SQL: SHOW COLUMNS FROM `mf_exchange` [ RunTime:0.001089s ]
SQL: SELECT * FROM `mf_exchange` WHERE ( `bank_cust` = 'ELGIN S/A' ) AND ( `pay_dd` = '2017-12-22' ) AND ( `amount` = 4629 ) AND ( `rem` = '第二笔' )  [ RunTime:0.000320s ]
SQL: INSERT INTO `mf_exchange` (`foreign_trade`,`company_id`,`bank_id`,`pay_dd`,`bank_cust`,`country`,`CUR_ID`,`amount`,`rem`,`record_dd`) VALUES ('外销',2,1,'2017-12-22','ELGIN S/A','巴西','USD',4629,'第二笔','2017-12-22 15:18:23') [ RunTime:0.014512s ]
INFO: [ view_parse ] --START--
INFO: ParseTemplate Behavior ::run [ RunTime:0.007517s ]
INFO: [ view_parse ] --END-- [ RunTime:0.007599s ]
INFO: [ view_filter ] --START--
INFO: ContentReplace Behavior ::run [ RunTime:0.000333s ]
INFO: TokenBuild Behavior ::run [ RunTime:0.000384s ]
INFO: WriteHtmlCache Behavior ::run [ RunTime:0.000226s ]
INFO: ShowRuntime Behavior ::run [ RunTime:0.000841s ]
INFO: [ view_filter ] --END-- [ RunTime:0.001979s ]
INFO: [ view_end ] --START--
INFO: ShowPageTrace Behavior ::run [ RunTime:0.000601s ]
INFO: [ view_end ] --END-- [ RunTime:0.000668s ]

[ 2017-12-22T15:18:24+08:00 ] 115.231.193.202 /ok_erp/finance_index.php/Exchange/NewExchange
INFO: [ route_check ] --START--
INFO: CheckRoute Behavior ::run [ RunTime:0.000827s ]
INFO: [ route_check ] --END-- [ RunTime:0.000921s ]
INFO: [ app_begin ] --START--
INFO: ReadHtmlCache Behavior ::run [ RunTime:0.000548s ]
INFO: [ app_begin ] --END-- [ RunTime:0.000616s ]
SQL: SHOW COLUMNS FROM `company` [ RunTime:0.000879s ]
SQL: SELECT * FROM `company`  [ RunTime:0.000213s ]
SQL: SHOW COLUMNS FROM `bank` [ RunTime:0.000702s ]
SQL: SELECT * FROM `bank`  [ RunTime:0.000158s ]
INFO: [ view_parse ] --START--
INFO: ParseTemplate Behavior ::run [ RunTime:0.011998s ]
INFO: [ view_parse ] --END-- [ RunTime:0.012085s ]
INFO: [ view_filter ] --START--
INFO: ContentReplace Behavior ::run [ RunTime:0.000364s ]
INFO: TokenBuild Behavior ::run [ RunTime:0.000355s ]
INFO: WriteHtmlCache Behavior ::run [ RunTime:0.000252s ]
INFO: ShowRuntime Behavior ::run [ RunTime:0.000828s ]
INFO: [ view_filter ] --END-- [ RunTime:0.001986s ]
INFO: [ view_end ] --START--
INFO: ShowPageTrace Behavior ::run [ RunTime:0.000613s ]
INFO: [ view_end ] --END-- [ RunTime:0.000678s ]

[ 2017-12-22T15:19:05+08:00 ] 115.231.193.202 /ok_erp/finance_index.php/Exchange/NewExchangeResult
INFO: [ route_check ] --START--
INFO: CheckRoute Behavior ::run [ RunTime:0.000826s ]
INFO: [ route_check ] --END-- [ RunTime:0.000916s ]
INFO: [ app_begin ] --START--
INFO: ReadHtmlCache Behavior ::run [ RunTime:0.000545s ]
INFO: [ app_begin ] --END-- [ RunTime:0.000617s ]
SQL: SHOW COLUMNS FROM `mf_exchange` [ RunTime:0.001024s ]
SQL: SELECT * FROM `mf_exchange` WHERE ( `bank_cust` = 'AMERICAN GENERAL DO BRASIL' ) AND ( `pay_dd` = '2017-12-22' ) AND ( `amount` = 4490 ) AND ( `rem` = '第一笔' )  [ RunTime:0.000333s ]
SQL: INSERT INTO `mf_exchange` (`foreign_trade`,`company_id`,`bank_id`,`pay_dd`,`bank_cust`,`country`,`CUR_ID`,`amount`,`rem`,`record_dd`) VALUES ('外销',2,1,'2017-12-22','AMERICAN GENERAL DO BRASIL','巴西','USD',4490,'第一笔','2017-12-22 15:19:05') [ RunTime:0.031337s ]
INFO: [ view_parse ] --START--
INFO: ParseTemplate Behavior ::run [ RunTime:0.008855s ]
INFO: [ view_parse ] --END-- [ RunTime:0.008960s ]
INFO: [ view_filter ] --START--
INFO: ContentReplace Behavior ::run [ RunTime:0.000755s ]
INFO: TokenBuild Behavior ::run [ RunTime:0.000616s ]
INFO: WriteHtmlCache Behavior ::run [ RunTime:0.000680s ]
INFO: ShowRuntime Behavior ::run [ RunTime:0.000961s ]
INFO: [ view_filter ] --END-- [ RunTime:0.003216s ]
INFO: [ view_end ] --START--
INFO: ShowPageTrace Behavior ::run [ RunTime:0.000833s ]
INFO: [ view_end ] --END-- [ RunTime:0.000902s ]

[ 2017-12-22T15:19:06+08:00 ] 115.231.193.202 /ok_erp/finance_index.php/Exchange/NewExchange
INFO: [ route_check ] --START--
INFO: CheckRoute Behavior ::run [ RunTime:0.000826s ]
INFO: [ route_check ] --END-- [ RunTime:0.000916s ]
INFO: [ app_begin ] --START--
INFO: ReadHtmlCache Behavior ::run [ RunTime:0.000542s ]
INFO: [ app_begin ] --END-- [ RunTime:0.000612s ]
SQL: SHOW COLUMNS FROM `company` [ RunTime:0.000889s ]
SQL: SELECT * FROM `company`  [ RunTime:0.000230s ]
SQL: SHOW COLUMNS FROM `bank` [ RunTime:0.000735s ]
SQL: SELECT * FROM `bank`  [ RunTime:0.000197s ]
INFO: [ view_parse ] --START--
INFO: ParseTemplate Behavior ::run [ RunTime:0.011554s ]
INFO: [ view_parse ] --END-- [ RunTime:0.011638s ]
INFO: [ view_filter ] --START--
INFO: ContentReplace Behavior ::run [ RunTime:0.000365s ]
INFO: TokenBuild Behavior ::run [ RunTime:0.000348s ]
INFO: WriteHtmlCache Behavior ::run [ RunTime:0.000574s ]
INFO: ShowRuntime Behavior ::run [ RunTime:0.000906s ]
INFO: [ view_filter ] --END-- [ RunTime:0.002387s ]
INFO: [ view_end ] --START--
INFO: ShowPageTrace Behavior ::run [ RunTime:0.000610s ]
INFO: [ view_end ] --END-- [ RunTime:0.000678s ]

[ 2017-12-22T15:19:54+08:00 ] 115.231.193.202 /ok_erp/finance_index.php/Exchange/NewExchangeResult
INFO: [ route_check ] --START--
INFO: CheckRoute Behavior ::run [ RunTime:0.000839s ]
INFO: [ route_check ] --END-- [ RunTime:0.000939s ]
INFO: [ app_begin ] --START--
INFO: ReadHtmlCache Behavior ::run [ RunTime:0.000546s ]
INFO: [ app_begin ] --END-- [ RunTime:0.000615s ]
SQL: SHOW COLUMNS FROM `mf_exchange` [ RunTime:0.001055s ]
SQL: SELECT * FROM `mf_exchange` WHERE ( `bank_cust` = 'THE M BOX LIMITED' ) AND ( `pay_dd` = '2017-12-22' ) AND ( `amount` = 36572 ) AND ( `rem` = '第一笔' )  [ RunTime:0.000379s ]
SQL: INSERT INTO `mf_exchange` (`foreign_trade`,`company_id`,`bank_id`,`pay_dd`,`bank_cust`,`country`,`CUR_ID`,`amount`,`rem`,`record_dd`) VALUES ('外销',2,1,'2017-12-22','THE M BOX LIMITED','香港','USD',36572,'第一笔','2017-12-22 15:19:54') [ RunTime:0.094433s ]
INFO: [ view_parse ] --START--
INFO: ParseTemplate Behavior ::run [ RunTime:0.007680s ]
INFO: [ view_parse ] --END-- [ RunTime:0.007766s ]
INFO: [ view_filter ] --START--
INFO: ContentReplace Behavior ::run [ RunTime:0.000368s ]
INFO: TokenBuild Behavior ::run [ RunTime:0.000356s ]
INFO: WriteHtmlCache Behavior ::run [ RunTime:0.000619s ]
INFO: ShowRuntime Behavior ::run [ RunTime:0.000794s ]
INFO: [ view_filter ] --END-- [ RunTime:0.002326s ]
INFO: [ view_end ] --START--
INFO: ShowPageTrace Behavior ::run [ RunTime:0.000637s ]
INFO: [ view_end ] --END-- [ RunTime:0.000703s ]

[ 2017-12-22T15:19:55+08:00 ] 115.231.193.202 /ok_erp/finance_index.php/Exchange/NewExchange
INFO: [ route_check ] --START--
INFO: CheckRoute Behavior ::run [ RunTime:0.000857s ]
INFO: [ route_check ] --END-- [ RunTime:0.000949s ]
INFO: [ app_begin ] --START--
INFO: ReadHtmlCache Behavior ::run [ RunTime:0.000545s ]
INFO: [ app_begin ] --END-- [ RunTime:0.000614s ]
SQL: SHOW COLUMNS FROM `company` [ RunTime:0.000829s ]
SQL: SELECT * FROM `company`  [ RunTime:0.000210s ]
SQL: SHOW COLUMNS FROM `bank` [ RunTime:0.000758s ]
SQL: SELECT * FROM `bank`  [ RunTime:0.000200s ]
INFO: [ view_parse ] --START--
INFO: ParseTemplate Behavior ::run [ RunTime:0.011987s ]
INFO: [ view_parse ] --END-- [ RunTime:0.012077s ]
INFO: [ view_filter ] --START--
INFO: ContentReplace Behavior ::run [ RunTime:0.000400s ]
INFO: TokenBuild Behavior ::run [ RunTime:0.000356s ]
INFO: WriteHtmlCache Behavior ::run [ RunTime:0.000587s ]
INFO: ShowRuntime Behavior ::run [ RunTime:0.000837s ]
INFO: [ view_filter ] --END-- [ RunTime:0.002389s ]
INFO: [ view_end ] --START--
INFO: ShowPageTrace Behavior ::run [ RunTime:0.000637s ]
INFO: [ view_end ] --END-- [ RunTime:0.000704s ]

[ 2017-12-22T15:19:58+08:00 ] 115.231.193.202 /ok_erp/finance_index.php/Claim/NewClaim
INFO: [ route_check ] --START--
INFO: CheckRoute Behavior ::run [ RunTime:0.000841s ]
INFO: [ route_check ] --END-- [ RunTime:0.000932s ]
INFO: [ app_begin ] --START--
INFO: ReadHtmlCache Behavior ::run [ RunTime:0.000551s ]
INFO: [ app_begin ] --END-- [ RunTime:0.000619s ]
SQL: select count(distinct bank_cust) count from mf_exchange where claim=0 [ RunTime:0.001207s ]
SQL: SELECT * FROM mf_exchange a left join company b on a.company_id=b.company_id left join bank c on a.bank_id=c.bank_id WHERE ( a.claim=0 ) GROUP BY bank_cust  ORDER BY id LIMIT 0,15   [ RunTime:0.004038s ]
INFO: [ view_parse ] --START--
INFO: ParseTemplate Behavior ::run [ RunTime:0.039049s ]
INFO: [ view_parse ] --END-- [ RunTime:0.039141s ]
INFO: [ view_filter ] --START--
INFO: ContentReplace Behavior ::run [ RunTime:0.000400s ]
INFO: TokenBuild Behavior ::run [ RunTime:0.000385s ]
INFO: WriteHtmlCache Behavior ::run [ RunTime:0.000603s ]
INFO: ShowRuntime Behavior ::run [ RunTime:0.000807s ]
INFO: [ view_filter ] --END-- [ RunTime:0.002405s ]
INFO: [ view_end ] --START--
INFO: ShowPageTrace Behavior ::run [ RunTime:0.000595s ]
INFO: [ view_end ] --END-- [ RunTime:0.000666s ]

[ 2017-12-22T15:24:42+08:00 ] 115.231.193.202 /ok_erp/finance_index.php/BillingData/BillingDataSelectResult
INFO: [ route_check ] --START--
INFO: CheckRoute Behavior ::run [ RunTime:0.001116s ]
INFO: [ route_check ] --END-- [ RunTime:0.001210s ]
INFO: [ app_begin ] --START--
INFO: ReadHtmlCache Behavior ::run [ RunTime:0.000784s ]
INFO: [ app_begin ] --END-- [ RunTime:0.000857s ]

[ 2017-12-22T15:24:50+08:00 ] 115.231.193.202 /ok_erp/finance_index.php/Claim/selectClaim
INFO: [ route_check ] --START--
INFO: CheckRoute Behavior ::run [ RunTime:0.040804s ]
INFO: [ route_check ] --END-- [ RunTime:0.040942s ]
INFO: [ app_begin ] --START--
INFO: ReadHtmlCache Behavior ::run [ RunTime:0.001902s ]
INFO: [ app_begin ] --END-- [ RunTime:0.001982s ]
SQL: SHOW COLUMNS FROM `company` [ RunTime:0.000849s ]
SQL: SELECT * FROM `company` ORDER BY company_id  [ RunTime:0.000236s ]
INFO: [ view_parse ] --START--
INFO: ParseTemplate Behavior ::run [ RunTime:0.018559s ]
INFO: [ view_parse ] --END-- [ RunTime:0.018719s ]
INFO: [ view_filter ] --START--
INFO: ContentReplace Behavior ::run [ RunTime:0.000646s ]
INFO: TokenBuild Behavior ::run [ RunTime:0.000697s ]
INFO: WriteHtmlCache Behavior ::run [ RunTime:0.002232s ]
INFO: ShowRuntime Behavior ::run [ RunTime:0.001202s ]
INFO: [ view_filter ] --END-- [ RunTime:0.004987s ]
INFO: [ view_end ] --START--
INFO: ShowPageTrace Behavior ::run [ RunTime:0.002576s ]
INFO: [ view_end ] --END-- [ RunTime:0.002672s ]

[ 2017-12-22T15:24:54+08:00 ] 115.231.193.202 /ok_erp/finance_index.php/BillingData/UndownloadBillingData
INFO: [ route_check ] --START--
INFO: CheckRoute Behavior ::run [ RunTime:0.001380s ]
INFO: [ route_check ] --END-- [ RunTime:0.001482s ]
INFO: [ app_begin ] --START--
INFO: ReadHtmlCache Behavior ::run [ RunTime:0.000780s ]
INFO: [ app_begin ] --END-- [ RunTime:0.000852s ]
SQL: SHOW COLUMNS FROM `billingdata` [ RunTime:0.001509s ]
SQL: SELECT * FROM `billingdata` WHERE ( download_confirm='F' )  [ RunTime:0.000709s ]
INFO: [ view_parse ] --START--
INFO: ParseTemplate Behavior ::run [ RunTime:0.014584s ]
INFO: [ view_parse ] --END-- [ RunTime:0.014702s ]
INFO: [ view_filter ] --START--
INFO: ContentReplace Behavior ::run [ RunTime:0.000650s ]
INFO: TokenBuild Behavior ::run [ RunTime:0.000735s ]
INFO: WriteHtmlCache Behavior ::run [ RunTime:0.000745s ]
INFO: ShowRuntime Behavior ::run [ RunTime:0.000770s ]
INFO: [ view_filter ] --END-- [ RunTime:0.003141s ]
INFO: [ view_end ] --START--
INFO: ShowPageTrace Behavior ::run [ RunTime:0.000871s ]
INFO: [ view_end ] --END-- [ RunTime:0.000939s ]

[ 2017-12-22T15:24:56+08:00 ] 115.231.193.202 /ok_erp/finance_index.php/BillingData/UndownloadBillingData
INFO: [ route_check ] --START--
INFO: CheckRoute Behavior ::run [ RunTime:0.000837s ]
INFO: [ route_check ] --END-- [ RunTime:0.000931s ]
INFO: [ app_begin ] --START--
INFO: ReadHtmlCache Behavior ::run [ RunTime:0.000674s ]
INFO: [ app_begin ] --END-- [ RunTime:0.000743s ]
SQL: SHOW COLUMNS FROM `billingdata` [ RunTime:0.123634s ]
SQL: SELECT * FROM `billingdata` WHERE ( download_confirm='F' )  [ RunTime:0.002722s ]
INFO: [ view_parse ] --START--
INFO: ParseTemplate Behavior ::run [ RunTime:0.012718s ]
INFO: [ view_parse ] --END-- [ RunTime:0.012827s ]
INFO: [ view_filter ] --START--
INFO: ContentReplace Behavior ::run [ RunTime:0.000369s ]
INFO: TokenBuild Behavior ::run [ RunTime:0.000534s ]
INFO: WriteHtmlCache Behavior ::run [ RunTime:0.000642s ]
INFO: ShowRuntime Behavior ::run [ RunTime:0.000825s ]
INFO: [ view_filter ] --END-- [ RunTime:0.002585s ]
INFO: [ view_end ] --START--
INFO: ShowPageTrace Behavior ::run [ RunTime:0.000658s ]
INFO: [ view_end ] --END-- [ RunTime:0.000732s ]

[ 2017-12-22T15:37:35+08:00 ] 115.231.193.202 /ok_erp/finance_index.php/Claim/selectClaimResult/company_id/%25/date_min/2017-12-21/date_max/2017-12-22/p/2.html
INFO: [ route_check ] --START--
INFO: CheckRoute Behavior ::run [ RunTime:0.001087s ]
INFO: [ route_check ] --END-- [ RunTime:0.001179s ]
INFO: [ app_begin ] --START--
INFO: ReadHtmlCache Behavior ::run [ RunTime:0.000781s ]
INFO: [ app_begin ] --END-- [ RunTime:0.000855s ]
SQL: SELECT COUNT(*) AS tp_count FROM mf_exchange as a LEFT JOIN tf_exchange b on a.id=b.id LEFT JOIN company c on a.company_id=c.company_id LEFT JOIN bank d on a.bank_id=d.bank_id WHERE ( b.contract_cust LIKE '%' ) AND ( b.so_no LIKE '%' ) AND ( a.sal_name LIKE '%' ) AND ( a.company_id LIKE '%' ) AND (  (a.pay_dd BETWEEN '2017-12-21' AND '2017-12-22' ) ) AND ( a.claim = '1' ) AND ( a.bank_cust LIKE '%' ) LIMIT 1   [ RunTime:0.002147s ]
SQL: SELECT * FROM mf_exchange as a LEFT JOIN tf_exchange b on a.id=b.id LEFT JOIN company c on a.company_id=c.company_id LEFT JOIN bank d on a.bank_id=d.bank_id WHERE ( b.contract_cust LIKE '%' ) AND ( b.so_no LIKE '%' ) AND ( a.sal_name LIKE '%' ) AND ( a.company_id LIKE '%' ) AND (  (a.pay_dd BETWEEN '2017-12-21' AND '2017-12-22' ) ) AND ( a.claim = '1' ) AND ( a.bank_cust LIKE '%' ) ORDER BY b.record_dd LIMIT 15,15   [ RunTime:0.003919s ]
INFO: [ view_parse ] --START--
INFO: ParseTemplate Behavior ::run [ RunTime:0.013336s ]
INFO: [ view_parse ] --END-- [ RunTime:0.013436s ]
INFO: [ view_filter ] --START--
INFO: ContentReplace Behavior ::run [ RunTime:0.000644s ]
INFO: TokenBuild Behavior ::run [ RunTime:0.000612s ]
INFO: WriteHtmlCache Behavior ::run [ RunTime:0.000675s ]
INFO: ShowRuntime Behavior ::run [ RunTime:0.000907s ]
INFO: [ view_filter ] --END-- [ RunTime:0.003030s ]
INFO: [ view_end ] --START--
INFO: ShowPageTrace Behavior ::run [ RunTime:0.000858s ]
INFO: [ view_end ] --END-- [ RunTime:0.000943s ]

[ 2017-12-22T15:37:58+08:00 ] 115.231.193.202 /ok_erp/finance_index.php/Claim/selectClaimResult/company_id/%25/date_min/2017-12-21/date_max/2017-12-22/p/1.html
INFO: [ route_check ] --START--
INFO: CheckRoute Behavior ::run [ RunTime:0.000823s ]
INFO: [ route_check ] --END-- [ RunTime:0.000914s ]
INFO: [ app_begin ] --START--
INFO: ReadHtmlCache Behavior ::run [ RunTime:0.000541s ]
INFO: [ app_begin ] --END-- [ RunTime:0.000611s ]
SQL: SELECT COUNT(*) AS tp_count FROM mf_exchange as a LEFT JOIN tf_exchange b on a.id=b.id LEFT JOIN company c on a.company_id=c.company_id LEFT JOIN bank d on a.bank_id=d.bank_id WHERE ( b.contract_cust LIKE '%' ) AND ( b.so_no LIKE '%' ) AND ( a.sal_name LIKE '%' ) AND ( a.company_id LIKE '%' ) AND (  (a.pay_dd BETWEEN '2017-12-21' AND '2017-12-22' ) ) AND ( a.claim = '1' ) AND ( a.bank_cust LIKE '%' ) LIMIT 1   [ RunTime:0.001969s ]
SQL: SELECT * FROM mf_exchange as a LEFT JOIN tf_exchange b on a.id=b.id LEFT JOIN company c on a.company_id=c.company_id LEFT JOIN bank d on a.bank_id=d.bank_id WHERE ( b.contract_cust LIKE '%' ) AND ( b.so_no LIKE '%' ) AND ( a.sal_name LIKE '%' ) AND ( a.company_id LIKE '%' ) AND (  (a.pay_dd BETWEEN '2017-12-21' AND '2017-12-22' ) ) AND ( a.claim = '1' ) AND ( a.bank_cust LIKE '%' ) ORDER BY b.record_dd LIMIT 0,15   [ RunTime:0.003925s ]
INFO: [ view_parse ] --START--
INFO: ParseTemplate Behavior ::run [ RunTime:0.011619s ]
INFO: [ view_parse ] --END-- [ RunTime:0.011703s ]
INFO: [ view_filter ] --START--
INFO: ContentReplace Behavior ::run [ RunTime:0.000400s ]
INFO: TokenBuild Behavior ::run [ RunTime:0.000351s ]
INFO: WriteHtmlCache Behavior ::run [ RunTime:0.000581s ]
INFO: ShowRuntime Behavior ::run [ RunTime:0.000790s ]
INFO: [ view_filter ] --END-- [ RunTime:0.002311s ]
INFO: [ view_end ] --START--
INFO: ShowPageTrace Behavior ::run [ RunTime:0.000600s ]
INFO: [ view_end ] --END-- [ RunTime:0.000668s ]

[ 2017-12-22T15:38:32+08:00 ] 106.120.160.109 /ok_erp/finance_index.php/Claim/selectClaimResult/company_id/%25/date_min/2017-12-21/date_max/2017-12-22/p/2.html
INFO: [ route_check ] --START--
INFO: CheckRoute Behavior ::run [ RunTime:0.000826s ]
INFO: [ route_check ] --END-- [ RunTime:0.000919s ]
INFO: [ app_begin ] --START--
INFO: ReadHtmlCache Behavior ::run [ RunTime:0.000538s ]
INFO: [ app_begin ] --END-- [ RunTime:0.000609s ]

[ 2017-12-22T15:38:36+08:00 ] 106.120.160.109 /ok_erp/finance_index.php/Claim/selectClaimResult/company_id/%25/date_min/2017-12-21/date_max/2017-12-22/p/1.html
INFO: [ route_check ] --START--
INFO: CheckRoute Behavior ::run [ RunTime:0.000824s ]
INFO: [ route_check ] --END-- [ RunTime:0.000918s ]
INFO: [ app_begin ] --START--
INFO: ReadHtmlCache Behavior ::run [ RunTime:0.000540s ]
INFO: [ app_begin ] --END-- [ RunTime:0.000611s ]

[ 2017-12-22T15:38:46+08:00 ] 115.231.193.202 /ok_erp/finance_index.php/Claim/selectClaimResult/company_id/%25/date_min/2017-12-21/date_max/2017-12-22/p/2.html
INFO: [ route_check ] --START--
INFO: CheckRoute Behavior ::run [ RunTime:0.000826s ]
INFO: [ route_check ] --END-- [ RunTime:0.000918s ]
INFO: [ app_begin ] --START--
INFO: ReadHtmlCache Behavior ::run [ RunTime:0.000540s ]
INFO: [ app_begin ] --END-- [ RunTime:0.000610s ]
SQL: SELECT COUNT(*) AS tp_count FROM mf_exchange as a LEFT JOIN tf_exchange b on a.id=b.id LEFT JOIN company c on a.company_id=c.company_id LEFT JOIN bank d on a.bank_id=d.bank_id WHERE ( b.contract_cust LIKE '%' ) AND ( b.so_no LIKE '%' ) AND ( a.sal_name LIKE '%' ) AND ( a.company_id LIKE '%' ) AND (  (a.pay_dd BETWEEN '2017-12-21' AND '2017-12-22' ) ) AND ( a.claim = '1' ) AND ( a.bank_cust LIKE '%' ) LIMIT 1   [ RunTime:0.001993s ]
SQL: SELECT * FROM mf_exchange as a LEFT JOIN tf_exchange b on a.id=b.id LEFT JOIN company c on a.company_id=c.company_id LEFT JOIN bank d on a.bank_id=d.bank_id WHERE ( b.contract_cust LIKE '%' ) AND ( b.so_no LIKE '%' ) AND ( a.sal_name LIKE '%' ) AND ( a.company_id LIKE '%' ) AND (  (a.pay_dd BETWEEN '2017-12-21' AND '2017-12-22' ) ) AND ( a.claim = '1' ) AND ( a.bank_cust LIKE '%' ) ORDER BY b.record_dd LIMIT 15,15   [ RunTime:0.003867s ]
INFO: [ view_parse ] --START--
INFO: ParseTemplate Behavior ::run [ RunTime:0.011745s ]
INFO: [ view_parse ] --END-- [ RunTime:0.011830s ]
INFO: [ view_filter ] --START--
INFO: ContentReplace Behavior ::run [ RunTime:0.000399s ]
INFO: TokenBuild Behavior ::run [ RunTime:0.000349s ]
INFO: WriteHtmlCache Behavior ::run [ RunTime:0.000579s ]
INFO: ShowRuntime Behavior ::run [ RunTime:0.000793s ]
INFO: [ view_filter ] --END-- [ RunTime:0.002305s ]
INFO: [ view_end ] --START--
INFO: ShowPageTrace Behavior ::run [ RunTime:0.000600s ]
INFO: [ view_end ] --END-- [ RunTime:0.000679s ]

[ 2017-12-22T16:35:04+08:00 ] 115.231.193.202 /ok_erp/finance_index.php/Claim/selectClaim
INFO: [ route_check ] --START--
INFO: CheckRoute Behavior ::run [ RunTime:0.001076s ]
INFO: [ route_check ] --END-- [ RunTime:0.001167s ]
INFO: [ app_begin ] --START--
INFO: ReadHtmlCache Behavior ::run [ RunTime:0.000783s ]
INFO: [ app_begin ] --END-- [ RunTime:0.000855s ]
SQL: SHOW COLUMNS FROM `company` [ RunTime:0.000956s ]
SQL: SELECT * FROM `company` ORDER BY company_id  [ RunTime:0.000289s ]
INFO: [ view_parse ] --START--
INFO: ParseTemplate Behavior ::run [ RunTime:0.011340s ]
INFO: [ view_parse ] --END-- [ RunTime:0.011425s ]
INFO: [ view_filter ] --START--
INFO: ContentReplace Behavior ::run [ RunTime:0.000586s ]
INFO: TokenBuild Behavior ::run [ RunTime:0.000763s ]
INFO: WriteHtmlCache Behavior ::run [ RunTime:0.000677s ]
INFO: ShowRuntime Behavior ::run [ RunTime:0.000900s ]
INFO: [ view_filter ] --END-- [ RunTime:0.003123s ]
INFO: [ view_end ] --START--
INFO: ShowPageTrace Behavior ::run [ RunTime:0.000859s ]
INFO: [ view_end ] --END-- [ RunTime:0.000929s ]

[ 2017-12-22T16:35:08+08:00 ] 115.231.193.202 /ok_erp/finance_index.php/Exchange/NewExchange
INFO: [ route_check ] --START--
INFO: CheckRoute Behavior ::run [ RunTime:0.001091s ]
INFO: [ route_check ] --END-- [ RunTime:0.001181s ]
INFO: [ app_begin ] --START--
INFO: ReadHtmlCache Behavior ::run [ RunTime:0.000777s ]
INFO: [ app_begin ] --END-- [ RunTime:0.000849s ]
SQL: SHOW COLUMNS FROM `company` [ RunTime:0.000872s ]
SQL: SELECT * FROM `company`  [ RunTime:0.000256s ]
SQL: SHOW COLUMNS FROM `bank` [ RunTime:0.000799s ]
SQL: SELECT * FROM `bank`  [ RunTime:0.000176s ]
INFO: [ view_parse ] --START--
INFO: ParseTemplate Behavior ::run [ RunTime:0.013078s ]
INFO: [ view_parse ] --END-- [ RunTime:0.013211s ]
INFO: [ view_filter ] --START--
INFO: ContentReplace Behavior ::run [ RunTime:0.000618s ]
INFO: TokenBuild Behavior ::run [ RunTime:0.000636s ]
INFO: WriteHtmlCache Behavior ::run [ RunTime:0.000678s ]
INFO: ShowRuntime Behavior ::run [ RunTime:0.000716s ]
INFO: [ view_filter ] --END-- [ RunTime:0.002835s ]
INFO: [ view_end ] --START--
INFO: ShowPageTrace Behavior ::run [ RunTime:0.000853s ]
INFO: [ view_end ] --END-- [ RunTime:0.000920s ]

[ 2017-12-22T16:35:32+08:00 ] 115.231.193.202 /ok_erp/finance_index.php/Exchange/NewExchangeResult
INFO: [ route_check ] --START--
INFO: CheckRoute Behavior ::run [ RunTime:0.000840s ]
INFO: [ route_check ] --END-- [ RunTime:0.000931s ]
INFO: [ app_begin ] --START--
INFO: ReadHtmlCache Behavior ::run [ RunTime:0.000631s ]
INFO: [ app_begin ] --END-- [ RunTime:0.000706s ]
SQL: SHOW COLUMNS FROM `mf_exchange` [ RunTime:0.001095s ]
SQL: SELECT * FROM `mf_exchange` WHERE ( `bank_cust` = 'MUELLER-LICHT INTERNATIONAL GMBHMUELLER-LICHT INTERNATIONAL GMBH' ) AND ( `pay_dd` = '2017-12-22' ) AND ( `amount` = 631405.31 ) AND ( `rem` = '第一笔' )  [ RunTime:0.000296s ]
SQL: INSERT INTO `mf_exchange` (`foreign_trade`,`company_id`,`bank_id`,`pay_dd`,`bank_cust`,`country`,`CUR_ID`,`amount`,`rem`,`record_dd`) VALUES ('外销',2,1,'2017-12-22','MUELLER-LICHT INTERNATIONAL GMBHMUELLER-LICHT INTERNATIONAL GMBH','德国','USD',631405.31,'第一笔','2017-12-22 16:35:32') [ RunTime:0.016663s ]
INFO: [ view_parse ] --START--
INFO: ParseTemplate Behavior ::run [ RunTime:0.007814s ]
INFO: [ view_parse ] --END-- [ RunTime:0.007911s ]
INFO: [ view_filter ] --START--
INFO: ContentReplace Behavior ::run [ RunTime:0.000324s ]
INFO: TokenBuild Behavior ::run [ RunTime:0.000353s ]
INFO: WriteHtmlCache Behavior ::run [ RunTime:0.000634s ]
INFO: ShowRuntime Behavior ::run [ RunTime:0.000465s ]
INFO: [ view_filter ] --END-- [ RunTime:0.001968s ]
INFO: [ view_end ] --START--
INFO: ShowPageTrace Behavior ::run [ RunTime:0.000657s ]
INFO: [ view_end ] --END-- [ RunTime:0.000724s ]

[ 2017-12-22T16:35:33+08:00 ] 115.231.193.202 /ok_erp/finance_index.php/Exchange/NewExchange
INFO: [ route_check ] --START--
INFO: CheckRoute Behavior ::run [ RunTime:0.000858s ]
INFO: [ route_check ] --END-- [ RunTime:0.000950s ]
INFO: [ app_begin ] --START--
INFO: ReadHtmlCache Behavior ::run [ RunTime:0.000548s ]
INFO: [ app_begin ] --END-- [ RunTime:0.000618s ]
SQL: SHOW COLUMNS FROM `company` [ RunTime:0.000900s ]
SQL: SELECT * FROM `company`  [ RunTime:0.000238s ]
SQL: SHOW COLUMNS FROM `bank` [ RunTime:0.000755s ]
SQL: SELECT * FROM `bank`  [ RunTime:0.000167s ]
INFO: [ view_parse ] --START--
INFO: ParseTemplate Behavior ::run [ RunTime:0.011352s ]
INFO: [ view_parse ] --END-- [ RunTime:0.011435s ]
INFO: [ view_filter ] --START--
INFO: ContentReplace Behavior ::run [ RunTime:0.000362s ]
INFO: TokenBuild Behavior ::run [ RunTime:0.000347s ]
INFO: WriteHtmlCache Behavior ::run [ RunTime:0.000577s ]
INFO: ShowRuntime Behavior ::run [ RunTime:0.000450s ]
INFO: [ view_filter ] --END-- [ RunTime:0.001926s ]
INFO: [ view_end ] --START--
INFO: ShowPageTrace Behavior ::run [ RunTime:0.000606s ]
INFO: [ view_end ] --END-- [ RunTime:0.000673s ]

[ 2017-12-22T16:35:57+08:00 ] 106.120.161.68 /ok_erp/finance_index.php/Claim/selectClaim
INFO: [ route_check ] --START--
INFO: CheckRoute Behavior ::run [ RunTime:0.000836s ]
INFO: [ route_check ] --END-- [ RunTime:0.000937s ]
INFO: [ app_begin ] --START--
INFO: ReadHtmlCache Behavior ::run [ RunTime:0.000543s ]
INFO: [ app_begin ] --END-- [ RunTime:0.000614s ]

[ 2017-12-22T16:36:11+08:00 ] 115.231.193.202 /ok_erp/finance_index.php/Exchange/NewExchangeResult
INFO: [ route_check ] --START--
INFO: CheckRoute Behavior ::run [ RunTime:0.000862s ]
INFO: [ route_check ] --END-- [ RunTime:0.000952s ]
INFO: [ app_begin ] --START--
INFO: ReadHtmlCache Behavior ::run [ RunTime:0.000581s ]
INFO: [ app_begin ] --END-- [ RunTime:0.000652s ]
SQL: SHOW COLUMNS FROM `mf_exchange` [ RunTime:0.001108s ]
SQL: SELECT * FROM `mf_exchange` WHERE ( `bank_cust` = '乐清泽昌进出口有限公司' ) AND ( `pay_dd` = '2017-12-22' ) AND ( `amount` = 518928 ) AND ( `rem` = '第一笔' )  [ RunTime:0.000306s ]
SQL: INSERT INTO `mf_exchange` (`foreign_trade`,`company_id`,`bank_id`,`pay_dd`,`bank_cust`,`country`,`CUR_ID`,`amount`,`rem`,`record_dd`) VALUES ('外销',2,1,'2017-12-22','乐清泽昌进出口有限公司','','RMB',518928,'第一笔','2017-12-22 16:36:11') [ RunTime:0.032494s ]
INFO: [ view_parse ] --START--
INFO: ParseTemplate Behavior ::run [ RunTime:0.007660s ]
INFO: [ view_parse ] --END-- [ RunTime:0.007752s ]
INFO: [ view_filter ] --START--
INFO: ContentReplace Behavior ::run [ RunTime:0.000342s ]
INFO: TokenBuild Behavior ::run [ RunTime:0.000354s ]
INFO: WriteHtmlCache Behavior ::run [ RunTime:0.000589s ]
INFO: ShowRuntime Behavior ::run [ RunTime:0.000453s ]
INFO: [ view_filter ] --END-- [ RunTime:0.001927s ]
INFO: [ view_end ] --START--
INFO: ShowPageTrace Behavior ::run [ RunTime:0.000609s ]
INFO: [ view_end ] --END-- [ RunTime:0.000676s ]

[ 2017-12-22T16:36:12+08:00 ] 115.231.193.202 /ok_erp/finance_index.php/Exchange/NewExchange
INFO: [ route_check ] --START--
INFO: CheckRoute Behavior ::run [ RunTime:0.000829s ]
INFO: [ route_check ] --END-- [ RunTime:0.000918s ]
INFO: [ app_begin ] --START--
INFO: ReadHtmlCache Behavior ::run [ RunTime:0.000551s ]
INFO: [ app_begin ] --END-- [ RunTime:0.000619s ]
SQL: SHOW COLUMNS FROM `company` [ RunTime:0.000935s ]
SQL: SELECT * FROM `company`  [ RunTime:0.000218s ]
SQL: SHOW COLUMNS FROM `bank` [ RunTime:0.000783s ]
SQL: SELECT * FROM `bank`  [ RunTime:0.000186s ]
INFO: [ view_parse ] --START--
INFO: ParseTemplate Behavior ::run [ RunTime:0.011315s ]
INFO: [ view_parse ] --END-- [ RunTime:0.011396s ]
INFO: [ view_filter ] --START--
INFO: ContentReplace Behavior ::run [ RunTime:0.000383s ]
INFO: TokenBuild Behavior ::run [ RunTime:0.000394s ]
INFO: WriteHtmlCache Behavior ::run [ RunTime:0.000608s ]
INFO: ShowRuntime Behavior ::run [ RunTime:0.000469s ]
INFO: [ view_filter ] --END-- [ RunTime:0.002053s ]
INFO: [ view_end ] --START--
INFO: ShowPageTrace Behavior ::run [ RunTime:0.000676s ]
INFO: [ view_end ] --END-- [ RunTime:0.000744s ]

[ 2017-12-22T16:37:06+08:00 ] 220.181.132.199 /ok_erp/finance_index.php/Claim/selectClaim
INFO: [ route_check ] --START--
INFO: CheckRoute Behavior ::run [ RunTime:0.000863s ]
INFO: [ route_check ] --END-- [ RunTime:0.000967s ]
INFO: [ app_begin ] --START--
INFO: ReadHtmlCache Behavior ::run [ RunTime:0.000558s ]
INFO: [ app_begin ] --END-- [ RunTime:0.000628s ]

[ 2017-12-22T16:38:05+08:00 ] 115.231.193.202 /ok_erp/finance_index.php/Claim/NewClaim
INFO: [ route_check ] --START--
INFO: CheckRoute Behavior ::run [ RunTime:0.001069s ]
INFO: [ route_check ] --END-- [ RunTime:0.001170s ]
INFO: [ app_begin ] --START--
INFO: ReadHtmlCache Behavior ::run [ RunTime:0.000777s ]
INFO: [ app_begin ] --END-- [ RunTime:0.000850s ]
SQL: select count(distinct bank_cust) count from mf_exchange where claim=0 [ RunTime:0.001225s ]
SQL: SELECT * FROM mf_exchange a left join company b on a.company_id=b.company_id left join bank c on a.bank_id=c.bank_id WHERE ( a.claim=0 ) GROUP BY bank_cust  ORDER BY id LIMIT 0,15   [ RunTime:0.004074s ]
INFO: [ view_parse ] --START--
INFO: ParseTemplate Behavior ::run [ RunTime:0.012435s ]
INFO: [ view_parse ] --END-- [ RunTime:0.012538s ]
INFO: [ view_filter ] --START--
INFO: ContentReplace Behavior ::run [ RunTime:0.000637s ]
INFO: TokenBuild Behavior ::run [ RunTime:0.000590s ]
INFO: WriteHtmlCache Behavior ::run [ RunTime:0.000681s ]
INFO: ShowRuntime Behavior ::run [ RunTime:0.000698s ]
INFO: [ view_filter ] --END-- [ RunTime:0.002802s ]
INFO: [ view_end ] --START--
INFO: ShowPageTrace Behavior ::run [ RunTime:0.000843s ]
INFO: [ view_end ] --END-- [ RunTime:0.000915s ]

[ 2017-12-22T16:38:08+08:00 ] 115.231.193.202 /ok_erp/finance_index.php/Claim/NewClaim/p/2.html
INFO: [ route_check ] --START--
INFO: CheckRoute Behavior ::run [ RunTime:0.000831s ]
INFO: [ route_check ] --END-- [ RunTime:0.000933s ]
INFO: [ app_begin ] --START--
INFO: ReadHtmlCache Behavior ::run [ RunTime:0.000540s ]
INFO: [ app_begin ] --END-- [ RunTime:0.000608s ]
SQL: select count(distinct bank_cust) count from mf_exchange where claim=0 [ RunTime:0.001227s ]
SQL: SELECT * FROM mf_exchange a left join company b on a.company_id=b.company_id left join bank c on a.bank_id=c.bank_id WHERE ( a.claim=0 ) GROUP BY bank_cust  ORDER BY id LIMIT 15,15   [ RunTime:0.003924s ]
INFO: [ view_parse ] --START--
INFO: ParseTemplate Behavior ::run [ RunTime:0.011279s ]
INFO: [ view_parse ] --END-- [ RunTime:0.011380s ]
INFO: [ view_filter ] --START--
INFO: ContentReplace Behavior ::run [ RunTime:0.000364s ]
INFO: TokenBuild Behavior ::run [ RunTime:0.000396s ]
INFO: WriteHtmlCache Behavior ::run [ RunTime:0.000580s ]
INFO: ShowRuntime Behavior ::run [ RunTime:0.000488s ]
INFO: [ view_filter ] --END-- [ RunTime:0.002016s ]
INFO: [ view_end ] --START--
INFO: ShowPageTrace Behavior ::run [ RunTime:0.000636s ]
INFO: [ view_end ] --END-- [ RunTime:0.000714s ]

[ 2017-12-22T16:38:09+08:00 ] 115.231.193.202 /ok_erp/finance_index.php/Claim/NewClaim/p/1.html
INFO: [ route_check ] --START--
INFO: CheckRoute Behavior ::run [ RunTime:0.000848s ]
INFO: [ route_check ] --END-- [ RunTime:0.000948s ]
INFO: [ app_begin ] --START--
INFO: ReadHtmlCache Behavior ::run [ RunTime:0.000550s ]
INFO: [ app_begin ] --END-- [ RunTime:0.000621s ]
SQL: select count(distinct bank_cust) count from mf_exchange where claim=0 [ RunTime:0.001229s ]
SQL: SELECT * FROM mf_exchange a left join company b on a.company_id=b.company_id left join bank c on a.bank_id=c.bank_id WHERE ( a.claim=0 ) GROUP BY bank_cust  ORDER BY id LIMIT 0,15   [ RunTime:0.004426s ]
INFO: [ view_parse ] --START--
INFO: ParseTemplate Behavior ::run [ RunTime:0.014785s ]
INFO: [ view_parse ] --END-- [ RunTime:0.014898s ]
INFO: [ view_filter ] --START--
INFO: ContentReplace Behavior ::run [ RunTime:0.000413s ]
INFO: TokenBuild Behavior ::run [ RunTime:0.000362s ]
INFO: WriteHtmlCache Behavior ::run [ RunTime:0.000612s ]
INFO: ShowRuntime Behavior ::run [ RunTime:0.000480s ]
INFO: [ view_filter ] --END-- [ RunTime:0.002061s ]
INFO: [ view_end ] --START--
INFO: ShowPageTrace Behavior ::run [ RunTime:0.000608s ]
INFO: [ view_end ] --END-- [ RunTime:0.000678s ]

[ 2017-12-22T16:38:24+08:00 ] 115.231.193.202 /ok_erp/finance_index.php/Claim/NewClaim/p/2.html
INFO: [ route_check ] --START--
INFO: CheckRoute Behavior ::run [ RunTime:0.000866s ]
INFO: [ route_check ] --END-- [ RunTime:0.000970s ]
INFO: [ app_begin ] --START--
INFO: ReadHtmlCache Behavior ::run [ RunTime:0.000822s ]
INFO: [ app_begin ] --END-- [ RunTime:0.000913s ]
SQL: select count(distinct bank_cust) count from mf_exchange where claim=0 [ RunTime:0.001277s ]
SQL: SELECT * FROM mf_exchange a left join company b on a.company_id=b.company_id left join bank c on a.bank_id=c.bank_id WHERE ( a.claim=0 ) GROUP BY bank_cust  ORDER BY id LIMIT 15,15   [ RunTime:0.003998s ]
INFO: [ view_parse ] --START--
INFO: ParseTemplate Behavior ::run [ RunTime:0.011140s ]
INFO: [ view_parse ] --END-- [ RunTime:0.011245s ]
INFO: [ view_filter ] --START--
INFO: ContentReplace Behavior ::run [ RunTime:0.000372s ]
INFO: TokenBuild Behavior ::run [ RunTime:0.000359s ]
INFO: WriteHtmlCache Behavior ::run [ RunTime:0.000603s ]
INFO: ShowRuntime Behavior ::run [ RunTime:0.000453s ]
INFO: [ view_filter ] --END-- [ RunTime:0.001975s ]
INFO: [ view_end ] --START--
INFO: ShowPageTrace Behavior ::run [ RunTime:0.000652s ]
INFO: [ view_end ] --END-- [ RunTime:0.000726s ]

[ 2017-12-22T16:38:40+08:00 ] 106.120.161.68 /ok_erp/finance_index.php/Claim/NewClaim/p/1.html
INFO: [ route_check ] --START--
INFO: CheckRoute Behavior ::run [ RunTime:0.000845s ]
INFO: [ route_check ] --END-- [ RunTime:0.000945s ]
INFO: [ app_begin ] --START--
INFO: ReadHtmlCache Behavior ::run [ RunTime:0.000581s ]
INFO: [ app_begin ] --END-- [ RunTime:0.000653s ]

[ 2017-12-22T16:39:33+08:00 ] 220.181.132.193 /ok_erp/finance_index.php/Claim/NewClaim/p/1.html
INFO: [ route_check ] --START--
INFO: CheckRoute Behavior ::run [ RunTime:0.000836s ]
INFO: [ route_check ] --END-- [ RunTime:0.000938s ]
INFO: [ app_begin ] --START--
INFO: ReadHtmlCache Behavior ::run [ RunTime:0.000546s ]
INFO: [ app_begin ] --END-- [ RunTime:0.000617s ]

[ 2017-12-22T16:47:00+08:00 ] 115.231.193.202 /ok_erp/finance_index.php/BillingData/UndownloadBillingData
INFO: [ route_check ] --START--
INFO: CheckRoute Behavior ::run [ RunTime:0.001077s ]
INFO: [ route_check ] --END-- [ RunTime:0.001175s ]
INFO: [ app_begin ] --START--
INFO: ReadHtmlCache Behavior ::run [ RunTime:0.000775s ]
INFO: [ app_begin ] --END-- [ RunTime:0.000846s ]
SQL: SHOW COLUMNS FROM `billingdata` [ RunTime:0.001168s ]
SQL: SELECT * FROM `billingdata` WHERE ( download_confirm='F' )  [ RunTime:0.000738s ]
INFO: [ view_parse ] --START--
INFO: ParseTemplate Behavior ::run [ RunTime:0.013145s ]
INFO: [ view_parse ] --END-- [ RunTime:0.013228s ]
INFO: [ view_filter ] --START--
INFO: ContentReplace Behavior ::run [ RunTime:0.000628s ]
INFO: TokenBuild Behavior ::run [ RunTime:0.000658s ]
INFO: WriteHtmlCache Behavior ::run [ RunTime:0.000697s ]
INFO: ShowRuntime Behavior ::run [ RunTime:0.000706s ]
INFO: [ view_filter ] --END-- [ RunTime:0.002907s ]
INFO: [ view_end ] --START--
INFO: ShowPageTrace Behavior ::run [ RunTime:0.000857s ]
INFO: [ view_end ] --END-- [ RunTime:0.000927s ]

