[ 2017-12-23T07:58:43+08:00 ] 115.231.193.202 /ok_erp/finance_index.php/BillingData/BillingDataSelectResult
INFO: [ route_check ] --START--
INFO: CheckRoute Behavior ::run [ RunTime:0.004022s ]
INFO: [ route_check ] --END-- [ RunTime:0.004121s ]
INFO: [ app_begin ] --START--
INFO: ReadHtmlCache Behavior ::run [ RunTime:0.001861s ]
INFO: [ app_begin ] --END-- [ RunTime:0.001945s ]

[ 2017-12-23T07:58:50+08:00 ] 115.231.193.202 /ok_erp/finance_index.php/Claim/selectClaim
INFO: [ route_check ] --START--
INFO: CheckRoute Behavior ::run [ RunTime:0.000824s ]
INFO: [ route_check ] --END-- [ RunTime:0.000914s ]
INFO: [ app_begin ] --START--
INFO: ReadHtmlCache Behavior ::run [ RunTime:0.000540s ]
INFO: [ app_begin ] --END-- [ RunTime:0.000612s ]
SQL: SHOW COLUMNS FROM `company` [ RunTime:0.020646s ]
SQL: SELECT * FROM `company` ORDER BY company_id  [ RunTime:0.000313s ]
INFO: [ view_parse ] --START--
INFO: ParseTemplate Behavior ::run [ RunTime:0.065648s ]
INFO: [ view_parse ] --END-- [ RunTime:0.065739s ]
INFO: [ view_filter ] --START--
INFO: ContentReplace Behavior ::run [ RunTime:0.003985s ]
INFO: TokenBuild Behavior ::run [ RunTime:0.002055s ]
INFO: WriteHtmlCache Behavior ::run [ RunTime:0.000952s ]
INFO: ShowRuntime Behavior ::run [ RunTime:0.001471s ]
INFO: [ view_filter ] --END-- [ RunTime:0.008674s ]
INFO: [ view_end ] --START--
INFO: ShowPageTrace Behavior ::run [ RunTime:0.001429s ]
INFO: [ view_end ] --END-- [ RunTime:0.001502s ]

[ 2017-12-23T07:58:55+08:00 ] 115.231.193.202 /ok_erp/finance_index.php/BillingData/BillingDataSelect
INFO: [ route_check ] --START--
INFO: CheckRoute Behavior ::run [ RunTime:0.000824s ]
INFO: [ route_check ] --END-- [ RunTime:0.000914s ]
INFO: [ app_begin ] --START--
INFO: ReadHtmlCache Behavior ::run [ RunTime:0.000539s ]
INFO: [ app_begin ] --END-- [ RunTime:0.000607s ]
INFO: [ view_parse ] --START--
INFO: ParseTemplate Behavior ::run [ RunTime:0.020747s ]
INFO: [ view_parse ] --END-- [ RunTime:0.020849s ]
INFO: [ view_filter ] --START--
INFO: ContentReplace Behavior ::run [ RunTime:0.000350s ]
INFO: TokenBuild Behavior ::run [ RunTime:0.000351s ]
INFO: WriteHtmlCache Behavior ::run [ RunTime:0.000220s ]
INFO: ShowRuntime Behavior ::run [ RunTime:0.000447s ]
INFO: [ view_filter ] --END-- [ RunTime:0.001552s ]
INFO: [ view_end ] --START--
INFO: ShowPageTrace Behavior ::run [ RunTime:0.000601s ]
INFO: [ view_end ] --END-- [ RunTime:0.000668s ]

[ 2017-12-23T07:58:56+08:00 ] 115.231.193.202 /ok_erp/finance_index.php/BillingData/UndownloadBillingData
INFO: [ route_check ] --START--
INFO: CheckRoute Behavior ::run [ RunTime:0.001054s ]
INFO: [ route_check ] --END-- [ RunTime:0.001145s ]
INFO: [ app_begin ] --START--
INFO: ReadHtmlCache Behavior ::run [ RunTime:0.000779s ]
INFO: [ app_begin ] --END-- [ RunTime:0.000852s ]
SQL: SHOW COLUMNS FROM `billingdata` [ RunTime:0.029009s ]
SQL: SELECT * FROM `billingdata` WHERE ( download_confirm='F' )  [ RunTime:0.018584s ]
INFO: [ view_parse ] --START--
INFO: ParseTemplate Behavior ::run [ RunTime:0.022897s ]
INFO: [ view_parse ] --END-- [ RunTime:0.022983s ]
INFO: [ view_filter ] --START--
INFO: ContentReplace Behavior ::run [ RunTime:0.000604s ]
INFO: TokenBuild Behavior ::run [ RunTime:0.000588s ]
INFO: WriteHtmlCache Behavior ::run [ RunTime:0.000459s ]
INFO: ShowRuntime Behavior ::run [ RunTime:0.000685s ]
INFO: [ view_filter ] --END-- [ RunTime:0.002523s ]
INFO: [ view_end ] --START--
INFO: ShowPageTrace Behavior ::run [ RunTime:0.000835s ]
INFO: [ view_end ] --END-- [ RunTime:0.000902s ]

[ 2017-12-23T07:59:08+08:00 ] 115.231.193.202 /ok_erp/finance_index.php/BillingData/DownloadAllBillingData?id=609
INFO: [ route_check ] --START--
INFO: CheckRoute Behavior ::run [ RunTime:0.000819s ]
INFO: [ route_check ] --END-- [ RunTime:0.000909s ]
INFO: [ app_begin ] --START--
INFO: ReadHtmlCache Behavior ::run [ RunTime:0.000536s ]
INFO: [ app_begin ] --END-- [ RunTime:0.000604s ]
SQL: SHOW COLUMNS FROM `billingdata` [ RunTime:0.001162s ]
SQL: SELECT * FROM `billingdata` WHERE ( `ID` = 609 ) LIMIT 1   [ RunTime:0.000285s ]

[ 2017-12-23T07:59:11+08:00 ] 115.231.193.202 /ok_erp/finance_index.php/BillingData/DownloadConfirmBillingData
INFO: [ route_check ] --START--
INFO: CheckRoute Behavior ::run [ RunTime:0.000823s ]
INFO: [ route_check ] --END-- [ RunTime:0.000915s ]
INFO: [ app_begin ] --START--
INFO: ReadHtmlCache Behavior ::run [ RunTime:0.000540s ]
INFO: [ app_begin ] --END-- [ RunTime:0.000601s ]
SQL: SHOW COLUMNS FROM `billingdata` [ RunTime:0.001143s ]
SQL: UPDATE `billingdata` SET `download_confirm`='T' WHERE ( ID=609 ) [ RunTime:0.008077s ]

[ 2017-12-23T07:59:11+08:00 ] 115.231.193.202 /ok_erp/finance_index.php/BillingData/UndownloadBillingData
INFO: [ route_check ] --START--
INFO: CheckRoute Behavior ::run [ RunTime:0.000816s ]
INFO: [ route_check ] --END-- [ RunTime:0.000901s ]
INFO: [ app_begin ] --START--
INFO: ReadHtmlCache Behavior ::run [ RunTime:0.000538s ]
INFO: [ app_begin ] --END-- [ RunTime:0.000606s ]
SQL: SHOW COLUMNS FROM `billingdata` [ RunTime:0.001040s ]
SQL: SELECT * FROM `billingdata` WHERE ( download_confirm='F' )  [ RunTime:0.000764s ]
INFO: [ view_parse ] --START--
INFO: ParseTemplate Behavior ::run [ RunTime:0.011583s ]
INFO: [ view_parse ] --END-- [ RunTime:0.011665s ]
INFO: [ view_filter ] --START--
INFO: ContentReplace Behavior ::run [ RunTime:0.000341s ]
INFO: TokenBuild Behavior ::run [ RunTime:0.000350s ]
INFO: WriteHtmlCache Behavior ::run [ RunTime:0.000225s ]
INFO: ShowRuntime Behavior ::run [ RunTime:0.000448s ]
INFO: [ view_filter ] --END-- [ RunTime:0.001546s ]
INFO: [ view_end ] --START--
INFO: ShowPageTrace Behavior ::run [ RunTime:0.000597s ]
INFO: [ view_end ] --END-- [ RunTime:0.000662s ]

[ 2017-12-23T07:59:34+08:00 ] 106.120.161.68 /ok_erp/finance_index.php/BillingData/BillingDataSelect
INFO: [ route_check ] --START--
INFO: CheckRoute Behavior ::run [ RunTime:0.001055s ]
INFO: [ route_check ] --END-- [ RunTime:0.001147s ]
INFO: [ app_begin ] --START--
INFO: ReadHtmlCache Behavior ::run [ RunTime:0.000773s ]
INFO: [ app_begin ] --END-- [ RunTime:0.000846s ]

[ 2017-12-23T07:59:38+08:00 ] 106.120.161.68 /ok_erp/finance_index.php/BillingData/DownloadAllBillingData?id=609
INFO: [ route_check ] --START--
INFO: CheckRoute Behavior ::run [ RunTime:0.000824s ]
INFO: [ route_check ] --END-- [ RunTime:0.000915s ]
INFO: [ app_begin ] --START--
INFO: ReadHtmlCache Behavior ::run [ RunTime:0.000540s ]
INFO: [ app_begin ] --END-- [ RunTime:0.000609s ]

[ 2017-12-23T07:59:52+08:00 ] 101.199.108.56 /ok_erp/finance_index.php/BillingData/BillingDataSelect
INFO: [ route_check ] --START--
INFO: CheckRoute Behavior ::run [ RunTime:0.000823s ]
INFO: [ route_check ] --END-- [ RunTime:0.000913s ]
INFO: [ app_begin ] --START--
INFO: ReadHtmlCache Behavior ::run [ RunTime:0.000541s ]
INFO: [ app_begin ] --END-- [ RunTime:0.000611s ]

[ 2017-12-23T08:00:16+08:00 ] 220.181.132.193 /ok_erp/finance_index.php/BillingData/DownloadAllBillingData?id=609
INFO: [ route_check ] --START--
INFO: CheckRoute Behavior ::run [ RunTime:0.000824s ]
INFO: [ route_check ] --END-- [ RunTime:0.000915s ]
INFO: [ app_begin ] --START--
INFO: ReadHtmlCache Behavior ::run [ RunTime:0.000541s ]
INFO: [ app_begin ] --END-- [ RunTime:0.000611s ]

[ 2017-12-23T09:07:08+08:00 ] 115.231.193.202 /ok_erp/finance_index.php/Claim/selectClaim
INFO: [ route_check ] --START--
INFO: CheckRoute Behavior ::run [ RunTime:0.001059s ]
INFO: [ route_check ] --END-- [ RunTime:0.001148s ]
INFO: [ app_begin ] --START--
INFO: ReadHtmlCache Behavior ::run [ RunTime:0.000781s ]
INFO: [ app_begin ] --END-- [ RunTime:0.000855s ]
SQL: SHOW COLUMNS FROM `company` [ RunTime:0.000967s ]
SQL: SELECT * FROM `company` ORDER BY company_id  [ RunTime:0.000222s ]
INFO: [ view_parse ] --START--
INFO: ParseTemplate Behavior ::run [ RunTime:0.010907s ]
INFO: [ view_parse ] --END-- [ RunTime:0.010990s ]
INFO: [ view_filter ] --START--
INFO: ContentReplace Behavior ::run [ RunTime:0.000772s ]
INFO: TokenBuild Behavior ::run [ RunTime:0.000582s ]
INFO: WriteHtmlCache Behavior ::run [ RunTime:0.000480s ]
INFO: ShowRuntime Behavior ::run [ RunTime:0.000682s ]
INFO: [ view_filter ] --END-- [ RunTime:0.002709s ]
INFO: [ view_end ] --START--
INFO: ShowPageTrace Behavior ::run [ RunTime:0.000823s ]
INFO: [ view_end ] --END-- [ RunTime:0.000890s ]

[ 2017-12-23T09:07:11+08:00 ] 115.231.193.202 /ok_erp/finance_index.php/Exchange/ModifyExchange
INFO: [ route_check ] --START--
INFO: CheckRoute Behavior ::run [ RunTime:0.001047s ]
INFO: [ route_check ] --END-- [ RunTime:0.001137s ]
INFO: [ app_begin ] --START--
INFO: ReadHtmlCache Behavior ::run [ RunTime:0.000769s ]
INFO: [ app_begin ] --END-- [ RunTime:0.000841s ]
SQL: SHOW COLUMNS FROM `mf_exchange` [ RunTime:0.043824s ]
SQL: SELECT * FROM mf_exchange a LEFT JOIN company c on a.company_id=c.company_id LEFT JOIN bank d on a.bank_id=d.bank_id WHERE ( claim=0 ) ORDER BY id  [ RunTime:0.073684s ]
INFO: [ view_parse ] --START--
INFO: ParseTemplate Behavior ::run [ RunTime:0.017130s ]
INFO: [ view_parse ] --END-- [ RunTime:0.017221s ]
INFO: [ view_filter ] --START--
INFO: ContentReplace Behavior ::run [ RunTime:0.000841s ]
INFO: TokenBuild Behavior ::run [ RunTime:0.000620s ]
INFO: WriteHtmlCache Behavior ::run [ RunTime:0.000468s ]
INFO: ShowRuntime Behavior ::run [ RunTime:0.000687s ]
INFO: [ view_filter ] --END-- [ RunTime:0.002817s ]
INFO: [ view_end ] --START--
INFO: ShowPageTrace Behavior ::run [ RunTime:0.000852s ]
INFO: [ view_end ] --END-- [ RunTime:0.000925s ]

[ 2017-12-23T09:07:14+08:00 ] 115.231.193.202 /ok_erp/finance_index.php/Claim/selectClaim
INFO: [ route_check ] --START--
INFO: CheckRoute Behavior ::run [ RunTime:0.001065s ]
INFO: [ route_check ] --END-- [ RunTime:0.001155s ]
INFO: [ app_begin ] --START--
INFO: ReadHtmlCache Behavior ::run [ RunTime:0.000779s ]
INFO: [ app_begin ] --END-- [ RunTime:0.000852s ]
SQL: SHOW COLUMNS FROM `company` [ RunTime:0.000876s ]
SQL: SELECT * FROM `company` ORDER BY company_id  [ RunTime:0.000256s ]
INFO: [ view_parse ] --START--
INFO: ParseTemplate Behavior ::run [ RunTime:0.016774s ]
INFO: [ view_parse ] --END-- [ RunTime:0.016860s ]
INFO: [ view_filter ] --START--
INFO: ContentReplace Behavior ::run [ RunTime:0.000626s ]
INFO: TokenBuild Behavior ::run [ RunTime:0.000586s ]
INFO: WriteHtmlCache Behavior ::run [ RunTime:0.000457s ]
INFO: ShowRuntime Behavior ::run [ RunTime:0.000778s ]
INFO: [ view_filter ] --END-- [ RunTime:0.002639s ]
INFO: [ view_end ] --START--
INFO: ShowPageTrace Behavior ::run [ RunTime:0.000828s ]
INFO: [ view_end ] --END-- [ RunTime:0.000895s ]

[ 2017-12-23T09:07:17+08:00 ] 115.231.193.202 /ok_erp/finance_index.php/Claim/selectClaimResult
INFO: [ route_check ] --START--
INFO: CheckRoute Behavior ::run [ RunTime:0.000822s ]
INFO: [ route_check ] --END-- [ RunTime:0.000912s ]
INFO: [ app_begin ] --START--
INFO: ReadHtmlCache Behavior ::run [ RunTime:0.000692s ]
INFO: [ app_begin ] --END-- [ RunTime:0.000763s ]
SQL: SELECT COUNT(*) AS tp_count FROM mf_exchange as a LEFT JOIN tf_exchange b on a.id=b.id LEFT JOIN company c on a.company_id=c.company_id LEFT JOIN bank d on a.bank_id=d.bank_id WHERE ( b.contract_cust LIKE '%' ) AND ( b.so_no LIKE '%' ) AND ( a.sal_name LIKE '%' ) AND ( a.company_id LIKE '%' ) AND (  (a.pay_dd BETWEEN '2017-12-01' AND '2017-12-23' ) ) AND ( a.claim = '1' ) AND ( a.bank_cust LIKE '%' ) LIMIT 1   [ RunTime:0.032098s ]
SQL: SELECT * FROM mf_exchange as a LEFT JOIN tf_exchange b on a.id=b.id LEFT JOIN company c on a.company_id=c.company_id LEFT JOIN bank d on a.bank_id=d.bank_id WHERE ( b.contract_cust LIKE '%' ) AND ( b.so_no LIKE '%' ) AND ( a.sal_name LIKE '%' ) AND ( a.company_id LIKE '%' ) AND (  (a.pay_dd BETWEEN '2017-12-01' AND '2017-12-23' ) ) AND ( a.claim = '1' ) AND ( a.bank_cust LIKE '%' ) ORDER BY b.record_dd LIMIT 0,15   [ RunTime:0.024431s ]
INFO: [ view_parse ] --START--
INFO: ParseTemplate Behavior ::run [ RunTime:0.017903s ]
INFO: [ view_parse ] --END-- [ RunTime:0.018003s ]
INFO: [ view_filter ] --START--
INFO: ContentReplace Behavior ::run [ RunTime:0.000415s ]
INFO: TokenBuild Behavior ::run [ RunTime:0.000358s ]
INFO: WriteHtmlCache Behavior ::run [ RunTime:0.000222s ]
INFO: ShowRuntime Behavior ::run [ RunTime:0.000454s ]
INFO: [ view_filter ] --END-- [ RunTime:0.001634s ]
INFO: [ view_end ] --START--
INFO: ShowPageTrace Behavior ::run [ RunTime:0.000599s ]
INFO: [ view_end ] --END-- [ RunTime:0.000670s ]

[ 2017-12-23T09:07:23+08:00 ] 115.231.193.202 /ok_erp/finance_index.php/Claim/selectClaimResult/company_id/%25/date_min/2017-12-01/p/2.html
INFO: [ route_check ] --START--
INFO: CheckRoute Behavior ::run [ RunTime:0.000825s ]
INFO: [ route_check ] --END-- [ RunTime:0.000916s ]
INFO: [ app_begin ] --START--
INFO: ReadHtmlCache Behavior ::run [ RunTime:0.000542s ]
INFO: [ app_begin ] --END-- [ RunTime:0.000613s ]
SQL: SELECT COUNT(*) AS tp_count FROM mf_exchange as a LEFT JOIN tf_exchange b on a.id=b.id LEFT JOIN company c on a.company_id=c.company_id LEFT JOIN bank d on a.bank_id=d.bank_id WHERE ( b.contract_cust LIKE '%' ) AND ( b.so_no LIKE '%' ) AND ( a.sal_name LIKE '%' ) AND ( a.company_id LIKE '%' ) AND (  (a.pay_dd BETWEEN '2017-12-01' AND '2017-12-23' ) ) AND ( a.claim = '1' ) AND ( a.bank_cust LIKE '%' ) LIMIT 1   [ RunTime:0.002894s ]
SQL: SELECT * FROM mf_exchange as a LEFT JOIN tf_exchange b on a.id=b.id LEFT JOIN company c on a.company_id=c.company_id LEFT JOIN bank d on a.bank_id=d.bank_id WHERE ( b.contract_cust LIKE '%' ) AND ( b.so_no LIKE '%' ) AND ( a.sal_name LIKE '%' ) AND ( a.company_id LIKE '%' ) AND (  (a.pay_dd BETWEEN '2017-12-01' AND '2017-12-23' ) ) AND ( a.claim = '1' ) AND ( a.bank_cust LIKE '%' ) ORDER BY b.record_dd LIMIT 15,15   [ RunTime:0.017222s ]
INFO: [ view_parse ] --START--
INFO: ParseTemplate Behavior ::run [ RunTime:0.011249s ]
INFO: [ view_parse ] --END-- [ RunTime:0.011332s ]
INFO: [ view_filter ] --START--
INFO: ContentReplace Behavior ::run [ RunTime:0.000406s ]
INFO: TokenBuild Behavior ::run [ RunTime:0.000353s ]
INFO: WriteHtmlCache Behavior ::run [ RunTime:0.000220s ]
INFO: ShowRuntime Behavior ::run [ RunTime:0.000451s ]
INFO: [ view_filter ] --END-- [ RunTime:0.001616s ]
INFO: [ view_end ] --START--
INFO: ShowPageTrace Behavior ::run [ RunTime:0.000607s ]
INFO: [ view_end ] --END-- [ RunTime:0.000677s ]

[ 2017-12-23T09:07:27+08:00 ] 115.231.193.202 /ok_erp/finance_index.php/Claim/selectClaimResult/company_id/%25/date_min/2017-12-01/p/3.html
INFO: [ route_check ] --START--
INFO: CheckRoute Behavior ::run [ RunTime:0.000998s ]
INFO: [ route_check ] --END-- [ RunTime:0.001093s ]
INFO: [ app_begin ] --START--
INFO: ReadHtmlCache Behavior ::run [ RunTime:0.000552s ]
INFO: [ app_begin ] --END-- [ RunTime:0.000623s ]
SQL: SELECT COUNT(*) AS tp_count FROM mf_exchange as a LEFT JOIN tf_exchange b on a.id=b.id LEFT JOIN company c on a.company_id=c.company_id LEFT JOIN bank d on a.bank_id=d.bank_id WHERE ( b.contract_cust LIKE '%' ) AND ( b.so_no LIKE '%' ) AND ( a.sal_name LIKE '%' ) AND ( a.company_id LIKE '%' ) AND (  (a.pay_dd BETWEEN '2017-12-01' AND '2017-12-23' ) ) AND ( a.claim = '1' ) AND ( a.bank_cust LIKE '%' ) LIMIT 1   [ RunTime:0.002732s ]
SQL: SELECT * FROM mf_exchange as a LEFT JOIN tf_exchange b on a.id=b.id LEFT JOIN company c on a.company_id=c.company_id LEFT JOIN bank d on a.bank_id=d.bank_id WHERE ( b.contract_cust LIKE '%' ) AND ( b.so_no LIKE '%' ) AND ( a.sal_name LIKE '%' ) AND ( a.company_id LIKE '%' ) AND (  (a.pay_dd BETWEEN '2017-12-01' AND '2017-12-23' ) ) AND ( a.claim = '1' ) AND ( a.bank_cust LIKE '%' ) ORDER BY b.record_dd LIMIT 30,15   [ RunTime:0.017761s ]
INFO: [ view_parse ] --START--
INFO: ParseTemplate Behavior ::run [ RunTime:0.011376s ]
INFO: [ view_parse ] --END-- [ RunTime:0.011461s ]
INFO: [ view_filter ] --START--
INFO: ContentReplace Behavior ::run [ RunTime:0.000413s ]
INFO: TokenBuild Behavior ::run [ RunTime:0.000354s ]
INFO: WriteHtmlCache Behavior ::run [ RunTime:0.000221s ]
INFO: ShowRuntime Behavior ::run [ RunTime:0.000450s ]
INFO: [ view_filter ] --END-- [ RunTime:0.001623s ]
INFO: [ view_end ] --START--
INFO: ShowPageTrace Behavior ::run [ RunTime:0.000606s ]
INFO: [ view_end ] --END-- [ RunTime:0.000677s ]

[ 2017-12-23T09:08:06+08:00 ] 115.231.193.202 /ok_erp/finance_index.php/Claim/selectClaim
INFO: [ route_check ] --START--
INFO: CheckRoute Behavior ::run [ RunTime:0.000826s ]
INFO: [ route_check ] --END-- [ RunTime:0.000917s ]
INFO: [ app_begin ] --START--
INFO: ReadHtmlCache Behavior ::run [ RunTime:0.000545s ]
INFO: [ app_begin ] --END-- [ RunTime:0.000616s ]
SQL: SHOW COLUMNS FROM `company` [ RunTime:0.001066s ]
SQL: SELECT * FROM `company` ORDER BY company_id  [ RunTime:0.000249s ]
INFO: [ view_parse ] --START--
INFO: ParseTemplate Behavior ::run [ RunTime:0.009707s ]
INFO: [ view_parse ] --END-- [ RunTime:0.009789s ]
INFO: [ view_filter ] --START--
INFO: ContentReplace Behavior ::run [ RunTime:0.000351s ]
INFO: TokenBuild Behavior ::run [ RunTime:0.000347s ]
INFO: WriteHtmlCache Behavior ::run [ RunTime:0.000219s ]
INFO: ShowRuntime Behavior ::run [ RunTime:0.000476s ]
INFO: [ view_filter ] --END-- [ RunTime:0.001580s ]
INFO: [ view_end ] --START--
INFO: ShowPageTrace Behavior ::run [ RunTime:0.000585s ]
INFO: [ view_end ] --END-- [ RunTime:0.000652s ]

[ 2017-12-23T09:08:13+08:00 ] 115.231.193.202 /ok_erp/finance_index.php/Claim/selectClaimResult
INFO: [ route_check ] --START--
INFO: CheckRoute Behavior ::run [ RunTime:0.000827s ]
INFO: [ route_check ] --END-- [ RunTime:0.000917s ]
INFO: [ app_begin ] --START--
INFO: ReadHtmlCache Behavior ::run [ RunTime:0.000542s ]
INFO: [ app_begin ] --END-- [ RunTime:0.000614s ]
SQL: SELECT COUNT(*) AS tp_count FROM mf_exchange as a LEFT JOIN tf_exchange b on a.id=b.id LEFT JOIN company c on a.company_id=c.company_id LEFT JOIN bank d on a.bank_id=d.bank_id WHERE ( b.contract_cust LIKE '%' ) AND ( b.so_no LIKE '%' ) AND ( a.sal_name LIKE '%' ) AND ( a.company_id LIKE '%' ) AND (  (a.pay_dd BETWEEN '2017-11-13' AND '2017-12-23' ) ) AND ( a.claim = '1' ) AND ( a.bank_cust LIKE '%' ) LIMIT 1   [ RunTime:0.003367s ]
SQL: SELECT * FROM mf_exchange as a LEFT JOIN tf_exchange b on a.id=b.id LEFT JOIN company c on a.company_id=c.company_id LEFT JOIN bank d on a.bank_id=d.bank_id WHERE ( b.contract_cust LIKE '%' ) AND ( b.so_no LIKE '%' ) AND ( a.sal_name LIKE '%' ) AND ( a.company_id LIKE '%' ) AND (  (a.pay_dd BETWEEN '2017-11-13' AND '2017-12-23' ) ) AND ( a.claim = '1' ) AND ( a.bank_cust LIKE '%' ) ORDER BY b.record_dd LIMIT 0,15   [ RunTime:0.015815s ]
INFO: [ view_parse ] --START--
INFO: ParseTemplate Behavior ::run [ RunTime:0.011419s ]
INFO: [ view_parse ] --END-- [ RunTime:0.011503s ]
INFO: [ view_filter ] --START--
INFO: ContentReplace Behavior ::run [ RunTime:0.000415s ]
INFO: TokenBuild Behavior ::run [ RunTime:0.000387s ]
INFO: WriteHtmlCache Behavior ::run [ RunTime:0.000222s ]
INFO: ShowRuntime Behavior ::run [ RunTime:0.000482s ]
INFO: [ view_filter ] --END-- [ RunTime:0.001689s ]
INFO: [ view_end ] --START--
INFO: ShowPageTrace Behavior ::run [ RunTime:0.000600s ]
INFO: [ view_end ] --END-- [ RunTime:0.000669s ]

[ 2017-12-23T09:19:11+08:00 ] 115.231.193.202 /ok_erp/finance_index.php/Claim/selectClaim
INFO: [ route_check ] --START--
INFO: CheckRoute Behavior ::run [ RunTime:0.001084s ]
INFO: [ route_check ] --END-- [ RunTime:0.001173s ]
INFO: [ app_begin ] --START--
INFO: ReadHtmlCache Behavior ::run [ RunTime:0.000814s ]
INFO: [ app_begin ] --END-- [ RunTime:0.000887s ]
SQL: SHOW COLUMNS FROM `company` [ RunTime:0.000939s ]
SQL: SELECT * FROM `company` ORDER BY company_id  [ RunTime:0.000236s ]
INFO: [ view_parse ] --START--
INFO: ParseTemplate Behavior ::run [ RunTime:0.011508s ]
INFO: [ view_parse ] --END-- [ RunTime:0.011591s ]
INFO: [ view_filter ] --START--
INFO: ContentReplace Behavior ::run [ RunTime:0.000628s ]
INFO: TokenBuild Behavior ::run [ RunTime:0.000597s ]
INFO: WriteHtmlCache Behavior ::run [ RunTime:0.000707s ]
INFO: ShowRuntime Behavior ::run [ RunTime:0.000698s ]
INFO: [ view_filter ] --END-- [ RunTime:0.002823s ]
INFO: [ view_end ] --START--
INFO: ShowPageTrace Behavior ::run [ RunTime:0.000867s ]
INFO: [ view_end ] --END-- [ RunTime:0.000936s ]

[ 2017-12-23T09:19:20+08:00 ] 115.231.193.202 /ok_erp/finance_index.php/Claim/selectClaimResult
INFO: [ route_check ] --START--
INFO: CheckRoute Behavior ::run [ RunTime:0.001059s ]
INFO: [ route_check ] --END-- [ RunTime:0.001149s ]
INFO: [ app_begin ] --START--
INFO: ReadHtmlCache Behavior ::run [ RunTime:0.000770s ]
INFO: [ app_begin ] --END-- [ RunTime:0.000843s ]
SQL: SELECT COUNT(*) AS tp_count FROM mf_exchange as a LEFT JOIN tf_exchange b on a.id=b.id LEFT JOIN company c on a.company_id=c.company_id LEFT JOIN bank d on a.bank_id=d.bank_id WHERE ( b.contract_cust LIKE '%V-TAC SPAIN%' ) AND ( b.so_no LIKE '%' ) AND ( a.sal_name LIKE '%' ) AND ( a.company_id LIKE '%' ) AND (  (a.pay_dd BETWEEN '2016-12-01' AND '2017-12-23' ) ) AND ( a.claim = '1' ) AND ( a.bank_cust LIKE '%' ) LIMIT 1   [ RunTime:0.019035s ]
SQL: SELECT * FROM mf_exchange as a LEFT JOIN tf_exchange b on a.id=b.id LEFT JOIN company c on a.company_id=c.company_id LEFT JOIN bank d on a.bank_id=d.bank_id WHERE ( b.contract_cust LIKE '%V-TAC SPAIN%' ) AND ( b.so_no LIKE '%' ) AND ( a.sal_name LIKE '%' ) AND ( a.company_id LIKE '%' ) AND (  (a.pay_dd BETWEEN '2016-12-01' AND '2017-12-23' ) ) AND ( a.claim = '1' ) AND ( a.bank_cust LIKE '%' ) ORDER BY b.record_dd LIMIT 0,15   [ RunTime:0.002900s ]
INFO: [ view_parse ] --START--
INFO: ParseTemplate Behavior ::run [ RunTime:0.017888s ]
INFO: [ view_parse ] --END-- [ RunTime:0.017971s ]
INFO: [ view_filter ] --START--
INFO: ContentReplace Behavior ::run [ RunTime:0.000590s ]
INFO: TokenBuild Behavior ::run [ RunTime:0.000586s ]
INFO: WriteHtmlCache Behavior ::run [ RunTime:0.000457s ]
INFO: ShowRuntime Behavior ::run [ RunTime:0.000677s ]
INFO: [ view_filter ] --END-- [ RunTime:0.002498s ]
INFO: [ view_end ] --START--
INFO: ShowPageTrace Behavior ::run [ RunTime:0.000816s ]
INFO: [ view_end ] --END-- [ RunTime:0.000886s ]

[ 2017-12-23T09:19:30+08:00 ] 115.231.193.202 /ok_erp/finance_index.php/Account/SelectAccountDetail?so_id=468
INFO: [ route_check ] --START--
INFO: CheckRoute Behavior ::run [ RunTime:0.000891s ]
INFO: [ route_check ] --END-- [ RunTime:0.000985s ]
INFO: [ app_begin ] --START--
INFO: ReadHtmlCache Behavior ::run [ RunTime:0.000572s ]
INFO: [ app_begin ] --END-- [ RunTime:0.000645s ]
SQL: SHOW COLUMNS FROM `account` [ RunTime:0.011694s ]
SQL: SHOW COLUMNS FROM `tf_exchange` [ RunTime:0.000974s ]
SQL: SELECT * FROM `account` WHERE ( `so_id` = 468 ) LIMIT 1   [ RunTime:0.000325s ]
SQL: SELECT * FROM `tf_exchange` WHERE ( so_id=468 )  [ RunTime:0.003557s ]
SQL: SELECT * FROM tf_exchange a LEFT JOIN mf_exchange b on a.id=b.id WHERE ( a.so_no like 'VS17%' and b.sal_name like '张军芬%' and a.cls_id='F' )  [ RunTime:0.002224s ]
NOTIC: [8] Undefined index:  SAR_url C:\xampp\htdocs\ok_erp\Finance\Lib\Action\AccountAction.class.php 第 58 行.
INFO: [ view_parse ] --START--
INFO: ParseTemplate Behavior ::run [ RunTime:0.030536s ]
INFO: [ view_parse ] --END-- [ RunTime:0.030627s ]
INFO: [ view_filter ] --START--
INFO: ContentReplace Behavior ::run [ RunTime:0.000365s ]
INFO: TokenBuild Behavior ::run [ RunTime:0.000349s ]
INFO: WriteHtmlCache Behavior ::run [ RunTime:0.000218s ]
INFO: ShowRuntime Behavior ::run [ RunTime:0.000448s ]
INFO: [ view_filter ] --END-- [ RunTime:0.001565s ]
INFO: [ view_end ] --START--
INFO: ShowPageTrace Behavior ::run [ RunTime:0.000607s ]
INFO: [ view_end ] --END-- [ RunTime:0.000673s ]

[ 2017-12-23T09:20:20+08:00 ] 183.192.201.97 /ok_erp/finance_index.php/claim/selectclaimresult
INFO: [ route_check ] --START--
INFO: CheckRoute Behavior ::run [ RunTime:0.000825s ]
INFO: [ route_check ] --END-- [ RunTime:0.000916s ]
INFO: [ app_begin ] --START--
INFO: ReadHtmlCache Behavior ::run [ RunTime:0.000541s ]
INFO: [ app_begin ] --END-- [ RunTime:0.000611s ]
ERR: 无法加载模块:claim

[ 2017-12-23T09:20:31+08:00 ] 120.204.17.68 /ok_erp/finance_index.php/account/selectaccountdetail
INFO: [ route_check ] --START--
INFO: CheckRoute Behavior ::run [ RunTime:0.000825s ]
INFO: [ route_check ] --END-- [ RunTime:0.000916s ]
INFO: [ app_begin ] --START--
INFO: ReadHtmlCache Behavior ::run [ RunTime:0.000546s ]
INFO: [ app_begin ] --END-- [ RunTime:0.000615s ]
ERR: 无法加载模块:account

[ 2017-12-23T09:25:45+08:00 ] 115.231.193.202 /ok_erp/finance_index.php/Claim/selectClaimResult
INFO: [ route_check ] --START--
INFO: CheckRoute Behavior ::run [ RunTime:0.001051s ]
INFO: [ route_check ] --END-- [ RunTime:0.001141s ]
INFO: [ app_begin ] --START--
INFO: ReadHtmlCache Behavior ::run [ RunTime:0.000769s ]
INFO: [ app_begin ] --END-- [ RunTime:0.000841s ]
SQL: SELECT COUNT(*) AS tp_count FROM mf_exchange as a LEFT JOIN tf_exchange b on a.id=b.id LEFT JOIN company c on a.company_id=c.company_id LEFT JOIN bank d on a.bank_id=d.bank_id WHERE ( b.contract_cust LIKE '%' ) AND ( b.so_no LIKE '%GEA171207%' ) AND ( a.sal_name LIKE '%' ) AND ( a.company_id LIKE '%' ) AND (  (a.pay_dd BETWEEN '2016-12-01' AND '2017-12-23' ) ) AND ( a.claim = '1' ) AND ( a.bank_cust LIKE '%' ) LIMIT 1   [ RunTime:0.011162s ]
SQL: SELECT * FROM mf_exchange as a LEFT JOIN tf_exchange b on a.id=b.id LEFT JOIN company c on a.company_id=c.company_id LEFT JOIN bank d on a.bank_id=d.bank_id WHERE ( b.contract_cust LIKE '%' ) AND ( b.so_no LIKE '%GEA171207%' ) AND ( a.sal_name LIKE '%' ) AND ( a.company_id LIKE '%' ) AND (  (a.pay_dd BETWEEN '2016-12-01' AND '2017-12-23' ) ) AND ( a.claim = '1' ) AND ( a.bank_cust LIKE '%' ) ORDER BY b.record_dd LIMIT 0,15   [ RunTime:0.002864s ]
INFO: [ view_parse ] --START--
INFO: ParseTemplate Behavior ::run [ RunTime:0.012547s ]
INFO: [ view_parse ] --END-- [ RunTime:0.012629s ]
INFO: [ view_filter ] --START--
INFO: ContentReplace Behavior ::run [ RunTime:0.000585s ]
INFO: TokenBuild Behavior ::run [ RunTime:0.000585s ]
INFO: WriteHtmlCache Behavior ::run [ RunTime:0.000454s ]
INFO: ShowRuntime Behavior ::run [ RunTime:0.000712s ]
INFO: [ view_filter ] --END-- [ RunTime:0.002521s ]
INFO: [ view_end ] --START--
INFO: ShowPageTrace Behavior ::run [ RunTime:0.000856s ]
INFO: [ view_end ] --END-- [ RunTime:0.000925s ]

[ 2017-12-23T09:26:42+08:00 ] 115.231.193.202 /ok_erp/finance_index.php/Claim/selectClaimResult
INFO: [ route_check ] --START--
INFO: CheckRoute Behavior ::run [ RunTime:0.000828s ]
INFO: [ route_check ] --END-- [ RunTime:0.000919s ]
INFO: [ app_begin ] --START--
INFO: ReadHtmlCache Behavior ::run [ RunTime:0.000572s ]
INFO: [ app_begin ] --END-- [ RunTime:0.000642s ]
SQL: SELECT COUNT(*) AS tp_count FROM mf_exchange as a LEFT JOIN tf_exchange b on a.id=b.id LEFT JOIN company c on a.company_id=c.company_id LEFT JOIN bank d on a.bank_id=d.bank_id WHERE ( b.contract_cust LIKE '%' ) AND ( b.so_no LIKE '%GEA170927%' ) AND ( a.sal_name LIKE '%' ) AND ( a.company_id LIKE '%' ) AND (  (a.pay_dd BETWEEN '2016-12-01' AND '2017-12-23' ) ) AND ( a.claim = '1' ) AND ( a.bank_cust LIKE '%' ) LIMIT 1   [ RunTime:0.011207s ]
SQL: SELECT * FROM mf_exchange as a LEFT JOIN tf_exchange b on a.id=b.id LEFT JOIN company c on a.company_id=c.company_id LEFT JOIN bank d on a.bank_id=d.bank_id WHERE ( b.contract_cust LIKE '%' ) AND ( b.so_no LIKE '%GEA170927%' ) AND ( a.sal_name LIKE '%' ) AND ( a.company_id LIKE '%' ) AND (  (a.pay_dd BETWEEN '2016-12-01' AND '2017-12-23' ) ) AND ( a.claim = '1' ) AND ( a.bank_cust LIKE '%' ) ORDER BY b.record_dd LIMIT 0,15   [ RunTime:0.002815s ]
INFO: [ view_parse ] --START--
INFO: ParseTemplate Behavior ::run [ RunTime:0.011187s ]
INFO: [ view_parse ] --END-- [ RunTime:0.011268s ]
INFO: [ view_filter ] --START--
INFO: ContentReplace Behavior ::run [ RunTime:0.000353s ]
INFO: TokenBuild Behavior ::run [ RunTime:0.000383s ]
INFO: WriteHtmlCache Behavior ::run [ RunTime:0.000222s ]
INFO: ShowRuntime Behavior ::run [ RunTime:0.000477s ]
INFO: [ view_filter ] --END-- [ RunTime:0.001616s ]
INFO: [ view_end ] --START--
INFO: ShowPageTrace Behavior ::run [ RunTime:0.000581s ]
INFO: [ view_end ] --END-- [ RunTime:0.000648s ]

[ 2017-12-23T09:38:16+08:00 ] 115.231.193.202 /ok_erp/finance_index.php/Claim/selectClaimResult
INFO: [ route_check ] --START--
INFO: CheckRoute Behavior ::run [ RunTime:0.001050s ]
INFO: [ route_check ] --END-- [ RunTime:0.001139s ]
INFO: [ app_begin ] --START--
INFO: ReadHtmlCache Behavior ::run [ RunTime:0.000768s ]
INFO: [ app_begin ] --END-- [ RunTime:0.000840s ]
SQL: SELECT COUNT(*) AS tp_count FROM mf_exchange as a LEFT JOIN tf_exchange b on a.id=b.id LEFT JOIN company c on a.company_id=c.company_id LEFT JOIN bank d on a.bank_id=d.bank_id WHERE ( b.contract_cust LIKE '%Ecomy%' ) AND ( b.so_no LIKE '%' ) AND ( a.sal_name LIKE '%' ) AND ( a.company_id LIKE '%' ) AND (  (a.pay_dd BETWEEN '2016-12-01' AND '2017-12-23' ) ) AND ( a.claim = '1' ) AND ( a.bank_cust LIKE '%' ) LIMIT 1   [ RunTime:0.011443s ]
SQL: SELECT * FROM mf_exchange as a LEFT JOIN tf_exchange b on a.id=b.id LEFT JOIN company c on a.company_id=c.company_id LEFT JOIN bank d on a.bank_id=d.bank_id WHERE ( b.contract_cust LIKE '%Ecomy%' ) AND ( b.so_no LIKE '%' ) AND ( a.sal_name LIKE '%' ) AND ( a.company_id LIKE '%' ) AND (  (a.pay_dd BETWEEN '2016-12-01' AND '2017-12-23' ) ) AND ( a.claim = '1' ) AND ( a.bank_cust LIKE '%' ) ORDER BY b.record_dd LIMIT 0,15   [ RunTime:0.002923s ]
INFO: [ view_parse ] --START--
INFO: ParseTemplate Behavior ::run [ RunTime:0.012543s ]
INFO: [ view_parse ] --END-- [ RunTime:0.012627s ]
INFO: [ view_filter ] --START--
INFO: ContentReplace Behavior ::run [ RunTime:0.000591s ]
INFO: TokenBuild Behavior ::run [ RunTime:0.000584s ]
INFO: WriteHtmlCache Behavior ::run [ RunTime:0.000455s ]
INFO: ShowRuntime Behavior ::run [ RunTime:0.000681s ]
INFO: [ view_filter ] --END-- [ RunTime:0.002496s ]
INFO: [ view_end ] --START--
INFO: ShowPageTrace Behavior ::run [ RunTime:0.000816s ]
INFO: [ view_end ] --END-- [ RunTime:0.000884s ]

[ 2017-12-23T09:45:24+08:00 ] 115.231.193.202 /ok_erp/finance_index.php/Claim/selectClaimResult
INFO: [ route_check ] --START--
INFO: CheckRoute Behavior ::run [ RunTime:0.001055s ]
INFO: [ route_check ] --END-- [ RunTime:0.001146s ]
INFO: [ app_begin ] --START--
INFO: ReadHtmlCache Behavior ::run [ RunTime:0.000810s ]
INFO: [ app_begin ] --END-- [ RunTime:0.000883s ]
SQL: SELECT COUNT(*) AS tp_count FROM mf_exchange as a LEFT JOIN tf_exchange b on a.id=b.id LEFT JOIN company c on a.company_id=c.company_id LEFT JOIN bank d on a.bank_id=d.bank_id WHERE ( b.contract_cust LIKE '%' ) AND ( b.so_no LIKE '%DJ2010816 %' ) AND ( a.sal_name LIKE '%' ) AND ( a.company_id LIKE '%' ) AND (  (a.pay_dd BETWEEN '2016-12-01' AND '2017-12-23' ) ) AND ( a.claim = '1' ) AND ( a.bank_cust LIKE '%' ) LIMIT 1   [ RunTime:0.011206s ]
SQL: SELECT * FROM mf_exchange as a LEFT JOIN tf_exchange b on a.id=b.id LEFT JOIN company c on a.company_id=c.company_id LEFT JOIN bank d on a.bank_id=d.bank_id WHERE ( b.contract_cust LIKE '%' ) AND ( b.so_no LIKE '%DJ2010816 %' ) AND ( a.sal_name LIKE '%' ) AND ( a.company_id LIKE '%' ) AND (  (a.pay_dd BETWEEN '2016-12-01' AND '2017-12-23' ) ) AND ( a.claim = '1' ) AND ( a.bank_cust LIKE '%' ) ORDER BY b.record_dd LIMIT 0,15   [ RunTime:0.002802s ]
INFO: [ view_parse ] --START--
INFO: ParseTemplate Behavior ::run [ RunTime:0.019485s ]
INFO: [ view_parse ] --END-- [ RunTime:0.019573s ]
INFO: [ view_filter ] --START--
INFO: ContentReplace Behavior ::run [ RunTime:0.000575s ]
INFO: TokenBuild Behavior ::run [ RunTime:0.000595s ]
INFO: WriteHtmlCache Behavior ::run [ RunTime:0.000458s ]
INFO: ShowRuntime Behavior ::run [ RunTime:0.000715s ]
INFO: [ view_filter ] --END-- [ RunTime:0.002531s ]
INFO: [ view_end ] --START--
INFO: ShowPageTrace Behavior ::run [ RunTime:0.000831s ]
INFO: [ view_end ] --END-- [ RunTime:0.000899s ]

[ 2017-12-23T09:45:34+08:00 ] 115.231.193.202 /ok_erp/finance_index.php/Claim/selectClaimResult
INFO: [ route_check ] --START--
INFO: CheckRoute Behavior ::run [ RunTime:0.000815s ]
INFO: [ route_check ] --END-- [ RunTime:0.000906s ]
INFO: [ app_begin ] --START--
INFO: ReadHtmlCache Behavior ::run [ RunTime:0.000541s ]
INFO: [ app_begin ] --END-- [ RunTime:0.000611s ]
SQL: SELECT COUNT(*) AS tp_count FROM mf_exchange as a LEFT JOIN tf_exchange b on a.id=b.id LEFT JOIN company c on a.company_id=c.company_id LEFT JOIN bank d on a.bank_id=d.bank_id WHERE ( b.contract_cust LIKE '%' ) AND ( b.so_no LIKE '%20170823%' ) AND ( a.sal_name LIKE '%' ) AND ( a.company_id LIKE '%' ) AND (  (a.pay_dd BETWEEN '2016-12-01' AND '2017-12-23' ) ) AND ( a.claim = '1' ) AND ( a.bank_cust LIKE '%' ) LIMIT 1   [ RunTime:0.011340s ]
SQL: SELECT * FROM mf_exchange as a LEFT JOIN tf_exchange b on a.id=b.id LEFT JOIN company c on a.company_id=c.company_id LEFT JOIN bank d on a.bank_id=d.bank_id WHERE ( b.contract_cust LIKE '%' ) AND ( b.so_no LIKE '%20170823%' ) AND ( a.sal_name LIKE '%' ) AND ( a.company_id LIKE '%' ) AND (  (a.pay_dd BETWEEN '2016-12-01' AND '2017-12-23' ) ) AND ( a.claim = '1' ) AND ( a.bank_cust LIKE '%' ) ORDER BY b.record_dd LIMIT 0,15   [ RunTime:0.002900s ]
INFO: [ view_parse ] --START--
INFO: ParseTemplate Behavior ::run [ RunTime:0.007326s ]
INFO: [ view_parse ] --END-- [ RunTime:0.007417s ]
INFO: [ view_filter ] --START--
INFO: ContentReplace Behavior ::run [ RunTime:0.000334s ]
INFO: TokenBuild Behavior ::run [ RunTime:0.000362s ]
INFO: WriteHtmlCache Behavior ::run [ RunTime:0.000224s ]
INFO: ShowRuntime Behavior ::run [ RunTime:0.000447s ]
INFO: [ view_filter ] --END-- [ RunTime:0.001549s ]
INFO: [ view_end ] --START--
INFO: ShowPageTrace Behavior ::run [ RunTime:0.000592s ]
INFO: [ view_end ] --END-- [ RunTime:0.000657s ]

[ 2017-12-23T09:45:56+08:00 ] 115.231.193.202 /ok_erp/finance_index.php/Claim/selectClaimResult
INFO: [ route_check ] --START--
INFO: CheckRoute Behavior ::run [ RunTime:0.000840s ]
INFO: [ route_check ] --END-- [ RunTime:0.000932s ]
INFO: [ app_begin ] --START--
INFO: ReadHtmlCache Behavior ::run [ RunTime:0.000547s ]
INFO: [ app_begin ] --END-- [ RunTime:0.000617s ]
SQL: SELECT COUNT(*) AS tp_count FROM mf_exchange as a LEFT JOIN tf_exchange b on a.id=b.id LEFT JOIN company c on a.company_id=c.company_id LEFT JOIN bank d on a.bank_id=d.bank_id WHERE ( b.contract_cust LIKE '%' ) AND ( b.so_no LIKE '%' ) AND ( a.sal_name LIKE '%' ) AND ( a.company_id LIKE '%' ) AND (  (a.pay_dd BETWEEN '2016-12-01' AND '2017-12-23' ) ) AND ( a.claim = '1' ) AND ( a.bank_cust LIKE '%TCL comercio importacao exportacao%' ) LIMIT 1   [ RunTime:0.002409s ]
SQL: SELECT * FROM mf_exchange as a LEFT JOIN tf_exchange b on a.id=b.id LEFT JOIN company c on a.company_id=c.company_id LEFT JOIN bank d on a.bank_id=d.bank_id WHERE ( b.contract_cust LIKE '%' ) AND ( b.so_no LIKE '%' ) AND ( a.sal_name LIKE '%' ) AND ( a.company_id LIKE '%' ) AND (  (a.pay_dd BETWEEN '2016-12-01' AND '2017-12-23' ) ) AND ( a.claim = '1' ) AND ( a.bank_cust LIKE '%TCL comercio importacao exportacao%' ) ORDER BY b.record_dd LIMIT 0,15   [ RunTime:0.019564s ]
INFO: [ view_parse ] --START--
INFO: ParseTemplate Behavior ::run [ RunTime:0.007457s ]
INFO: [ view_parse ] --END-- [ RunTime:0.007541s ]
INFO: [ view_filter ] --START--
INFO: ContentReplace Behavior ::run [ RunTime:0.000318s ]
INFO: TokenBuild Behavior ::run [ RunTime:0.000346s ]
INFO: WriteHtmlCache Behavior ::run [ RunTime:0.000221s ]
INFO: ShowRuntime Behavior ::run [ RunTime:0.000444s ]
INFO: [ view_filter ] --END-- [ RunTime:0.001515s ]
INFO: [ view_end ] --START--
INFO: ShowPageTrace Behavior ::run [ RunTime:0.000587s ]
INFO: [ view_end ] --END-- [ RunTime:0.000654s ]

[ 2017-12-23T09:45:59+08:00 ] 115.231.193.202 /ok_erp/finance_index.php/Claim/selectClaimResult
INFO: [ route_check ] --START--
INFO: CheckRoute Behavior ::run [ RunTime:0.000819s ]
INFO: [ route_check ] --END-- [ RunTime:0.000907s ]
INFO: [ app_begin ] --START--
INFO: ReadHtmlCache Behavior ::run [ RunTime:0.000539s ]
INFO: [ app_begin ] --END-- [ RunTime:0.000610s ]
SQL: SELECT COUNT(*) AS tp_count FROM mf_exchange as a LEFT JOIN tf_exchange b on a.id=b.id LEFT JOIN company c on a.company_id=c.company_id LEFT JOIN bank d on a.bank_id=d.bank_id WHERE ( b.contract_cust LIKE '%TCL comercio importacao exportacao%' ) AND ( b.so_no LIKE '%' ) AND ( a.sal_name LIKE '%' ) AND ( a.company_id LIKE '%' ) AND (  (a.pay_dd BETWEEN '2016-12-01' AND '2017-12-23' ) ) AND ( a.claim = '1' ) AND ( a.bank_cust LIKE '%' ) LIMIT 1   [ RunTime:0.011461s ]
SQL: SELECT * FROM mf_exchange as a LEFT JOIN tf_exchange b on a.id=b.id LEFT JOIN company c on a.company_id=c.company_id LEFT JOIN bank d on a.bank_id=d.bank_id WHERE ( b.contract_cust LIKE '%TCL comercio importacao exportacao%' ) AND ( b.so_no LIKE '%' ) AND ( a.sal_name LIKE '%' ) AND ( a.company_id LIKE '%' ) AND (  (a.pay_dd BETWEEN '2016-12-01' AND '2017-12-23' ) ) AND ( a.claim = '1' ) AND ( a.bank_cust LIKE '%' ) ORDER BY b.record_dd LIMIT 0,15   [ RunTime:0.002887s ]
INFO: [ view_parse ] --START--
INFO: ParseTemplate Behavior ::run [ RunTime:0.007232s ]
INFO: [ view_parse ] --END-- [ RunTime:0.007315s ]
INFO: [ view_filter ] --START--
INFO: ContentReplace Behavior ::run [ RunTime:0.000318s ]
INFO: TokenBuild Behavior ::run [ RunTime:0.000347s ]
INFO: WriteHtmlCache Behavior ::run [ RunTime:0.000221s ]
INFO: ShowRuntime Behavior ::run [ RunTime:0.000442s ]
INFO: [ view_filter ] --END-- [ RunTime:0.001511s ]
INFO: [ view_end ] --START--
INFO: ShowPageTrace Behavior ::run [ RunTime:0.000588s ]
INFO: [ view_end ] --END-- [ RunTime:0.000654s ]

[ 2017-12-23T10:07:49+08:00 ] 115.231.193.202 /ok_erp/finance_index.php/Claim/selectClaimResult
INFO: [ route_check ] --START--
INFO: CheckRoute Behavior ::run [ RunTime:0.001420s ]
INFO: [ route_check ] --END-- [ RunTime:0.001512s ]
INFO: [ app_begin ] --START--
INFO: ReadHtmlCache Behavior ::run [ RunTime:0.000781s ]
INFO: [ app_begin ] --END-- [ RunTime:0.000854s ]
SQL: SELECT COUNT(*) AS tp_count FROM mf_exchange as a LEFT JOIN tf_exchange b on a.id=b.id LEFT JOIN company c on a.company_id=c.company_id LEFT JOIN bank d on a.bank_id=d.bank_id WHERE ( b.contract_cust LIKE '%' ) AND ( b.so_no LIKE '%' ) AND ( a.sal_name LIKE '%' ) AND ( a.company_id LIKE '%' ) AND (  (a.pay_dd BETWEEN '2016-12-01' AND '2017-12-23' ) ) AND ( a.claim = '1' ) AND ( a.bank_cust LIKE '%YIGO%' ) LIMIT 1   [ RunTime:0.002720s ]
SQL: SELECT * FROM mf_exchange as a LEFT JOIN tf_exchange b on a.id=b.id LEFT JOIN company c on a.company_id=c.company_id LEFT JOIN bank d on a.bank_id=d.bank_id WHERE ( b.contract_cust LIKE '%' ) AND ( b.so_no LIKE '%' ) AND ( a.sal_name LIKE '%' ) AND ( a.company_id LIKE '%' ) AND (  (a.pay_dd BETWEEN '2016-12-01' AND '2017-12-23' ) ) AND ( a.claim = '1' ) AND ( a.bank_cust LIKE '%YIGO%' ) ORDER BY b.record_dd LIMIT 0,15   [ RunTime:0.019977s ]
INFO: [ view_parse ] --START--
INFO: ParseTemplate Behavior ::run [ RunTime:0.013265s ]
INFO: [ view_parse ] --END-- [ RunTime:0.013353s ]
INFO: [ view_filter ] --START--
INFO: ContentReplace Behavior ::run [ RunTime:0.000632s ]
INFO: TokenBuild Behavior ::run [ RunTime:0.000616s ]
INFO: WriteHtmlCache Behavior ::run [ RunTime:0.000458s ]
INFO: ShowRuntime Behavior ::run [ RunTime:0.000724s ]
INFO: [ view_filter ] --END-- [ RunTime:0.002617s ]
INFO: [ view_end ] --START--
INFO: ShowPageTrace Behavior ::run [ RunTime:0.001130s ]
INFO: [ view_end ] --END-- [ RunTime:0.001200s ]

[ 2017-12-23T10:50:01+08:00 ] 115.231.193.202 /ok_erp/finance_index.php/Claim/selectClaim
INFO: [ route_check ] --START--
INFO: CheckRoute Behavior ::run [ RunTime:0.001056s ]
INFO: [ route_check ] --END-- [ RunTime:0.001145s ]
INFO: [ app_begin ] --START--
INFO: ReadHtmlCache Behavior ::run [ RunTime:0.000803s ]
INFO: [ app_begin ] --END-- [ RunTime:0.000884s ]
SQL: SHOW COLUMNS FROM `company` [ RunTime:0.000962s ]
SQL: SELECT * FROM `company` ORDER BY company_id  [ RunTime:0.000199s ]
INFO: [ view_parse ] --START--
INFO: ParseTemplate Behavior ::run [ RunTime:0.011302s ]
INFO: [ view_parse ] --END-- [ RunTime:0.011386s ]
INFO: [ view_filter ] --START--
INFO: ContentReplace Behavior ::run [ RunTime:0.000606s ]
INFO: TokenBuild Behavior ::run [ RunTime:0.000625s ]
INFO: WriteHtmlCache Behavior ::run [ RunTime:0.000467s ]
INFO: ShowRuntime Behavior ::run [ RunTime:0.000721s ]
INFO: [ view_filter ] --END-- [ RunTime:0.002610s ]
INFO: [ view_end ] --START--
INFO: ShowPageTrace Behavior ::run [ RunTime:0.000848s ]
INFO: [ view_end ] --END-- [ RunTime:0.000916s ]

[ 2017-12-23T10:50:13+08:00 ] 115.231.193.202 /ok_erp/finance_index.php/Claim/selectClaimResult
INFO: [ route_check ] --START--
INFO: CheckRoute Behavior ::run [ RunTime:0.000874s ]
INFO: [ route_check ] --END-- [ RunTime:0.000965s ]
INFO: [ app_begin ] --START--
INFO: ReadHtmlCache Behavior ::run [ RunTime:0.000541s ]
INFO: [ app_begin ] --END-- [ RunTime:0.000611s ]
SQL: SELECT COUNT(*) AS tp_count FROM mf_exchange as a LEFT JOIN tf_exchange b on a.id=b.id LEFT JOIN company c on a.company_id=c.company_id LEFT JOIN bank d on a.bank_id=d.bank_id WHERE ( b.contract_cust LIKE '%' ) AND ( b.so_no LIKE '%' ) AND ( a.sal_name LIKE '%' ) AND ( a.company_id LIKE '%' ) AND (  (a.pay_dd BETWEEN '2016-12-01' AND '2017-12-23' ) ) AND ( a.claim = '1' ) AND ( a.bank_cust LIKE '%EGLO%' ) LIMIT 1   [ RunTime:0.002668s ]
SQL: SELECT * FROM mf_exchange as a LEFT JOIN tf_exchange b on a.id=b.id LEFT JOIN company c on a.company_id=c.company_id LEFT JOIN bank d on a.bank_id=d.bank_id WHERE ( b.contract_cust LIKE '%' ) AND ( b.so_no LIKE '%' ) AND ( a.sal_name LIKE '%' ) AND ( a.company_id LIKE '%' ) AND (  (a.pay_dd BETWEEN '2016-12-01' AND '2017-12-23' ) ) AND ( a.claim = '1' ) AND ( a.bank_cust LIKE '%EGLO%' ) ORDER BY b.record_dd LIMIT 0,15   [ RunTime:0.020247s ]
INFO: [ view_parse ] --START--
INFO: ParseTemplate Behavior ::run [ RunTime:0.011734s ]
INFO: [ view_parse ] --END-- [ RunTime:0.011824s ]
INFO: [ view_filter ] --START--
INFO: ContentReplace Behavior ::run [ RunTime:0.000447s ]
INFO: TokenBuild Behavior ::run [ RunTime:0.000359s ]
INFO: WriteHtmlCache Behavior ::run [ RunTime:0.000222s ]
INFO: ShowRuntime Behavior ::run [ RunTime:0.000450s ]
INFO: [ view_filter ] --END-- [ RunTime:0.001667s ]
INFO: [ view_end ] --START--
INFO: ShowPageTrace Behavior ::run [ RunTime:0.000622s ]
INFO: [ view_end ] --END-- [ RunTime:0.000692s ]

[ 2017-12-23T10:57:07+08:00 ] 115.231.193.202 /ok_erp/finance_index.php/Account/SelectAccountDetail?so_id=499
INFO: [ route_check ] --START--
INFO: CheckRoute Behavior ::run [ RunTime:0.001201s ]
INFO: [ route_check ] --END-- [ RunTime:0.001294s ]
INFO: [ app_begin ] --START--
INFO: ReadHtmlCache Behavior ::run [ RunTime:0.000789s ]
INFO: [ app_begin ] --END-- [ RunTime:0.000863s ]
SQL: SHOW COLUMNS FROM `account` [ RunTime:0.001150s ]
SQL: SHOW COLUMNS FROM `tf_exchange` [ RunTime:0.000905s ]
SQL: SELECT * FROM `account` WHERE ( `so_id` = 499 ) LIMIT 1   [ RunTime:0.000336s ]
SQL: SELECT * FROM `tf_exchange` WHERE ( so_id=499 )  [ RunTime:0.000332s ]
SQL: SELECT * FROM tf_exchange a LEFT JOIN mf_exchange b on a.id=b.id WHERE ( a.so_no like '4600%' and b.sal_name like '朱钰娟%' and a.cls_id='F' )  [ RunTime:0.002689s ]
NOTIC: [8] Undefined index:  SAR_url C:\xampp\htdocs\ok_erp\Finance\Lib\Action\AccountAction.class.php 第 58 行.
INFO: [ view_parse ] --START--
INFO: ParseTemplate Behavior ::run [ RunTime:0.016573s ]
INFO: [ view_parse ] --END-- [ RunTime:0.016654s ]
INFO: [ view_filter ] --START--
INFO: ContentReplace Behavior ::run [ RunTime:0.000596s ]
INFO: TokenBuild Behavior ::run [ RunTime:0.000629s ]
INFO: WriteHtmlCache Behavior ::run [ RunTime:0.000464s ]
INFO: ShowRuntime Behavior ::run [ RunTime:0.000814s ]
INFO: [ view_filter ] --END-- [ RunTime:0.002695s ]
INFO: [ view_end ] --START--
INFO: ShowPageTrace Behavior ::run [ RunTime:0.000825s ]
INFO: [ view_end ] --END-- [ RunTime:0.000892s ]

[ 2017-12-23T10:57:12+08:00 ] 115.231.193.202 /ok_erp/finance_index.php/Claim/selectClaimDetail?id=787
INFO: [ route_check ] --START--
INFO: CheckRoute Behavior ::run [ RunTime:0.000921s ]
INFO: [ route_check ] --END-- [ RunTime:0.001029s ]
INFO: [ app_begin ] --START--
INFO: ReadHtmlCache Behavior ::run [ RunTime:0.000542s ]
INFO: [ app_begin ] --END-- [ RunTime:0.000612s ]
SQL: SHOW COLUMNS FROM `mf_exchange` [ RunTime:0.001041s ]
SQL: SELECT * FROM mf_exchange a LEFT JOIN tf_exchange b on a.id=b.id LEFT JOIN company c on a.company_id=c.company_id LEFT JOIN bank d on a.bank_id=d.bank_id WHERE ( a.id=787 )  [ RunTime:0.000460s ]
INFO: [ view_parse ] --START--
INFO: ParseTemplate Behavior ::run [ RunTime:0.020285s ]
INFO: [ view_parse ] --END-- [ RunTime:0.020371s ]
INFO: [ view_filter ] --START--
INFO: ContentReplace Behavior ::run [ RunTime:0.000351s ]
INFO: TokenBuild Behavior ::run [ RunTime:0.000353s ]
INFO: WriteHtmlCache Behavior ::run [ RunTime:0.000223s ]
INFO: ShowRuntime Behavior ::run [ RunTime:0.000446s ]
INFO: [ view_filter ] --END-- [ RunTime:0.001561s ]
INFO: [ view_end ] --START--
INFO: ShowPageTrace Behavior ::run [ RunTime:0.000595s ]
INFO: [ view_end ] --END-- [ RunTime:0.000660s ]

[ 2017-12-23T10:58:22+08:00 ] 121.51.32.144 /ok_erp/finance_index.php/claim/selectclaimdetail
INFO: [ route_check ] --START--
INFO: CheckRoute Behavior ::run [ RunTime:0.000847s ]
INFO: [ route_check ] --END-- [ RunTime:0.000942s ]
INFO: [ app_begin ] --START--
INFO: ReadHtmlCache Behavior ::run [ RunTime:0.000549s ]
INFO: [ app_begin ] --END-- [ RunTime:0.000618s ]
ERR: 无法加载模块:claim

[ 2017-12-23T11:01:43+08:00 ] 115.231.193.202 /ok_erp/finance_index.php/Claim/selectClaimResult
INFO: [ route_check ] --START--
INFO: CheckRoute Behavior ::run [ RunTime:0.001084s ]
INFO: [ route_check ] --END-- [ RunTime:0.001174s ]
INFO: [ app_begin ] --START--
INFO: ReadHtmlCache Behavior ::run [ RunTime:0.000772s ]
INFO: [ app_begin ] --END-- [ RunTime:0.000845s ]
SQL: SELECT COUNT(*) AS tp_count FROM mf_exchange as a LEFT JOIN tf_exchange b on a.id=b.id LEFT JOIN company c on a.company_id=c.company_id LEFT JOIN bank d on a.bank_id=d.bank_id WHERE ( b.contract_cust LIKE '%' ) AND ( b.so_no LIKE '%' ) AND ( a.sal_name LIKE '%' ) AND ( a.company_id LIKE '%' ) AND (  (a.pay_dd BETWEEN '2016-12-01' AND '2017-12-23' ) ) AND ( a.claim = '1' ) AND ( a.bank_cust LIKE '%TRUST-IMPORT%' ) LIMIT 1   [ RunTime:0.002481s ]
SQL: SELECT * FROM mf_exchange as a LEFT JOIN tf_exchange b on a.id=b.id LEFT JOIN company c on a.company_id=c.company_id LEFT JOIN bank d on a.bank_id=d.bank_id WHERE ( b.contract_cust LIKE '%' ) AND ( b.so_no LIKE '%' ) AND ( a.sal_name LIKE '%' ) AND ( a.company_id LIKE '%' ) AND (  (a.pay_dd BETWEEN '2016-12-01' AND '2017-12-23' ) ) AND ( a.claim = '1' ) AND ( a.bank_cust LIKE '%TRUST-IMPORT%' ) ORDER BY b.record_dd LIMIT 0,15   [ RunTime:0.019729s ]
INFO: [ view_parse ] --START--
INFO: ParseTemplate Behavior ::run [ RunTime:0.012800s ]
INFO: [ view_parse ] --END-- [ RunTime:0.012885s ]
INFO: [ view_filter ] --START--
INFO: ContentReplace Behavior ::run [ RunTime:0.000620s ]
INFO: TokenBuild Behavior ::run [ RunTime:0.000587s ]
INFO: WriteHtmlCache Behavior ::run [ RunTime:0.000483s ]
INFO: ShowRuntime Behavior ::run [ RunTime:0.000684s ]
INFO: [ view_filter ] --END-- [ RunTime:0.002563s ]
INFO: [ view_end ] --START--
INFO: ShowPageTrace Behavior ::run [ RunTime:0.000909s ]
INFO: [ view_end ] --END-- [ RunTime:0.000978s ]

[ 2017-12-23T11:04:24+08:00 ] 115.231.193.202 /ok_erp/finance_index.php/Claim/selectClaimResult
INFO: [ route_check ] --START--
INFO: CheckRoute Behavior ::run [ RunTime:0.001057s ]
INFO: [ route_check ] --END-- [ RunTime:0.001147s ]
INFO: [ app_begin ] --START--
INFO: ReadHtmlCache Behavior ::run [ RunTime:0.000773s ]
INFO: [ app_begin ] --END-- [ RunTime:0.000846s ]

[ 2017-12-23T11:04:28+08:00 ] 115.231.193.202 /ok_erp/finance_index.php/Claim/selectClaim
INFO: [ route_check ] --START--
INFO: CheckRoute Behavior ::run [ RunTime:0.000822s ]
INFO: [ route_check ] --END-- [ RunTime:0.000911s ]
INFO: [ app_begin ] --START--
INFO: ReadHtmlCache Behavior ::run [ RunTime:0.000541s ]
INFO: [ app_begin ] --END-- [ RunTime:0.000611s ]
SQL: SHOW COLUMNS FROM `company` [ RunTime:0.000865s ]
SQL: SELECT * FROM `company` ORDER BY company_id  [ RunTime:0.000225s ]
INFO: [ view_parse ] --START--
INFO: ParseTemplate Behavior ::run [ RunTime:0.011483s ]
INFO: [ view_parse ] --END-- [ RunTime:0.011580s ]
INFO: [ view_filter ] --START--
INFO: ContentReplace Behavior ::run [ RunTime:0.000603s ]
INFO: TokenBuild Behavior ::run [ RunTime:0.000585s ]
INFO: WriteHtmlCache Behavior ::run [ RunTime:0.000458s ]
INFO: ShowRuntime Behavior ::run [ RunTime:0.000687s ]
INFO: [ view_filter ] --END-- [ RunTime:0.002529s ]
INFO: [ view_end ] --START--
INFO: ShowPageTrace Behavior ::run [ RunTime:0.000826s ]
INFO: [ view_end ] --END-- [ RunTime:0.000895s ]

[ 2017-12-23T11:04:45+08:00 ] 115.231.193.202 /ok_erp/finance_index.php/Claim/selectClaimResult
INFO: [ route_check ] --START--
INFO: CheckRoute Behavior ::run [ RunTime:0.001059s ]
INFO: [ route_check ] --END-- [ RunTime:0.001152s ]
INFO: [ app_begin ] --START--
INFO: ReadHtmlCache Behavior ::run [ RunTime:0.000774s ]
INFO: [ app_begin ] --END-- [ RunTime:0.000846s ]
SQL: SELECT COUNT(*) AS tp_count FROM mf_exchange as a LEFT JOIN tf_exchange b on a.id=b.id LEFT JOIN company c on a.company_id=c.company_id LEFT JOIN bank d on a.bank_id=d.bank_id WHERE ( b.contract_cust LIKE '%' ) AND ( b.so_no LIKE '%' ) AND ( a.sal_name LIKE '%' ) AND ( a.company_id LIKE '%' ) AND (  (a.pay_dd BETWEEN '2017-12-04' AND '2017-12-05' ) ) AND ( a.claim = '1' ) AND ( a.bank_cust LIKE '%' ) LIMIT 1   [ RunTime:0.001973s ]
SQL: SELECT * FROM mf_exchange as a LEFT JOIN tf_exchange b on a.id=b.id LEFT JOIN company c on a.company_id=c.company_id LEFT JOIN bank d on a.bank_id=d.bank_id WHERE ( b.contract_cust LIKE '%' ) AND ( b.so_no LIKE '%' ) AND ( a.sal_name LIKE '%' ) AND ( a.company_id LIKE '%' ) AND (  (a.pay_dd BETWEEN '2017-12-04' AND '2017-12-05' ) ) AND ( a.claim = '1' ) AND ( a.bank_cust LIKE '%' ) ORDER BY b.record_dd LIMIT 0,15   [ RunTime:0.017604s ]
INFO: [ view_parse ] --START--
INFO: ParseTemplate Behavior ::run [ RunTime:0.013431s ]
INFO: [ view_parse ] --END-- [ RunTime:0.013527s ]
INFO: [ view_filter ] --START--
INFO: ContentReplace Behavior ::run [ RunTime:0.000661s ]
INFO: TokenBuild Behavior ::run [ RunTime:0.000617s ]
INFO: WriteHtmlCache Behavior ::run [ RunTime:0.000478s ]
INFO: ShowRuntime Behavior ::run [ RunTime:0.000691s ]
INFO: [ view_filter ] --END-- [ RunTime:0.002635s ]
INFO: [ view_end ] --START--
INFO: ShowPageTrace Behavior ::run [ RunTime:0.001224s ]
INFO: [ view_end ] --END-- [ RunTime:0.001299s ]

[ 2017-12-23T11:04:51+08:00 ] 115.231.193.202 /ok_erp/finance_index.php/Claim/selectClaimResult/company_id/%25/date_min/2017-12-04/date_max/2017-12-05/p/2.html
INFO: [ route_check ] --START--
INFO: CheckRoute Behavior ::run [ RunTime:0.000826s ]
INFO: [ route_check ] --END-- [ RunTime:0.000918s ]
INFO: [ app_begin ] --START--
INFO: ReadHtmlCache Behavior ::run [ RunTime:0.000541s ]
INFO: [ app_begin ] --END-- [ RunTime:0.000611s ]
SQL: SELECT COUNT(*) AS tp_count FROM mf_exchange as a LEFT JOIN tf_exchange b on a.id=b.id LEFT JOIN company c on a.company_id=c.company_id LEFT JOIN bank d on a.bank_id=d.bank_id WHERE ( b.contract_cust LIKE '%' ) AND ( b.so_no LIKE '%' ) AND ( a.sal_name LIKE '%' ) AND ( a.company_id LIKE '%' ) AND (  (a.pay_dd BETWEEN '2017-12-04' AND '2017-12-05' ) ) AND ( a.claim = '1' ) AND ( a.bank_cust LIKE '%' ) LIMIT 1   [ RunTime:0.001963s ]
SQL: SELECT * FROM mf_exchange as a LEFT JOIN tf_exchange b on a.id=b.id LEFT JOIN company c on a.company_id=c.company_id LEFT JOIN bank d on a.bank_id=d.bank_id WHERE ( b.contract_cust LIKE '%' ) AND ( b.so_no LIKE '%' ) AND ( a.sal_name LIKE '%' ) AND ( a.company_id LIKE '%' ) AND (  (a.pay_dd BETWEEN '2017-12-04' AND '2017-12-05' ) ) AND ( a.claim = '1' ) AND ( a.bank_cust LIKE '%' ) ORDER BY b.record_dd LIMIT 15,15   [ RunTime:0.018289s ]
INFO: [ view_parse ] --START--
INFO: ParseTemplate Behavior ::run [ RunTime:0.011372s ]
INFO: [ view_parse ] --END-- [ RunTime:0.011455s ]
INFO: [ view_filter ] --START--
INFO: ContentReplace Behavior ::run [ RunTime:0.000388s ]
INFO: TokenBuild Behavior ::run [ RunTime:0.000350s ]
INFO: WriteHtmlCache Behavior ::run [ RunTime:0.000218s ]
INFO: ShowRuntime Behavior ::run [ RunTime:0.000444s ]
INFO: [ view_filter ] --END-- [ RunTime:0.001583s ]
INFO: [ view_end ] --START--
INFO: ShowPageTrace Behavior ::run [ RunTime:0.000598s ]
INFO: [ view_end ] --END-- [ RunTime:0.000669s ]

[ 2017-12-23T11:04:54+08:00 ] 115.231.193.202 /ok_erp/finance_index.php/Claim/selectClaimResult/company_id/%25/date_min/2017-12-04/date_max/2017-12-05/p/1.html
INFO: [ route_check ] --START--
INFO: CheckRoute Behavior ::run [ RunTime:0.000821s ]
INFO: [ route_check ] --END-- [ RunTime:0.000910s ]
INFO: [ app_begin ] --START--
INFO: ReadHtmlCache Behavior ::run [ RunTime:0.000537s ]
INFO: [ app_begin ] --END-- [ RunTime:0.000607s ]
SQL: SELECT COUNT(*) AS tp_count FROM mf_exchange as a LEFT JOIN tf_exchange b on a.id=b.id LEFT JOIN company c on a.company_id=c.company_id LEFT JOIN bank d on a.bank_id=d.bank_id WHERE ( b.contract_cust LIKE '%' ) AND ( b.so_no LIKE '%' ) AND ( a.sal_name LIKE '%' ) AND ( a.company_id LIKE '%' ) AND (  (a.pay_dd BETWEEN '2017-12-04' AND '2017-12-05' ) ) AND ( a.claim = '1' ) AND ( a.bank_cust LIKE '%' ) LIMIT 1   [ RunTime:0.001997s ]
SQL: SELECT * FROM mf_exchange as a LEFT JOIN tf_exchange b on a.id=b.id LEFT JOIN company c on a.company_id=c.company_id LEFT JOIN bank d on a.bank_id=d.bank_id WHERE ( b.contract_cust LIKE '%' ) AND ( b.so_no LIKE '%' ) AND ( a.sal_name LIKE '%' ) AND ( a.company_id LIKE '%' ) AND (  (a.pay_dd BETWEEN '2017-12-04' AND '2017-12-05' ) ) AND ( a.claim = '1' ) AND ( a.bank_cust LIKE '%' ) ORDER BY b.record_dd LIMIT 0,15   [ RunTime:0.017179s ]
INFO: [ view_parse ] --START--
INFO: ParseTemplate Behavior ::run [ RunTime:0.011473s ]
INFO: [ view_parse ] --END-- [ RunTime:0.011557s ]
INFO: [ view_filter ] --START--
INFO: ContentReplace Behavior ::run [ RunTime:0.000401s ]
INFO: TokenBuild Behavior ::run [ RunTime:0.000349s ]
INFO: WriteHtmlCache Behavior ::run [ RunTime:0.000217s ]
INFO: ShowRuntime Behavior ::run [ RunTime:0.000447s ]
INFO: [ view_filter ] --END-- [ RunTime:0.001597s ]
INFO: [ view_end ] --START--
INFO: ShowPageTrace Behavior ::run [ RunTime:0.000594s ]
INFO: [ view_end ] --END-- [ RunTime:0.000664s ]

[ 2017-12-23T11:07:56+08:00 ] 115.231.193.202 /ok_erp/finance_index.php/Claim/selectClaimResult
INFO: [ route_check ] --START--
INFO: CheckRoute Behavior ::run [ RunTime:0.001203s ]
INFO: [ route_check ] --END-- [ RunTime:0.001295s ]
INFO: [ app_begin ] --START--
INFO: ReadHtmlCache Behavior ::run [ RunTime:0.000775s ]
INFO: [ app_begin ] --END-- [ RunTime:0.000848s ]
SQL: SELECT COUNT(*) AS tp_count FROM mf_exchange as a LEFT JOIN tf_exchange b on a.id=b.id LEFT JOIN company c on a.company_id=c.company_id LEFT JOIN bank d on a.bank_id=d.bank_id WHERE ( b.contract_cust LIKE '%TRUST-IMPORT%' ) AND ( b.so_no LIKE '%' ) AND ( a.sal_name LIKE '%' ) AND ( a.company_id LIKE '%' ) AND (  (a.pay_dd BETWEEN '2016-12-01' AND '2017-12-23' ) ) AND ( a.claim = '1' ) AND ( a.bank_cust LIKE '%' ) LIMIT 1   [ RunTime:0.011877s ]
SQL: SELECT * FROM mf_exchange as a LEFT JOIN tf_exchange b on a.id=b.id LEFT JOIN company c on a.company_id=c.company_id LEFT JOIN bank d on a.bank_id=d.bank_id WHERE ( b.contract_cust LIKE '%TRUST-IMPORT%' ) AND ( b.so_no LIKE '%' ) AND ( a.sal_name LIKE '%' ) AND ( a.company_id LIKE '%' ) AND (  (a.pay_dd BETWEEN '2016-12-01' AND '2017-12-23' ) ) AND ( a.claim = '1' ) AND ( a.bank_cust LIKE '%' ) ORDER BY b.record_dd LIMIT 0,15   [ RunTime:0.003118s ]
INFO: [ view_parse ] --START--
INFO: ParseTemplate Behavior ::run [ RunTime:0.013011s ]
INFO: [ view_parse ] --END-- [ RunTime:0.013098s ]
INFO: [ view_filter ] --START--
INFO: ContentReplace Behavior ::run [ RunTime:0.000612s ]
INFO: TokenBuild Behavior ::run [ RunTime:0.000586s ]
INFO: WriteHtmlCache Behavior ::run [ RunTime:0.000454s ]
INFO: ShowRuntime Behavior ::run [ RunTime:0.000684s ]
INFO: [ view_filter ] --END-- [ RunTime:0.002525s ]
INFO: [ view_end ] --START--
INFO: ShowPageTrace Behavior ::run [ RunTime:0.000823s ]
INFO: [ view_end ] --END-- [ RunTime:0.000890s ]

[ 2017-12-23T11:09:33+08:00 ] 115.231.193.202 /ok_erp/finance_index.php/Claim/selectClaimResult
INFO: [ route_check ] --START--
INFO: CheckRoute Behavior ::run [ RunTime:0.000821s ]
INFO: [ route_check ] --END-- [ RunTime:0.000913s ]
INFO: [ app_begin ] --START--
INFO: ReadHtmlCache Behavior ::run [ RunTime:0.000542s ]
INFO: [ app_begin ] --END-- [ RunTime:0.000612s ]
SQL: SELECT COUNT(*) AS tp_count FROM mf_exchange as a LEFT JOIN tf_exchange b on a.id=b.id LEFT JOIN company c on a.company_id=c.company_id LEFT JOIN bank d on a.bank_id=d.bank_id WHERE ( b.contract_cust LIKE '%' ) AND ( b.so_no LIKE '%' ) AND ( a.sal_name LIKE '%' ) AND ( a.company_id LIKE '%' ) AND (  (a.pay_dd BETWEEN '2016-12-01' AND '2017-12-23' ) ) AND ( a.claim = '1' ) AND ( a.bank_cust LIKE '%TRUST%' ) LIMIT 1   [ RunTime:0.002523s ]
SQL: SELECT * FROM mf_exchange as a LEFT JOIN tf_exchange b on a.id=b.id LEFT JOIN company c on a.company_id=c.company_id LEFT JOIN bank d on a.bank_id=d.bank_id WHERE ( b.contract_cust LIKE '%' ) AND ( b.so_no LIKE '%' ) AND ( a.sal_name LIKE '%' ) AND ( a.company_id LIKE '%' ) AND (  (a.pay_dd BETWEEN '2016-12-01' AND '2017-12-23' ) ) AND ( a.claim = '1' ) AND ( a.bank_cust LIKE '%TRUST%' ) ORDER BY b.record_dd LIMIT 0,15   [ RunTime:0.020834s ]
INFO: [ view_parse ] --START--
INFO: ParseTemplate Behavior ::run [ RunTime:0.011180s ]
INFO: [ view_parse ] --END-- [ RunTime:0.011276s ]
INFO: [ view_filter ] --START--
INFO: ContentReplace Behavior ::run [ RunTime:0.000396s ]
INFO: TokenBuild Behavior ::run [ RunTime:0.000350s ]
INFO: WriteHtmlCache Behavior ::run [ RunTime:0.000221s ]
INFO: ShowRuntime Behavior ::run [ RunTime:0.000448s ]
INFO: [ view_filter ] --END-- [ RunTime:0.001618s ]
INFO: [ view_end ] --START--
INFO: ShowPageTrace Behavior ::run [ RunTime:0.000596s ]
INFO: [ view_end ] --END-- [ RunTime:0.000665s ]

