[ 2018-02-24T07:57:52+08:00 ] 115.231.193.202 /ok_erp/finance_index.php/Claim/selectClaimResult
INFO: [ route_check ] --START--
INFO: CheckRoute Behavior ::run [ RunTime:0.004647s ]
INFO: [ route_check ] --END-- [ RunTime:0.004744s ]
INFO: [ app_begin ] --START--
INFO: ReadHtmlCache Behavior ::run [ RunTime:0.002148s ]
INFO: [ app_begin ] --END-- [ RunTime:0.002229s ]

[ 2018-02-24T07:57:56+08:00 ] 115.231.193.202 /ok_erp/finance_index.php/Claim/selectClaim
INFO: [ route_check ] --START--
INFO: CheckRoute Behavior ::run [ RunTime:0.000833s ]
INFO: [ route_check ] --END-- [ RunTime:0.000923s ]
INFO: [ app_begin ] --START--
INFO: ReadHtmlCache Behavior ::run [ RunTime:0.000542s ]
INFO: [ app_begin ] --END-- [ RunTime:0.000611s ]
SQL: SHOW COLUMNS FROM `company` [ RunTime:0.024775s ]
SQL: SELECT * FROM `company` ORDER BY company_id  [ RunTime:0.001047s ]
INFO: [ view_parse ] --START--
INFO: ParseTemplate Behavior ::run [ RunTime:0.070764s ]
INFO: [ view_parse ] --END-- [ RunTime:0.070856s ]
INFO: [ view_filter ] --START--
INFO: ContentReplace Behavior ::run [ RunTime:0.004805s ]
INFO: TokenBuild Behavior ::run [ RunTime:0.007573s ]
INFO: WriteHtmlCache Behavior ::run [ RunTime:0.001466s ]
INFO: ShowRuntime Behavior ::run [ RunTime:0.001629s ]
INFO: [ view_filter ] --END-- [ RunTime:0.015679s ]
INFO: [ view_end ] --START--
INFO: ShowPageTrace Behavior ::run [ RunTime:0.002658s ]
INFO: [ view_end ] --END-- [ RunTime:0.002731s ]

[ 2018-02-24T08:08:31+08:00 ] 115.231.193.202 /ok_erp/finance_index.php/Claim/selectClaim
INFO: [ route_check ] --START--
INFO: CheckRoute Behavior ::run [ RunTime:0.001073s ]
INFO: [ route_check ] --END-- [ RunTime:0.001164s ]
INFO: [ app_begin ] --START--
INFO: ReadHtmlCache Behavior ::run [ RunTime:0.000792s ]
INFO: [ app_begin ] --END-- [ RunTime:0.000866s ]
SQL: SHOW COLUMNS FROM `company` [ RunTime:0.000918s ]
SQL: SELECT * FROM `company` ORDER BY company_id  [ RunTime:0.000260s ]
INFO: [ view_parse ] --START--
INFO: ParseTemplate Behavior ::run [ RunTime:0.016466s ]
INFO: [ view_parse ] --END-- [ RunTime:0.016548s ]
INFO: [ view_filter ] --START--
INFO: ContentReplace Behavior ::run [ RunTime:0.000598s ]
INFO: TokenBuild Behavior ::run [ RunTime:0.000586s ]
INFO: WriteHtmlCache Behavior ::run [ RunTime:0.000455s ]
INFO: ShowRuntime Behavior ::run [ RunTime:0.000766s ]
INFO: [ view_filter ] --END-- [ RunTime:0.002597s ]
INFO: [ view_end ] --START--
INFO: ShowPageTrace Behavior ::run [ RunTime:0.000860s ]
INFO: [ view_end ] --END-- [ RunTime:0.000929s ]

[ 2018-02-24T08:08:34+08:00 ] 115.231.193.202 /ok_erp/finance_index.php/BillingData/UndownloadBillingData
INFO: [ route_check ] --START--
INFO: CheckRoute Behavior ::run [ RunTime:0.000836s ]
INFO: [ route_check ] --END-- [ RunTime:0.000927s ]
INFO: [ app_begin ] --START--
INFO: ReadHtmlCache Behavior ::run [ RunTime:0.000549s ]
INFO: [ app_begin ] --END-- [ RunTime:0.000617s ]
SQL: SHOW COLUMNS FROM `billingdata` [ RunTime:0.010904s ]
SQL: SELECT * FROM `billingdata` WHERE ( download_confirm='F' )  [ RunTime:0.078082s ]
INFO: [ view_parse ] --START--
INFO: ParseTemplate Behavior ::run [ RunTime:0.026714s ]
INFO: [ view_parse ] --END-- [ RunTime:0.026802s ]
INFO: [ view_filter ] --START--
INFO: ContentReplace Behavior ::run [ RunTime:0.000368s ]
INFO: TokenBuild Behavior ::run [ RunTime:0.000354s ]
INFO: WriteHtmlCache Behavior ::run [ RunTime:0.000226s ]
INFO: ShowRuntime Behavior ::run [ RunTime:0.000575s ]
INFO: [ view_filter ] --END-- [ RunTime:0.001743s ]
INFO: [ view_end ] --START--
INFO: ShowPageTrace Behavior ::run [ RunTime:0.000611s ]
INFO: [ view_end ] --END-- [ RunTime:0.000693s ]

[ 2018-02-24T08:08:36+08:00 ] 115.231.193.202 /ok_erp/finance_index.php/Claim/selectClaim
INFO: [ route_check ] --START--
INFO: CheckRoute Behavior ::run [ RunTime:0.000836s ]
INFO: [ route_check ] --END-- [ RunTime:0.000926s ]
INFO: [ app_begin ] --START--
INFO: ReadHtmlCache Behavior ::run [ RunTime:0.000543s ]
INFO: [ app_begin ] --END-- [ RunTime:0.000612s ]
SQL: SHOW COLUMNS FROM `company` [ RunTime:0.000886s ]
SQL: SELECT * FROM `company` ORDER BY company_id  [ RunTime:0.000259s ]
INFO: [ view_parse ] --START--
INFO: ParseTemplate Behavior ::run [ RunTime:0.009963s ]
INFO: [ view_parse ] --END-- [ RunTime:0.010045s ]
INFO: [ view_filter ] --START--
INFO: ContentReplace Behavior ::run [ RunTime:0.000361s ]
INFO: TokenBuild Behavior ::run [ RunTime:0.000349s ]
INFO: WriteHtmlCache Behavior ::run [ RunTime:0.000221s ]
INFO: ShowRuntime Behavior ::run [ RunTime:0.000455s ]
INFO: [ view_filter ] --END-- [ RunTime:0.001572s ]
INFO: [ view_end ] --START--
INFO: ShowPageTrace Behavior ::run [ RunTime:0.000624s ]
INFO: [ view_end ] --END-- [ RunTime:0.000691s ]

[ 2018-02-24T08:08:45+08:00 ] 115.231.193.202 /ok_erp/finance_index.php/Claim/selectClaimResult
INFO: [ route_check ] --START--
INFO: CheckRoute Behavior ::run [ RunTime:0.000860s ]
INFO: [ route_check ] --END-- [ RunTime:0.000952s ]
INFO: [ app_begin ] --START--
INFO: ReadHtmlCache Behavior ::run [ RunTime:0.000553s ]
INFO: [ app_begin ] --END-- [ RunTime:0.000623s ]
SQL: SELECT COUNT(*) AS tp_count FROM mf_exchange as a LEFT JOIN tf_exchange b on a.id=b.id LEFT JOIN company c on a.company_id=c.company_id LEFT JOIN bank d on a.bank_id=d.bank_id WHERE ( b.contract_cust LIKE '%' ) AND ( b.so_no LIKE '%MKBB%' ) AND ( a.sal_name LIKE '%' ) AND ( a.company_id LIKE '%' ) AND (  (a.pay_dd BETWEEN '2016-12-01' AND '2018-02-24' ) ) AND ( a.claim = '1' ) AND ( a.bank_cust LIKE '%' ) LIMIT 1   [ RunTime:0.227289s ]
SQL: SELECT * FROM mf_exchange as a LEFT JOIN tf_exchange b on a.id=b.id LEFT JOIN company c on a.company_id=c.company_id LEFT JOIN bank d on a.bank_id=d.bank_id WHERE ( b.contract_cust LIKE '%' ) AND ( b.so_no LIKE '%MKBB%' ) AND ( a.sal_name LIKE '%' ) AND ( a.company_id LIKE '%' ) AND (  (a.pay_dd BETWEEN '2016-12-01' AND '2018-02-24' ) ) AND ( a.claim = '1' ) AND ( a.bank_cust LIKE '%' ) ORDER BY b.record_dd LIMIT 0,15   [ RunTime:0.023509s ]
INFO: [ view_parse ] --START--
INFO: ParseTemplate Behavior ::run [ RunTime:0.024320s ]
INFO: [ view_parse ] --END-- [ RunTime:0.024410s ]
INFO: [ view_filter ] --START--
INFO: ContentReplace Behavior ::run [ RunTime:0.000410s ]
INFO: TokenBuild Behavior ::run [ RunTime:0.000355s ]
INFO: WriteHtmlCache Behavior ::run [ RunTime:0.000222s ]
INFO: ShowRuntime Behavior ::run [ RunTime:0.000457s ]
INFO: [ view_filter ] --END-- [ RunTime:0.001627s ]
INFO: [ view_end ] --START--
INFO: ShowPageTrace Behavior ::run [ RunTime:0.000604s ]
INFO: [ view_end ] --END-- [ RunTime:0.000671s ]

[ 2018-02-24T08:09:27+08:00 ] 115.231.193.202 /ok_erp/finance_index.php/Claim/selectClaim
INFO: [ route_check ] --START--
INFO: CheckRoute Behavior ::run [ RunTime:0.000835s ]
INFO: [ route_check ] --END-- [ RunTime:0.000926s ]
INFO: [ app_begin ] --START--
INFO: ReadHtmlCache Behavior ::run [ RunTime:0.000548s ]
INFO: [ app_begin ] --END-- [ RunTime:0.000619s ]
SQL: SHOW COLUMNS FROM `company` [ RunTime:0.007041s ]
SQL: SELECT * FROM `company` ORDER BY company_id  [ RunTime:0.000246s ]
INFO: [ view_parse ] --START--
INFO: ParseTemplate Behavior ::run [ RunTime:0.009955s ]
INFO: [ view_parse ] --END-- [ RunTime:0.010037s ]
INFO: [ view_filter ] --START--
INFO: ContentReplace Behavior ::run [ RunTime:0.000360s ]
INFO: TokenBuild Behavior ::run [ RunTime:0.000352s ]
INFO: WriteHtmlCache Behavior ::run [ RunTime:0.000223s ]
INFO: ShowRuntime Behavior ::run [ RunTime:0.000458s ]
INFO: [ view_filter ] --END-- [ RunTime:0.001578s ]
INFO: [ view_end ] --START--
INFO: ShowPageTrace Behavior ::run [ RunTime:0.000590s ]
INFO: [ view_end ] --END-- [ RunTime:0.000657s ]

[ 2018-02-24T08:09:32+08:00 ] 115.231.193.202 /ok_erp/finance_index.php/Claim/selectClaimResult
INFO: [ route_check ] --START--
INFO: CheckRoute Behavior ::run [ RunTime:0.000834s ]
INFO: [ route_check ] --END-- [ RunTime:0.000924s ]
INFO: [ app_begin ] --START--
INFO: ReadHtmlCache Behavior ::run [ RunTime:0.000548s ]
INFO: [ app_begin ] --END-- [ RunTime:0.000618s ]
SQL: SELECT COUNT(*) AS tp_count FROM mf_exchange as a LEFT JOIN tf_exchange b on a.id=b.id LEFT JOIN company c on a.company_id=c.company_id LEFT JOIN bank d on a.bank_id=d.bank_id WHERE ( b.contract_cust LIKE '%' ) AND ( b.so_no LIKE '%79414%' ) AND ( a.sal_name LIKE '%' ) AND ( a.company_id LIKE '%' ) AND (  (a.pay_dd BETWEEN '2016-12-01' AND '2018-02-24' ) ) AND ( a.claim = '1' ) AND ( a.bank_cust LIKE '%' ) LIMIT 1   [ RunTime:0.013748s ]
SQL: SELECT * FROM mf_exchange as a LEFT JOIN tf_exchange b on a.id=b.id LEFT JOIN company c on a.company_id=c.company_id LEFT JOIN bank d on a.bank_id=d.bank_id WHERE ( b.contract_cust LIKE '%' ) AND ( b.so_no LIKE '%79414%' ) AND ( a.sal_name LIKE '%' ) AND ( a.company_id LIKE '%' ) AND (  (a.pay_dd BETWEEN '2016-12-01' AND '2018-02-24' ) ) AND ( a.claim = '1' ) AND ( a.bank_cust LIKE '%' ) ORDER BY b.record_dd LIMIT 0,15   [ RunTime:0.018441s ]
INFO: [ view_parse ] --START--
INFO: ParseTemplate Behavior ::run [ RunTime:0.011461s ]
INFO: [ view_parse ] --END-- [ RunTime:0.011546s ]
INFO: [ view_filter ] --START--
INFO: ContentReplace Behavior ::run [ RunTime:0.000371s ]
INFO: TokenBuild Behavior ::run [ RunTime:0.000350s ]
INFO: WriteHtmlCache Behavior ::run [ RunTime:0.000221s ]
INFO: ShowRuntime Behavior ::run [ RunTime:0.000449s ]
INFO: [ view_filter ] --END-- [ RunTime:0.001575s ]
INFO: [ view_end ] --START--
INFO: ShowPageTrace Behavior ::run [ RunTime:0.000585s ]
INFO: [ view_end ] --END-- [ RunTime:0.000651s ]

[ 2018-02-24T08:09:46+08:00 ] 58.247.212.98 /ok_erp/finance_index.php/claim/selectclaimresult
INFO: [ route_check ] --START--
INFO: CheckRoute Behavior ::run [ RunTime:0.000840s ]
INFO: [ route_check ] --END-- [ RunTime:0.000930s ]
INFO: [ app_begin ] --START--
INFO: ReadHtmlCache Behavior ::run [ RunTime:0.000546s ]
INFO: [ app_begin ] --END-- [ RunTime:0.000617s ]
ERR: 无法加载模块:claim

[ 2018-02-24T08:12:44+08:00 ] 115.231.193.202 /ok_erp/finance_index.php/Claim/selectClaim
INFO: [ route_check ] --START--
INFO: CheckRoute Behavior ::run [ RunTime:0.001077s ]
INFO: [ route_check ] --END-- [ RunTime:0.001169s ]
INFO: [ app_begin ] --START--
INFO: ReadHtmlCache Behavior ::run [ RunTime:0.000779s ]
INFO: [ app_begin ] --END-- [ RunTime:0.000851s ]
SQL: SHOW COLUMNS FROM `company` [ RunTime:0.000898s ]
SQL: SELECT * FROM `company` ORDER BY company_id  [ RunTime:0.000229s ]
INFO: [ view_parse ] --START--
INFO: ParseTemplate Behavior ::run [ RunTime:0.011374s ]
INFO: [ view_parse ] --END-- [ RunTime:0.011459s ]
INFO: [ view_filter ] --START--
INFO: ContentReplace Behavior ::run [ RunTime:0.000602s ]
INFO: TokenBuild Behavior ::run [ RunTime:0.000586s ]
INFO: WriteHtmlCache Behavior ::run [ RunTime:0.000461s ]
INFO: ShowRuntime Behavior ::run [ RunTime:0.000692s ]
INFO: [ view_filter ] --END-- [ RunTime:0.002533s ]
INFO: [ view_end ] --START--
INFO: ShowPageTrace Behavior ::run [ RunTime:0.000838s ]
INFO: [ view_end ] --END-- [ RunTime:0.000907s ]

[ 2018-02-24T08:15:50+08:00 ] 115.231.193.202 /ok_erp/finance_index.php/BillingData/BillingDataSelectResult
INFO: [ route_check ] --START--
INFO: CheckRoute Behavior ::run [ RunTime:0.001068s ]
INFO: [ route_check ] --END-- [ RunTime:0.001159s ]
INFO: [ app_begin ] --START--
INFO: ReadHtmlCache Behavior ::run [ RunTime:0.000779s ]
INFO: [ app_begin ] --END-- [ RunTime:0.000853s ]

[ 2018-02-24T08:16:02+08:00 ] 115.231.193.202 /ok_erp/finance_index.php/Claim/selectClaim
INFO: [ route_check ] --START--
INFO: CheckRoute Behavior ::run [ RunTime:0.000838s ]
INFO: [ route_check ] --END-- [ RunTime:0.000929s ]
INFO: [ app_begin ] --START--
INFO: ReadHtmlCache Behavior ::run [ RunTime:0.000549s ]
INFO: [ app_begin ] --END-- [ RunTime:0.000619s ]
SQL: SHOW COLUMNS FROM `company` [ RunTime:0.000875s ]
SQL: SELECT * FROM `company` ORDER BY company_id  [ RunTime:0.000232s ]
INFO: [ view_parse ] --START--
INFO: ParseTemplate Behavior ::run [ RunTime:0.011446s ]
INFO: [ view_parse ] --END-- [ RunTime:0.011530s ]
INFO: [ view_filter ] --START--
INFO: ContentReplace Behavior ::run [ RunTime:0.000599s ]
INFO: TokenBuild Behavior ::run [ RunTime:0.000587s ]
INFO: WriteHtmlCache Behavior ::run [ RunTime:0.000459s ]
INFO: ShowRuntime Behavior ::run [ RunTime:0.000691s ]
INFO: [ view_filter ] --END-- [ RunTime:0.002527s ]
INFO: [ view_end ] --START--
INFO: ShowPageTrace Behavior ::run [ RunTime:0.000832s ]
INFO: [ view_end ] --END-- [ RunTime:0.000901s ]

[ 2018-02-24T08:16:11+08:00 ] 115.231.193.202 /ok_erp/finance_index.php/BillingData/UndownloadBillingData
INFO: [ route_check ] --START--
INFO: CheckRoute Behavior ::run [ RunTime:0.000832s ]
INFO: [ route_check ] --END-- [ RunTime:0.000926s ]
INFO: [ app_begin ] --START--
INFO: ReadHtmlCache Behavior ::run [ RunTime:0.000548s ]
INFO: [ app_begin ] --END-- [ RunTime:0.000618s ]
SQL: SHOW COLUMNS FROM `billingdata` [ RunTime:0.001054s ]
SQL: SELECT * FROM `billingdata` WHERE ( download_confirm='F' )  [ RunTime:0.000946s ]
INFO: [ view_parse ] --START--
INFO: ParseTemplate Behavior ::run [ RunTime:0.011880s ]
INFO: [ view_parse ] --END-- [ RunTime:0.011960s ]
INFO: [ view_filter ] --START--
INFO: ContentReplace Behavior ::run [ RunTime:0.000362s ]
INFO: TokenBuild Behavior ::run [ RunTime:0.000353s ]
INFO: WriteHtmlCache Behavior ::run [ RunTime:0.000225s ]
INFO: ShowRuntime Behavior ::run [ RunTime:0.000455s ]
INFO: [ view_filter ] --END-- [ RunTime:0.001593s ]
INFO: [ view_end ] --START--
INFO: ShowPageTrace Behavior ::run [ RunTime:0.000601s ]
INFO: [ view_end ] --END-- [ RunTime:0.000680s ]

[ 2018-02-24T08:16:41+08:00 ] 115.231.193.202 /ok_erp/finance_index.php/Claim/selectClaimResult
INFO: [ route_check ] --START--
INFO: CheckRoute Behavior ::run [ RunTime:0.000837s ]
INFO: [ route_check ] --END-- [ RunTime:0.000928s ]
INFO: [ app_begin ] --START--
INFO: ReadHtmlCache Behavior ::run [ RunTime:0.000550s ]
INFO: [ app_begin ] --END-- [ RunTime:0.000620s ]
SQL: SELECT COUNT(*) AS tp_count FROM mf_exchange as a LEFT JOIN tf_exchange b on a.id=b.id LEFT JOIN company c on a.company_id=c.company_id LEFT JOIN bank d on a.bank_id=d.bank_id WHERE ( b.contract_cust LIKE '%' ) AND ( b.so_no LIKE '%EP%' ) AND ( a.sal_name LIKE '%' ) AND ( a.company_id LIKE '%' ) AND (  (a.pay_dd BETWEEN '2016-12-01' AND '2018-02-24' ) ) AND ( a.claim = '1' ) AND ( a.bank_cust LIKE '%' ) LIMIT 1   [ RunTime:0.013500s ]
SQL: SELECT * FROM mf_exchange as a LEFT JOIN tf_exchange b on a.id=b.id LEFT JOIN company c on a.company_id=c.company_id LEFT JOIN bank d on a.bank_id=d.bank_id WHERE ( b.contract_cust LIKE '%' ) AND ( b.so_no LIKE '%EP%' ) AND ( a.sal_name LIKE '%' ) AND ( a.company_id LIKE '%' ) AND (  (a.pay_dd BETWEEN '2016-12-01' AND '2018-02-24' ) ) AND ( a.claim = '1' ) AND ( a.bank_cust LIKE '%' ) ORDER BY b.record_dd LIMIT 0,15   [ RunTime:0.018547s ]
INFO: [ view_parse ] --START--
INFO: ParseTemplate Behavior ::run [ RunTime:0.011615s ]
INFO: [ view_parse ] --END-- [ RunTime:0.011699s ]
INFO: [ view_filter ] --START--
INFO: ContentReplace Behavior ::run [ RunTime:0.000388s ]
INFO: TokenBuild Behavior ::run [ RunTime:0.000354s ]
INFO: WriteHtmlCache Behavior ::run [ RunTime:0.000223s ]
INFO: ShowRuntime Behavior ::run [ RunTime:0.000452s ]
INFO: [ view_filter ] --END-- [ RunTime:0.001603s ]
INFO: [ view_end ] --START--
INFO: ShowPageTrace Behavior ::run [ RunTime:0.000634s ]
INFO: [ view_end ] --END-- [ RunTime:0.000704s ]

[ 2018-02-24T08:16:58+08:00 ] 115.231.193.202 /ok_erp/finance_index.php/BillingData/DownloadAllBillingData?id=853
INFO: [ route_check ] --START--
INFO: CheckRoute Behavior ::run [ RunTime:0.000837s ]
INFO: [ route_check ] --END-- [ RunTime:0.000930s ]
INFO: [ app_begin ] --START--
INFO: ReadHtmlCache Behavior ::run [ RunTime:0.000547s ]
INFO: [ app_begin ] --END-- [ RunTime:0.000616s ]
SQL: SHOW COLUMNS FROM `billingdata` [ RunTime:0.001200s ]
SQL: SELECT * FROM `billingdata` WHERE ( `ID` = 853 ) LIMIT 1   [ RunTime:0.000283s ]

[ 2018-02-24T08:17:01+08:00 ] 115.231.193.202 /ok_erp/finance_index.php/BillingData/DownloadConfirmBillingData
INFO: [ route_check ] --START--
INFO: CheckRoute Behavior ::run [ RunTime:0.000843s ]
INFO: [ route_check ] --END-- [ RunTime:0.000938s ]
INFO: [ app_begin ] --START--
INFO: ReadHtmlCache Behavior ::run [ RunTime:0.000548s ]
INFO: [ app_begin ] --END-- [ RunTime:0.000609s ]
SQL: SHOW COLUMNS FROM `billingdata` [ RunTime:0.001051s ]
SQL: UPDATE `billingdata` SET `download_confirm`='T' WHERE ( ID=853 ) [ RunTime:0.000221s ]

[ 2018-02-24T08:17:02+08:00 ] 115.231.193.202 /ok_erp/finance_index.php/BillingData/UndownloadBillingData
INFO: [ route_check ] --START--
INFO: CheckRoute Behavior ::run [ RunTime:0.000835s ]
INFO: [ route_check ] --END-- [ RunTime:0.000923s ]
INFO: [ app_begin ] --START--
INFO: ReadHtmlCache Behavior ::run [ RunTime:0.000545s ]
INFO: [ app_begin ] --END-- [ RunTime:0.000615s ]
SQL: SHOW COLUMNS FROM `billingdata` [ RunTime:0.001215s ]
SQL: SELECT * FROM `billingdata` WHERE ( download_confirm='F' )  [ RunTime:0.000933s ]
INFO: [ view_parse ] --START--
INFO: ParseTemplate Behavior ::run [ RunTime:0.011744s ]
INFO: [ view_parse ] --END-- [ RunTime:0.011825s ]
INFO: [ view_filter ] --START--
INFO: ContentReplace Behavior ::run [ RunTime:0.000348s ]
INFO: TokenBuild Behavior ::run [ RunTime:0.000350s ]
INFO: WriteHtmlCache Behavior ::run [ RunTime:0.000226s ]
INFO: ShowRuntime Behavior ::run [ RunTime:0.000507s ]
INFO: [ view_filter ] --END-- [ RunTime:0.001637s ]
INFO: [ view_end ] --START--
INFO: ShowPageTrace Behavior ::run [ RunTime:0.000631s ]
INFO: [ view_end ] --END-- [ RunTime:0.000709s ]

[ 2018-02-24T08:26:59+08:00 ] 115.231.193.202 /ok_erp/finance_index.php/Claim/selectClaim
INFO: [ route_check ] --START--
INFO: CheckRoute Behavior ::run [ RunTime:0.001140s ]
INFO: [ route_check ] --END-- [ RunTime:0.001235s ]
INFO: [ app_begin ] --START--
INFO: ReadHtmlCache Behavior ::run [ RunTime:0.000821s ]
INFO: [ app_begin ] --END-- [ RunTime:0.000896s ]
SQL: SHOW COLUMNS FROM `company` [ RunTime:0.000907s ]
SQL: SELECT * FROM `company` ORDER BY company_id  [ RunTime:0.000239s ]
INFO: [ view_parse ] --START--
INFO: ParseTemplate Behavior ::run [ RunTime:0.011714s ]
INFO: [ view_parse ] --END-- [ RunTime:0.011802s ]
INFO: [ view_filter ] --START--
INFO: ContentReplace Behavior ::run [ RunTime:0.000639s ]
INFO: TokenBuild Behavior ::run [ RunTime:0.000589s ]
INFO: WriteHtmlCache Behavior ::run [ RunTime:0.000498s ]
INFO: ShowRuntime Behavior ::run [ RunTime:0.000699s ]
INFO: [ view_filter ] --END-- [ RunTime:0.002618s ]
INFO: [ view_end ] --START--
INFO: ShowPageTrace Behavior ::run [ RunTime:0.000872s ]
INFO: [ view_end ] --END-- [ RunTime:0.000943s ]

[ 2018-02-24T08:27:04+08:00 ] 115.231.193.202 /ok_erp/finance_index.php/Claim/selectClaimResult
INFO: [ route_check ] --START--
INFO: CheckRoute Behavior ::run [ RunTime:0.000833s ]
INFO: [ route_check ] --END-- [ RunTime:0.000924s ]
INFO: [ app_begin ] --START--
INFO: ReadHtmlCache Behavior ::run [ RunTime:0.000551s ]
INFO: [ app_begin ] --END-- [ RunTime:0.000621s ]
SQL: SELECT COUNT(*) AS tp_count FROM mf_exchange as a LEFT JOIN tf_exchange b on a.id=b.id LEFT JOIN company c on a.company_id=c.company_id LEFT JOIN bank d on a.bank_id=d.bank_id WHERE ( b.contract_cust LIKE '%' ) AND ( b.so_no LIKE '%20171225%' ) AND ( a.sal_name LIKE '%' ) AND ( a.company_id LIKE '%' ) AND (  (a.pay_dd BETWEEN '2016-12-01' AND '2018-02-24' ) ) AND ( a.claim = '1' ) AND ( a.bank_cust LIKE '%' ) LIMIT 1   [ RunTime:0.013642s ]
SQL: SELECT * FROM mf_exchange as a LEFT JOIN tf_exchange b on a.id=b.id LEFT JOIN company c on a.company_id=c.company_id LEFT JOIN bank d on a.bank_id=d.bank_id WHERE ( b.contract_cust LIKE '%' ) AND ( b.so_no LIKE '%20171225%' ) AND ( a.sal_name LIKE '%' ) AND ( a.company_id LIKE '%' ) AND (  (a.pay_dd BETWEEN '2016-12-01' AND '2018-02-24' ) ) AND ( a.claim = '1' ) AND ( a.bank_cust LIKE '%' ) ORDER BY b.record_dd LIMIT 0,15   [ RunTime:0.018334s ]
INFO: [ view_parse ] --START--
INFO: ParseTemplate Behavior ::run [ RunTime:0.028015s ]
INFO: [ view_parse ] --END-- [ RunTime:0.028104s ]
INFO: [ view_filter ] --START--
INFO: ContentReplace Behavior ::run [ RunTime:0.000328s ]
INFO: TokenBuild Behavior ::run [ RunTime:0.000354s ]
INFO: WriteHtmlCache Behavior ::run [ RunTime:0.000221s ]
INFO: ShowRuntime Behavior ::run [ RunTime:0.000451s ]
INFO: [ view_filter ] --END-- [ RunTime:0.001538s ]
INFO: [ view_end ] --START--
INFO: ShowPageTrace Behavior ::run [ RunTime:0.000599s ]
INFO: [ view_end ] --END-- [ RunTime:0.000666s ]

[ 2018-02-24T08:27:11+08:00 ] 115.231.193.202 /ok_erp/finance_index.php/Claim/selectClaimResult
INFO: [ route_check ] --START--
INFO: CheckRoute Behavior ::run [ RunTime:0.000840s ]
INFO: [ route_check ] --END-- [ RunTime:0.000932s ]
INFO: [ app_begin ] --START--
INFO: ReadHtmlCache Behavior ::run [ RunTime:0.000548s ]
INFO: [ app_begin ] --END-- [ RunTime:0.000618s ]
SQL: SELECT COUNT(*) AS tp_count FROM mf_exchange as a LEFT JOIN tf_exchange b on a.id=b.id LEFT JOIN company c on a.company_id=c.company_id LEFT JOIN bank d on a.bank_id=d.bank_id WHERE ( b.contract_cust LIKE '%' ) AND ( b.so_no LIKE '%4600431355%' ) AND ( a.sal_name LIKE '%' ) AND ( a.company_id LIKE '%' ) AND (  (a.pay_dd BETWEEN '2016-12-01' AND '2018-02-24' ) ) AND ( a.claim = '1' ) AND ( a.bank_cust LIKE '%' ) LIMIT 1   [ RunTime:0.014193s ]
SQL: SELECT * FROM mf_exchange as a LEFT JOIN tf_exchange b on a.id=b.id LEFT JOIN company c on a.company_id=c.company_id LEFT JOIN bank d on a.bank_id=d.bank_id WHERE ( b.contract_cust LIKE '%' ) AND ( b.so_no LIKE '%4600431355%' ) AND ( a.sal_name LIKE '%' ) AND ( a.company_id LIKE '%' ) AND (  (a.pay_dd BETWEEN '2016-12-01' AND '2018-02-24' ) ) AND ( a.claim = '1' ) AND ( a.bank_cust LIKE '%' ) ORDER BY b.record_dd LIMIT 0,15   [ RunTime:0.019047s ]
INFO: [ view_parse ] --START--
INFO: ParseTemplate Behavior ::run [ RunTime:0.011580s ]
INFO: [ view_parse ] --END-- [ RunTime:0.011664s ]
INFO: [ view_filter ] --START--
INFO: ContentReplace Behavior ::run [ RunTime:0.000361s ]
INFO: TokenBuild Behavior ::run [ RunTime:0.000356s ]
INFO: WriteHtmlCache Behavior ::run [ RunTime:0.000222s ]
INFO: ShowRuntime Behavior ::run [ RunTime:0.000476s ]
INFO: [ view_filter ] --END-- [ RunTime:0.001601s ]
INFO: [ view_end ] --START--
INFO: ShowPageTrace Behavior ::run [ RunTime:0.000590s ]
INFO: [ view_end ] --END-- [ RunTime:0.000656s ]

[ 2018-02-24T08:47:00+08:00 ] 115.231.193.202 /ok_erp/finance_index.php/Claim/selectClaim
INFO: [ route_check ] --START--
INFO: CheckRoute Behavior ::run [ RunTime:0.000822s ]
INFO: [ route_check ] --END-- [ RunTime:0.000914s ]
INFO: [ app_begin ] --START--
INFO: ReadHtmlCache Behavior ::run [ RunTime:0.000543s ]
INFO: [ app_begin ] --END-- [ RunTime:0.000614s ]
SQL: SHOW COLUMNS FROM `company` [ RunTime:0.000907s ]
SQL: SELECT * FROM `company` ORDER BY company_id  [ RunTime:0.000254s ]
INFO: [ view_parse ] --START--
INFO: ParseTemplate Behavior ::run [ RunTime:0.010288s ]
INFO: [ view_parse ] --END-- [ RunTime:0.010373s ]
INFO: [ view_filter ] --START--
INFO: ContentReplace Behavior ::run [ RunTime:0.000358s ]
INFO: TokenBuild Behavior ::run [ RunTime:0.000348s ]
INFO: WriteHtmlCache Behavior ::run [ RunTime:0.000220s ]
INFO: ShowRuntime Behavior ::run [ RunTime:0.000457s ]
INFO: [ view_filter ] --END-- [ RunTime:0.001569s ]
INFO: [ view_end ] --START--
INFO: ShowPageTrace Behavior ::run [ RunTime:0.000616s ]
INFO: [ view_end ] --END-- [ RunTime:0.000683s ]

[ 2018-02-24T08:47:05+08:00 ] 115.231.193.202 /ok_erp/finance_index.php/Claim/selectClaimResult
INFO: [ route_check ] --START--
INFO: CheckRoute Behavior ::run [ RunTime:0.000821s ]
INFO: [ route_check ] --END-- [ RunTime:0.000911s ]
INFO: [ app_begin ] --START--
INFO: ReadHtmlCache Behavior ::run [ RunTime:0.000541s ]
INFO: [ app_begin ] --END-- [ RunTime:0.000611s ]
SQL: SELECT COUNT(*) AS tp_count FROM mf_exchange as a LEFT JOIN tf_exchange b on a.id=b.id LEFT JOIN company c on a.company_id=c.company_id LEFT JOIN bank d on a.bank_id=d.bank_id WHERE ( b.contract_cust LIKE '%' ) AND ( b.so_no LIKE '%171222%' ) AND ( a.sal_name LIKE '%' ) AND ( a.company_id LIKE '%' ) AND (  (a.pay_dd BETWEEN '2016-12-01' AND '2018-02-24' ) ) AND ( a.claim = '1' ) AND ( a.bank_cust LIKE '%' ) LIMIT 1   [ RunTime:0.013825s ]
SQL: SELECT * FROM mf_exchange as a LEFT JOIN tf_exchange b on a.id=b.id LEFT JOIN company c on a.company_id=c.company_id LEFT JOIN bank d on a.bank_id=d.bank_id WHERE ( b.contract_cust LIKE '%' ) AND ( b.so_no LIKE '%171222%' ) AND ( a.sal_name LIKE '%' ) AND ( a.company_id LIKE '%' ) AND (  (a.pay_dd BETWEEN '2016-12-01' AND '2018-02-24' ) ) AND ( a.claim = '1' ) AND ( a.bank_cust LIKE '%' ) ORDER BY b.record_dd LIMIT 0,15   [ RunTime:0.018448s ]
INFO: [ view_parse ] --START--
INFO: ParseTemplate Behavior ::run [ RunTime:0.007275s ]
INFO: [ view_parse ] --END-- [ RunTime:0.007360s ]
INFO: [ view_filter ] --START--
INFO: ContentReplace Behavior ::run [ RunTime:0.000320s ]
INFO: TokenBuild Behavior ::run [ RunTime:0.000348s ]
INFO: WriteHtmlCache Behavior ::run [ RunTime:0.000220s ]
INFO: ShowRuntime Behavior ::run [ RunTime:0.000444s ]
INFO: [ view_filter ] --END-- [ RunTime:0.001517s ]
INFO: [ view_end ] --START--
INFO: ShowPageTrace Behavior ::run [ RunTime:0.000587s ]
INFO: [ view_end ] --END-- [ RunTime:0.000653s ]

[ 2018-02-24T08:47:13+08:00 ] 115.231.193.202 /ok_erp/finance_index.php/Claim/selectClaimResult
INFO: [ route_check ] --START--
INFO: CheckRoute Behavior ::run [ RunTime:0.000823s ]
INFO: [ route_check ] --END-- [ RunTime:0.000913s ]
INFO: [ app_begin ] --START--
INFO: ReadHtmlCache Behavior ::run [ RunTime:0.000589s ]
INFO: [ app_begin ] --END-- [ RunTime:0.000665s ]
SQL: SELECT COUNT(*) AS tp_count FROM mf_exchange as a LEFT JOIN tf_exchange b on a.id=b.id LEFT JOIN company c on a.company_id=c.company_id LEFT JOIN bank d on a.bank_id=d.bank_id WHERE ( b.contract_cust LIKE '%' ) AND ( b.so_no LIKE '%DP%' ) AND ( a.sal_name LIKE '%' ) AND ( a.company_id LIKE '%' ) AND (  (a.pay_dd BETWEEN '2016-12-01' AND '2018-02-24' ) ) AND ( a.claim = '1' ) AND ( a.bank_cust LIKE '%' ) LIMIT 1   [ RunTime:0.013435s ]
SQL: SELECT * FROM mf_exchange as a LEFT JOIN tf_exchange b on a.id=b.id LEFT JOIN company c on a.company_id=c.company_id LEFT JOIN bank d on a.bank_id=d.bank_id WHERE ( b.contract_cust LIKE '%' ) AND ( b.so_no LIKE '%DP%' ) AND ( a.sal_name LIKE '%' ) AND ( a.company_id LIKE '%' ) AND (  (a.pay_dd BETWEEN '2016-12-01' AND '2018-02-24' ) ) AND ( a.claim = '1' ) AND ( a.bank_cust LIKE '%' ) ORDER BY b.record_dd LIMIT 0,15   [ RunTime:0.018719s ]
INFO: [ view_parse ] --START--
INFO: ParseTemplate Behavior ::run [ RunTime:0.011655s ]
INFO: [ view_parse ] --END-- [ RunTime:0.011742s ]
INFO: [ view_filter ] --START--
INFO: ContentReplace Behavior ::run [ RunTime:0.000510s ]
INFO: TokenBuild Behavior ::run [ RunTime:0.000372s ]
INFO: WriteHtmlCache Behavior ::run [ RunTime:0.000226s ]
INFO: ShowRuntime Behavior ::run [ RunTime:0.000459s ]
INFO: [ view_filter ] --END-- [ RunTime:0.001761s ]
INFO: [ view_end ] --START--
INFO: ShowPageTrace Behavior ::run [ RunTime:0.000607s ]
INFO: [ view_end ] --END-- [ RunTime:0.000675s ]

[ 2018-02-24T08:48:30+08:00 ] 115.231.193.202 /ok_erp/finance_index.php/BillingData/BillingDataSelect
INFO: [ route_check ] --START--
INFO: CheckRoute Behavior ::run [ RunTime:0.001055s ]
INFO: [ route_check ] --END-- [ RunTime:0.001148s ]
INFO: [ app_begin ] --START--
INFO: ReadHtmlCache Behavior ::run [ RunTime:0.000770s ]
INFO: [ app_begin ] --END-- [ RunTime:0.000842s ]
INFO: [ view_parse ] --START--
INFO: ParseTemplate Behavior ::run [ RunTime:0.017054s ]
INFO: [ view_parse ] --END-- [ RunTime:0.017157s ]
INFO: [ view_filter ] --START--
INFO: ContentReplace Behavior ::run [ RunTime:0.000608s ]
INFO: TokenBuild Behavior ::run [ RunTime:0.000591s ]
INFO: WriteHtmlCache Behavior ::run [ RunTime:0.000459s ]
INFO: ShowRuntime Behavior ::run [ RunTime:0.000691s ]
INFO: [ view_filter ] --END-- [ RunTime:0.002586s ]
INFO: [ view_end ] --START--
INFO: ShowPageTrace Behavior ::run [ RunTime:0.000837s ]
INFO: [ view_end ] --END-- [ RunTime:0.000915s ]

[ 2018-02-24T08:48:34+08:00 ] 115.231.193.202 /ok_erp/finance_index.php/BillingData/BillingDataSelectResult
INFO: [ route_check ] --START--
INFO: CheckRoute Behavior ::run [ RunTime:0.000848s ]
INFO: [ route_check ] --END-- [ RunTime:0.000941s ]
INFO: [ app_begin ] --START--
INFO: ReadHtmlCache Behavior ::run [ RunTime:0.000539s ]
INFO: [ app_begin ] --END-- [ RunTime:0.000611s ]
SQL: SHOW COLUMNS FROM `billingdata` [ RunTime:0.001061s ]
SQL: SELECT COUNT(*) AS tp_count FROM `billingdata` WHERE ( `sale_name` LIKE '%%' ) AND ( `contract_no` LIKE '%TH17002-1%' ) LIMIT 1   [ RunTime:0.001136s ]
SQL: SELECT * FROM `billingdata` WHERE ( `sale_name` LIKE '%%' ) AND ( `contract_no` LIKE '%TH17002-1%' ) LIMIT 0,15   [ RunTime:0.001059s ]
INFO: [ view_parse ] --START--
INFO: ParseTemplate Behavior ::run [ RunTime:0.019975s ]
INFO: [ view_parse ] --END-- [ RunTime:0.020078s ]
INFO: [ view_filter ] --START--
INFO: ContentReplace Behavior ::run [ RunTime:0.000359s ]
INFO: TokenBuild Behavior ::run [ RunTime:0.000354s ]
INFO: WriteHtmlCache Behavior ::run [ RunTime:0.000224s ]
INFO: ShowRuntime Behavior ::run [ RunTime:0.000461s ]
INFO: [ view_filter ] --END-- [ RunTime:0.001620s ]
INFO: [ view_end ] --START--
INFO: ShowPageTrace Behavior ::run [ RunTime:0.000588s ]
INFO: [ view_end ] --END-- [ RunTime:0.000656s ]

[ 2018-02-24T08:49:00+08:00 ] 106.120.160.109 /ok_erp/finance_index.php/BillingData/BillingDataSelect
INFO: [ route_check ] --START--
INFO: CheckRoute Behavior ::run [ RunTime:0.000825s ]
INFO: [ route_check ] --END-- [ RunTime:0.000916s ]
INFO: [ app_begin ] --START--
INFO: ReadHtmlCache Behavior ::run [ RunTime:0.000543s ]
INFO: [ app_begin ] --END-- [ RunTime:0.000612s ]

[ 2018-02-24T08:49:19+08:00 ] 101.199.112.55 /ok_erp/finance_index.php/BillingData/BillingDataSelect
INFO: [ route_check ] --START--
INFO: CheckRoute Behavior ::run [ RunTime:0.000822s ]
INFO: [ route_check ] --END-- [ RunTime:0.000914s ]
INFO: [ app_begin ] --START--
INFO: ReadHtmlCache Behavior ::run [ RunTime:0.000544s ]
INFO: [ app_begin ] --END-- [ RunTime:0.000616s ]

[ 2018-02-24T08:49:20+08:00 ] 106.120.161.68 /ok_erp/finance_index.php/BillingData/BillingDataSelectResult
INFO: [ route_check ] --START--
INFO: CheckRoute Behavior ::run [ RunTime:0.001066s ]
INFO: [ route_check ] --END-- [ RunTime:0.001157s ]
INFO: [ app_begin ] --START--
INFO: ReadHtmlCache Behavior ::run [ RunTime:0.000778s ]
INFO: [ app_begin ] --END-- [ RunTime:0.000851s ]

[ 2018-02-24T08:49:40+08:00 ] 220.181.132.197 /ok_erp/finance_index.php/BillingData/BillingDataSelectResult
INFO: [ route_check ] --START--
INFO: CheckRoute Behavior ::run [ RunTime:0.000825s ]
INFO: [ route_check ] --END-- [ RunTime:0.000915s ]
INFO: [ app_begin ] --START--
INFO: ReadHtmlCache Behavior ::run [ RunTime:0.000542s ]
INFO: [ app_begin ] --END-- [ RunTime:0.000611s ]

[ 2018-02-24T08:53:19+08:00 ] 115.231.193.202 /ok_erp/finance_index.php/Claim/selectClaim
INFO: [ route_check ] --START--
INFO: CheckRoute Behavior ::run [ RunTime:0.001074s ]
INFO: [ route_check ] --END-- [ RunTime:0.001168s ]
INFO: [ app_begin ] --START--
INFO: ReadHtmlCache Behavior ::run [ RunTime:0.000816s ]
INFO: [ app_begin ] --END-- [ RunTime:0.000889s ]
SQL: SHOW COLUMNS FROM `company` [ RunTime:0.000929s ]
SQL: SELECT * FROM `company` ORDER BY company_id  [ RunTime:0.000260s ]
INFO: [ view_parse ] --START--
INFO: ParseTemplate Behavior ::run [ RunTime:0.011425s ]
INFO: [ view_parse ] --END-- [ RunTime:0.011509s ]
INFO: [ view_filter ] --START--
INFO: ContentReplace Behavior ::run [ RunTime:0.000609s ]
INFO: TokenBuild Behavior ::run [ RunTime:0.000624s ]
INFO: WriteHtmlCache Behavior ::run [ RunTime:0.000676s ]
INFO: ShowRuntime Behavior ::run [ RunTime:0.000727s ]
INFO: [ view_filter ] --END-- [ RunTime:0.002827s ]
INFO: [ view_end ] --START--
INFO: ShowPageTrace Behavior ::run [ RunTime:0.000829s ]
INFO: [ view_end ] --END-- [ RunTime:0.000897s ]

[ 2018-02-24T08:53:24+08:00 ] 115.231.193.202 /ok_erp/finance_index.php/Claim/selectClaimResult
INFO: [ route_check ] --START--
INFO: CheckRoute Behavior ::run [ RunTime:0.000834s ]
INFO: [ route_check ] --END-- [ RunTime:0.000924s ]
INFO: [ app_begin ] --START--
INFO: ReadHtmlCache Behavior ::run [ RunTime:0.000584s ]
INFO: [ app_begin ] --END-- [ RunTime:0.000653s ]
SQL: SELECT COUNT(*) AS tp_count FROM mf_exchange as a LEFT JOIN tf_exchange b on a.id=b.id LEFT JOIN company c on a.company_id=c.company_id LEFT JOIN bank d on a.bank_id=d.bank_id WHERE ( b.contract_cust LIKE '%' ) AND ( b.so_no LIKE '%FR%' ) AND ( a.sal_name LIKE '%' ) AND ( a.company_id LIKE '%' ) AND (  (a.pay_dd BETWEEN '2016-12-01' AND '2018-02-24' ) ) AND ( a.claim = '1' ) AND ( a.bank_cust LIKE '%' ) LIMIT 1   [ RunTime:0.013402s ]
SQL: SELECT * FROM mf_exchange as a LEFT JOIN tf_exchange b on a.id=b.id LEFT JOIN company c on a.company_id=c.company_id LEFT JOIN bank d on a.bank_id=d.bank_id WHERE ( b.contract_cust LIKE '%' ) AND ( b.so_no LIKE '%FR%' ) AND ( a.sal_name LIKE '%' ) AND ( a.company_id LIKE '%' ) AND (  (a.pay_dd BETWEEN '2016-12-01' AND '2018-02-24' ) ) AND ( a.claim = '1' ) AND ( a.bank_cust LIKE '%' ) ORDER BY b.record_dd LIMIT 0,15   [ RunTime:0.019753s ]
INFO: [ view_parse ] --START--
INFO: ParseTemplate Behavior ::run [ RunTime:0.011591s ]
INFO: [ view_parse ] --END-- [ RunTime:0.011675s ]
INFO: [ view_filter ] --START--
INFO: ContentReplace Behavior ::run [ RunTime:0.000451s ]
INFO: TokenBuild Behavior ::run [ RunTime:0.000427s ]
INFO: WriteHtmlCache Behavior ::run [ RunTime:0.000401s ]
INFO: ShowRuntime Behavior ::run [ RunTime:0.000467s ]
INFO: [ view_filter ] --END-- [ RunTime:0.001933s ]
INFO: [ view_end ] --START--
INFO: ShowPageTrace Behavior ::run [ RunTime:0.000621s ]
INFO: [ view_end ] --END-- [ RunTime:0.000689s ]

[ 2018-02-24T08:53:33+08:00 ] 115.231.193.202 /ok_erp/finance_index.php/Claim/selectClaim
INFO: [ route_check ] --START--
INFO: CheckRoute Behavior ::run [ RunTime:0.000820s ]
INFO: [ route_check ] --END-- [ RunTime:0.000909s ]
INFO: [ app_begin ] --START--
INFO: ReadHtmlCache Behavior ::run [ RunTime:0.000539s ]
INFO: [ app_begin ] --END-- [ RunTime:0.000608s ]
SQL: SHOW COLUMNS FROM `company` [ RunTime:0.000855s ]
SQL: SELECT * FROM `company` ORDER BY company_id  [ RunTime:0.000220s ]
INFO: [ view_parse ] --START--
INFO: ParseTemplate Behavior ::run [ RunTime:0.009816s ]
INFO: [ view_parse ] --END-- [ RunTime:0.009898s ]
INFO: [ view_filter ] --START--
INFO: ContentReplace Behavior ::run [ RunTime:0.000358s ]
INFO: TokenBuild Behavior ::run [ RunTime:0.000346s ]
INFO: WriteHtmlCache Behavior ::run [ RunTime:0.000219s ]
INFO: ShowRuntime Behavior ::run [ RunTime:0.000452s ]
INFO: [ view_filter ] --END-- [ RunTime:0.001561s ]
INFO: [ view_end ] --START--
INFO: ShowPageTrace Behavior ::run [ RunTime:0.000581s ]
INFO: [ view_end ] --END-- [ RunTime:0.000646s ]

[ 2018-02-24T08:53:39+08:00 ] 115.231.193.202 /ok_erp/finance_index.php/Claim/selectClaimResult
INFO: [ route_check ] --START--
INFO: CheckRoute Behavior ::run [ RunTime:0.000821s ]
INFO: [ route_check ] --END-- [ RunTime:0.000910s ]
INFO: [ app_begin ] --START--
INFO: ReadHtmlCache Behavior ::run [ RunTime:0.000540s ]
INFO: [ app_begin ] --END-- [ RunTime:0.000610s ]
SQL: SELECT COUNT(*) AS tp_count FROM mf_exchange as a LEFT JOIN tf_exchange b on a.id=b.id LEFT JOIN company c on a.company_id=c.company_id LEFT JOIN bank d on a.bank_id=d.bank_id WHERE ( b.contract_cust LIKE '%' ) AND ( b.so_no LIKE '%FR171109%' ) AND ( a.sal_name LIKE '%' ) AND ( a.company_id LIKE '%' ) AND (  (a.pay_dd BETWEEN '2016-12-01' AND '2018-02-24' ) ) AND ( a.claim = '1' ) AND ( a.bank_cust LIKE '%' ) LIMIT 1   [ RunTime:0.013406s ]
SQL: SELECT * FROM mf_exchange as a LEFT JOIN tf_exchange b on a.id=b.id LEFT JOIN company c on a.company_id=c.company_id LEFT JOIN bank d on a.bank_id=d.bank_id WHERE ( b.contract_cust LIKE '%' ) AND ( b.so_no LIKE '%FR171109%' ) AND ( a.sal_name LIKE '%' ) AND ( a.company_id LIKE '%' ) AND (  (a.pay_dd BETWEEN '2016-12-01' AND '2018-02-24' ) ) AND ( a.claim = '1' ) AND ( a.bank_cust LIKE '%' ) ORDER BY b.record_dd LIMIT 0,15   [ RunTime:0.018314s ]
INFO: [ view_parse ] --START--
INFO: ParseTemplate Behavior ::run [ RunTime:0.011260s ]
INFO: [ view_parse ] --END-- [ RunTime:0.011341s ]
INFO: [ view_filter ] --START--
INFO: ContentReplace Behavior ::run [ RunTime:0.000360s ]
INFO: TokenBuild Behavior ::run [ RunTime:0.000348s ]
INFO: WriteHtmlCache Behavior ::run [ RunTime:0.000220s ]
INFO: ShowRuntime Behavior ::run [ RunTime:0.000448s ]
INFO: [ view_filter ] --END-- [ RunTime:0.001555s ]
INFO: [ view_end ] --START--
INFO: ShowPageTrace Behavior ::run [ RunTime:0.000578s ]
INFO: [ view_end ] --END-- [ RunTime:0.000644s ]

[ 2018-02-24T08:56:28+08:00 ] 115.231.193.202 /ok_erp/finance_index.php/Claim/selectClaim
INFO: [ route_check ] --START--
INFO: CheckRoute Behavior ::run [ RunTime:0.001075s ]
INFO: [ route_check ] --END-- [ RunTime:0.001166s ]
INFO: [ app_begin ] --START--
INFO: ReadHtmlCache Behavior ::run [ RunTime:0.000785s ]
INFO: [ app_begin ] --END-- [ RunTime:0.000858s ]
SQL: SHOW COLUMNS FROM `company` [ RunTime:0.001048s ]
SQL: SELECT * FROM `company` ORDER BY company_id  [ RunTime:0.000255s ]
INFO: [ view_parse ] --START--
INFO: ParseTemplate Behavior ::run [ RunTime:0.011340s ]
INFO: [ view_parse ] --END-- [ RunTime:0.011425s ]
INFO: [ view_filter ] --START--
INFO: ContentReplace Behavior ::run [ RunTime:0.000597s ]
INFO: TokenBuild Behavior ::run [ RunTime:0.000585s ]
INFO: WriteHtmlCache Behavior ::run [ RunTime:0.000457s ]
INFO: ShowRuntime Behavior ::run [ RunTime:0.000825s ]
INFO: [ view_filter ] --END-- [ RunTime:0.002655s ]
INFO: [ view_end ] --START--
INFO: ShowPageTrace Behavior ::run [ RunTime:0.000834s ]
INFO: [ view_end ] --END-- [ RunTime:0.000903s ]

[ 2018-02-24T08:56:37+08:00 ] 115.231.193.202 /ok_erp/finance_index.php/Claim/selectClaimResult
INFO: [ route_check ] --START--
INFO: CheckRoute Behavior ::run [ RunTime:0.001017s ]
INFO: [ route_check ] --END-- [ RunTime:0.001112s ]
INFO: [ app_begin ] --START--
INFO: ReadHtmlCache Behavior ::run [ RunTime:0.000670s ]
INFO: [ app_begin ] --END-- [ RunTime:0.000759s ]
SQL: SELECT COUNT(*) AS tp_count FROM mf_exchange as a LEFT JOIN tf_exchange b on a.id=b.id LEFT JOIN company c on a.company_id=c.company_id LEFT JOIN bank d on a.bank_id=d.bank_id WHERE ( b.contract_cust LIKE '%' ) AND ( b.so_no LIKE '%FR171109%' ) AND ( a.sal_name LIKE '%' ) AND ( a.company_id LIKE '%' ) AND (  (a.pay_dd BETWEEN '2016-12-01' AND '2018-02-24' ) ) AND ( a.claim = '1' ) AND ( a.bank_cust LIKE '%' ) LIMIT 1   [ RunTime:0.015193s ]
SQL: SELECT * FROM mf_exchange as a LEFT JOIN tf_exchange b on a.id=b.id LEFT JOIN company c on a.company_id=c.company_id LEFT JOIN bank d on a.bank_id=d.bank_id WHERE ( b.contract_cust LIKE '%' ) AND ( b.so_no LIKE '%FR171109%' ) AND ( a.sal_name LIKE '%' ) AND ( a.company_id LIKE '%' ) AND (  (a.pay_dd BETWEEN '2016-12-01' AND '2018-02-24' ) ) AND ( a.claim = '1' ) AND ( a.bank_cust LIKE '%' ) ORDER BY b.record_dd LIMIT 0,15   [ RunTime:0.020712s ]
INFO: [ view_parse ] --START--
INFO: ParseTemplate Behavior ::run [ RunTime:0.013156s ]
INFO: [ view_parse ] --END-- [ RunTime:0.013251s ]
INFO: [ view_filter ] --START--
INFO: ContentReplace Behavior ::run [ RunTime:0.000432s ]
INFO: TokenBuild Behavior ::run [ RunTime:0.000420s ]
INFO: WriteHtmlCache Behavior ::run [ RunTime:0.000244s ]
INFO: ShowRuntime Behavior ::run [ RunTime:0.000458s ]
INFO: [ view_filter ] --END-- [ RunTime:0.001790s ]
INFO: [ view_end ] --START--
INFO: ShowPageTrace Behavior ::run [ RunTime:0.000596s ]
INFO: [ view_end ] --END-- [ RunTime:0.000663s ]

[ 2018-02-24T08:56:47+08:00 ] 115.231.193.202 /ok_erp/finance_index.php/Claim/selectClaimResult
INFO: [ route_check ] --START--
INFO: CheckRoute Behavior ::run [ RunTime:0.000835s ]
INFO: [ route_check ] --END-- [ RunTime:0.000925s ]
INFO: [ app_begin ] --START--
INFO: ReadHtmlCache Behavior ::run [ RunTime:0.000550s ]
INFO: [ app_begin ] --END-- [ RunTime:0.000621s ]
SQL: SELECT COUNT(*) AS tp_count FROM mf_exchange as a LEFT JOIN tf_exchange b on a.id=b.id LEFT JOIN company c on a.company_id=c.company_id LEFT JOIN bank d on a.bank_id=d.bank_id WHERE ( b.contract_cust LIKE '%' ) AND ( b.so_no LIKE '%FR5170706%' ) AND ( a.sal_name LIKE '%' ) AND ( a.company_id LIKE '%' ) AND (  (a.pay_dd BETWEEN '2016-12-01' AND '2018-02-24' ) ) AND ( a.claim = '1' ) AND ( a.bank_cust LIKE '%' ) LIMIT 1   [ RunTime:0.013496s ]
SQL: SELECT * FROM mf_exchange as a LEFT JOIN tf_exchange b on a.id=b.id LEFT JOIN company c on a.company_id=c.company_id LEFT JOIN bank d on a.bank_id=d.bank_id WHERE ( b.contract_cust LIKE '%' ) AND ( b.so_no LIKE '%FR5170706%' ) AND ( a.sal_name LIKE '%' ) AND ( a.company_id LIKE '%' ) AND (  (a.pay_dd BETWEEN '2016-12-01' AND '2018-02-24' ) ) AND ( a.claim = '1' ) AND ( a.bank_cust LIKE '%' ) ORDER BY b.record_dd LIMIT 0,15   [ RunTime:0.020020s ]
INFO: [ view_parse ] --START--
INFO: ParseTemplate Behavior ::run [ RunTime:0.008018s ]
INFO: [ view_parse ] --END-- [ RunTime:0.008109s ]
INFO: [ view_filter ] --START--
INFO: ContentReplace Behavior ::run [ RunTime:0.000367s ]
INFO: TokenBuild Behavior ::run [ RunTime:0.000371s ]
INFO: WriteHtmlCache Behavior ::run [ RunTime:0.000237s ]
INFO: ShowRuntime Behavior ::run [ RunTime:0.000459s ]
INFO: [ view_filter ] --END-- [ RunTime:0.001647s ]
INFO: [ view_end ] --START--
INFO: ShowPageTrace Behavior ::run [ RunTime:0.000605s ]
INFO: [ view_end ] --END-- [ RunTime:0.000673s ]

[ 2018-02-24T08:56:54+08:00 ] 115.231.193.202 /ok_erp/finance_index.php/Claim/selectClaimResult
INFO: [ route_check ] --START--
INFO: CheckRoute Behavior ::run [ RunTime:0.000832s ]
INFO: [ route_check ] --END-- [ RunTime:0.000921s ]
INFO: [ app_begin ] --START--
INFO: ReadHtmlCache Behavior ::run [ RunTime:0.000548s ]
INFO: [ app_begin ] --END-- [ RunTime:0.000617s ]
SQL: SELECT COUNT(*) AS tp_count FROM mf_exchange as a LEFT JOIN tf_exchange b on a.id=b.id LEFT JOIN company c on a.company_id=c.company_id LEFT JOIN bank d on a.bank_id=d.bank_id WHERE ( b.contract_cust LIKE '%' ) AND ( b.so_no LIKE '%SAFM%' ) AND ( a.sal_name LIKE '%' ) AND ( a.company_id LIKE '%' ) AND (  (a.pay_dd BETWEEN '2016-12-01' AND '2018-02-24' ) ) AND ( a.claim = '1' ) AND ( a.bank_cust LIKE '%' ) LIMIT 1   [ RunTime:0.013362s ]
SQL: SELECT * FROM mf_exchange as a LEFT JOIN tf_exchange b on a.id=b.id LEFT JOIN company c on a.company_id=c.company_id LEFT JOIN bank d on a.bank_id=d.bank_id WHERE ( b.contract_cust LIKE '%' ) AND ( b.so_no LIKE '%SAFM%' ) AND ( a.sal_name LIKE '%' ) AND ( a.company_id LIKE '%' ) AND (  (a.pay_dd BETWEEN '2016-12-01' AND '2018-02-24' ) ) AND ( a.claim = '1' ) AND ( a.bank_cust LIKE '%' ) ORDER BY b.record_dd LIMIT 0,15   [ RunTime:0.018613s ]
INFO: [ view_parse ] --START--
INFO: ParseTemplate Behavior ::run [ RunTime:0.011735s ]
INFO: [ view_parse ] --END-- [ RunTime:0.011821s ]
INFO: [ view_filter ] --START--
INFO: ContentReplace Behavior ::run [ RunTime:0.000410s ]
INFO: TokenBuild Behavior ::run [ RunTime:0.000357s ]
INFO: WriteHtmlCache Behavior ::run [ RunTime:0.000221s ]
INFO: ShowRuntime Behavior ::run [ RunTime:0.000461s ]
INFO: [ view_filter ] --END-- [ RunTime:0.001634s ]
INFO: [ view_end ] --START--
INFO: ShowPageTrace Behavior ::run [ RunTime:0.000603s ]
INFO: [ view_end ] --END-- [ RunTime:0.000673s ]

[ 2018-02-24T08:57:02+08:00 ] 115.231.193.202 /ok_erp/finance_index.php/Claim/selectClaim
INFO: [ route_check ] --START--
INFO: CheckRoute Behavior ::run [ RunTime:0.000850s ]
INFO: [ route_check ] --END-- [ RunTime:0.000963s ]
INFO: [ app_begin ] --START--
INFO: ReadHtmlCache Behavior ::run [ RunTime:0.000547s ]
INFO: [ app_begin ] --END-- [ RunTime:0.000618s ]
SQL: SHOW COLUMNS FROM `company` [ RunTime:0.000897s ]
SQL: SELECT * FROM `company` ORDER BY company_id  [ RunTime:0.000235s ]
INFO: [ view_parse ] --START--
INFO: ParseTemplate Behavior ::run [ RunTime:0.009998s ]
INFO: [ view_parse ] --END-- [ RunTime:0.010078s ]
INFO: [ view_filter ] --START--
INFO: ContentReplace Behavior ::run [ RunTime:0.000360s ]
INFO: TokenBuild Behavior ::run [ RunTime:0.000351s ]
INFO: WriteHtmlCache Behavior ::run [ RunTime:0.000220s ]
INFO: ShowRuntime Behavior ::run [ RunTime:0.000487s ]
INFO: [ view_filter ] --END-- [ RunTime:0.001604s ]
INFO: [ view_end ] --START--
INFO: ShowPageTrace Behavior ::run [ RunTime:0.000590s ]
INFO: [ view_end ] --END-- [ RunTime:0.000658s ]

[ 2018-02-24T08:57:06+08:00 ] 115.231.193.202 /ok_erp/finance_index.php/Claim/selectClaimResult
INFO: [ route_check ] --START--
INFO: CheckRoute Behavior ::run [ RunTime:0.000837s ]
INFO: [ route_check ] --END-- [ RunTime:0.000927s ]
INFO: [ app_begin ] --START--
INFO: ReadHtmlCache Behavior ::run [ RunTime:0.000570s ]
INFO: [ app_begin ] --END-- [ RunTime:0.000640s ]
SQL: SELECT COUNT(*) AS tp_count FROM mf_exchange as a LEFT JOIN tf_exchange b on a.id=b.id LEFT JOIN company c on a.company_id=c.company_id LEFT JOIN bank d on a.bank_id=d.bank_id WHERE ( b.contract_cust LIKE '%' ) AND ( b.so_no LIKE '%FR17%' ) AND ( a.sal_name LIKE '%' ) AND ( a.company_id LIKE '%' ) AND (  (a.pay_dd BETWEEN '2016-12-01' AND '2018-02-24' ) ) AND ( a.claim = '1' ) AND ( a.bank_cust LIKE '%' ) LIMIT 1   [ RunTime:0.013829s ]
SQL: SELECT * FROM mf_exchange as a LEFT JOIN tf_exchange b on a.id=b.id LEFT JOIN company c on a.company_id=c.company_id LEFT JOIN bank d on a.bank_id=d.bank_id WHERE ( b.contract_cust LIKE '%' ) AND ( b.so_no LIKE '%FR17%' ) AND ( a.sal_name LIKE '%' ) AND ( a.company_id LIKE '%' ) AND (  (a.pay_dd BETWEEN '2016-12-01' AND '2018-02-24' ) ) AND ( a.claim = '1' ) AND ( a.bank_cust LIKE '%' ) ORDER BY b.record_dd LIMIT 0,15   [ RunTime:0.019885s ]
INFO: [ view_parse ] --START--
INFO: ParseTemplate Behavior ::run [ RunTime:0.011677s ]
INFO: [ view_parse ] --END-- [ RunTime:0.011762s ]
INFO: [ view_filter ] --START--
INFO: ContentReplace Behavior ::run [ RunTime:0.000419s ]
INFO: TokenBuild Behavior ::run [ RunTime:0.000356s ]
INFO: WriteHtmlCache Behavior ::run [ RunTime:0.000220s ]
INFO: ShowRuntime Behavior ::run [ RunTime:0.000455s ]
INFO: [ view_filter ] --END-- [ RunTime:0.001641s ]
INFO: [ view_end ] --START--
INFO: ShowPageTrace Behavior ::run [ RunTime:0.000605s ]
INFO: [ view_end ] --END-- [ RunTime:0.000673s ]

[ 2018-02-24T08:57:09+08:00 ] 115.231.193.202 /ok_erp/finance_index.php/Claim/selectClaimResult/company_id/%25/so_no/FR17/p/8.html
INFO: [ route_check ] --START--
INFO: CheckRoute Behavior ::run [ RunTime:0.000836s ]
INFO: [ route_check ] --END-- [ RunTime:0.000927s ]
INFO: [ app_begin ] --START--
INFO: ReadHtmlCache Behavior ::run [ RunTime:0.000548s ]
INFO: [ app_begin ] --END-- [ RunTime:0.000618s ]
SQL: SELECT COUNT(*) AS tp_count FROM mf_exchange as a LEFT JOIN tf_exchange b on a.id=b.id LEFT JOIN company c on a.company_id=c.company_id LEFT JOIN bank d on a.bank_id=d.bank_id WHERE ( b.contract_cust LIKE '%' ) AND ( b.so_no LIKE '%FR17%' ) AND ( a.sal_name LIKE '%' ) AND ( a.company_id LIKE '%' ) AND (  (a.pay_dd BETWEEN '2016-12-01' AND '2018-02-24' ) ) AND ( a.claim = '1' ) AND ( a.bank_cust LIKE '%' ) LIMIT 1   [ RunTime:0.013413s ]
SQL: SELECT * FROM mf_exchange as a LEFT JOIN tf_exchange b on a.id=b.id LEFT JOIN company c on a.company_id=c.company_id LEFT JOIN bank d on a.bank_id=d.bank_id WHERE ( b.contract_cust LIKE '%' ) AND ( b.so_no LIKE '%FR17%' ) AND ( a.sal_name LIKE '%' ) AND ( a.company_id LIKE '%' ) AND (  (a.pay_dd BETWEEN '2016-12-01' AND '2018-02-24' ) ) AND ( a.claim = '1' ) AND ( a.bank_cust LIKE '%' ) ORDER BY b.record_dd LIMIT 105,15   [ RunTime:0.019753s ]
INFO: [ view_parse ] --START--
INFO: ParseTemplate Behavior ::run [ RunTime:0.011366s ]
INFO: [ view_parse ] --END-- [ RunTime:0.011447s ]
INFO: [ view_filter ] --START--
INFO: ContentReplace Behavior ::run [ RunTime:0.000368s ]
INFO: TokenBuild Behavior ::run [ RunTime:0.000351s ]
INFO: WriteHtmlCache Behavior ::run [ RunTime:0.000221s ]
INFO: ShowRuntime Behavior ::run [ RunTime:0.000450s ]
INFO: [ view_filter ] --END-- [ RunTime:0.001572s ]
INFO: [ view_end ] --START--
INFO: ShowPageTrace Behavior ::run [ RunTime:0.000587s ]
INFO: [ view_end ] --END-- [ RunTime:0.000653s ]

[ 2018-02-24T08:57:12+08:00 ] 115.231.193.202 /ok_erp/finance_index.php/Claim/selectClaimResult/company_id/%25/so_no/FR17/p/7.html
INFO: [ route_check ] --START--
INFO: CheckRoute Behavior ::run [ RunTime:0.000836s ]
INFO: [ route_check ] --END-- [ RunTime:0.000925s ]
INFO: [ app_begin ] --START--
INFO: ReadHtmlCache Behavior ::run [ RunTime:0.000547s ]
INFO: [ app_begin ] --END-- [ RunTime:0.000616s ]
SQL: SELECT COUNT(*) AS tp_count FROM mf_exchange as a LEFT JOIN tf_exchange b on a.id=b.id LEFT JOIN company c on a.company_id=c.company_id LEFT JOIN bank d on a.bank_id=d.bank_id WHERE ( b.contract_cust LIKE '%' ) AND ( b.so_no LIKE '%FR17%' ) AND ( a.sal_name LIKE '%' ) AND ( a.company_id LIKE '%' ) AND (  (a.pay_dd BETWEEN '2016-12-01' AND '2018-02-24' ) ) AND ( a.claim = '1' ) AND ( a.bank_cust LIKE '%' ) LIMIT 1   [ RunTime:0.013462s ]
SQL: SELECT * FROM mf_exchange as a LEFT JOIN tf_exchange b on a.id=b.id LEFT JOIN company c on a.company_id=c.company_id LEFT JOIN bank d on a.bank_id=d.bank_id WHERE ( b.contract_cust LIKE '%' ) AND ( b.so_no LIKE '%FR17%' ) AND ( a.sal_name LIKE '%' ) AND ( a.company_id LIKE '%' ) AND (  (a.pay_dd BETWEEN '2016-12-01' AND '2018-02-24' ) ) AND ( a.claim = '1' ) AND ( a.bank_cust LIKE '%' ) ORDER BY b.record_dd LIMIT 90,15   [ RunTime:0.019896s ]
INFO: [ view_parse ] --START--
INFO: ParseTemplate Behavior ::run [ RunTime:0.011383s ]
INFO: [ view_parse ] --END-- [ RunTime:0.011465s ]
INFO: [ view_filter ] --START--
INFO: ContentReplace Behavior ::run [ RunTime:0.000410s ]
INFO: TokenBuild Behavior ::run [ RunTime:0.000352s ]
INFO: WriteHtmlCache Behavior ::run [ RunTime:0.000220s ]
INFO: ShowRuntime Behavior ::run [ RunTime:0.000455s ]
INFO: [ view_filter ] --END-- [ RunTime:0.001623s ]
INFO: [ view_end ] --START--
INFO: ShowPageTrace Behavior ::run [ RunTime:0.000602s ]
INFO: [ view_end ] --END-- [ RunTime:0.000671s ]

[ 2018-02-24T09:01:33+08:00 ] 115.231.193.202 /ok_erp/finance_index.php/BillingData/BillingDataSelect
INFO: [ route_check ] --START--
INFO: CheckRoute Behavior ::run [ RunTime:0.000825s ]
INFO: [ route_check ] --END-- [ RunTime:0.000914s ]
INFO: [ app_begin ] --START--
INFO: ReadHtmlCache Behavior ::run [ RunTime:0.000540s ]
INFO: [ app_begin ] --END-- [ RunTime:0.000611s ]
INFO: [ view_parse ] --START--
INFO: ParseTemplate Behavior ::run [ RunTime:0.009062s ]
INFO: [ view_parse ] --END-- [ RunTime:0.009154s ]
INFO: [ view_filter ] --START--
INFO: ContentReplace Behavior ::run [ RunTime:0.000350s ]
INFO: TokenBuild Behavior ::run [ RunTime:0.000345s ]
INFO: WriteHtmlCache Behavior ::run [ RunTime:0.000220s ]
INFO: ShowRuntime Behavior ::run [ RunTime:0.000449s ]
INFO: [ view_filter ] --END-- [ RunTime:0.001592s ]
INFO: [ view_end ] --START--
INFO: ShowPageTrace Behavior ::run [ RunTime:0.000597s ]
INFO: [ view_end ] --END-- [ RunTime:0.000672s ]

[ 2018-02-24T09:02:51+08:00 ] 115.231.193.202 /ok_erp/finance_index.php/BillingData/BillingDataSelectResult
INFO: [ route_check ] --START--
INFO: CheckRoute Behavior ::run [ RunTime:0.001056s ]
INFO: [ route_check ] --END-- [ RunTime:0.001147s ]
INFO: [ app_begin ] --START--
INFO: ReadHtmlCache Behavior ::run [ RunTime:0.000775s ]
INFO: [ app_begin ] --END-- [ RunTime:0.000846s ]
SQL: SHOW COLUMNS FROM `billingdata` [ RunTime:0.001068s ]
SQL: SELECT COUNT(*) AS tp_count FROM `billingdata` WHERE ( `sale_name` LIKE '%%' ) AND ( `contract_no` LIKE '%1701097%' ) LIMIT 1   [ RunTime:0.001243s ]
SQL: SELECT * FROM `billingdata` WHERE ( `sale_name` LIKE '%%' ) AND ( `contract_no` LIKE '%1701097%' ) LIMIT 0,15   [ RunTime:0.001131s ]
INFO: [ view_parse ] --START--
INFO: ParseTemplate Behavior ::run [ RunTime:0.013237s ]
INFO: [ view_parse ] --END-- [ RunTime:0.013337s ]
INFO: [ view_filter ] --START--
INFO: ContentReplace Behavior ::run [ RunTime:0.000593s ]
INFO: TokenBuild Behavior ::run [ RunTime:0.000589s ]
INFO: WriteHtmlCache Behavior ::run [ RunTime:0.000461s ]
INFO: ShowRuntime Behavior ::run [ RunTime:0.000695s ]
INFO: [ view_filter ] --END-- [ RunTime:0.002562s ]
INFO: [ view_end ] --START--
INFO: ShowPageTrace Behavior ::run [ RunTime:0.000822s ]
INFO: [ view_end ] --END-- [ RunTime:0.000889s ]

[ 2018-02-24T09:02:58+08:00 ] 115.231.193.202 /ok_erp/finance_index.php/Claim/selectClaim
INFO: [ route_check ] --START--
INFO: CheckRoute Behavior ::run [ RunTime:0.001056s ]
INFO: [ route_check ] --END-- [ RunTime:0.001146s ]
INFO: [ app_begin ] --START--
INFO: ReadHtmlCache Behavior ::run [ RunTime:0.000774s ]
INFO: [ app_begin ] --END-- [ RunTime:0.000847s ]
SQL: SHOW COLUMNS FROM `company` [ RunTime:0.000908s ]
SQL: SELECT * FROM `company` ORDER BY company_id  [ RunTime:0.000254s ]
INFO: [ view_parse ] --START--
INFO: ParseTemplate Behavior ::run [ RunTime:0.011247s ]
INFO: [ view_parse ] --END-- [ RunTime:0.011329s ]
INFO: [ view_filter ] --START--
INFO: ContentReplace Behavior ::run [ RunTime:0.000598s ]
INFO: TokenBuild Behavior ::run [ RunTime:0.000582s ]
INFO: WriteHtmlCache Behavior ::run [ RunTime:0.000455s ]
INFO: ShowRuntime Behavior ::run [ RunTime:0.000684s ]
INFO: [ view_filter ] --END-- [ RunTime:0.002509s ]
INFO: [ view_end ] --START--
INFO: ShowPageTrace Behavior ::run [ RunTime:0.000819s ]
INFO: [ view_end ] --END-- [ RunTime:0.000886s ]

[ 2018-02-24T09:03:03+08:00 ] 115.231.193.202 /ok_erp/finance_index.php/Claim/selectClaimResult
INFO: [ route_check ] --START--
INFO: CheckRoute Behavior ::run [ RunTime:0.000826s ]
INFO: [ route_check ] --END-- [ RunTime:0.000916s ]
INFO: [ app_begin ] --START--
INFO: ReadHtmlCache Behavior ::run [ RunTime:0.000543s ]
INFO: [ app_begin ] --END-- [ RunTime:0.000613s ]
SQL: SELECT COUNT(*) AS tp_count FROM mf_exchange as a LEFT JOIN tf_exchange b on a.id=b.id LEFT JOIN company c on a.company_id=c.company_id LEFT JOIN bank d on a.bank_id=d.bank_id WHERE ( b.contract_cust LIKE '%' ) AND ( b.so_no LIKE '%171120%' ) AND ( a.sal_name LIKE '%' ) AND ( a.company_id LIKE '%' ) AND (  (a.pay_dd BETWEEN '2016-12-01' AND '2018-02-24' ) ) AND ( a.claim = '1' ) AND ( a.bank_cust LIKE '%' ) LIMIT 1   [ RunTime:0.013710s ]
SQL: SELECT * FROM mf_exchange as a LEFT JOIN tf_exchange b on a.id=b.id LEFT JOIN company c on a.company_id=c.company_id LEFT JOIN bank d on a.bank_id=d.bank_id WHERE ( b.contract_cust LIKE '%' ) AND ( b.so_no LIKE '%171120%' ) AND ( a.sal_name LIKE '%' ) AND ( a.company_id LIKE '%' ) AND (  (a.pay_dd BETWEEN '2016-12-01' AND '2018-02-24' ) ) AND ( a.claim = '1' ) AND ( a.bank_cust LIKE '%' ) ORDER BY b.record_dd LIMIT 0,15   [ RunTime:0.018667s ]
INFO: [ view_parse ] --START--
INFO: ParseTemplate Behavior ::run [ RunTime:0.011504s ]
INFO: [ view_parse ] --END-- [ RunTime:0.011588s ]
INFO: [ view_filter ] --START--
INFO: ContentReplace Behavior ::run [ RunTime:0.000366s ]
INFO: TokenBuild Behavior ::run [ RunTime:0.000348s ]
INFO: WriteHtmlCache Behavior ::run [ RunTime:0.000218s ]
INFO: ShowRuntime Behavior ::run [ RunTime:0.000446s ]
INFO: [ view_filter ] --END-- [ RunTime:0.001564s ]
INFO: [ view_end ] --START--
INFO: ShowPageTrace Behavior ::run [ RunTime:0.000581s ]
INFO: [ view_end ] --END-- [ RunTime:0.000647s ]

[ 2018-02-24T09:03:06+08:00 ] 115.231.193.202 /ok_erp/finance_index.php/BillingData/UndownloadBillingData
INFO: [ route_check ] --START--
INFO: CheckRoute Behavior ::run [ RunTime:0.000826s ]
INFO: [ route_check ] --END-- [ RunTime:0.000915s ]
INFO: [ app_begin ] --START--
INFO: ReadHtmlCache Behavior ::run [ RunTime:0.000539s ]
INFO: [ app_begin ] --END-- [ RunTime:0.000608s ]
SQL: SHOW COLUMNS FROM `billingdata` [ RunTime:0.001086s ]
SQL: SELECT * FROM `billingdata` WHERE ( download_confirm='F' )  [ RunTime:0.000960s ]
INFO: [ view_parse ] --START--
INFO: ParseTemplate Behavior ::run [ RunTime:0.011828s ]
INFO: [ view_parse ] --END-- [ RunTime:0.011907s ]
INFO: [ view_filter ] --START--
INFO: ContentReplace Behavior ::run [ RunTime:0.000409s ]
INFO: TokenBuild Behavior ::run [ RunTime:0.000380s ]
INFO: WriteHtmlCache Behavior ::run [ RunTime:0.000227s ]
INFO: ShowRuntime Behavior ::run [ RunTime:0.000454s ]
INFO: [ view_filter ] --END-- [ RunTime:0.001682s ]
INFO: [ view_end ] --START--
INFO: ShowPageTrace Behavior ::run [ RunTime:0.000598s ]
INFO: [ view_end ] --END-- [ RunTime:0.000676s ]

[ 2018-02-24T09:03:19+08:00 ] 115.231.193.202 /ok_erp/finance_index.php/Claim/selectClaim
INFO: [ route_check ] --START--
INFO: CheckRoute Behavior ::run [ RunTime:0.000825s ]
INFO: [ route_check ] --END-- [ RunTime:0.000914s ]
INFO: [ app_begin ] --START--
INFO: ReadHtmlCache Behavior ::run [ RunTime:0.000541s ]
INFO: [ app_begin ] --END-- [ RunTime:0.000611s ]
SQL: SHOW COLUMNS FROM `company` [ RunTime:0.000901s ]
SQL: SELECT * FROM `company` ORDER BY company_id  [ RunTime:0.000240s ]
INFO: [ view_parse ] --START--
INFO: ParseTemplate Behavior ::run [ RunTime:0.009982s ]
INFO: [ view_parse ] --END-- [ RunTime:0.010063s ]
INFO: [ view_filter ] --START--
INFO: ContentReplace Behavior ::run [ RunTime:0.000358s ]
INFO: TokenBuild Behavior ::run [ RunTime:0.000345s ]
INFO: WriteHtmlCache Behavior ::run [ RunTime:0.000219s ]
INFO: ShowRuntime Behavior ::run [ RunTime:0.000451s ]
INFO: [ view_filter ] --END-- [ RunTime:0.001556s ]
INFO: [ view_end ] --START--
INFO: ShowPageTrace Behavior ::run [ RunTime:0.000586s ]
INFO: [ view_end ] --END-- [ RunTime:0.000652s ]

[ 2018-02-24T09:03:29+08:00 ] 115.231.193.202 /ok_erp/finance_index.php/Claim/selectClaimResult
INFO: [ route_check ] --START--
INFO: CheckRoute Behavior ::run [ RunTime:0.000820s ]
INFO: [ route_check ] --END-- [ RunTime:0.000909s ]
INFO: [ app_begin ] --START--
INFO: ReadHtmlCache Behavior ::run [ RunTime:0.000543s ]
INFO: [ app_begin ] --END-- [ RunTime:0.000613s ]
SQL: SELECT COUNT(*) AS tp_count FROM mf_exchange as a LEFT JOIN tf_exchange b on a.id=b.id LEFT JOIN company c on a.company_id=c.company_id LEFT JOIN bank d on a.bank_id=d.bank_id WHERE ( b.contract_cust LIKE '%' ) AND ( b.so_no LIKE '%JW171120%' ) AND ( a.sal_name LIKE '%' ) AND ( a.company_id LIKE '%' ) AND (  (a.pay_dd BETWEEN '2016-12-01' AND '2018-02-24' ) ) AND ( a.claim = '1' ) AND ( a.bank_cust LIKE '%' ) LIMIT 1   [ RunTime:0.013404s ]
SQL: SELECT * FROM mf_exchange as a LEFT JOIN tf_exchange b on a.id=b.id LEFT JOIN company c on a.company_id=c.company_id LEFT JOIN bank d on a.bank_id=d.bank_id WHERE ( b.contract_cust LIKE '%' ) AND ( b.so_no LIKE '%JW171120%' ) AND ( a.sal_name LIKE '%' ) AND ( a.company_id LIKE '%' ) AND (  (a.pay_dd BETWEEN '2016-12-01' AND '2018-02-24' ) ) AND ( a.claim = '1' ) AND ( a.bank_cust LIKE '%' ) ORDER BY b.record_dd LIMIT 0,15   [ RunTime:0.018154s ]
INFO: [ view_parse ] --START--
INFO: ParseTemplate Behavior ::run [ RunTime:0.011568s ]
INFO: [ view_parse ] --END-- [ RunTime:0.011651s ]
INFO: [ view_filter ] --START--
INFO: ContentReplace Behavior ::run [ RunTime:0.000356s ]
INFO: TokenBuild Behavior ::run [ RunTime:0.000349s ]
INFO: WriteHtmlCache Behavior ::run [ RunTime:0.000220s ]
INFO: ShowRuntime Behavior ::run [ RunTime:0.000447s ]
INFO: [ view_filter ] --END-- [ RunTime:0.001556s ]
INFO: [ view_end ] --START--
INFO: ShowPageTrace Behavior ::run [ RunTime:0.000579s ]
INFO: [ view_end ] --END-- [ RunTime:0.000645s ]

[ 2018-02-24T09:03:39+08:00 ] 106.120.161.68 /ok_erp/finance_index.php/BillingData/UndownloadBillingData
INFO: [ route_check ] --START--
INFO: CheckRoute Behavior ::run [ RunTime:0.000913s ]
INFO: [ route_check ] --END-- [ RunTime:0.001006s ]
INFO: [ app_begin ] --START--
INFO: ReadHtmlCache Behavior ::run [ RunTime:0.000550s ]
INFO: [ app_begin ] --END-- [ RunTime:0.000621s ]

[ 2018-02-24T09:03:46+08:00 ] 115.231.193.202 /ok_erp/finance_index.php/BillingData/DownloadAllBillingData?id=854
INFO: [ route_check ] --START--
INFO: CheckRoute Behavior ::run [ RunTime:0.000826s ]
INFO: [ route_check ] --END-- [ RunTime:0.000915s ]
INFO: [ app_begin ] --START--
INFO: ReadHtmlCache Behavior ::run [ RunTime:0.000537s ]
INFO: [ app_begin ] --END-- [ RunTime:0.000606s ]
SQL: SHOW COLUMNS FROM `billingdata` [ RunTime:0.001075s ]
SQL: SELECT * FROM `billingdata` WHERE ( `ID` = 854 ) LIMIT 1   [ RunTime:0.000276s ]

[ 2018-02-24T09:03:49+08:00 ] 115.231.193.202 /ok_erp/finance_index.php/BillingData/DownloadConfirmBillingData
INFO: [ route_check ] --START--
INFO: CheckRoute Behavior ::run [ RunTime:0.000821s ]
INFO: [ route_check ] --END-- [ RunTime:0.000911s ]
INFO: [ app_begin ] --START--
INFO: ReadHtmlCache Behavior ::run [ RunTime:0.000548s ]
INFO: [ app_begin ] --END-- [ RunTime:0.000609s ]
SQL: SHOW COLUMNS FROM `billingdata` [ RunTime:0.001066s ]
SQL: UPDATE `billingdata` SET `download_confirm`='T' WHERE ( ID=854 ) [ RunTime:0.000251s ]

[ 2018-02-24T09:03:50+08:00 ] 115.231.193.202 /ok_erp/finance_index.php/BillingData/UndownloadBillingData
INFO: [ route_check ] --START--
INFO: CheckRoute Behavior ::run [ RunTime:0.000835s ]
INFO: [ route_check ] --END-- [ RunTime:0.000925s ]
INFO: [ app_begin ] --START--
INFO: ReadHtmlCache Behavior ::run [ RunTime:0.000540s ]
INFO: [ app_begin ] --END-- [ RunTime:0.000609s ]
SQL: SHOW COLUMNS FROM `billingdata` [ RunTime:0.001034s ]
SQL: SELECT * FROM `billingdata` WHERE ( download_confirm='F' )  [ RunTime:0.000956s ]
INFO: [ view_parse ] --START--
INFO: ParseTemplate Behavior ::run [ RunTime:0.011915s ]
INFO: [ view_parse ] --END-- [ RunTime:0.011994s ]
INFO: [ view_filter ] --START--
INFO: ContentReplace Behavior ::run [ RunTime:0.000358s ]
INFO: TokenBuild Behavior ::run [ RunTime:0.000351s ]
INFO: WriteHtmlCache Behavior ::run [ RunTime:0.000224s ]
INFO: ShowRuntime Behavior ::run [ RunTime:0.000488s ]
INFO: [ view_filter ] --END-- [ RunTime:0.001620s ]
INFO: [ view_end ] --START--
INFO: ShowPageTrace Behavior ::run [ RunTime:0.000598s ]
INFO: [ view_end ] --END-- [ RunTime:0.000675s ]

[ 2018-02-24T09:03:54+08:00 ] 115.231.193.202 /ok_erp/finance_index.php/BillingData/DownloadAllBillingData?id=855
INFO: [ route_check ] --START--
INFO: CheckRoute Behavior ::run [ RunTime:0.001056s ]
INFO: [ route_check ] --END-- [ RunTime:0.001147s ]
INFO: [ app_begin ] --START--
INFO: ReadHtmlCache Behavior ::run [ RunTime:0.000771s ]
INFO: [ app_begin ] --END-- [ RunTime:0.000843s ]
SQL: SHOW COLUMNS FROM `billingdata` [ RunTime:0.001098s ]
SQL: SELECT * FROM `billingdata` WHERE ( `ID` = 855 ) LIMIT 1   [ RunTime:0.000276s ]

[ 2018-02-24T09:03:57+08:00 ] 115.231.193.202 /ok_erp/finance_index.php/BillingData/DownloadConfirmBillingData
INFO: [ route_check ] --START--
INFO: CheckRoute Behavior ::run [ RunTime:0.000829s ]
INFO: [ route_check ] --END-- [ RunTime:0.000919s ]
INFO: [ app_begin ] --START--
INFO: ReadHtmlCache Behavior ::run [ RunTime:0.000542s ]
INFO: [ app_begin ] --END-- [ RunTime:0.000602s ]
SQL: SHOW COLUMNS FROM `billingdata` [ RunTime:0.001075s ]
SQL: UPDATE `billingdata` SET `download_confirm`='T' WHERE ( ID=855 ) [ RunTime:0.000267s ]

[ 2018-02-24T09:03:57+08:00 ] 115.231.193.202 /ok_erp/finance_index.php/BillingData/UndownloadBillingData
INFO: [ route_check ] --START--
INFO: CheckRoute Behavior ::run [ RunTime:0.000822s ]
INFO: [ route_check ] --END-- [ RunTime:0.000908s ]
INFO: [ app_begin ] --START--
INFO: ReadHtmlCache Behavior ::run [ RunTime:0.000537s ]
INFO: [ app_begin ] --END-- [ RunTime:0.000606s ]
SQL: SHOW COLUMNS FROM `billingdata` [ RunTime:0.001042s ]
SQL: SELECT * FROM `billingdata` WHERE ( download_confirm='F' )  [ RunTime:0.000960s ]
INFO: [ view_parse ] --START--
INFO: ParseTemplate Behavior ::run [ RunTime:0.013061s ]
INFO: [ view_parse ] --END-- [ RunTime:0.013140s ]
INFO: [ view_filter ] --START--
INFO: ContentReplace Behavior ::run [ RunTime:0.000584s ]
INFO: TokenBuild Behavior ::run [ RunTime:0.000585s ]
INFO: WriteHtmlCache Behavior ::run [ RunTime:0.000457s ]
INFO: ShowRuntime Behavior ::run [ RunTime:0.000685s ]
INFO: [ view_filter ] --END-- [ RunTime:0.002511s ]
INFO: [ view_end ] --START--
INFO: ShowPageTrace Behavior ::run [ RunTime:0.000835s ]
INFO: [ view_end ] --END-- [ RunTime:0.000913s ]

[ 2018-02-24T09:04:04+08:00 ] 220.181.132.195 /ok_erp/finance_index.php/BillingData/UndownloadBillingData
INFO: [ route_check ] --START--
INFO: CheckRoute Behavior ::run [ RunTime:0.001056s ]
INFO: [ route_check ] --END-- [ RunTime:0.001145s ]
INFO: [ app_begin ] --START--
INFO: ReadHtmlCache Behavior ::run [ RunTime:0.000768s ]
INFO: [ app_begin ] --END-- [ RunTime:0.000842s ]

[ 2018-02-24T09:04:28+08:00 ] 106.120.160.109 /ok_erp/finance_index.php/BillingData/DownloadAllBillingData?id=855
INFO: [ route_check ] --START--
INFO: CheckRoute Behavior ::run [ RunTime:0.000826s ]
INFO: [ route_check ] --END-- [ RunTime:0.000915s ]
INFO: [ app_begin ] --START--
INFO: ReadHtmlCache Behavior ::run [ RunTime:0.000544s ]
INFO: [ app_begin ] --END-- [ RunTime:0.000614s ]

[ 2018-02-24T09:04:28+08:00 ] 106.120.160.109 /ok_erp/finance_index.php/BillingData/DownloadAllBillingData?id=854
INFO: [ route_check ] --START--
INFO: CheckRoute Behavior ::run [ RunTime:0.001054s ]
INFO: [ route_check ] --END-- [ RunTime:0.001138s ]
INFO: [ app_begin ] --START--
INFO: ReadHtmlCache Behavior ::run [ RunTime:0.000765s ]
INFO: [ app_begin ] --END-- [ RunTime:0.000838s ]

[ 2018-02-24T09:05:07+08:00 ] 115.231.193.202 /ok_erp/finance_index.php/BillingData/BillingDataSelect
INFO: [ route_check ] --START--
INFO: CheckRoute Behavior ::run [ RunTime:0.000823s ]
INFO: [ route_check ] --END-- [ RunTime:0.000912s ]
INFO: [ app_begin ] --START--
INFO: ReadHtmlCache Behavior ::run [ RunTime:0.000537s ]
INFO: [ app_begin ] --END-- [ RunTime:0.000606s ]
INFO: [ view_parse ] --START--
INFO: ParseTemplate Behavior ::run [ RunTime:0.009246s ]
INFO: [ view_parse ] --END-- [ RunTime:0.009345s ]
INFO: [ view_filter ] --START--
INFO: ContentReplace Behavior ::run [ RunTime:0.000351s ]
INFO: TokenBuild Behavior ::run [ RunTime:0.000348s ]
INFO: WriteHtmlCache Behavior ::run [ RunTime:0.000221s ]
INFO: ShowRuntime Behavior ::run [ RunTime:0.000452s ]
INFO: [ view_filter ] --END-- [ RunTime:0.001599s ]
INFO: [ view_end ] --START--
INFO: ShowPageTrace Behavior ::run [ RunTime:0.000597s ]
INFO: [ view_end ] --END-- [ RunTime:0.000673s ]

[ 2018-02-24T09:05:15+08:00 ] 115.231.193.202 /ok_erp/finance_index.php/BillingData/BillingDataSelectResult
INFO: [ route_check ] --START--
INFO: CheckRoute Behavior ::run [ RunTime:0.000825s ]
INFO: [ route_check ] --END-- [ RunTime:0.000914s ]
INFO: [ app_begin ] --START--
INFO: ReadHtmlCache Behavior ::run [ RunTime:0.000537s ]
INFO: [ app_begin ] --END-- [ RunTime:0.000607s ]
SQL: SHOW COLUMNS FROM `billingdata` [ RunTime:0.001060s ]
SQL: SELECT COUNT(*) AS tp_count FROM `billingdata` WHERE ( `sale_name` LIKE '%%' ) AND ( `contract_no` LIKE '%171205%' ) LIMIT 1   [ RunTime:0.001271s ]
SQL: SELECT * FROM `billingdata` WHERE ( `sale_name` LIKE '%%' ) AND ( `contract_no` LIKE '%171205%' ) LIMIT 0,15   [ RunTime:0.001198s ]
INFO: [ view_parse ] --START--
INFO: ParseTemplate Behavior ::run [ RunTime:0.012565s ]
INFO: [ view_parse ] --END-- [ RunTime:0.012666s ]
INFO: [ view_filter ] --START--
INFO: ContentReplace Behavior ::run [ RunTime:0.000354s ]
INFO: TokenBuild Behavior ::run [ RunTime:0.000349s ]
INFO: WriteHtmlCache Behavior ::run [ RunTime:0.000250s ]
INFO: ShowRuntime Behavior ::run [ RunTime:0.000453s ]
INFO: [ view_filter ] --END-- [ RunTime:0.001622s ]
INFO: [ view_end ] --START--
INFO: ShowPageTrace Behavior ::run [ RunTime:0.000584s ]
INFO: [ view_end ] --END-- [ RunTime:0.000650s ]

[ 2018-02-24T09:07:08+08:00 ] 115.231.193.202 /ok_erp/finance_index.php/BillingData/BillingDataSelect
INFO: [ route_check ] --START--
INFO: CheckRoute Behavior ::run [ RunTime:0.000818s ]
INFO: [ route_check ] --END-- [ RunTime:0.000909s ]
INFO: [ app_begin ] --START--
INFO: ReadHtmlCache Behavior ::run [ RunTime:0.000541s ]
INFO: [ app_begin ] --END-- [ RunTime:0.000612s ]
INFO: [ view_parse ] --START--
INFO: ParseTemplate Behavior ::run [ RunTime:0.009112s ]
INFO: [ view_parse ] --END-- [ RunTime:0.009204s ]
INFO: [ view_filter ] --START--
INFO: ContentReplace Behavior ::run [ RunTime:0.000354s ]
INFO: TokenBuild Behavior ::run [ RunTime:0.000346s ]
INFO: WriteHtmlCache Behavior ::run [ RunTime:0.000221s ]
INFO: ShowRuntime Behavior ::run [ RunTime:0.000450s ]
INFO: [ view_filter ] --END-- [ RunTime:0.001602s ]
INFO: [ view_end ] --START--
INFO: ShowPageTrace Behavior ::run [ RunTime:0.000596s ]
INFO: [ view_end ] --END-- [ RunTime:0.000671s ]

[ 2018-02-24T09:07:15+08:00 ] 115.231.193.202 /ok_erp/finance_index.php/BillingData/BillingDataSelectResult
INFO: [ route_check ] --START--
INFO: CheckRoute Behavior ::run [ RunTime:0.000820s ]
INFO: [ route_check ] --END-- [ RunTime:0.000909s ]
INFO: [ app_begin ] --START--
INFO: ReadHtmlCache Behavior ::run [ RunTime:0.000537s ]
INFO: [ app_begin ] --END-- [ RunTime:0.000607s ]
SQL: SHOW COLUMNS FROM `billingdata` [ RunTime:0.001177s ]
SQL: SELECT COUNT(*) AS tp_count FROM `billingdata` WHERE ( `sale_name` LIKE '%%' ) AND ( `contract_no` LIKE '%171227%' ) LIMIT 1   [ RunTime:0.001251s ]
SQL: SELECT * FROM `billingdata` WHERE ( `sale_name` LIKE '%%' ) AND ( `contract_no` LIKE '%171227%' ) LIMIT 0,15   [ RunTime:0.001096s ]
INFO: [ view_parse ] --START--
INFO: ParseTemplate Behavior ::run [ RunTime:0.012125s ]
INFO: [ view_parse ] --END-- [ RunTime:0.012226s ]
INFO: [ view_filter ] --START--
INFO: ContentReplace Behavior ::run [ RunTime:0.000356s ]
INFO: TokenBuild Behavior ::run [ RunTime:0.000354s ]
INFO: WriteHtmlCache Behavior ::run [ RunTime:0.000222s ]
INFO: ShowRuntime Behavior ::run [ RunTime:0.000460s ]
INFO: [ view_filter ] --END-- [ RunTime:0.001609s ]
INFO: [ view_end ] --START--
INFO: ShowPageTrace Behavior ::run [ RunTime:0.000584s ]
INFO: [ view_end ] --END-- [ RunTime:0.000650s ]

[ 2018-02-24T09:08:04+08:00 ] 115.231.193.202 /ok_erp/finance_index.php/Claim/selectClaim
INFO: [ route_check ] --START--
INFO: CheckRoute Behavior ::run [ RunTime:0.000820s ]
INFO: [ route_check ] --END-- [ RunTime:0.000909s ]
INFO: [ app_begin ] --START--
INFO: ReadHtmlCache Behavior ::run [ RunTime:0.000537s ]
INFO: [ app_begin ] --END-- [ RunTime:0.000606s ]
SQL: SHOW COLUMNS FROM `company` [ RunTime:0.000929s ]
SQL: SELECT * FROM `company` ORDER BY company_id  [ RunTime:0.000223s ]
INFO: [ view_parse ] --START--
INFO: ParseTemplate Behavior ::run [ RunTime:0.009993s ]
INFO: [ view_parse ] --END-- [ RunTime:0.010076s ]
INFO: [ view_filter ] --START--
INFO: ContentReplace Behavior ::run [ RunTime:0.000357s ]
INFO: TokenBuild Behavior ::run [ RunTime:0.000346s ]
INFO: WriteHtmlCache Behavior ::run [ RunTime:0.000220s ]
INFO: ShowRuntime Behavior ::run [ RunTime:0.000450s ]
INFO: [ view_filter ] --END-- [ RunTime:0.001556s ]
INFO: [ view_end ] --START--
INFO: ShowPageTrace Behavior ::run [ RunTime:0.000582s ]
INFO: [ view_end ] --END-- [ RunTime:0.000648s ]

[ 2018-02-24T09:08:10+08:00 ] 115.231.193.202 /ok_erp/finance_index.php/Claim/selectClaimResult
INFO: [ route_check ] --START--
INFO: CheckRoute Behavior ::run [ RunTime:0.000817s ]
INFO: [ route_check ] --END-- [ RunTime:0.000907s ]
INFO: [ app_begin ] --START--
INFO: ReadHtmlCache Behavior ::run [ RunTime:0.000539s ]
INFO: [ app_begin ] --END-- [ RunTime:0.000609s ]
SQL: SELECT COUNT(*) AS tp_count FROM mf_exchange as a LEFT JOIN tf_exchange b on a.id=b.id LEFT JOIN company c on a.company_id=c.company_id LEFT JOIN bank d on a.bank_id=d.bank_id WHERE ( b.contract_cust LIKE '%' ) AND ( b.so_no LIKE '%PO%' ) AND ( a.sal_name LIKE '%' ) AND ( a.company_id LIKE '%' ) AND (  (a.pay_dd BETWEEN '2016-12-01' AND '2018-02-24' ) ) AND ( a.claim = '1' ) AND ( a.bank_cust LIKE '%' ) LIMIT 1   [ RunTime:0.013675s ]
SQL: SELECT * FROM mf_exchange as a LEFT JOIN tf_exchange b on a.id=b.id LEFT JOIN company c on a.company_id=c.company_id LEFT JOIN bank d on a.bank_id=d.bank_id WHERE ( b.contract_cust LIKE '%' ) AND ( b.so_no LIKE '%PO%' ) AND ( a.sal_name LIKE '%' ) AND ( a.company_id LIKE '%' ) AND (  (a.pay_dd BETWEEN '2016-12-01' AND '2018-02-24' ) ) AND ( a.claim = '1' ) AND ( a.bank_cust LIKE '%' ) ORDER BY b.record_dd LIMIT 0,15   [ RunTime:0.019965s ]
INFO: [ view_parse ] --START--
INFO: ParseTemplate Behavior ::run [ RunTime:0.011458s ]
INFO: [ view_parse ] --END-- [ RunTime:0.011542s ]
INFO: [ view_filter ] --START--
INFO: ContentReplace Behavior ::run [ RunTime:0.000423s ]
INFO: TokenBuild Behavior ::run [ RunTime:0.000349s ]
INFO: WriteHtmlCache Behavior ::run [ RunTime:0.000218s ]
INFO: ShowRuntime Behavior ::run [ RunTime:0.000453s ]
INFO: [ view_filter ] --END-- [ RunTime:0.001625s ]
INFO: [ view_end ] --START--
INFO: ShowPageTrace Behavior ::run [ RunTime:0.000600s ]
INFO: [ view_end ] --END-- [ RunTime:0.000669s ]

[ 2018-02-24T09:25:46+08:00 ] 115.231.193.202 /ok_erp/finance_index.php/BillingData/BillingDataSelect
INFO: [ route_check ] --START--
INFO: CheckRoute Behavior ::run [ RunTime:0.001217s ]
INFO: [ route_check ] --END-- [ RunTime:0.001308s ]
INFO: [ app_begin ] --START--
INFO: ReadHtmlCache Behavior ::run [ RunTime:0.000794s ]
INFO: [ app_begin ] --END-- [ RunTime:0.000867s ]
INFO: [ view_parse ] --START--
INFO: ParseTemplate Behavior ::run [ RunTime:0.010194s ]
INFO: [ view_parse ] --END-- [ RunTime:0.010287s ]
INFO: [ view_filter ] --START--
INFO: ContentReplace Behavior ::run [ RunTime:0.000635s ]
INFO: TokenBuild Behavior ::run [ RunTime:0.000584s ]
INFO: WriteHtmlCache Behavior ::run [ RunTime:0.000487s ]
INFO: ShowRuntime Behavior ::run [ RunTime:0.000689s ]
INFO: [ view_filter ] --END-- [ RunTime:0.002625s ]
INFO: [ view_end ] --START--
INFO: ShowPageTrace Behavior ::run [ RunTime:0.000863s ]
INFO: [ view_end ] --END-- [ RunTime:0.000942s ]

[ 2018-02-24T09:25:53+08:00 ] 115.231.193.202 /ok_erp/finance_index.php/BillingData/BillingDataSelectResult
INFO: [ route_check ] --START--
INFO: CheckRoute Behavior ::run [ RunTime:0.000821s ]
INFO: [ route_check ] --END-- [ RunTime:0.000911s ]
INFO: [ app_begin ] --START--
INFO: ReadHtmlCache Behavior ::run [ RunTime:0.000537s ]
INFO: [ app_begin ] --END-- [ RunTime:0.000607s ]
SQL: SHOW COLUMNS FROM `billingdata` [ RunTime:0.001080s ]
SQL: SELECT COUNT(*) AS tp_count FROM `billingdata` WHERE ( `sale_name` LIKE '%%' ) AND ( `contract_no` LIKE '%17002-1%' ) LIMIT 1   [ RunTime:0.001237s ]
SQL: SELECT * FROM `billingdata` WHERE ( `sale_name` LIKE '%%' ) AND ( `contract_no` LIKE '%17002-1%' ) LIMIT 0,15   [ RunTime:0.001135s ]
INFO: [ view_parse ] --START--
INFO: ParseTemplate Behavior ::run [ RunTime:0.012149s ]
INFO: [ view_parse ] --END-- [ RunTime:0.012249s ]
INFO: [ view_filter ] --START--
INFO: ContentReplace Behavior ::run [ RunTime:0.000371s ]
INFO: TokenBuild Behavior ::run [ RunTime:0.000387s ]
INFO: WriteHtmlCache Behavior ::run [ RunTime:0.000224s ]
INFO: ShowRuntime Behavior ::run [ RunTime:0.000498s ]
INFO: [ view_filter ] --END-- [ RunTime:0.001699s ]
INFO: [ view_end ] --START--
INFO: ShowPageTrace Behavior ::run [ RunTime:0.000588s ]
INFO: [ view_end ] --END-- [ RunTime:0.000655s ]

[ 2018-02-24T09:26:07+08:00 ] 115.231.193.202 /ok_erp/finance_index.php/BillingData/BillingDataSelect
INFO: [ route_check ] --START--
INFO: CheckRoute Behavior ::run [ RunTime:0.000823s ]
INFO: [ route_check ] --END-- [ RunTime:0.000913s ]
INFO: [ app_begin ] --START--
INFO: ReadHtmlCache Behavior ::run [ RunTime:0.000538s ]
INFO: [ app_begin ] --END-- [ RunTime:0.000606s ]
INFO: [ view_parse ] --START--
INFO: ParseTemplate Behavior ::run [ RunTime:0.008645s ]
INFO: [ view_parse ] --END-- [ RunTime:0.008736s ]
INFO: [ view_filter ] --START--
INFO: ContentReplace Behavior ::run [ RunTime:0.000351s ]
INFO: TokenBuild Behavior ::run [ RunTime:0.000346s ]
INFO: WriteHtmlCache Behavior ::run [ RunTime:0.000220s ]
INFO: ShowRuntime Behavior ::run [ RunTime:0.000450s ]
INFO: [ view_filter ] --END-- [ RunTime:0.001593s ]
INFO: [ view_end ] --START--
INFO: ShowPageTrace Behavior ::run [ RunTime:0.000593s ]
INFO: [ view_end ] --END-- [ RunTime:0.000668s ]

[ 2018-02-24T09:26:16+08:00 ] 115.231.193.202 /ok_erp/finance_index.php/BillingData/BillingDataSelectResult
INFO: [ route_check ] --START--
INFO: CheckRoute Behavior ::run [ RunTime:0.000823s ]
INFO: [ route_check ] --END-- [ RunTime:0.000914s ]
INFO: [ app_begin ] --START--
INFO: ReadHtmlCache Behavior ::run [ RunTime:0.000539s ]
INFO: [ app_begin ] --END-- [ RunTime:0.000609s ]
SQL: SHOW COLUMNS FROM `billingdata` [ RunTime:0.001050s ]
SQL: SELECT COUNT(*) AS tp_count FROM `billingdata` WHERE ( `sale_name` LIKE '%金建红%' ) AND ( `contract_no` LIKE '%%' ) LIMIT 1   [ RunTime:0.000989s ]
SQL: SELECT * FROM `billingdata` WHERE ( `sale_name` LIKE '%金建红%' ) AND ( `contract_no` LIKE '%%' ) LIMIT 0,15   [ RunTime:0.000947s ]
INFO: [ view_parse ] --START--
INFO: ParseTemplate Behavior ::run [ RunTime:0.012140s ]
INFO: [ view_parse ] --END-- [ RunTime:0.012242s ]
INFO: [ view_filter ] --START--
INFO: ContentReplace Behavior ::run [ RunTime:0.000434s ]
INFO: TokenBuild Behavior ::run [ RunTime:0.000362s ]
INFO: WriteHtmlCache Behavior ::run [ RunTime:0.000221s ]
INFO: ShowRuntime Behavior ::run [ RunTime:0.000496s ]
INFO: [ view_filter ] --END-- [ RunTime:0.001712s ]
INFO: [ view_end ] --START--
INFO: ShowPageTrace Behavior ::run [ RunTime:0.000585s ]
INFO: [ view_end ] --END-- [ RunTime:0.000654s ]

[ 2018-02-24T09:26:34+08:00 ] 115.231.193.202 /ok_erp/finance_index.php/BillingData/DownloadBillingData?filename=E:/upload/billingdata/TH17001-1/5a7bf051e256c.pdf&showname=TH17001-1预录入单
INFO: [ route_check ] --START--
INFO: CheckRoute Behavior ::run [ RunTime:0.000821s ]
INFO: [ route_check ] --END-- [ RunTime:0.000909s ]
INFO: [ app_begin ] --START--
INFO: ReadHtmlCache Behavior ::run [ RunTime:0.000537s ]
INFO: [ app_begin ] --END-- [ RunTime:0.000606s ]

[ 2018-02-24T09:38:59+08:00 ] 115.231.193.202 /ok_erp/finance_index.php/BillingData/UndownloadBillingData
INFO: [ route_check ] --START--
INFO: CheckRoute Behavior ::run [ RunTime:0.001042s ]
INFO: [ route_check ] --END-- [ RunTime:0.001129s ]
INFO: [ app_begin ] --START--
INFO: ReadHtmlCache Behavior ::run [ RunTime:0.000765s ]
INFO: [ app_begin ] --END-- [ RunTime:0.000838s ]
SQL: SHOW COLUMNS FROM `billingdata` [ RunTime:0.001428s ]
SQL: SELECT * FROM `billingdata` WHERE ( download_confirm='F' )  [ RunTime:0.001003s ]
INFO: [ view_parse ] --START--
INFO: ParseTemplate Behavior ::run [ RunTime:0.013544s ]
INFO: [ view_parse ] --END-- [ RunTime:0.013623s ]
INFO: [ view_filter ] --START--
INFO: ContentReplace Behavior ::run [ RunTime:0.000595s ]
INFO: TokenBuild Behavior ::run [ RunTime:0.000582s ]
INFO: WriteHtmlCache Behavior ::run [ RunTime:0.000665s ]
INFO: ShowRuntime Behavior ::run [ RunTime:0.000678s ]
INFO: [ view_filter ] --END-- [ RunTime:0.002719s ]
INFO: [ view_end ] --START--
INFO: ShowPageTrace Behavior ::run [ RunTime:0.000829s ]
INFO: [ view_end ] --END-- [ RunTime:0.000908s ]

[ 2018-02-24T09:39:08+08:00 ] 115.231.193.202 /ok_erp/finance_index.php/BillingData/DownloadAllBillingData?id=856
INFO: [ route_check ] --START--
INFO: CheckRoute Behavior ::run [ RunTime:0.000818s ]
INFO: [ route_check ] --END-- [ RunTime:0.000906s ]
INFO: [ app_begin ] --START--
INFO: ReadHtmlCache Behavior ::run [ RunTime:0.000535s ]
INFO: [ app_begin ] --END-- [ RunTime:0.000604s ]
SQL: SHOW COLUMNS FROM `billingdata` [ RunTime:0.001008s ]
SQL: SELECT * FROM `billingdata` WHERE ( `ID` = 856 ) LIMIT 1   [ RunTime:0.000315s ]

[ 2018-02-24T09:39:10+08:00 ] 115.231.193.202 /ok_erp/finance_index.php/BillingData/DownloadConfirmBillingData
INFO: [ route_check ] --START--
INFO: CheckRoute Behavior ::run [ RunTime:0.000815s ]
INFO: [ route_check ] --END-- [ RunTime:0.000905s ]
INFO: [ app_begin ] --START--
INFO: ReadHtmlCache Behavior ::run [ RunTime:0.000538s ]
INFO: [ app_begin ] --END-- [ RunTime:0.000598s ]
SQL: SHOW COLUMNS FROM `billingdata` [ RunTime:0.001035s ]
SQL: UPDATE `billingdata` SET `download_confirm`='T' WHERE ( ID=856 ) [ RunTime:0.000268s ]

[ 2018-02-24T09:39:11+08:00 ] 115.231.193.202 /ok_erp/finance_index.php/BillingData/UndownloadBillingData
INFO: [ route_check ] --START--
INFO: CheckRoute Behavior ::run [ RunTime:0.000817s ]
INFO: [ route_check ] --END-- [ RunTime:0.000903s ]
INFO: [ app_begin ] --START--
INFO: ReadHtmlCache Behavior ::run [ RunTime:0.000534s ]
INFO: [ app_begin ] --END-- [ RunTime:0.000602s ]
SQL: SHOW COLUMNS FROM `billingdata` [ RunTime:0.001067s ]
SQL: SELECT * FROM `billingdata` WHERE ( download_confirm='F' )  [ RunTime:0.000923s ]
INFO: [ view_parse ] --START--
INFO: ParseTemplate Behavior ::run [ RunTime:0.012304s ]
INFO: [ view_parse ] --END-- [ RunTime:0.012383s ]
INFO: [ view_filter ] --START--
INFO: ContentReplace Behavior ::run [ RunTime:0.000347s ]
INFO: TokenBuild Behavior ::run [ RunTime:0.000346s ]
INFO: WriteHtmlCache Behavior ::run [ RunTime:0.000577s ]
INFO: ShowRuntime Behavior ::run [ RunTime:0.000455s ]
INFO: [ view_filter ] --END-- [ RunTime:0.001925s ]
INFO: [ view_end ] --START--
INFO: ShowPageTrace Behavior ::run [ RunTime:0.000602s ]
INFO: [ view_end ] --END-- [ RunTime:0.000680s ]

[ 2018-02-24T09:39:34+08:00 ] 106.120.161.68 /ok_erp/finance_index.php/BillingData/DownloadAllBillingData?id=856
INFO: [ route_check ] --START--
INFO: CheckRoute Behavior ::run [ RunTime:0.001055s ]
INFO: [ route_check ] --END-- [ RunTime:0.001144s ]
INFO: [ app_begin ] --START--
INFO: ReadHtmlCache Behavior ::run [ RunTime:0.000774s ]
INFO: [ app_begin ] --END-- [ RunTime:0.000848s ]

[ 2018-02-24T09:39:44+08:00 ] 115.231.193.202 /ok_erp/finance_index.php/BillingData/UndownloadBillingData
INFO: [ route_check ] --START--
INFO: CheckRoute Behavior ::run [ RunTime:0.000834s ]
INFO: [ route_check ] --END-- [ RunTime:0.000923s ]
INFO: [ app_begin ] --START--
INFO: ReadHtmlCache Behavior ::run [ RunTime:0.000540s ]
INFO: [ app_begin ] --END-- [ RunTime:0.000610s ]
SQL: SHOW COLUMNS FROM `billingdata` [ RunTime:0.000997s ]
SQL: SELECT * FROM `billingdata` WHERE ( download_confirm='F' )  [ RunTime:0.000887s ]
INFO: [ view_parse ] --START--
INFO: ParseTemplate Behavior ::run [ RunTime:0.013061s ]
INFO: [ view_parse ] --END-- [ RunTime:0.013140s ]
INFO: [ view_filter ] --START--
INFO: ContentReplace Behavior ::run [ RunTime:0.000584s ]
INFO: TokenBuild Behavior ::run [ RunTime:0.000580s ]
INFO: WriteHtmlCache Behavior ::run [ RunTime:0.000663s ]
INFO: ShowRuntime Behavior ::run [ RunTime:0.000683s ]
INFO: [ view_filter ] --END-- [ RunTime:0.002708s ]
INFO: [ view_end ] --START--
INFO: ShowPageTrace Behavior ::run [ RunTime:0.000939s ]
INFO: [ view_end ] --END-- [ RunTime:0.001018s ]

[ 2018-02-24T09:39:56+08:00 ] 101.199.112.50 /ok_erp/finance_index.php/BillingData/DownloadAllBillingData?id=856
INFO: [ route_check ] --START--
INFO: CheckRoute Behavior ::run [ RunTime:0.000825s ]
INFO: [ route_check ] --END-- [ RunTime:0.000915s ]
INFO: [ app_begin ] --START--
INFO: ReadHtmlCache Behavior ::run [ RunTime:0.000540s ]
INFO: [ app_begin ] --END-- [ RunTime:0.000610s ]

