[ 2018-01-20T03:10:22+08:00 ] 106.120.161.68 /ok_erp/finance_index.php/Account/SelectAccountDetail?so_id=866
INFO: [ route_check ] --START--
INFO: CheckRoute Behavior ::run [ RunTime:0.002821s ]
INFO: [ route_check ] --END-- [ RunTime:0.002919s ]
INFO: [ app_begin ] --START--
INFO: ReadHtmlCache Behavior ::run [ RunTime:0.002178s ]
INFO: [ app_begin ] --END-- [ RunTime:0.002258s ]

[ 2018-01-20T03:11:05+08:00 ] 0.0.0.0 /ok_erp/finance_index.php/Account/SelectAccountDetail?so_id=866
INFO: [ route_check ] --START--
INFO: CheckRoute Behavior ::run [ RunTime:0.000827s ]
INFO: [ route_check ] --END-- [ RunTime:0.000918s ]
INFO: [ app_begin ] --START--
INFO: ReadHtmlCache Behavior ::run [ RunTime:0.000539s ]
INFO: [ app_begin ] --END-- [ RunTime:0.000608s ]
NOTIC: [8] Undefined offset:  0 C:\xampp\htdocs\thinkphp\Common\functions.php 第 734 行.

[ 2018-01-20T05:00:56+08:00 ] 106.120.160.109 /ok_erp/finance_index.php/BillingData/UndownloadBillingData
INFO: [ route_check ] --START--
INFO: CheckRoute Behavior ::run [ RunTime:0.001084s ]
INFO: [ route_check ] --END-- [ RunTime:0.001175s ]
INFO: [ app_begin ] --START--
INFO: ReadHtmlCache Behavior ::run [ RunTime:0.000804s ]
INFO: [ app_begin ] --END-- [ RunTime:0.000881s ]

[ 2018-01-20T05:02:01+08:00 ] 220.181.132.197 /ok_erp/finance_index.php/BillingData/UndownloadBillingData
INFO: [ route_check ] --START--
INFO: CheckRoute Behavior ::run [ RunTime:0.000822s ]
INFO: [ route_check ] --END-- [ RunTime:0.000911s ]
INFO: [ app_begin ] --START--
INFO: ReadHtmlCache Behavior ::run [ RunTime:0.000541s ]
INFO: [ app_begin ] --END-- [ RunTime:0.000610s ]

[ 2018-01-20T07:30:24+08:00 ] 106.120.160.109 /ok_erp/finance_index.php/Claim/selectClaimDetail?id=1195
INFO: [ route_check ] --START--
INFO: CheckRoute Behavior ::run [ RunTime:0.001065s ]
INFO: [ route_check ] --END-- [ RunTime:0.001156s ]
INFO: [ app_begin ] --START--
INFO: ReadHtmlCache Behavior ::run [ RunTime:0.000787s ]
INFO: [ app_begin ] --END-- [ RunTime:0.000861s ]

[ 2018-01-20T07:32:11+08:00 ] 0.0.0.0 /ok_erp/finance_index.php/Claim/selectClaimDetail?id=1195
INFO: [ route_check ] --START--
INFO: CheckRoute Behavior ::run [ RunTime:0.000836s ]
INFO: [ route_check ] --END-- [ RunTime:0.000924s ]
INFO: [ app_begin ] --START--
INFO: ReadHtmlCache Behavior ::run [ RunTime:0.000547s ]
INFO: [ app_begin ] --END-- [ RunTime:0.000618s ]
NOTIC: [8] Undefined offset:  0 C:\xampp\htdocs\thinkphp\Common\functions.php 第 734 行.

[ 2018-01-20T08:00:38+08:00 ] 115.231.193.202 /ok_erp/finance_index.php/Exchange/NewExchange
INFO: [ route_check ] --START--
INFO: CheckRoute Behavior ::run [ RunTime:0.001068s ]
INFO: [ route_check ] --END-- [ RunTime:0.001160s ]
INFO: [ app_begin ] --START--
INFO: ReadHtmlCache Behavior ::run [ RunTime:0.000781s ]
INFO: [ app_begin ] --END-- [ RunTime:0.000856s ]

[ 2018-01-20T08:37:14+08:00 ] 115.231.193.202 /ok_erp/finance_index.php/Claim/selectClaim
INFO: [ route_check ] --START--
INFO: CheckRoute Behavior ::run [ RunTime:0.001117s ]
INFO: [ route_check ] --END-- [ RunTime:0.001216s ]
INFO: [ app_begin ] --START--
INFO: ReadHtmlCache Behavior ::run [ RunTime:0.000842s ]
INFO: [ app_begin ] --END-- [ RunTime:0.000916s ]
SQL: SHOW COLUMNS FROM `company` [ RunTime:0.027543s ]
SQL: SELECT * FROM `company` ORDER BY company_id  [ RunTime:0.000309s ]
INFO: [ view_parse ] --START--
INFO: ParseTemplate Behavior ::run [ RunTime:0.076837s ]
INFO: [ view_parse ] --END-- [ RunTime:0.076950s ]
INFO: [ view_filter ] --START--
INFO: ContentReplace Behavior ::run [ RunTime:0.003898s ]
INFO: TokenBuild Behavior ::run [ RunTime:0.001621s ]
INFO: WriteHtmlCache Behavior ::run [ RunTime:0.001076s ]
INFO: ShowRuntime Behavior ::run [ RunTime:0.001245s ]
INFO: [ view_filter ] --END-- [ RunTime:0.008051s ]
INFO: [ view_end ] --START--
INFO: ShowPageTrace Behavior ::run [ RunTime:0.001367s ]
INFO: [ view_end ] --END-- [ RunTime:0.001441s ]

[ 2018-01-20T08:37:16+08:00 ] 115.231.193.202 /ok_erp/finance_index.php/BillingData/UndownloadBillingData
INFO: [ route_check ] --START--
INFO: CheckRoute Behavior ::run [ RunTime:0.000837s ]
INFO: [ route_check ] --END-- [ RunTime:0.000934s ]
INFO: [ app_begin ] --START--
INFO: ReadHtmlCache Behavior ::run [ RunTime:0.000540s ]
INFO: [ app_begin ] --END-- [ RunTime:0.000610s ]
SQL: SHOW COLUMNS FROM `billingdata` [ RunTime:0.023561s ]
SQL: SELECT * FROM `billingdata` WHERE ( download_confirm='F' )  [ RunTime:0.038684s ]
INFO: [ view_parse ] --START--
INFO: ParseTemplate Behavior ::run [ RunTime:0.020740s ]
INFO: [ view_parse ] --END-- [ RunTime:0.020846s ]
INFO: [ view_filter ] --START--
INFO: ContentReplace Behavior ::run [ RunTime:0.000385s ]
INFO: TokenBuild Behavior ::run [ RunTime:0.000352s ]
INFO: WriteHtmlCache Behavior ::run [ RunTime:0.000223s ]
INFO: ShowRuntime Behavior ::run [ RunTime:0.000447s ]
INFO: [ view_filter ] --END-- [ RunTime:0.001593s ]
INFO: [ view_end ] --START--
INFO: ShowPageTrace Behavior ::run [ RunTime:0.000599s ]
INFO: [ view_end ] --END-- [ RunTime:0.000665s ]

[ 2018-01-20T08:37:44+08:00 ] 115.231.193.202 /ok_erp/finance_index.php/BillingData/DownloadAllBillingData?id=725
INFO: [ route_check ] --START--
INFO: CheckRoute Behavior ::run [ RunTime:0.000847s ]
INFO: [ route_check ] --END-- [ RunTime:0.000939s ]
INFO: [ app_begin ] --START--
INFO: ReadHtmlCache Behavior ::run [ RunTime:0.000540s ]
INFO: [ app_begin ] --END-- [ RunTime:0.000611s ]
SQL: SHOW COLUMNS FROM `billingdata` [ RunTime:0.001079s ]
SQL: SELECT * FROM `billingdata` WHERE ( `ID` = 725 ) LIMIT 1   [ RunTime:0.000263s ]

[ 2018-01-20T08:37:44+08:00 ] 115.231.193.202 /ok_erp/finance_index.php/BillingData/DownloadAllBillingData?id=725
INFO: [ route_check ] --START--
INFO: CheckRoute Behavior ::run [ RunTime:0.001060s ]
INFO: [ route_check ] --END-- [ RunTime:0.001154s ]
INFO: [ app_begin ] --START--
INFO: ReadHtmlCache Behavior ::run [ RunTime:0.000780s ]
INFO: [ app_begin ] --END-- [ RunTime:0.000854s ]
SQL: SHOW COLUMNS FROM `billingdata` [ RunTime:0.001053s ]
SQL: SELECT * FROM `billingdata` WHERE ( `ID` = 725 ) LIMIT 1   [ RunTime:0.000325s ]

[ 2018-01-20T08:37:45+08:00 ] 115.231.193.202 /ok_erp/finance_index.php/BillingData/DownloadAllBillingData?id=725
INFO: [ route_check ] --START--
INFO: CheckRoute Behavior ::run [ RunTime:0.001067s ]
INFO: [ route_check ] --END-- [ RunTime:0.001158s ]
INFO: [ app_begin ] --START--
INFO: ReadHtmlCache Behavior ::run [ RunTime:0.001012s ]
INFO: [ app_begin ] --END-- [ RunTime:0.001090s ]
SQL: SHOW COLUMNS FROM `billingdata` [ RunTime:0.001012s ]
SQL: SELECT * FROM `billingdata` WHERE ( `ID` = 725 ) LIMIT 1   [ RunTime:0.000274s ]

[ 2018-01-20T08:37:49+08:00 ] 115.231.193.202 /ok_erp/finance_index.php/BillingData/DownloadAllBillingData?id=725
INFO: [ route_check ] --START--
INFO: CheckRoute Behavior ::run [ RunTime:0.000836s ]
INFO: [ route_check ] --END-- [ RunTime:0.000927s ]
INFO: [ app_begin ] --START--
INFO: ReadHtmlCache Behavior ::run [ RunTime:0.000548s ]
INFO: [ app_begin ] --END-- [ RunTime:0.000619s ]
SQL: SHOW COLUMNS FROM `billingdata` [ RunTime:0.001052s ]
SQL: SELECT * FROM `billingdata` WHERE ( `ID` = 725 ) LIMIT 1   [ RunTime:0.000285s ]

[ 2018-01-20T08:38:15+08:00 ] 120.204.17.69 /ok_erp/finance_index.php/claim/selectclaim
INFO: [ route_check ] --START--
INFO: CheckRoute Behavior ::run [ RunTime:0.001061s ]
INFO: [ route_check ] --END-- [ RunTime:0.001152s ]
INFO: [ app_begin ] --START--
INFO: ReadHtmlCache Behavior ::run [ RunTime:0.000803s ]
INFO: [ app_begin ] --END-- [ RunTime:0.000879s ]
ERR: 无法加载模块:claim

[ 2018-01-20T08:41:22+08:00 ] 115.231.193.202 /ok_erp/finance_index.php/BillingData/DownloadConfirmBillingData
INFO: [ route_check ] --START--
INFO: CheckRoute Behavior ::run [ RunTime:0.000832s ]
INFO: [ route_check ] --END-- [ RunTime:0.000923s ]
INFO: [ app_begin ] --START--
INFO: ReadHtmlCache Behavior ::run [ RunTime:0.000544s ]
INFO: [ app_begin ] --END-- [ RunTime:0.000606s ]

[ 2018-01-20T08:41:22+08:00 ] 115.231.193.202 /ok_erp/finance_index.php/BillingData/DownloadAllBillingData?id=726
INFO: [ route_check ] --START--
INFO: CheckRoute Behavior ::run [ RunTime:0.000820s ]
INFO: [ route_check ] --END-- [ RunTime:0.000910s ]
INFO: [ app_begin ] --START--
INFO: ReadHtmlCache Behavior ::run [ RunTime:0.000546s ]
INFO: [ app_begin ] --END-- [ RunTime:0.000617s ]

[ 2018-01-20T08:44:12+08:00 ] 115.231.193.202 /ok_erp/finance_index.php/Claim/selectClaim
INFO: [ route_check ] --START--
INFO: CheckRoute Behavior ::run [ RunTime:0.001059s ]
INFO: [ route_check ] --END-- [ RunTime:0.001151s ]
INFO: [ app_begin ] --START--
INFO: ReadHtmlCache Behavior ::run [ RunTime:0.000778s ]
INFO: [ app_begin ] --END-- [ RunTime:0.000851s ]
SQL: SHOW COLUMNS FROM `company` [ RunTime:0.000890s ]
SQL: SELECT * FROM `company` ORDER BY company_id  [ RunTime:0.000308s ]
INFO: [ view_parse ] --START--
INFO: ParseTemplate Behavior ::run [ RunTime:0.016473s ]
INFO: [ view_parse ] --END-- [ RunTime:0.016558s ]
INFO: [ view_filter ] --START--
INFO: ContentReplace Behavior ::run [ RunTime:0.000630s ]
INFO: TokenBuild Behavior ::run [ RunTime:0.000594s ]
INFO: WriteHtmlCache Behavior ::run [ RunTime:0.000519s ]
INFO: ShowRuntime Behavior ::run [ RunTime:0.000692s ]
INFO: [ view_filter ] --END-- [ RunTime:0.002625s ]
INFO: [ view_end ] --START--
INFO: ShowPageTrace Behavior ::run [ RunTime:0.000866s ]
INFO: [ view_end ] --END-- [ RunTime:0.000934s ]

[ 2018-01-20T08:44:13+08:00 ] 115.231.193.202 /ok_erp/finance_index.php/BillingData/UndownloadBillingData
INFO: [ route_check ] --START--
INFO: CheckRoute Behavior ::run [ RunTime:0.000828s ]
INFO: [ route_check ] --END-- [ RunTime:0.000919s ]
INFO: [ app_begin ] --START--
INFO: ReadHtmlCache Behavior ::run [ RunTime:0.000541s ]
INFO: [ app_begin ] --END-- [ RunTime:0.000612s ]
SQL: SHOW COLUMNS FROM `billingdata` [ RunTime:0.001061s ]
SQL: SELECT * FROM `billingdata` WHERE ( download_confirm='F' )  [ RunTime:0.000846s ]
INFO: [ view_parse ] --START--
INFO: ParseTemplate Behavior ::run [ RunTime:0.011705s ]
INFO: [ view_parse ] --END-- [ RunTime:0.011789s ]
INFO: [ view_filter ] --START--
INFO: ContentReplace Behavior ::run [ RunTime:0.000373s ]
INFO: TokenBuild Behavior ::run [ RunTime:0.000351s ]
INFO: WriteHtmlCache Behavior ::run [ RunTime:0.000224s ]
INFO: ShowRuntime Behavior ::run [ RunTime:0.000447s ]
INFO: [ view_filter ] --END-- [ RunTime:0.001578s ]
INFO: [ view_end ] --START--
INFO: ShowPageTrace Behavior ::run [ RunTime:0.000595s ]
INFO: [ view_end ] --END-- [ RunTime:0.000661s ]

[ 2018-01-20T08:44:15+08:00 ] 115.231.193.202 /ok_erp/finance_index.php/BillingData/DownloadConfirmBillingData
INFO: [ route_check ] --START--
INFO: CheckRoute Behavior ::run [ RunTime:0.000827s ]
INFO: [ route_check ] --END-- [ RunTime:0.000920s ]
INFO: [ app_begin ] --START--
INFO: ReadHtmlCache Behavior ::run [ RunTime:0.000540s ]
INFO: [ app_begin ] --END-- [ RunTime:0.000601s ]
SQL: SHOW COLUMNS FROM `billingdata` [ RunTime:0.001052s ]
SQL: UPDATE `billingdata` SET `download_confirm`='T' WHERE ( ID=725 ) [ RunTime:0.007581s ]

[ 2018-01-20T08:44:16+08:00 ] 115.231.193.202 /ok_erp/finance_index.php/BillingData/UndownloadBillingData
INFO: [ route_check ] --START--
INFO: CheckRoute Behavior ::run [ RunTime:0.000855s ]
INFO: [ route_check ] --END-- [ RunTime:0.000945s ]
INFO: [ app_begin ] --START--
INFO: ReadHtmlCache Behavior ::run [ RunTime:0.000539s ]
INFO: [ app_begin ] --END-- [ RunTime:0.000609s ]
SQL: SHOW COLUMNS FROM `billingdata` [ RunTime:0.001058s ]
SQL: SELECT * FROM `billingdata` WHERE ( download_confirm='F' )  [ RunTime:0.000798s ]
INFO: [ view_parse ] --START--
INFO: ParseTemplate Behavior ::run [ RunTime:0.011445s ]
INFO: [ view_parse ] --END-- [ RunTime:0.011526s ]
INFO: [ view_filter ] --START--
INFO: ContentReplace Behavior ::run [ RunTime:0.000358s ]
INFO: TokenBuild Behavior ::run [ RunTime:0.000371s ]
INFO: WriteHtmlCache Behavior ::run [ RunTime:0.000312s ]
INFO: ShowRuntime Behavior ::run [ RunTime:0.000466s ]
INFO: [ view_filter ] --END-- [ RunTime:0.001876s ]
INFO: [ view_end ] --START--
INFO: ShowPageTrace Behavior ::run [ RunTime:0.000603s ]
INFO: [ view_end ] --END-- [ RunTime:0.000669s ]

[ 2018-01-20T08:44:23+08:00 ] 115.231.193.202 /ok_erp/finance_index.php/BillingData/DownloadAllBillingData?id=726
INFO: [ route_check ] --START--
INFO: CheckRoute Behavior ::run [ RunTime:0.001066s ]
INFO: [ route_check ] --END-- [ RunTime:0.001162s ]
INFO: [ app_begin ] --START--
INFO: ReadHtmlCache Behavior ::run [ RunTime:0.000776s ]
INFO: [ app_begin ] --END-- [ RunTime:0.000849s ]
SQL: SHOW COLUMNS FROM `billingdata` [ RunTime:0.001066s ]
SQL: SELECT * FROM `billingdata` WHERE ( `ID` = 726 ) LIMIT 1   [ RunTime:0.000278s ]

[ 2018-01-20T08:44:24+08:00 ] 115.231.193.202 /ok_erp/finance_index.php/BillingData/DownloadAllBillingData?id=726
INFO: [ route_check ] --START--
INFO: CheckRoute Behavior ::run [ RunTime:0.001059s ]
INFO: [ route_check ] --END-- [ RunTime:0.001150s ]
INFO: [ app_begin ] --START--
INFO: ReadHtmlCache Behavior ::run [ RunTime:0.000779s ]
INFO: [ app_begin ] --END-- [ RunTime:0.000853s ]
SQL: SHOW COLUMNS FROM `billingdata` [ RunTime:0.001030s ]
SQL: SELECT * FROM `billingdata` WHERE ( `ID` = 726 ) LIMIT 1   [ RunTime:0.000233s ]

[ 2018-01-20T08:44:24+08:00 ] 115.231.193.202 /ok_erp/finance_index.php/BillingData/DownloadAllBillingData?id=726
INFO: [ route_check ] --START--
INFO: CheckRoute Behavior ::run [ RunTime:0.001067s ]
INFO: [ route_check ] --END-- [ RunTime:0.001158s ]
INFO: [ app_begin ] --START--
INFO: ReadHtmlCache Behavior ::run [ RunTime:0.000777s ]
INFO: [ app_begin ] --END-- [ RunTime:0.000849s ]
SQL: SHOW COLUMNS FROM `billingdata` [ RunTime:0.001099s ]
SQL: SELECT * FROM `billingdata` WHERE ( `ID` = 726 ) LIMIT 1   [ RunTime:0.000333s ]

[ 2018-01-20T08:44:28+08:00 ] 115.231.193.202 /ok_erp/finance_index.php/BillingData/DownloadConfirmBillingData
INFO: [ route_check ] --START--
INFO: CheckRoute Behavior ::run [ RunTime:0.000840s ]
INFO: [ route_check ] --END-- [ RunTime:0.000936s ]
INFO: [ app_begin ] --START--
INFO: ReadHtmlCache Behavior ::run [ RunTime:0.000565s ]
INFO: [ app_begin ] --END-- [ RunTime:0.000632s ]
SQL: SHOW COLUMNS FROM `billingdata` [ RunTime:0.001095s ]
SQL: UPDATE `billingdata` SET `download_confirm`='T' WHERE ( ID=726 ) [ RunTime:0.000197s ]

[ 2018-01-20T08:44:28+08:00 ] 115.231.193.202 /ok_erp/finance_index.php/BillingData/UndownloadBillingData
INFO: [ route_check ] --START--
INFO: CheckRoute Behavior ::run [ RunTime:0.000822s ]
INFO: [ route_check ] --END-- [ RunTime:0.000914s ]
INFO: [ app_begin ] --START--
INFO: ReadHtmlCache Behavior ::run [ RunTime:0.000537s ]
INFO: [ app_begin ] --END-- [ RunTime:0.000605s ]
SQL: SHOW COLUMNS FROM `billingdata` [ RunTime:0.001083s ]
SQL: SELECT * FROM `billingdata` WHERE ( download_confirm='F' )  [ RunTime:0.000806s ]
INFO: [ view_parse ] --START--
INFO: ParseTemplate Behavior ::run [ RunTime:0.018340s ]
INFO: [ view_parse ] --END-- [ RunTime:0.018430s ]
INFO: [ view_filter ] --START--
INFO: ContentReplace Behavior ::run [ RunTime:0.000597s ]
INFO: TokenBuild Behavior ::run [ RunTime:0.000586s ]
INFO: WriteHtmlCache Behavior ::run [ RunTime:0.000461s ]
INFO: ShowRuntime Behavior ::run [ RunTime:0.000685s ]
INFO: [ view_filter ] --END-- [ RunTime:0.002517s ]
INFO: [ view_end ] --START--
INFO: ShowPageTrace Behavior ::run [ RunTime:0.000840s ]
INFO: [ view_end ] --END-- [ RunTime:0.000906s ]

[ 2018-01-20T09:02:33+08:00 ] 115.231.193.202 /ok_erp/finance_index.php/Claim/selectClaim
INFO: [ route_check ] --START--
INFO: CheckRoute Behavior ::run [ RunTime:0.001055s ]
INFO: [ route_check ] --END-- [ RunTime:0.001142s ]
INFO: [ app_begin ] --START--
INFO: ReadHtmlCache Behavior ::run [ RunTime:0.000772s ]
INFO: [ app_begin ] --END-- [ RunTime:0.000844s ]
SQL: SHOW COLUMNS FROM `company` [ RunTime:0.000865s ]
SQL: SELECT * FROM `company` ORDER BY company_id  [ RunTime:0.000235s ]
INFO: [ view_parse ] --START--
INFO: ParseTemplate Behavior ::run [ RunTime:0.011094s ]
INFO: [ view_parse ] --END-- [ RunTime:0.011178s ]
INFO: [ view_filter ] --START--
INFO: ContentReplace Behavior ::run [ RunTime:0.000592s ]
INFO: TokenBuild Behavior ::run [ RunTime:0.000579s ]
INFO: WriteHtmlCache Behavior ::run [ RunTime:0.000455s ]
INFO: ShowRuntime Behavior ::run [ RunTime:0.000682s ]
INFO: [ view_filter ] --END-- [ RunTime:0.002498s ]
INFO: [ view_end ] --START--
INFO: ShowPageTrace Behavior ::run [ RunTime:0.000822s ]
INFO: [ view_end ] --END-- [ RunTime:0.000891s ]

[ 2018-01-20T09:21:27+08:00 ] 115.231.193.202 /ok_erp/finance_index.php/BillingData/UndownloadBillingData
INFO: [ route_check ] --START--
INFO: CheckRoute Behavior ::run [ RunTime:0.001054s ]
INFO: [ route_check ] --END-- [ RunTime:0.001143s ]
INFO: [ app_begin ] --START--
INFO: ReadHtmlCache Behavior ::run [ RunTime:0.000770s ]
INFO: [ app_begin ] --END-- [ RunTime:0.000843s ]
SQL: SHOW COLUMNS FROM `billingdata` [ RunTime:0.001202s ]
SQL: SELECT * FROM `billingdata` WHERE ( download_confirm='F' )  [ RunTime:0.000862s ]
INFO: [ view_parse ] --START--
INFO: ParseTemplate Behavior ::run [ RunTime:0.018083s ]
INFO: [ view_parse ] --END-- [ RunTime:0.018162s ]
INFO: [ view_filter ] --START--
INFO: ContentReplace Behavior ::run [ RunTime:0.000607s ]
INFO: TokenBuild Behavior ::run [ RunTime:0.000628s ]
INFO: WriteHtmlCache Behavior ::run [ RunTime:0.000677s ]
INFO: ShowRuntime Behavior ::run [ RunTime:0.000750s ]
INFO: [ view_filter ] --END-- [ RunTime:0.002853s ]
INFO: [ view_end ] --START--
INFO: ShowPageTrace Behavior ::run [ RunTime:0.000848s ]
INFO: [ view_end ] --END-- [ RunTime:0.000915s ]

[ 2018-01-20T09:21:36+08:00 ] 115.231.193.202 /ok_erp/finance_index.php/BillingData/DownloadAllBillingData?id=727
INFO: [ route_check ] --START--
INFO: CheckRoute Behavior ::run [ RunTime:0.001102s ]
INFO: [ route_check ] --END-- [ RunTime:0.001191s ]
INFO: [ app_begin ] --START--
INFO: ReadHtmlCache Behavior ::run [ RunTime:0.000777s ]
INFO: [ app_begin ] --END-- [ RunTime:0.000849s ]
SQL: SHOW COLUMNS FROM `billingdata` [ RunTime:0.001021s ]
SQL: SELECT * FROM `billingdata` WHERE ( `ID` = 727 ) LIMIT 1   [ RunTime:0.000282s ]

[ 2018-01-20T09:30:29+08:00 ] 115.231.193.202 /ok_erp/finance_index.php/BillingData/UndownloadBillingData
INFO: [ route_check ] --START--
INFO: CheckRoute Behavior ::run [ RunTime:0.001051s ]
INFO: [ route_check ] --END-- [ RunTime:0.001140s ]
INFO: [ app_begin ] --START--
INFO: ReadHtmlCache Behavior ::run [ RunTime:0.000773s ]
INFO: [ app_begin ] --END-- [ RunTime:0.000845s ]
SQL: SHOW COLUMNS FROM `billingdata` [ RunTime:0.001012s ]
SQL: SELECT * FROM `billingdata` WHERE ( download_confirm='F' )  [ RunTime:0.000843s ]
INFO: [ view_parse ] --START--
INFO: ParseTemplate Behavior ::run [ RunTime:0.012764s ]
INFO: [ view_parse ] --END-- [ RunTime:0.012843s ]
INFO: [ view_filter ] --START--
INFO: ContentReplace Behavior ::run [ RunTime:0.000618s ]
INFO: TokenBuild Behavior ::run [ RunTime:0.000584s ]
INFO: WriteHtmlCache Behavior ::run [ RunTime:0.000668s ]
INFO: ShowRuntime Behavior ::run [ RunTime:0.000681s ]
INFO: [ view_filter ] --END-- [ RunTime:0.002738s ]
INFO: [ view_end ] --START--
INFO: ShowPageTrace Behavior ::run [ RunTime:0.000840s ]
INFO: [ view_end ] --END-- [ RunTime:0.000909s ]

[ 2018-01-20T09:30:40+08:00 ] 115.231.193.202 /ok_erp/finance_index.php/BillingData/DownloadConfirmBillingData
INFO: [ route_check ] --START--
INFO: CheckRoute Behavior ::run [ RunTime:0.001063s ]
INFO: [ route_check ] --END-- [ RunTime:0.001154s ]
INFO: [ app_begin ] --START--
INFO: ReadHtmlCache Behavior ::run [ RunTime:0.000775s ]
INFO: [ app_begin ] --END-- [ RunTime:0.000838s ]
SQL: SHOW COLUMNS FROM `billingdata` [ RunTime:0.001010s ]
SQL: UPDATE `billingdata` SET `download_confirm`='T' WHERE ( ID=725 ) [ RunTime:0.000277s ]

[ 2018-01-20T09:30:41+08:00 ] 115.231.193.202 /ok_erp/finance_index.php/BillingData/UndownloadBillingData
INFO: [ route_check ] --START--
INFO: CheckRoute Behavior ::run [ RunTime:0.000832s ]
INFO: [ route_check ] --END-- [ RunTime:0.000922s ]
INFO: [ app_begin ] --START--
INFO: ReadHtmlCache Behavior ::run [ RunTime:0.000543s ]
INFO: [ app_begin ] --END-- [ RunTime:0.000612s ]
SQL: SHOW COLUMNS FROM `billingdata` [ RunTime:0.001066s ]
SQL: SELECT * FROM `billingdata` WHERE ( download_confirm='F' )  [ RunTime:0.000860s ]
INFO: [ view_parse ] --START--
INFO: ParseTemplate Behavior ::run [ RunTime:0.012782s ]
INFO: [ view_parse ] --END-- [ RunTime:0.012862s ]
INFO: [ view_filter ] --START--
INFO: ContentReplace Behavior ::run [ RunTime:0.000610s ]
INFO: TokenBuild Behavior ::run [ RunTime:0.000580s ]
INFO: WriteHtmlCache Behavior ::run [ RunTime:0.000456s ]
INFO: ShowRuntime Behavior ::run [ RunTime:0.000683s ]
INFO: [ view_filter ] --END-- [ RunTime:0.002522s ]
INFO: [ view_end ] --START--
INFO: ShowPageTrace Behavior ::run [ RunTime:0.000832s ]
INFO: [ view_end ] --END-- [ RunTime:0.000899s ]

[ 2018-01-20T09:30:43+08:00 ] 115.231.193.202 /ok_erp/finance_index.php/BillingData/DownloadConfirmBillingData
INFO: [ route_check ] --START--
INFO: CheckRoute Behavior ::run [ RunTime:0.001067s ]
INFO: [ route_check ] --END-- [ RunTime:0.001156s ]
INFO: [ app_begin ] --START--
INFO: ReadHtmlCache Behavior ::run [ RunTime:0.000772s ]
INFO: [ app_begin ] --END-- [ RunTime:0.000837s ]
SQL: SHOW COLUMNS FROM `billingdata` [ RunTime:0.001188s ]
SQL: UPDATE `billingdata` SET `download_confirm`='T' WHERE ( ID=726 ) [ RunTime:0.000245s ]

[ 2018-01-20T09:30:44+08:00 ] 115.231.193.202 /ok_erp/finance_index.php/BillingData/UndownloadBillingData
INFO: [ route_check ] --START--
INFO: CheckRoute Behavior ::run [ RunTime:0.000819s ]
INFO: [ route_check ] --END-- [ RunTime:0.000907s ]
INFO: [ app_begin ] --START--
INFO: ReadHtmlCache Behavior ::run [ RunTime:0.000538s ]
INFO: [ app_begin ] --END-- [ RunTime:0.000607s ]
SQL: SHOW COLUMNS FROM `billingdata` [ RunTime:0.001053s ]
SQL: SELECT * FROM `billingdata` WHERE ( download_confirm='F' )  [ RunTime:0.000840s ]
INFO: [ view_parse ] --START--
INFO: ParseTemplate Behavior ::run [ RunTime:0.012775s ]
INFO: [ view_parse ] --END-- [ RunTime:0.012854s ]
INFO: [ view_filter ] --START--
INFO: ContentReplace Behavior ::run [ RunTime:0.000600s ]
INFO: TokenBuild Behavior ::run [ RunTime:0.000585s ]
INFO: WriteHtmlCache Behavior ::run [ RunTime:0.000460s ]
INFO: ShowRuntime Behavior ::run [ RunTime:0.000681s ]
INFO: [ view_filter ] --END-- [ RunTime:0.002514s ]
INFO: [ view_end ] --START--
INFO: ShowPageTrace Behavior ::run [ RunTime:0.000831s ]
INFO: [ view_end ] --END-- [ RunTime:0.000897s ]

[ 2018-01-20T09:30:52+08:00 ] 115.231.193.202 /ok_erp/finance_index.php/BillingData/DownloadConfirmBillingData
INFO: [ route_check ] --START--
INFO: CheckRoute Behavior ::run [ RunTime:0.001062s ]
INFO: [ route_check ] --END-- [ RunTime:0.001154s ]
INFO: [ app_begin ] --START--
INFO: ReadHtmlCache Behavior ::run [ RunTime:0.000778s ]
INFO: [ app_begin ] --END-- [ RunTime:0.000842s ]
SQL: SHOW COLUMNS FROM `billingdata` [ RunTime:0.001003s ]
SQL: UPDATE `billingdata` SET `download_confirm`='T' WHERE ( ID=727 ) [ RunTime:0.000274s ]

[ 2018-01-20T09:31:00+08:00 ] 115.231.193.202 /ok_erp/finance_index.php/BillingData/UndownloadBillingData
INFO: [ route_check ] --START--
INFO: CheckRoute Behavior ::run [ RunTime:0.000825s ]
INFO: [ route_check ] --END-- [ RunTime:0.000913s ]
INFO: [ app_begin ] --START--
INFO: ReadHtmlCache Behavior ::run [ RunTime:0.000541s ]
INFO: [ app_begin ] --END-- [ RunTime:0.000610s ]
SQL: SHOW COLUMNS FROM `billingdata` [ RunTime:0.001055s ]
SQL: SELECT * FROM `billingdata` WHERE ( download_confirm='F' )  [ RunTime:0.000837s ]
INFO: [ view_parse ] --START--
INFO: ParseTemplate Behavior ::run [ RunTime:0.013115s ]
INFO: [ view_parse ] --END-- [ RunTime:0.013196s ]
INFO: [ view_filter ] --START--
INFO: ContentReplace Behavior ::run [ RunTime:0.000597s ]
INFO: TokenBuild Behavior ::run [ RunTime:0.000586s ]
INFO: WriteHtmlCache Behavior ::run [ RunTime:0.000458s ]
INFO: ShowRuntime Behavior ::run [ RunTime:0.000683s ]
INFO: [ view_filter ] --END-- [ RunTime:0.002516s ]
INFO: [ view_end ] --START--
INFO: ShowPageTrace Behavior ::run [ RunTime:0.000837s ]
INFO: [ view_end ] --END-- [ RunTime:0.000904s ]

[ 2018-01-20T09:31:10+08:00 ] 115.231.193.202 /ok_erp/finance_index.php/BillingData/BillingDataSelect
INFO: [ route_check ] --START--
INFO: CheckRoute Behavior ::run [ RunTime:0.000822s ]
INFO: [ route_check ] --END-- [ RunTime:0.000911s ]
INFO: [ app_begin ] --START--
INFO: ReadHtmlCache Behavior ::run [ RunTime:0.000543s ]
INFO: [ app_begin ] --END-- [ RunTime:0.000612s ]
INFO: [ view_parse ] --START--
INFO: ParseTemplate Behavior ::run [ RunTime:0.013423s ]
INFO: [ view_parse ] --END-- [ RunTime:0.013520s ]
INFO: [ view_filter ] --START--
INFO: ContentReplace Behavior ::run [ RunTime:0.000350s ]
INFO: TokenBuild Behavior ::run [ RunTime:0.000353s ]
INFO: WriteHtmlCache Behavior ::run [ RunTime:0.000219s ]
INFO: ShowRuntime Behavior ::run [ RunTime:0.000446s ]
INFO: [ view_filter ] --END-- [ RunTime:0.001551s ]
INFO: [ view_end ] --START--
INFO: ShowPageTrace Behavior ::run [ RunTime:0.000598s ]
INFO: [ view_end ] --END-- [ RunTime:0.000663s ]

[ 2018-01-20T09:31:16+08:00 ] 115.231.193.202 /ok_erp/finance_index.php/BillingData/BillingDataSelectResult
INFO: [ route_check ] --START--
INFO: CheckRoute Behavior ::run [ RunTime:0.000832s ]
INFO: [ route_check ] --END-- [ RunTime:0.000922s ]
INFO: [ app_begin ] --START--
INFO: ReadHtmlCache Behavior ::run [ RunTime:0.000541s ]
INFO: [ app_begin ] --END-- [ RunTime:0.000610s ]
SQL: SHOW COLUMNS FROM `billingdata` [ RunTime:0.001018s ]
SQL: SELECT COUNT(*) AS tp_count FROM `billingdata` WHERE ( `sale_name` LIKE '%%' ) AND ( `contract_no` LIKE '%80885%' ) LIMIT 1   [ RunTime:0.000956s ]
SQL: SELECT * FROM `billingdata` WHERE ( `sale_name` LIKE '%%' ) AND ( `contract_no` LIKE '%80885%' ) LIMIT 0,15   [ RunTime:0.000979s ]
INFO: [ view_parse ] --START--
INFO: ParseTemplate Behavior ::run [ RunTime:0.020477s ]
INFO: [ view_parse ] --END-- [ RunTime:0.020567s ]
INFO: [ view_filter ] --START--
INFO: ContentReplace Behavior ::run [ RunTime:0.000345s ]
INFO: TokenBuild Behavior ::run [ RunTime:0.000347s ]
INFO: WriteHtmlCache Behavior ::run [ RunTime:0.000219s ]
INFO: ShowRuntime Behavior ::run [ RunTime:0.000445s ]
INFO: [ view_filter ] --END-- [ RunTime:0.001551s ]
INFO: [ view_end ] --START--
INFO: ShowPageTrace Behavior ::run [ RunTime:0.000594s ]
INFO: [ view_end ] --END-- [ RunTime:0.000669s ]

[ 2018-01-20T09:32:02+08:00 ] 115.231.193.202 /ok_erp/finance_index.php/Claim/selectClaimResult
INFO: [ route_check ] --START--
INFO: CheckRoute Behavior ::run [ RunTime:0.000821s ]
INFO: [ route_check ] --END-- [ RunTime:0.000909s ]
INFO: [ app_begin ] --START--
INFO: ReadHtmlCache Behavior ::run [ RunTime:0.000541s ]
INFO: [ app_begin ] --END-- [ RunTime:0.000611s ]
SQL: SELECT COUNT(*) AS tp_count FROM mf_exchange as a LEFT JOIN tf_exchange b on a.id=b.id LEFT JOIN company c on a.company_id=c.company_id LEFT JOIN bank d on a.bank_id=d.bank_id WHERE ( b.contract_cust LIKE '%' ) AND ( b.so_no LIKE '%' ) AND ( a.sal_name LIKE '%' ) AND ( a.company_id LIKE '%' ) AND (  (a.pay_dd BETWEEN '2018-01-01' AND '2018-01-20' ) ) AND ( a.claim = '1' ) AND ( a.bank_cust LIKE '%' ) LIMIT 1   [ RunTime:0.038897s ]
SQL: SELECT * FROM mf_exchange as a LEFT JOIN tf_exchange b on a.id=b.id LEFT JOIN company c on a.company_id=c.company_id LEFT JOIN bank d on a.bank_id=d.bank_id WHERE ( b.contract_cust LIKE '%' ) AND ( b.so_no LIKE '%' ) AND ( a.sal_name LIKE '%' ) AND ( a.company_id LIKE '%' ) AND (  (a.pay_dd BETWEEN '2018-01-01' AND '2018-01-20' ) ) AND ( a.claim = '1' ) AND ( a.bank_cust LIKE '%' ) ORDER BY b.record_dd LIMIT 0,15   [ RunTime:0.006050s ]
INFO: [ view_parse ] --START--
INFO: ParseTemplate Behavior ::run [ RunTime:0.024615s ]
INFO: [ view_parse ] --END-- [ RunTime:0.024705s ]
INFO: [ view_filter ] --START--
INFO: ContentReplace Behavior ::run [ RunTime:0.000413s ]
INFO: TokenBuild Behavior ::run [ RunTime:0.000354s ]
INFO: WriteHtmlCache Behavior ::run [ RunTime:0.000224s ]
INFO: ShowRuntime Behavior ::run [ RunTime:0.000451s ]
INFO: [ view_filter ] --END-- [ RunTime:0.001627s ]
INFO: [ view_end ] --START--
INFO: ShowPageTrace Behavior ::run [ RunTime:0.000596s ]
INFO: [ view_end ] --END-- [ RunTime:0.000667s ]

[ 2018-01-20T09:32:10+08:00 ] 120.204.17.71 /ok_erp/finance_index.php/billingdata/billingdataselect
INFO: [ route_check ] --START--
INFO: CheckRoute Behavior ::run [ RunTime:0.000821s ]
INFO: [ route_check ] --END-- [ RunTime:0.000910s ]
INFO: [ app_begin ] --START--
INFO: ReadHtmlCache Behavior ::run [ RunTime:0.000539s ]
INFO: [ app_begin ] --END-- [ RunTime:0.000607s ]
ERR: 无法加载模块:billingdata

[ 2018-01-20T09:32:17+08:00 ] 120.204.17.67 /ok_erp/finance_index.php/billingdata/billingdataselectresult
INFO: [ route_check ] --START--
INFO: CheckRoute Behavior ::run [ RunTime:0.000829s ]
INFO: [ route_check ] --END-- [ RunTime:0.000919s ]
INFO: [ app_begin ] --START--
INFO: ReadHtmlCache Behavior ::run [ RunTime:0.000542s ]
INFO: [ app_begin ] --END-- [ RunTime:0.000612s ]
ERR: 无法加载模块:billingdata

[ 2018-01-20T10:02:12+08:00 ] 115.231.193.202 /ok_erp/finance_index.php/BillingData/UndownloadBillingData
INFO: [ route_check ] --START--
INFO: CheckRoute Behavior ::run [ RunTime:0.001060s ]
INFO: [ route_check ] --END-- [ RunTime:0.001152s ]
INFO: [ app_begin ] --START--
INFO: ReadHtmlCache Behavior ::run [ RunTime:0.000777s ]
INFO: [ app_begin ] --END-- [ RunTime:0.000850s ]
SQL: SHOW COLUMNS FROM `billingdata` [ RunTime:0.001185s ]
SQL: SELECT * FROM `billingdata` WHERE ( download_confirm='F' )  [ RunTime:0.000870s ]
INFO: [ view_parse ] --START--
INFO: ParseTemplate Behavior ::run [ RunTime:0.013066s ]
INFO: [ view_parse ] --END-- [ RunTime:0.013146s ]
INFO: [ view_filter ] --START--
INFO: ContentReplace Behavior ::run [ RunTime:0.000596s ]
INFO: TokenBuild Behavior ::run [ RunTime:0.000619s ]
INFO: WriteHtmlCache Behavior ::run [ RunTime:0.000463s ]
INFO: ShowRuntime Behavior ::run [ RunTime:0.000717s ]
INFO: [ view_filter ] --END-- [ RunTime:0.002581s ]
INFO: [ view_end ] --START--
INFO: ShowPageTrace Behavior ::run [ RunTime:0.000846s ]
INFO: [ view_end ] --END-- [ RunTime:0.000917s ]

[ 2018-01-20T10:02:24+08:00 ] 115.231.193.202 /ok_erp/finance_index.php/BillingData/DownloadAllBillingData?id=728
INFO: [ route_check ] --START--
INFO: CheckRoute Behavior ::run [ RunTime:0.000824s ]
INFO: [ route_check ] --END-- [ RunTime:0.000912s ]
INFO: [ app_begin ] --START--
INFO: ReadHtmlCache Behavior ::run [ RunTime:0.000544s ]
INFO: [ app_begin ] --END-- [ RunTime:0.000613s ]
SQL: SHOW COLUMNS FROM `billingdata` [ RunTime:0.001029s ]
SQL: SELECT * FROM `billingdata` WHERE ( `ID` = 728 ) LIMIT 1   [ RunTime:0.000300s ]

[ 2018-01-20T10:02:24+08:00 ] 115.231.193.202 /ok_erp/finance_index.php/BillingData/DownloadAllBillingData?id=728
INFO: [ route_check ] --START--
INFO: CheckRoute Behavior ::run [ RunTime:0.001049s ]
INFO: [ route_check ] --END-- [ RunTime:0.001137s ]
INFO: [ app_begin ] --START--
INFO: ReadHtmlCache Behavior ::run [ RunTime:0.000767s ]
INFO: [ app_begin ] --END-- [ RunTime:0.000840s ]
SQL: SHOW COLUMNS FROM `billingdata` [ RunTime:0.001076s ]
SQL: SELECT * FROM `billingdata` WHERE ( `ID` = 728 ) LIMIT 1   [ RunTime:0.000230s ]

[ 2018-01-20T10:02:24+08:00 ] 115.231.193.202 /ok_erp/finance_index.php/BillingData/DownloadAllBillingData?id=728
INFO: [ route_check ] --START--
INFO: CheckRoute Behavior ::run [ RunTime:0.001055s ]
INFO: [ route_check ] --END-- [ RunTime:0.001146s ]
INFO: [ app_begin ] --START--
INFO: ReadHtmlCache Behavior ::run [ RunTime:0.000822s ]
INFO: [ app_begin ] --END-- [ RunTime:0.000916s ]
SQL: SHOW COLUMNS FROM `billingdata` [ RunTime:0.001037s ]
SQL: SELECT * FROM `billingdata` WHERE ( `ID` = 728 ) LIMIT 1   [ RunTime:0.000274s ]

[ 2018-01-20T10:02:27+08:00 ] 115.231.193.202 /ok_erp/finance_index.php/BillingData/DownloadConfirmBillingData
INFO: [ route_check ] --START--
INFO: CheckRoute Behavior ::run [ RunTime:0.000858s ]
INFO: [ route_check ] --END-- [ RunTime:0.000949s ]
INFO: [ app_begin ] --START--
INFO: ReadHtmlCache Behavior ::run [ RunTime:0.000541s ]
INFO: [ app_begin ] --END-- [ RunTime:0.000601s ]
SQL: SHOW COLUMNS FROM `billingdata` [ RunTime:0.001041s ]
SQL: UPDATE `billingdata` SET `download_confirm`='T' WHERE ( ID=728 ) [ RunTime:0.000198s ]

[ 2018-01-20T10:02:28+08:00 ] 115.231.193.202 /ok_erp/finance_index.php/BillingData/UndownloadBillingData
INFO: [ route_check ] --START--
INFO: CheckRoute Behavior ::run [ RunTime:0.000833s ]
INFO: [ route_check ] --END-- [ RunTime:0.000933s ]
INFO: [ app_begin ] --START--
INFO: ReadHtmlCache Behavior ::run [ RunTime:0.000543s ]
INFO: [ app_begin ] --END-- [ RunTime:0.000613s ]
SQL: SHOW COLUMNS FROM `billingdata` [ RunTime:0.001043s ]
SQL: SELECT * FROM `billingdata` WHERE ( download_confirm='F' )  [ RunTime:0.000826s ]
INFO: [ view_parse ] --START--
INFO: ParseTemplate Behavior ::run [ RunTime:0.011418s ]
INFO: [ view_parse ] --END-- [ RunTime:0.011503s ]
INFO: [ view_filter ] --START--
INFO: ContentReplace Behavior ::run [ RunTime:0.000346s ]
INFO: TokenBuild Behavior ::run [ RunTime:0.000354s ]
INFO: WriteHtmlCache Behavior ::run [ RunTime:0.000226s ]
INFO: ShowRuntime Behavior ::run [ RunTime:0.000449s ]
INFO: [ view_filter ] --END-- [ RunTime:0.001557s ]
INFO: [ view_end ] --START--
INFO: ShowPageTrace Behavior ::run [ RunTime:0.000603s ]
INFO: [ view_end ] --END-- [ RunTime:0.000667s ]

[ 2018-01-20T10:17:46+08:00 ] 115.231.193.202 /ok_erp/finance_index.php/BillingData/BillingDataSelectResult
INFO: [ route_check ] --START--
INFO: CheckRoute Behavior ::run [ RunTime:0.001066s ]
INFO: [ route_check ] --END-- [ RunTime:0.001156s ]
INFO: [ app_begin ] --START--
INFO: ReadHtmlCache Behavior ::run [ RunTime:0.000773s ]
INFO: [ app_begin ] --END-- [ RunTime:0.000845s ]

[ 2018-01-20T10:17:55+08:00 ] 115.231.193.202 /ok_erp/finance_index.php/Claim/selectClaim
INFO: [ route_check ] --START--
INFO: CheckRoute Behavior ::run [ RunTime:0.000829s ]
INFO: [ route_check ] --END-- [ RunTime:0.000917s ]
INFO: [ app_begin ] --START--
INFO: ReadHtmlCache Behavior ::run [ RunTime:0.000540s ]
INFO: [ app_begin ] --END-- [ RunTime:0.000609s ]
SQL: SHOW COLUMNS FROM `company` [ RunTime:0.000937s ]
SQL: SELECT * FROM `company` ORDER BY company_id  [ RunTime:0.000198s ]
INFO: [ view_parse ] --START--
INFO: ParseTemplate Behavior ::run [ RunTime:0.011437s ]
INFO: [ view_parse ] --END-- [ RunTime:0.011521s ]
INFO: [ view_filter ] --START--
INFO: ContentReplace Behavior ::run [ RunTime:0.000600s ]
INFO: TokenBuild Behavior ::run [ RunTime:0.000625s ]
INFO: WriteHtmlCache Behavior ::run [ RunTime:0.000464s ]
INFO: ShowRuntime Behavior ::run [ RunTime:0.000729s ]
INFO: [ view_filter ] --END-- [ RunTime:0.002612s ]
INFO: [ view_end ] --START--
INFO: ShowPageTrace Behavior ::run [ RunTime:0.000831s ]
INFO: [ view_end ] --END-- [ RunTime:0.000899s ]

[ 2018-01-20T10:17:59+08:00 ] 115.231.193.202 /ok_erp/finance_index.php/BillingData/BillingDataSelect
INFO: [ route_check ] --START--
INFO: CheckRoute Behavior ::run [ RunTime:0.001060s ]
INFO: [ route_check ] --END-- [ RunTime:0.001148s ]
INFO: [ app_begin ] --START--
INFO: ReadHtmlCache Behavior ::run [ RunTime:0.000772s ]
INFO: [ app_begin ] --END-- [ RunTime:0.000843s ]
INFO: [ view_parse ] --START--
INFO: ParseTemplate Behavior ::run [ RunTime:0.009894s ]
INFO: [ view_parse ] --END-- [ RunTime:0.009985s ]
INFO: [ view_filter ] --START--
INFO: ContentReplace Behavior ::run [ RunTime:0.000691s ]
INFO: TokenBuild Behavior ::run [ RunTime:0.000598s ]
INFO: WriteHtmlCache Behavior ::run [ RunTime:0.000672s ]
INFO: ShowRuntime Behavior ::run [ RunTime:0.000688s ]
INFO: [ view_filter ] --END-- [ RunTime:0.002845s ]
INFO: [ view_end ] --START--
INFO: ShowPageTrace Behavior ::run [ RunTime:0.000842s ]
INFO: [ view_end ] --END-- [ RunTime:0.000910s ]

[ 2018-01-20T10:18:09+08:00 ] 115.231.193.202 /ok_erp/finance_index.php/BillingData/BillingDataSelectResult
INFO: [ route_check ] --START--
INFO: CheckRoute Behavior ::run [ RunTime:0.001052s ]
INFO: [ route_check ] --END-- [ RunTime:0.001141s ]
INFO: [ app_begin ] --START--
INFO: ReadHtmlCache Behavior ::run [ RunTime:0.000765s ]
INFO: [ app_begin ] --END-- [ RunTime:0.000837s ]
SQL: SHOW COLUMNS FROM `billingdata` [ RunTime:0.001189s ]
SQL: SELECT COUNT(*) AS tp_count FROM `billingdata` WHERE ( `sale_name` LIKE '%%' ) AND ( `contract_no` LIKE '%170920-1%' ) LIMIT 1   [ RunTime:0.001121s ]
SQL: SELECT * FROM `billingdata` WHERE ( `sale_name` LIKE '%%' ) AND ( `contract_no` LIKE '%170920-1%' ) LIMIT 0,15   [ RunTime:0.000996s ]
INFO: [ view_parse ] --START--
INFO: ParseTemplate Behavior ::run [ RunTime:0.012988s ]
INFO: [ view_parse ] --END-- [ RunTime:0.013076s ]
INFO: [ view_filter ] --START--
INFO: ContentReplace Behavior ::run [ RunTime:0.000580s ]
INFO: TokenBuild Behavior ::run [ RunTime:0.000580s ]
INFO: WriteHtmlCache Behavior ::run [ RunTime:0.000664s ]
INFO: ShowRuntime Behavior ::run [ RunTime:0.000680s ]
INFO: [ view_filter ] --END-- [ RunTime:0.002716s ]
INFO: [ view_end ] --START--
INFO: ShowPageTrace Behavior ::run [ RunTime:0.000825s ]
INFO: [ view_end ] --END-- [ RunTime:0.000902s ]

[ 2018-01-20T10:18:34+08:00 ] 106.120.161.68 /ok_erp/finance_index.php/BillingData/BillingDataSelect
INFO: [ route_check ] --START--
INFO: CheckRoute Behavior ::run [ RunTime:0.000824s ]
INFO: [ route_check ] --END-- [ RunTime:0.000913s ]
INFO: [ app_begin ] --START--
INFO: ReadHtmlCache Behavior ::run [ RunTime:0.000540s ]
INFO: [ app_begin ] --END-- [ RunTime:0.000609s ]

[ 2018-01-20T10:19:04+08:00 ] 115.231.193.202 /ok_erp/finance_index.php/BillingData/BillingDataSelect
INFO: [ route_check ] --START--
INFO: CheckRoute Behavior ::run [ RunTime:0.000829s ]
INFO: [ route_check ] --END-- [ RunTime:0.000922s ]
INFO: [ app_begin ] --START--
INFO: ReadHtmlCache Behavior ::run [ RunTime:0.000548s ]
INFO: [ app_begin ] --END-- [ RunTime:0.000616s ]
INFO: [ view_parse ] --START--
INFO: ParseTemplate Behavior ::run [ RunTime:0.008532s ]
INFO: [ view_parse ] --END-- [ RunTime:0.008624s ]
INFO: [ view_filter ] --START--
INFO: ContentReplace Behavior ::run [ RunTime:0.000339s ]
INFO: TokenBuild Behavior ::run [ RunTime:0.000349s ]
INFO: WriteHtmlCache Behavior ::run [ RunTime:0.000576s ]
INFO: ShowRuntime Behavior ::run [ RunTime:0.000448s ]
INFO: [ view_filter ] --END-- [ RunTime:0.001897s ]
INFO: [ view_end ] --START--
INFO: ShowPageTrace Behavior ::run [ RunTime:0.000601s ]
INFO: [ view_end ] --END-- [ RunTime:0.000667s ]

[ 2018-01-20T10:19:07+08:00 ] 115.231.193.202 /ok_erp/finance_index.php/BillingData/BillingDataSelectResult
INFO: [ route_check ] --START--
INFO: CheckRoute Behavior ::run [ RunTime:0.000819s ]
INFO: [ route_check ] --END-- [ RunTime:0.000908s ]
INFO: [ app_begin ] --START--
INFO: ReadHtmlCache Behavior ::run [ RunTime:0.000536s ]
INFO: [ app_begin ] --END-- [ RunTime:0.000606s ]
SQL: SHOW COLUMNS FROM `billingdata` [ RunTime:0.001048s ]
SQL: SELECT COUNT(*) AS tp_count FROM `billingdata` WHERE ( `sale_name` LIKE '%%' ) AND ( `contract_no` LIKE '%20171120%' ) LIMIT 1   [ RunTime:0.001063s ]
SQL: SELECT * FROM `billingdata` WHERE ( `sale_name` LIKE '%%' ) AND ( `contract_no` LIKE '%20171120%' ) LIMIT 0,15   [ RunTime:0.000954s ]
INFO: [ view_parse ] --START--
INFO: ParseTemplate Behavior ::run [ RunTime:0.102663s ]
INFO: [ view_parse ] --END-- [ RunTime:0.102754s ]
INFO: [ view_filter ] --START--
INFO: ContentReplace Behavior ::run [ RunTime:0.000329s ]
INFO: TokenBuild Behavior ::run [ RunTime:0.000353s ]
INFO: WriteHtmlCache Behavior ::run [ RunTime:0.000583s ]
INFO: ShowRuntime Behavior ::run [ RunTime:0.000450s ]
INFO: [ view_filter ] --END-- [ RunTime:0.001902s ]
INFO: [ view_end ] --START--
INFO: ShowPageTrace Behavior ::run [ RunTime:0.000608s ]
INFO: [ view_end ] --END-- [ RunTime:0.000675s ]

[ 2018-01-20T10:19:23+08:00 ] 101.199.108.120 /ok_erp/finance_index.php/BillingData/BillingDataSelect
INFO: [ route_check ] --START--
INFO: CheckRoute Behavior ::run [ RunTime:0.000821s ]
INFO: [ route_check ] --END-- [ RunTime:0.000910s ]
INFO: [ app_begin ] --START--
INFO: ReadHtmlCache Behavior ::run [ RunTime:0.000612s ]
INFO: [ app_begin ] --END-- [ RunTime:0.000683s ]

[ 2018-01-20T10:19:29+08:00 ] 115.231.193.202 /ok_erp/finance_index.php/BillingData/BillingDataSelect
INFO: [ route_check ] --START--
INFO: CheckRoute Behavior ::run [ RunTime:0.000819s ]
INFO: [ route_check ] --END-- [ RunTime:0.000907s ]
INFO: [ app_begin ] --START--
INFO: ReadHtmlCache Behavior ::run [ RunTime:0.000585s ]
INFO: [ app_begin ] --END-- [ RunTime:0.000665s ]
INFO: [ view_parse ] --START--
INFO: ParseTemplate Behavior ::run [ RunTime:0.008409s ]
INFO: [ view_parse ] --END-- [ RunTime:0.008500s ]
INFO: [ view_filter ] --START--
INFO: ContentReplace Behavior ::run [ RunTime:0.000340s ]
INFO: TokenBuild Behavior ::run [ RunTime:0.000346s ]
INFO: WriteHtmlCache Behavior ::run [ RunTime:0.000580s ]
INFO: ShowRuntime Behavior ::run [ RunTime:0.000449s ]
INFO: [ view_filter ] --END-- [ RunTime:0.001901s ]
INFO: [ view_end ] --START--
INFO: ShowPageTrace Behavior ::run [ RunTime:0.000597s ]
INFO: [ view_end ] --END-- [ RunTime:0.000665s ]

[ 2018-01-20T10:19:30+08:00 ] 115.231.193.202 /ok_erp/finance_index.php/BillingData/BillingDataSelectResult
INFO: [ route_check ] --START--
INFO: CheckRoute Behavior ::run [ RunTime:0.000821s ]
INFO: [ route_check ] --END-- [ RunTime:0.000910s ]
INFO: [ app_begin ] --START--
INFO: ReadHtmlCache Behavior ::run [ RunTime:0.000536s ]
INFO: [ app_begin ] --END-- [ RunTime:0.000606s ]
SQL: SHOW COLUMNS FROM `billingdata` [ RunTime:0.001018s ]
SQL: SELECT COUNT(*) AS tp_count FROM `billingdata` WHERE ( `sale_name` LIKE '%%' ) AND ( `contract_no` LIKE '%171026%' ) LIMIT 1   [ RunTime:0.001088s ]
SQL: SELECT * FROM `billingdata` WHERE ( `sale_name` LIKE '%%' ) AND ( `contract_no` LIKE '%171026%' ) LIMIT 0,15   [ RunTime:0.000989s ]
INFO: [ view_parse ] --START--
INFO: ParseTemplate Behavior ::run [ RunTime:0.011783s ]
INFO: [ view_parse ] --END-- [ RunTime:0.011875s ]
INFO: [ view_filter ] --START--
INFO: ContentReplace Behavior ::run [ RunTime:0.000347s ]
INFO: TokenBuild Behavior ::run [ RunTime:0.000349s ]
INFO: WriteHtmlCache Behavior ::run [ RunTime:0.000586s ]
INFO: ShowRuntime Behavior ::run [ RunTime:0.000451s ]
INFO: [ view_filter ] --END-- [ RunTime:0.001940s ]
INFO: [ view_end ] --START--
INFO: ShowPageTrace Behavior ::run [ RunTime:0.000593s ]
INFO: [ view_end ] --END-- [ RunTime:0.000670s ]

[ 2018-01-20T10:29:46+08:00 ] 115.231.193.202 /ok_erp/finance_index.php/Claim/selectClaim
INFO: [ route_check ] --START--
INFO: CheckRoute Behavior ::run [ RunTime:0.001061s ]
INFO: [ route_check ] --END-- [ RunTime:0.001153s ]
INFO: [ app_begin ] --START--
INFO: ReadHtmlCache Behavior ::run [ RunTime:0.000774s ]
INFO: [ app_begin ] --END-- [ RunTime:0.000846s ]
SQL: SHOW COLUMNS FROM `company` [ RunTime:0.000913s ]
SQL: SELECT * FROM `company` ORDER BY company_id  [ RunTime:0.000240s ]
INFO: [ view_parse ] --START--
INFO: ParseTemplate Behavior ::run [ RunTime:0.010988s ]
INFO: [ view_parse ] --END-- [ RunTime:0.011069s ]
INFO: [ view_filter ] --START--
INFO: ContentReplace Behavior ::run [ RunTime:0.000587s ]
INFO: TokenBuild Behavior ::run [ RunTime:0.000578s ]
INFO: WriteHtmlCache Behavior ::run [ RunTime:0.000696s ]
INFO: ShowRuntime Behavior ::run [ RunTime:0.000686s ]
INFO: [ view_filter ] --END-- [ RunTime:0.002737s ]
INFO: [ view_end ] --START--
INFO: ShowPageTrace Behavior ::run [ RunTime:0.000863s ]
INFO: [ view_end ] --END-- [ RunTime:0.000929s ]

[ 2018-01-20T10:29:49+08:00 ] 115.231.193.202 /ok_erp/finance_index.php/Exchange/ModifyExchange
INFO: [ route_check ] --START--
INFO: CheckRoute Behavior ::run [ RunTime:0.000821s ]
INFO: [ route_check ] --END-- [ RunTime:0.000913s ]
INFO: [ app_begin ] --START--
INFO: ReadHtmlCache Behavior ::run [ RunTime:0.000541s ]
INFO: [ app_begin ] --END-- [ RunTime:0.000611s ]
SQL: SHOW COLUMNS FROM `mf_exchange` [ RunTime:0.120516s ]
SQL: SELECT * FROM mf_exchange a LEFT JOIN company c on a.company_id=c.company_id LEFT JOIN bank d on a.bank_id=d.bank_id WHERE ( claim=0 ) ORDER BY id  [ RunTime:0.002478s ]
INFO: [ view_parse ] --START--
INFO: ParseTemplate Behavior ::run [ RunTime:0.014850s ]
INFO: [ view_parse ] --END-- [ RunTime:0.014949s ]
INFO: [ view_filter ] --START--
INFO: ContentReplace Behavior ::run [ RunTime:0.000370s ]
INFO: TokenBuild Behavior ::run [ RunTime:0.000354s ]
INFO: WriteHtmlCache Behavior ::run [ RunTime:0.000582s ]
INFO: ShowRuntime Behavior ::run [ RunTime:0.000455s ]
INFO: [ view_filter ] --END-- [ RunTime:0.001949s ]
INFO: [ view_end ] --START--
INFO: ShowPageTrace Behavior ::run [ RunTime:0.000606s ]
INFO: [ view_end ] --END-- [ RunTime:0.000676s ]

[ 2018-01-20T10:29:56+08:00 ] 115.231.193.202 /ok_erp/finance_index.php/Claim/selectClaim
INFO: [ route_check ] --START--
INFO: CheckRoute Behavior ::run [ RunTime:0.001092s ]
INFO: [ route_check ] --END-- [ RunTime:0.001183s ]
INFO: [ app_begin ] --START--
INFO: ReadHtmlCache Behavior ::run [ RunTime:0.000810s ]
INFO: [ app_begin ] --END-- [ RunTime:0.000883s ]
SQL: SHOW COLUMNS FROM `company` [ RunTime:0.000895s ]
SQL: SELECT * FROM `company` ORDER BY company_id  [ RunTime:0.000231s ]
INFO: [ view_parse ] --START--
INFO: ParseTemplate Behavior ::run [ RunTime:0.011304s ]
INFO: [ view_parse ] --END-- [ RunTime:0.011388s ]
INFO: [ view_filter ] --START--
INFO: ContentReplace Behavior ::run [ RunTime:0.000588s ]
INFO: TokenBuild Behavior ::run [ RunTime:0.000589s ]
INFO: WriteHtmlCache Behavior ::run [ RunTime:0.000668s ]
INFO: ShowRuntime Behavior ::run [ RunTime:0.000689s ]
INFO: [ view_filter ] --END-- [ RunTime:0.002724s ]
INFO: [ view_end ] --START--
INFO: ShowPageTrace Behavior ::run [ RunTime:0.000863s ]
INFO: [ view_end ] --END-- [ RunTime:0.000930s ]

[ 2018-01-20T10:30:03+08:00 ] 115.231.193.202 /ok_erp/finance_index.php/Claim/downloadClaimDetail
INFO: [ route_check ] --START--
INFO: CheckRoute Behavior ::run [ RunTime:0.001066s ]
INFO: [ route_check ] --END-- [ RunTime:0.001157s ]
INFO: [ app_begin ] --START--
INFO: ReadHtmlCache Behavior ::run [ RunTime:0.000777s ]
INFO: [ app_begin ] --END-- [ RunTime:0.000848s ]
SQL: select a.id ID,a.foreign_trade '销售方式',c.company_name '公司',d.bank_name '银行',a.pay_dd '付款日期',a.bank_cust '汇款客户',a.country '汇款国家',a.CUR_ID '币别',a.amount '汇款金额',a.sal_name '业务员',a.getlz_name '发票业务员',b.amount_apart '到账金额',b.brokerage '手续费',b.so_no '订单号',b.so_pi '订单PI总金额',b.debit '扣款/罚款',b.rem '备注',b.is_declare '是否报关',b.contract_cust '合同客户',b.lz_cust '发票客户',b.connect_cust '业务联系客户' from mf_exchange as a left join tf_exchange as b on a.id=b.id left join company as c on a.company_id=c.company_id left join  bank as d on a.bank_id=d.bank_id where (a.claim=1 or a.claim=0)  and a.pay_dd>='2018-01-01' and a.pay_dd<='2018-01-20' and upper(a.sal_name) like upper('%') and a.company_id like '%'  [ RunTime:0.004221s ]

[ 2018-01-20T10:30:48+08:00 ] 101.226.33.216 /ok_erp/finance_index.php/Exchange/ModifyExchange
INFO: [ route_check ] --START--
INFO: CheckRoute Behavior ::run [ RunTime:0.001078s ]
INFO: [ route_check ] --END-- [ RunTime:0.001169s ]
INFO: [ app_begin ] --START--
INFO: ReadHtmlCache Behavior ::run [ RunTime:0.000776s ]
INFO: [ app_begin ] --END-- [ RunTime:0.000849s ]

[ 2018-01-20T12:11:45+08:00 ] 115.231.193.202 /ok_erp/finance_index.php/Exchange/NewExchange
INFO: [ route_check ] --START--
INFO: CheckRoute Behavior ::run [ RunTime:0.001069s ]
INFO: [ route_check ] --END-- [ RunTime:0.001159s ]
INFO: [ app_begin ] --START--
INFO: ReadHtmlCache Behavior ::run [ RunTime:0.000773s ]
INFO: [ app_begin ] --END-- [ RunTime:0.000846s ]

[ 2018-01-20T15:50:23+08:00 ] 106.120.160.109 /ok_erp/finance_index.php/Claim/selectClaimResult/company_id/%25/date_min/2017-12-05/p/2.html
INFO: [ route_check ] --START--
INFO: CheckRoute Behavior ::run [ RunTime:0.000835s ]
INFO: [ route_check ] --END-- [ RunTime:0.000925s ]
INFO: [ app_begin ] --START--
INFO: ReadHtmlCache Behavior ::run [ RunTime:0.000547s ]
INFO: [ app_begin ] --END-- [ RunTime:0.000619s ]

[ 2018-01-20T15:50:49+08:00 ] 220.181.132.195 /ok_erp/finance_index.php/Claim/selectClaimResult/company_id/%25/date_min/2017-12-05/p/2.html
INFO: [ route_check ] --START--
INFO: CheckRoute Behavior ::run [ RunTime:0.001059s ]
INFO: [ route_check ] --END-- [ RunTime:0.001148s ]
INFO: [ app_begin ] --START--
INFO: ReadHtmlCache Behavior ::run [ RunTime:0.000767s ]
INFO: [ app_begin ] --END-- [ RunTime:0.000839s ]

[ 2018-01-20T18:40:22+08:00 ] 106.120.160.109 /ok_erp/finance_index.php/Account/SelectAccountDetail?so_id=249
INFO: [ route_check ] --START--
INFO: CheckRoute Behavior ::run [ RunTime:0.001066s ]
INFO: [ route_check ] --END-- [ RunTime:0.001156s ]
INFO: [ app_begin ] --START--
INFO: ReadHtmlCache Behavior ::run [ RunTime:0.000779s ]
INFO: [ app_begin ] --END-- [ RunTime:0.000852s ]

[ 2018-01-20T18:41:34+08:00 ] 101.199.108.51 /ok_erp/finance_index.php/Account/SelectAccountDetail?so_id=249
INFO: [ route_check ] --START--
INFO: CheckRoute Behavior ::run [ RunTime:0.000835s ]
INFO: [ route_check ] --END-- [ RunTime:0.000924s ]
INFO: [ app_begin ] --START--
INFO: ReadHtmlCache Behavior ::run [ RunTime:0.000543s ]
INFO: [ app_begin ] --END-- [ RunTime:0.000613s ]

[ 2018-01-20T20:00:16+08:00 ] 106.120.160.109 /ok_erp/finance_index.php/Claim/selectClaimDetail?id=1195
INFO: [ route_check ] --START--
INFO: CheckRoute Behavior ::run [ RunTime:0.001066s ]
INFO: [ route_check ] --END-- [ RunTime:0.001156s ]
INFO: [ app_begin ] --START--
INFO: ReadHtmlCache Behavior ::run [ RunTime:0.000775s ]
INFO: [ app_begin ] --END-- [ RunTime:0.000846s ]

[ 2018-01-20T20:00:49+08:00 ] 101.199.108.119 /ok_erp/finance_index.php/Claim/selectClaimDetail?id=1195
INFO: [ route_check ] --START--
INFO: CheckRoute Behavior ::run [ RunTime:0.000833s ]
INFO: [ route_check ] --END-- [ RunTime:0.000922s ]
INFO: [ app_begin ] --START--
INFO: ReadHtmlCache Behavior ::run [ RunTime:0.000541s ]
INFO: [ app_begin ] --END-- [ RunTime:0.000610s ]

