[ 2018-02-13T12:05:35+08:00 ] 112.17.235.127 /ok_erp/finance_index.php/Claim/selectClaim
INFO: [ route_check ] --START--
INFO: CheckRoute Behavior ::run [ RunTime:0.002180s ]
INFO: [ route_check ] --END-- [ RunTime:0.002274s ]
INFO: [ app_begin ] --START--
INFO: ReadHtmlCache Behavior ::run [ RunTime:0.001031s ]
INFO: [ app_begin ] --END-- [ RunTime:0.001109s ]
SQL: SHOW COLUMNS FROM `company` [ RunTime:0.018272s ]
SQL: SELECT * FROM `company` ORDER BY company_id  [ RunTime:0.000272s ]
INFO: [ view_parse ] --START--
INFO: ParseTemplate Behavior ::run [ RunTime:0.048661s ]
INFO: [ view_parse ] --END-- [ RunTime:0.048751s ]
INFO: [ view_filter ] --START--
INFO: ContentReplace Behavior ::run [ RunTime:0.000727s ]
INFO: TokenBuild Behavior ::run [ RunTime:0.000834s ]
INFO: WriteHtmlCache Behavior ::run [ RunTime:0.000569s ]
INFO: ShowRuntime Behavior ::run [ RunTime:0.000804s ]
INFO: [ view_filter ] --END-- [ RunTime:0.003125s ]
INFO: [ view_end ] --START--
INFO: ShowPageTrace Behavior ::run [ RunTime:0.000950s ]
INFO: [ view_end ] --END-- [ RunTime:0.001023s ]

[ 2018-02-13T12:05:43+08:00 ] 112.17.235.127 /ok_erp/finance_index.php/BillingData/UndownloadBillingData
INFO: [ route_check ] --START--
INFO: CheckRoute Behavior ::run [ RunTime:0.001071s ]
INFO: [ route_check ] --END-- [ RunTime:0.001160s ]
INFO: [ app_begin ] --START--
INFO: ReadHtmlCache Behavior ::run [ RunTime:0.000783s ]
INFO: [ app_begin ] --END-- [ RunTime:0.000855s ]
SQL: SHOW COLUMNS FROM `billingdata` [ RunTime:0.022064s ]
SQL: SELECT * FROM `billingdata` WHERE ( download_confirm='F' )  [ RunTime:0.069748s ]
INFO: [ view_parse ] --START--
INFO: ParseTemplate Behavior ::run [ RunTime:0.029412s ]
INFO: [ view_parse ] --END-- [ RunTime:0.029497s ]
INFO: [ view_filter ] --START--
INFO: ContentReplace Behavior ::run [ RunTime:0.000599s ]
INFO: TokenBuild Behavior ::run [ RunTime:0.000592s ]
INFO: WriteHtmlCache Behavior ::run [ RunTime:0.000461s ]
INFO: ShowRuntime Behavior ::run [ RunTime:0.000691s ]
INFO: [ view_filter ] --END-- [ RunTime:0.002542s ]
INFO: [ view_end ] --START--
INFO: ShowPageTrace Behavior ::run [ RunTime:0.000845s ]
INFO: [ view_end ] --END-- [ RunTime:0.000923s ]

[ 2018-02-13T12:05:48+08:00 ] 112.17.235.127 /ok_erp/finance_index.php/CheckTemporaryStock/SetParam
INFO: [ route_check ] --START--
INFO: CheckRoute Behavior ::run [ RunTime:0.000836s ]
INFO: [ route_check ] --END-- [ RunTime:0.000924s ]
INFO: [ app_begin ] --START--
INFO: ReadHtmlCache Behavior ::run [ RunTime:0.000543s ]
INFO: [ app_begin ] --END-- [ RunTime:0.000611s ]
INFO: [ view_parse ] --START--
INFO: ParseTemplate Behavior ::run [ RunTime:0.011795s ]
INFO: [ view_parse ] --END-- [ RunTime:0.011882s ]
INFO: [ view_filter ] --START--
INFO: ContentReplace Behavior ::run [ RunTime:0.000356s ]
INFO: TokenBuild Behavior ::run [ RunTime:0.000345s ]
INFO: WriteHtmlCache Behavior ::run [ RunTime:0.000219s ]
INFO: ShowRuntime Behavior ::run [ RunTime:0.000453s ]
INFO: [ view_filter ] --END-- [ RunTime:0.001562s ]
INFO: [ view_end ] --START--
INFO: ShowPageTrace Behavior ::run [ RunTime:0.000592s ]
INFO: [ view_end ] --END-- [ RunTime:0.000659s ]

[ 2018-02-13T12:05:59+08:00 ] 112.17.235.127 /ok_erp/finance_index.php/Exchange/NewExchange
INFO: [ route_check ] --START--
INFO: CheckRoute Behavior ::run [ RunTime:0.000835s ]
INFO: [ route_check ] --END-- [ RunTime:0.000924s ]
INFO: [ app_begin ] --START--
INFO: ReadHtmlCache Behavior ::run [ RunTime:0.000542s ]
INFO: [ app_begin ] --END-- [ RunTime:0.000611s ]
SQL: SHOW COLUMNS FROM `company` [ RunTime:0.000914s ]
SQL: SELECT * FROM `company`  [ RunTime:0.000192s ]
SQL: SHOW COLUMNS FROM `bank` [ RunTime:0.016036s ]
SQL: SELECT * FROM `bank`  [ RunTime:0.000168s ]
INFO: [ view_parse ] --START--
INFO: ParseTemplate Behavior ::run [ RunTime:0.023149s ]
INFO: [ view_parse ] --END-- [ RunTime:0.023235s ]
INFO: [ view_filter ] --START--
INFO: ContentReplace Behavior ::run [ RunTime:0.000368s ]
INFO: TokenBuild Behavior ::run [ RunTime:0.000349s ]
INFO: WriteHtmlCache Behavior ::run [ RunTime:0.000222s ]
INFO: ShowRuntime Behavior ::run [ RunTime:0.000455s ]
INFO: [ view_filter ] --END-- [ RunTime:0.001577s ]
INFO: [ view_end ] --START--
INFO: ShowPageTrace Behavior ::run [ RunTime:0.000607s ]
INFO: [ view_end ] --END-- [ RunTime:0.000674s ]

