[ 2018-02-28T14:45:18+08:00 ] 192.168.1.230 /ok_erp/finance_index.php/Claim/selectClaim
INFO: [ route_check ] --START--
INFO: CheckRoute Behavior ::run [ RunTime:0.001733s ]
INFO: [ route_check ] --END-- [ RunTime:0.011804s ]
INFO: [ app_begin ] --START--
INFO: ReadHtmlCache Behavior ::run [ RunTime:0.000921s ]
INFO: [ app_begin ] --END-- [ RunTime:0.001112s ]
NOTIC: [2] mysql_connect(): Headers and client library minor version mismatch. Headers:50550 Library:50637 /home/www/thinkphp/Lib/Driver/Db/DbMysql.class.php 第 55 行.
SQL: SHOW COLUMNS FROM `company` [ RunTime:0.311225s ]
SQL: SELECT * FROM `company` ORDER BY company_id  [ RunTime:0.009384s ]
INFO: [ view_parse ] --START--
INFO: ParseTemplate Behavior ::run [ RunTime:0.092241s ]
INFO: [ view_parse ] --END-- [ RunTime:0.092368s ]
INFO: [ view_filter ] --START--
INFO: ContentReplace Behavior ::run [ RunTime:0.000554s ]
INFO: TokenBuild Behavior ::run [ RunTime:0.001126s ]
INFO: WriteHtmlCache Behavior ::run [ RunTime:0.000596s ]
INFO: ShowRuntime Behavior ::run [ RunTime:0.000529s ]
INFO: [ view_filter ] --END-- [ RunTime:0.003090s ]
INFO: [ view_end ] --START--
INFO: ShowPageTrace Behavior ::run [ RunTime:0.000691s ]
INFO: [ view_end ] --END-- [ RunTime:0.000781s ]

[ 2018-02-28T14:54:44+08:00 ] 192.168.1.230 /ok_erp/finance_index.php/CheckTemporaryStock/SetParam
INFO: [ route_check ] --START--
INFO: CheckRoute Behavior ::run [ RunTime:0.000766s ]
INFO: [ route_check ] --END-- [ RunTime:0.001012s ]
INFO: [ app_begin ] --START--
INFO: ReadHtmlCache Behavior ::run [ RunTime:0.000331s ]
INFO: [ app_begin ] --END-- [ RunTime:0.000386s ]
INFO: [ view_parse ] --START--
INFO: ParseTemplate Behavior ::run [ RunTime:0.016969s ]
INFO: [ view_parse ] --END-- [ RunTime:0.017042s ]
INFO: [ view_filter ] --START--
INFO: ContentReplace Behavior ::run [ RunTime:0.000235s ]
INFO: TokenBuild Behavior ::run [ RunTime:0.000238s ]
INFO: WriteHtmlCache Behavior ::run [ RunTime:0.000531s ]
INFO: ShowRuntime Behavior ::run [ RunTime:0.000234s ]
INFO: [ view_filter ] --END-- [ RunTime:0.001342s ]
INFO: [ view_end ] --START--
INFO: ShowPageTrace Behavior ::run [ RunTime:0.000334s ]
INFO: [ view_end ] --END-- [ RunTime:0.000377s ]

[ 2018-02-28T14:57:05+08:00 ] 192.168.1.230 /ok_erp/finance_index.php/Exchange/DeletedExchange
INFO: [ route_check ] --START--
INFO: CheckRoute Behavior ::run [ RunTime:0.001351s ]
INFO: [ route_check ] --END-- [ RunTime:0.001627s ]
INFO: [ app_begin ] --START--
INFO: ReadHtmlCache Behavior ::run [ RunTime:0.000351s ]
INFO: [ app_begin ] --END-- [ RunTime:0.000420s ]
NOTIC: [2] mysql_connect(): Headers and client library minor version mismatch. Headers:50550 Library:50637 /home/www/thinkphp/Lib/Driver/Db/DbMysql.class.php 第 55 行.
SQL: SHOW COLUMNS FROM `company` [ RunTime:0.001210s ]
SQL: SELECT * FROM `company`  [ RunTime:0.000266s ]
SQL: SHOW COLUMNS FROM `bank` [ RunTime:0.026615s ]
SQL: SELECT * FROM `bank`  [ RunTime:0.000206s ]
INFO: [ view_parse ] --START--
INFO: ParseTemplate Behavior ::run [ RunTime:0.022758s ]
INFO: [ view_parse ] --END-- [ RunTime:0.022836s ]
INFO: [ view_filter ] --START--
INFO: ContentReplace Behavior ::run [ RunTime:0.000636s ]
INFO: TokenBuild Behavior ::run [ RunTime:0.000254s ]
INFO: WriteHtmlCache Behavior ::run [ RunTime:0.000128s ]
INFO: ShowRuntime Behavior ::run [ RunTime:0.000254s ]
INFO: [ view_filter ] --END-- [ RunTime:0.001467s ]
INFO: [ view_end ] --START--
INFO: ShowPageTrace Behavior ::run [ RunTime:0.000452s ]
INFO: [ view_end ] --END-- [ RunTime:0.000495s ]

[ 2018-02-28T14:57:10+08:00 ] 192.168.1.230 /ok_erp/finance_index.php/Exchange/DeletedExchangeResult
INFO: [ route_check ] --START--
INFO: CheckRoute Behavior ::run [ RunTime:0.000457s ]
INFO: [ route_check ] --END-- [ RunTime:0.000517s ]
INFO: [ app_begin ] --START--
INFO: ReadHtmlCache Behavior ::run [ RunTime:0.000274s ]
INFO: [ app_begin ] --END-- [ RunTime:0.000309s ]
NOTIC: [2] mysql_connect(): Headers and client library minor version mismatch. Headers:50550 Library:50637 /home/www/thinkphp/Lib/Driver/Db/DbMysql.class.php 第 55 行.
SQL: SHOW COLUMNS FROM `mf_exchange` [ RunTime:0.083918s ]
SQL: SELECT COUNT(*) AS tp_count FROM mf_exchange a LEFT JOIN company c on a.company_id=c.company_id LEFT JOIN bank d on a.bank_id=d.bank_id WHERE ( a.bank_cust LIKE '%' ) AND ( a.company_id LIKE '%' ) AND ( a.bank_id LIKE '%' ) AND ( a.amount LIKE '%' ) AND ( a.claim = 9 ) LIMIT 1   [ RunTime:0.087297s ]
SQL: SELECT * FROM mf_exchange a LEFT JOIN company c on a.company_id=c.company_id LEFT JOIN bank d on a.bank_id=d.bank_id WHERE ( a.bank_cust LIKE '%' ) AND ( a.company_id LIKE '%' ) AND ( a.bank_id LIKE '%' ) AND ( a.amount LIKE '%' ) AND ( a.claim = 9 ) ORDER BY a.id LIMIT 0,15   [ RunTime:0.012665s ]
INFO: [ view_parse ] --START--
INFO: ParseTemplate Behavior ::run [ RunTime:0.013706s ]
INFO: [ view_parse ] --END-- [ RunTime:0.013797s ]
INFO: [ view_filter ] --START--
INFO: ContentReplace Behavior ::run [ RunTime:0.000359s ]
INFO: TokenBuild Behavior ::run [ RunTime:0.000225s ]
INFO: WriteHtmlCache Behavior ::run [ RunTime:0.000128s ]
INFO: ShowRuntime Behavior ::run [ RunTime:0.000306s ]
INFO: [ view_filter ] --END-- [ RunTime:0.001136s ]
INFO: [ view_end ] --START--
INFO: ShowPageTrace Behavior ::run [ RunTime:0.000398s ]
INFO: [ view_end ] --END-- [ RunTime:0.000446s ]

[ 2018-02-28T14:57:12+08:00 ] 192.168.1.230 /ok_erp/finance_index.php/Exchange/DeletedExchangeResult/p/8.html
INFO: [ route_check ] --START--
INFO: CheckRoute Behavior ::run [ RunTime:0.000658s ]
INFO: [ route_check ] --END-- [ RunTime:0.000742s ]
INFO: [ app_begin ] --START--
INFO: ReadHtmlCache Behavior ::run [ RunTime:0.000351s ]
INFO: [ app_begin ] --END-- [ RunTime:0.000405s ]
NOTIC: [2] mysql_connect(): Headers and client library minor version mismatch. Headers:50550 Library:50637 /home/www/thinkphp/Lib/Driver/Db/DbMysql.class.php 第 55 行.
SQL: SHOW COLUMNS FROM `mf_exchange` [ RunTime:0.000443s ]
SQL: SELECT COUNT(*) AS tp_count FROM mf_exchange a LEFT JOIN company c on a.company_id=c.company_id LEFT JOIN bank d on a.bank_id=d.bank_id WHERE ( a.bank_cust LIKE '%' ) AND ( a.company_id LIKE '%' ) AND ( a.bank_id LIKE '%' ) AND ( a.amount LIKE '%' ) AND ( a.claim = 9 ) LIMIT 1   [ RunTime:0.000946s ]
SQL: SELECT * FROM mf_exchange a LEFT JOIN company c on a.company_id=c.company_id LEFT JOIN bank d on a.bank_id=d.bank_id WHERE ( a.bank_cust LIKE '%' ) AND ( a.company_id LIKE '%' ) AND ( a.bank_id LIKE '%' ) AND ( a.amount LIKE '%' ) AND ( a.claim = 9 ) ORDER BY a.id LIMIT 105,15   [ RunTime:0.001136s ]
INFO: [ view_parse ] --START--
INFO: ParseTemplate Behavior ::run [ RunTime:0.004497s ]
INFO: [ view_parse ] --END-- [ RunTime:0.004543s ]
INFO: [ view_filter ] --START--
INFO: ContentReplace Behavior ::run [ RunTime:0.000160s ]
INFO: TokenBuild Behavior ::run [ RunTime:0.000141s ]
INFO: WriteHtmlCache Behavior ::run [ RunTime:0.000071s ]
INFO: ShowRuntime Behavior ::run [ RunTime:0.000213s ]
INFO: [ view_filter ] --END-- [ RunTime:0.000649s ]
INFO: [ view_end ] --START--
INFO: ShowPageTrace Behavior ::run [ RunTime:0.000217s ]
INFO: [ view_end ] --END-- [ RunTime:0.000242s ]

[ 2018-02-28T15:40:44+08:00 ] 192.168.1.230 /ok_erp/finance_index.php/Exchange/DeletedExchangeResult/p/8.html
INFO: [ route_check ] --START--
INFO: CheckRoute Behavior ::run [ RunTime:0.000505s ]
INFO: [ route_check ] --END-- [ RunTime:0.000605s ]
INFO: [ app_begin ] --START--
INFO: ReadHtmlCache Behavior ::run [ RunTime:0.000283s ]
INFO: [ app_begin ] --END-- [ RunTime:0.000314s ]
NOTIC: [2] mysql_connect(): Headers and client library minor version mismatch. Headers:50550 Library:50637 /home/www/thinkphp/Lib/Driver/Db/DbMysql.class.php 第 55 行.
SQL: SHOW COLUMNS FROM `mf_exchange` [ RunTime:0.000488s ]
SQL: SELECT COUNT(*) AS tp_count FROM mf_exchange a LEFT JOIN company c on a.company_id=c.company_id LEFT JOIN bank d on a.bank_id=d.bank_id WHERE ( a.bank_cust LIKE '%' ) AND ( a.company_id LIKE '%' ) AND ( a.bank_id LIKE '%' ) AND ( a.amount LIKE '%' ) AND ( a.claim = 9 ) LIMIT 1   [ RunTime:0.001046s ]
SQL: SELECT * FROM mf_exchange a LEFT JOIN company c on a.company_id=c.company_id LEFT JOIN bank d on a.bank_id=d.bank_id WHERE ( a.bank_cust LIKE '%' ) AND ( a.company_id LIKE '%' ) AND ( a.bank_id LIKE '%' ) AND ( a.amount LIKE '%' ) AND ( a.claim = 9 ) ORDER BY a.id LIMIT 105,15   [ RunTime:0.001438s ]
INFO: [ view_parse ] --START--
INFO: ParseTemplate Behavior ::run [ RunTime:0.006053s ]
INFO: [ view_parse ] --END-- [ RunTime:0.006106s ]
INFO: [ view_filter ] --START--
INFO: ContentReplace Behavior ::run [ RunTime:0.000218s ]
INFO: TokenBuild Behavior ::run [ RunTime:0.000161s ]
INFO: WriteHtmlCache Behavior ::run [ RunTime:0.000091s ]
INFO: ShowRuntime Behavior ::run [ RunTime:0.000184s ]
INFO: [ view_filter ] --END-- [ RunTime:0.000736s ]
INFO: [ view_end ] --START--
INFO: ShowPageTrace Behavior ::run [ RunTime:0.000333s ]
INFO: [ view_end ] --END-- [ RunTime:0.000367s ]

